travis_fold:start:worker_info[0K[33;1mWorker information[0m
hostname: b7b1fbdd-e151-401a-ae21-962ea1c9a2ae@1.worker-org-84d9455bb7-pwksk.gce-production-3
version: v6.2.20-1-g3a987d6 https://github.com/travis-ci/worker/tree/3a987d61ed169c9539ad435d1a9b5f2d8c6ce4a6
instance: travis-job-f334d0f2-b129-4604-9dca-b5934b9d7585 travis-ci-ubuntu-1804-1593521679-ca42795e (via amqp)
startup: 6.000738277s
travis_fold:end:worker_info[0Ktravis_time:start:038ce8f0[0Ktravis_time:end:038ce8f0:start=1605176145538321797,finish=1605176145789801479,duration=251479682,event=no_world_writable_dirs[0Ktravis_time:start:0867c8d6[0Ktravis_time:end:0867c8d6:start=1605176145793529596,finish=1605176145798189394,duration=4659798,event=setup_filter[0Ktravis_time:start:262774bb[0Ktravis_time:end:262774bb:start=1605176145810930552,finish=1605176145820198740,duration=9268188,event=agent[0Ktravis_time:start:0e7acf44[0Ktravis_time:end:0e7acf44:start=1605176145824469934,finish=1605176145827224380,duration=2754446,event=check_unsupported[0Ktravis_time:start:18275c10[0Ktravis_fold:start:system_info[0K[33;1mBuild system information[0m
Build language: python
Build group: stable
Build dist: bionic
Build id: 741153304
Job id: 741153338
Runtime kernel version: 5.3.0-1029-gcp
travis-build version: 07c42db3
[34m[1mBuild image provisioning date and time[0m
Tue Jun 30 13:35:43 UTC 2020
[34m[1mOperating System Details[0m
Distributor ID:	Ubuntu
Description:	Ubuntu 18.04.4 LTS
Release:	18.04
Codename:	bionic
[34m[1mSystemd Version[0m
systemd 237
[34m[1mCookbooks Version[0m
3f92a99 https://github.com/travis-ci/travis-cookbooks/tree/3f92a99
[34m[1mgit version[0m
git version 2.27.0
[34m[1mbash version[0m
GNU bash, version 4.4.20(1)-release (x86_64-pc-linux-gnu)
[34m[1mgcc version[0m
gcc (Ubuntu 7.5.0-3ubuntu1~18.04) 7.5.0
[34m[1mdocker version[0m
Client:
 Version:           18.06.0-ce
 API version:       1.38
 Go version:        go1.10.3
 Git commit:        0ffa825
 Built:             Wed Jul 18 19:09:54 2018
 OS/Arch:           linux/amd64
 Experimental:      false

Server:
 Engine:
  Version:          18.06.0-ce
  API version:      1.38 (minimum version 1.12)
  Go version:       go1.10.3
  Git commit:       0ffa825
  Built:            Wed Jul 18 19:07:56 2018
  OS/Arch:          linux/amd64
  Experimental:     false
[34m[1mclang version[0m
clang version 7.0.0 (tags/RELEASE_700/final)
[34m[1mjq version[0m
jq-1.5
[34m[1mbats version[0m
Bats 0.4.0
[34m[1mshellcheck version[0m
0.7.0
[34m[1mshfmt version[0m
v2.6.3
[34m[1mccache version[0m
3.4.1
[34m[1mcmake version[0m
cmake version 3.12.4
[34m[1mheroku version[0m
heroku/7.42.1 linux-x64 node-v12.16.2
[34m[1mimagemagick version[0m
Version: ImageMagick 6.9.7-4 Q16 x86_64 20170114 http://www.imagemagick.org
[34m[1mmd5deep version[0m
4.4
[34m[1mmercurial version[0m
version 4.8
[34m[1mmysql version[0m
mysql  Ver 14.14 Distrib 5.7.30, for Linux (x86_64) using  EditLine wrapper
[34m[1mopenssl version[0m
OpenSSL 1.1.1  11 Sep 2018
[34m[1mpacker version[0m
1.3.3
[34m[1mpostgresql client version[0m
psql (PostgreSQL) 11.8 (Ubuntu 11.8-1.pgdg18.04+1)
[34m[1mragel version[0m
Ragel State Machine Compiler version 6.10 March 2017
[34m[1msudo version[0m
1.8.21p2
[34m[1mgzip version[0m
gzip 1.6
[34m[1mzip version[0m
Zip 3.0
[34m[1mvim version[0m
VIM - Vi IMproved 8.0 (2016 Sep 12, compiled Mar 18 2020 18:29:15)
[34m[1miptables version[0m
iptables v1.6.1
[34m[1mcurl version[0m
curl 7.58.0 (x86_64-pc-linux-gnu) libcurl/7.58.0 OpenSSL/1.1.1 zlib/1.2.11 libidn2/2.0.4 libpsl/0.19.1 (+libidn2/2.0.4) nghttp2/1.30.0 librtmp/2.3
[34m[1mwget version[0m
GNU Wget 1.19.4 built on linux-gnu.
[34m[1mrsync version[0m
rsync  version 3.1.2  protocol version 31
[34m[1mgimme version[0m
v1.5.4
[34m[1mnvm version[0m
0.35.3
[34m[1mperlbrew version[0m
/home/travis/perl5/perlbrew/bin/perlbrew  - App::perlbrew/0.87
[34m[1mphpenv version[0m
rbenv 1.1.2-30-gc879cb0
[34m[1mrvm version[0m
rvm 1.29.10 (latest) by Michal Papis, Piotr Kuczynski, Wayne E. Seguin [https://rvm.io]
[34m[1mdefault ruby version[0m
ruby 2.6.5p114 (2019-10-01 revision 67812) [x86_64-linux]
[34m[1mElasticSearch version[0m
5.5.0
[34m[1mInstalled Firefox version[0m
firefox 63.0.1
[34m[1mMongoDB version[0m
MongoDB 4.0.19
[34m[1mPhantomJS version[0m
2.1.1
[34m[1mPre-installed PostgreSQL versions[0m
9.3.25
9.4.26
9.5.22
9.6.18
[34m[1mRedis version[0m
redis-server 6.0.5
[34m[1mPre-installed Go versions[0m
1.11.1
[34m[1mant version[0m
Apache Ant(TM) version 1.10.5 compiled on March 28 2019
[34m[1mmvn version[0m
Apache Maven 3.6.3 (cecedd343002696d0abb50b32b541b8a6ba2883f)
[34m[1mgradle version[0m
Gradle 5.1.1!
[34m[1mlein version[0m
Leiningen 2.9.3 on Java 11.0.2 OpenJDK 64-Bit Server VM
[34m[1mPre-installed Node.js versions[0m
v10.16.0
v10.21.0
v11.15.0
v12.13.1
v12.18.1
v13.3.0
v4.9.1
v6.17.1
v8.16.2
v8.17.0
v8.9
[34m[1mphpenv versions[0m
  system
  7.1
  7.1.33
  7.2
* 7.2.27 (set by /home/travis/.phpenv/version)
  7.3
  7.3.14
  7.4
  7.4.2
  hhvm
  hhvm-stable
[34m[1mcomposer --version[0m
Composer version 1.9.2 2020-01-14 16:30:31
[34m[1mPre-installed Ruby versions[0m
ruby-2.4.9
ruby-2.5.3
ruby-2.5.7
ruby-2.6.5
ruby-2.7.0
travis_fold:end:system_info[0K
travis_time:end:18275c10:start=1605176145830605869,finish=1605176145843846700,duration=13240831,event=show_system_info[0Ktravis_time:start:1459a319[0Ktravis_time:end:1459a319:start=1605176145847307606,finish=1605176145895155388,duration=47847782,event=rm_riak_source[0Ktravis_time:start:27883f97[0Ktravis_time:end:27883f97:start=1605176145903850544,finish=1605176145918885940,duration=15035396,event=fix_rwky_redis[0Ktravis_time:start:03824574[0Ktravis_time:end:03824574:start=1605176145932910570,finish=1605176146469876177,duration=536965607,event=wait_for_network[0Ktravis_time:start:019a6511[0Ktravis_time:end:019a6511:start=1605176146474097616,finish=1605176146738410444,duration=264312828,event=update_apt_keys[0Ktravis_time:start:049d1ce3[0Ktravis_time:end:049d1ce3:start=1605176146745755483,finish=1605176146840279670,duration=94524187,event=fix_hhvm_source[0Ktravis_time:start:0364a874[0Ktravis_time:end:0364a874:start=1605176146849641849,finish=1605176146854346957,duration=4705108,event=update_mongo_arch[0Ktravis_time:start:29a8de68[0Ktravis_time:end:29a8de68:start=1605176146862288849,finish=1605176146921360470,duration=59071621,event=fix_sudo_enabled_trusty[0Ktravis_time:start:0085d2ac[0Ktravis_time:end:0085d2ac:start=1605176146936454001,finish=1605176146941619320,duration=5165319,event=update_glibc[0Ktravis_time:start:08971488[0Ktravis_time:end:08971488:start=1605176146953154006,finish=1605176146962288894,duration=9134888,event=clean_up_path[0Ktravis_time:start:01fcb98c[0Ktravis_time:end:01fcb98c:start=1605176146970009037,finish=1605176146980070746,duration=10061709,event=fix_resolv_conf[0Ktravis_time:start:0bc84b14[0Ktravis_time:end:0bc84b14:start=1605176146986949687,finish=1605176147013680976,duration=26731289,event=fix_etc_hosts[0Ktravis_time:start:1a26d1a5[0Ktravis_time:end:1a26d1a5:start=1605176147019072855,finish=1605176147028900929,duration=9828074,event=fix_mvn_settings_xml[0Ktravis_time:start:077f55cc[0Ktravis_time:end:077f55cc:start=1605176147033969364,finish=1605176147049435304,duration=15465940,event=no_ipv6_localhost[0Ktravis_time:start:12959180[0Ktravis_time:end:12959180:start=1605176147058662157,finish=1605176147061320342,duration=2658185,event=fix_etc_mavenrc[0Ktravis_time:start:1a46e152[0Ktravis_time:end:1a46e152:start=1605176147065557328,finish=1605176147070227213,duration=4669885,event=fix_wwdr_certificate[0Ktravis_time:start:19f90614[0Ktravis_time:end:19f90614:start=1605176147073476281,finish=1605176147146337408,duration=72861127,event=put_localhost_first[0Ktravis_time:start:04474b64[0Ktravis_time:end:04474b64:start=1605176147151224764,finish=1605176147159769908,duration=8545144,event=home_paths[0Ktravis_time:start:021c7262[0Ktravis_time:end:021c7262:start=1605176147164173983,finish=1605176147185076118,duration=20902135,event=disable_initramfs[0Ktravis_time:start:197c5be4[0Ktravis_time:end:197c5be4:start=1605176147188450904,finish=1605176147374559748,duration=186108844,event=disable_ssh_roaming[0Ktravis_time:start:0e0cd78c[0Ktravis_time:end:0e0cd78c:start=1605176147379956577,finish=1605176147382749365,duration=2792788,event=debug_tools[0Ktravis_time:start:20d4b6e0[0Ktravis_time:end:20d4b6e0:start=1605176147387109446,finish=1605176147390175070,duration=3065624,event=uninstall_oclint[0Ktravis_time:start:029ce43d[0Ktravis_time:end:029ce43d:start=1605176147400266357,finish=1605176147406001834,duration=5735477,event=rvm_use[0Ktravis_time:start:0d7c64f9[0Ktravis_time:end:0d7c64f9:start=1605176147411621822,finish=1605176147427730891,duration=16109069,event=rm_etc_boto_cfg[0Ktravis_time:start:135db40d[0Ktravis_time:end:135db40d:start=1605176147432207360,finish=1605176147437512973,duration=5305613,event=rm_oraclejdk8_symlink[0Ktravis_time:start:0d8f8403[0Ktravis_time:end:0d8f8403:start=1605176147442325538,finish=1605176147610525589,duration=168200051,event=enable_i386[0Ktravis_time:start:0c60f620[0Ktravis_time:end:0c60f620:start=1605176147622028643,finish=1605176147626987608,duration=4958965,event=update_rubygems[0Ktravis_time:start:13fe9f72[0Ktravis_time:end:13fe9f72:start=1605176147632271578,finish=1605176148932876151,duration=1300604573,event=ensure_path_components[0Ktravis_time:start:0cabd8ba[0Ktravis_time:end:0cabd8ba:start=1605176148937161109,finish=1605176148940052547,duration=2891438,event=redefine_curl[0Ktravis_time:start:0179a831[0Ktravis_time:end:0179a831:start=1605176148944413810,finish=1605176149043102503,duration=98688693,event=nonblock_pipe[0Ktravis_time:start:01454010[0Ktravis_time:end:01454010:start=1605176149047030178,finish=1605176155120370145,duration=6073339967,event=apt_get_update[0Ktravis_time:start:0117b0ec[0Ktravis_time:end:0117b0ec:start=1605176155124089013,finish=1605176155126144551,duration=2055538,event=deprecate_xcode_64[0Ktravis_time:start:263c7564[0Ktravis_time:end:263c7564:start=1605176155130144620,finish=1605176157891308545,duration=2761163925,event=update_heroku[0Ktravis_time:start:00ca16c2[0Ktravis_time:end:00ca16c2:start=1605176157894888078,finish=1605176157897409676,duration=2521598,event=shell_session_update[0Ktravis_time:start:02f9e34c[0Ktravis_fold:start:docker_mtu_and_registry_mirrors[0Ktravis_fold:end:docker_mtu_and_registry_mirrors[0Ktravis_time:end:02f9e34c:start=1605176157901294697,finish=1605176160188146755,duration=2286852058,event=set_docker_mtu_and_registry_mirrors[0Ktravis_time:start:282e5e51[0Ktravis_fold:start:resolvconf[0Ktravis_fold:end:resolvconf[0Ktravis_time:end:282e5e51:start=1605176160194028536,finish=1605176160264416390,duration=70387854,event=resolvconf[0Ktravis_time:start:0797c152[0Ktravis_time:end:0797c152:start=1605176160268932715,finish=1605176160422192768,duration=153260053,event=maven_central_mirror[0Ktravis_time:start:32490a56[0Ktravis_time:end:32490a56:start=1605176160426191101,finish=1605176160520688303,duration=94497202,event=maven_https[0Ktravis_time:start:0b8259b4[0Ktravis_fold:start:services[0Ktravis_time:start:20bebf34[0K$ sudo systemctl start docker
travis_time:end:20bebf34:start=1605176160533011066,finish=1605176160545958188,duration=12947122,event=prepare[0Ktravis_fold:end:services[0Ktravis_time:end:20bebf34:start=1605176160533011066,finish=1605176163553138658,duration=3020127592,event=services[0Ktravis_time:start:0f03b18a[0Ktravis_time:end:0f03b18a:start=1605176163557461856,finish=1605176163560166065,duration=2704209,event=fix_ps4[0Ktravis_time:start:0258c288[0K
travis_fold:start:git.checkout[0Ktravis_time:start:03f93fa2[0K$ git clone --depth=50 --branch=develop https://github.com/precice/systemtests.git precice/systemtests
Cloning into 'precice/systemtests'...
travis_time:end:03f93fa2:start=1605176163567749799,finish=1605176171759155041,duration=8191405242,event=checkout[0K$ cd precice/systemtests
$ git checkout -qf 0ca6dcd32643e5c40bf74d6441dafc4c67151a5e
travis_fold:end:git.checkout[0K
travis_time:end:03f93fa2:start=1605176163567749799,finish=1605176173170339555,duration=9602589756,event=checkout[0Ktravis_time:start:13831810[0K
[33;1mSetting environment variables from repository settings[0m
$ export DOCKER_PASSWORD=[secure]
$ export PRECICE_BOT_EMAIL=[secure]
$ export GH_TOKEN=[secure]
$ export TRAVIS_ACCESS_TOKEN=[secure]
$ export DOCKER_USERNAME=precice

travis_time:end:13831810:start=1605176173175198258,finish=1605176173183915389,duration=8717131,event=env[0Ktravis_time:start:05c7a081[0K$ source ~/virtualenv/python3.8/bin/activate
travis_time:end:05c7a081:start=1605176173187777606,finish=1605176173192813113,duration=5035507,event=[0K$ python --version
Python 3.8.1
$ pip --version
pip 20.1.1 from /home/travis/virtualenv/python3.8.1/lib/python3.8/site-packages/pip (python 3.8)
travis_fold:start:install[0Ktravis_time:start:02dd7080[0K$ pip install Jinja2
Collecting Jinja2
  Downloading Jinja2-2.11.2-py2.py3-none-any.whl (125 kB)
Collecting MarkupSafe>=0.23
  Downloading MarkupSafe-1.1.1-cp38-cp38-manylinux1_x86_64.whl (32 kB)
Installing collected packages: MarkupSafe, Jinja2
Successfully installed Jinja2-2.11.2 MarkupSafe-1.1.1
travis_time:end:02dd7080:start=1605176173570684167,finish=1605176174630382043,duration=1059697876,event=install[0Ktravis_fold:end:install[0Ktravis_time:start:00398208[0K$ python system_testing.py -s nutils-of -v
Total reclaimed space: 0B
networks:
  precicecomm: {}
services:
  nutils-adapter:
    build:
      context: /home/travis/build/precice/systemtests/tests/TestCompose_nutils-of
      dockerfile: Dockerfile.nutils
    command: '/bin/bash -c "ln -sf /home/precice/Data/Input/* . && python3 cht.py
      && mkdir /home/precice/Data/Output/Nutils && cp -r precice-output *.log /home/precice/Data/Output/Nutils"

      '
    container_name: nutils-adapter
    depends_on:
    - tutorial-data
    networks:
      precicecomm: null
    volumes:
    - exchange:/home/precice/Data/Exchange:rw
    - output:/home/precice/Data/Output:rw
    - nutils_input:/home/precice/Data/Input:rw
    - configs:/home/precice/nutils/configs:rw
  openfoam-adapter-outer:
    command: '/bin/bash -c "source /usr/lib/openfoam/openfoam2006/etc/bashrc && blockMesh
      -case /home/precice/Data/Input && buoyantPimpleFoam -case /home/precice/Data/Input
      && mkdir /home/precice/Data/Output/OpenFOAM && cp -r precice-output *.log /home/precice/Data/Output/OpenFOAM"

      '
    container_name: openfoam-adapter-outer
    depends_on:
    - tutorial-data
    image: precice/openfoam-adapter-ubuntu1804.home-develop:latest
    networks:
      precicecomm: null
    volumes:
    - exchange:/home/precice/Data/Exchange:rw
    - output:/home/precice/Data/Output:rw
    - openfoam_input:/home/precice/Data/Input:rw
    - configs:/home/precice/openfoam-adapter/configs:rw
  tutorial-data:
    build:
      args:
        branch: develop
      context: /home/travis/build/precice/systemtests/tests/TestCompose_nutils-of
      dockerfile: Dockerfile.tutorial_data
    container_name: tutorial-data
    volumes:
    - exchange:/Exchange:rw
    - openfoam_input:/tutorials/CHT/flow-over-plate/buoyantPimpleFoam-nutils/OpenFOAM:rw
    - nutils_input:/tutorials/CHT/flow-over-plate/buoyantPimpleFoam-nutils/Nutils:rw
    - configs:/configs:rw
    - output:/Output:rw
version: '3.0'
volumes:
  configs: {}
  exchange: {}
  nutils_input: {}
  openfoam_input: {}
  output: {}

Creating network "testcompose_nutils-of_default" with the default driver
Creating network "testcompose_nutils-of_precicecomm" with the default driver
Creating volume "testcompose_nutils-of_exchange" with default driver
Creating volume "testcompose_nutils-of_nutils_input" with default driver
Creating volume "testcompose_nutils-of_openfoam_input" with default driver
Creating volume "testcompose_nutils-of_output" with default driver
Creating volume "testcompose_nutils-of_configs" with default driver
Building tutorial-data
Step 1/9 : from alpine
latest: Pulling from library/alpine
Digest: sha256:c0e9560cda118f9ec63ddefb4a173a2b2a0347082d7dff7dc14272e7841a5b5a
Status: Downloaded newer image for alpine:latest
 ---> d6e46aa2470d
Step 2/9 : ENV tutorial_path /tutorials/CHT/flow-over-plate/buoyantPimpleFoam-nutils
 ---> Running in 59e322e7cce2
Removing intermediate container 59e322e7cce2
 ---> 78399ec15722
Step 3/9 : RUN apk add git
 ---> Running in 50deb811ccd5
fetch http://dl-cdn.alpinelinux.org/alpine/v3.12/main/x86_64/APKINDEX.tar.gz
fetch http://dl-cdn.alpinelinux.org/alpine/v3.12/community/x86_64/APKINDEX.tar.gz
(1/6) Installing ca-certificates (20191127-r4)
(2/6) Installing nghttp2-libs (1.41.0-r0)
(3/6) Installing libcurl (7.69.1-r1)
(4/6) Installing expat (2.2.9-r1)
(5/6) Installing pcre2 (10.35-r0)
(6/6) Installing git (2.26.2-r0)
Executing busybox-1.31.1-r19.trigger
Executing ca-certificates-20191127-r4.trigger
OK: 22 MiB in 20 packages
Removing intermediate container 50deb811ccd5
 ---> e30b9f37a0c8
Step 4/9 : ARG branch=develop
 ---> Running in 6d160418dc83
Removing intermediate container 6d160418dc83
 ---> e58c642faf43
Step 5/9 : RUN git clone --branch $branch https://github.com/precice/tutorials
 ---> Running in 66658d14fec9
[91mCloning into 'tutorials'...
[0mRemoving intermediate container 66658d14fec9
 ---> f7e35dd866e9
Step 6/9 : WORKDIR /
 ---> Running in d9b208b56d13
Removing intermediate container d9b208b56d13
 ---> e0546c69ebda
Step 7/9 : RUN  mkdir configs && cp $tutorial_path/precice-config.xml configs/precice-config.xml &&      sed -i 's|exchange-directory="\.\."|exchange-directory="/home/precice/Data/Exchange/" network="eth0"|g;              s|\(\s\+\)\(</participant>\)|\1   <export:vtk directory="precice-output" />\n\1\2|g'              configs/precice-config.xml &&      sed -i 's|\.\./precice-config\.xml|configs/precice-config.xml|g' $tutorial_path/Nutils/cht.py &&      sed -i 's|\.\./precice-config\.xml|configs/precice-config.xml|g' $tutorial_path/OpenFOAM/system/preciceDict
 ---> Running in 7039821a8d14
Removing intermediate container 7039821a8d14
 ---> b4e8498844b8
Step 8/9 : RUN addgroup -g 1000 precice && adduser -u 1000 -G precice -D precice && chown -R precice:precice tutorials configs
 ---> Running in cd4059a3268c
Removing intermediate container cd4059a3268c
 ---> 55a5620d2751
Step 9/9 : USER precice
 ---> Running in 391912b3a724
Removing intermediate container 391912b3a724
 ---> 437acb2aab54
Successfully built 437acb2aab54
Successfully tagged testcompose_nutils-of_tutorial-data:latest
Image for service tutorial-data was built because it did not already exist. To rebuild this image you must use `docker-compose build` or `docker-compose up --build`.
Building nutils-adapter
Step 1/13 : ARG from=precice/precice-ubuntu1804.home-develop
Step 2/13 : FROM $from
latest: Pulling from precice/precice-ubuntu1804.home-develop
Digest: sha256:5e8c5bb5a698893bfb719013b762dad78283eb5af230bede73b00e9209faaed5
Status: Downloaded newer image for precice/precice-ubuntu1804.home-develop:latest
 ---> f556c359a990
Step 3/13 : USER root
 ---> Running in bca888a0bee9
Removing intermediate container bca888a0bee9
 ---> 9429c78c168d
Step 4/13 : ARG CACHEBUST
 ---> Running in a1a1c299d1be
Removing intermediate container a1a1c299d1be
 ---> 6470d8a5384a
Step 5/13 : RUN wget -q https://bootstrap.pypa.io/get-pip.py -O get-pip.py &&     python3 get-pip.py &&     pip3 install Cython mpi4py numpy==1.19.2
 ---> Running in 01a63552f8bc
Collecting pip
  Downloading pip-20.2.4-py2.py3-none-any.whl (1.5 MB)
Collecting setuptools
  Downloading setuptools-50.3.2-py3-none-any.whl (785 kB)
Collecting wheel
  Downloading wheel-0.35.1-py2.py3-none-any.whl (33 kB)
Installing collected packages: pip, setuptools, wheel
Successfully installed pip-20.2.4 setuptools-50.3.2 wheel-0.35.1
Collecting Cython
  Downloading Cython-0.29.21-cp36-cp36m-manylinux1_x86_64.whl (2.0 MB)
Collecting mpi4py
  Downloading mpi4py-3.0.3.tar.gz (1.4 MB)
Collecting numpy==1.19.2
  Downloading numpy-1.19.2-cp36-cp36m-manylinux2010_x86_64.whl (14.5 MB)
Building wheels for collected packages: mpi4py
  Building wheel for mpi4py (setup.py): started
  Building wheel for mpi4py (setup.py): finished with status 'done'
  Created wheel for mpi4py: filename=mpi4py-3.0.3-cp36-cp36m-linux_x86_64.whl size=2074447 sha256=65f7229ad95641389d7a91a9e37b9f36dd713cfc72fcdbbb89c92dc4bef40bb3
  Stored in directory: /root/.cache/pip/wheels/d6/73/83/ad9dd3ebae512829ab3f21657f76403dc4aa6649e1118c9369
Successfully built mpi4py
Installing collected packages: Cython, mpi4py, numpy
Successfully installed Cython-0.29.21 mpi4py-3.0.3 numpy-1.19.2
Removing intermediate container 01a63552f8bc
 ---> 05c80d2a9cee
Step 6/13 : USER precice
 ---> Running in 656cd504c2e9
Removing intermediate container 656cd504c2e9
 ---> ec0a3edde4e0
Step 7/13 : ARG branch=develop
 ---> Running in 63ec9b8c3bbf
Removing intermediate container 63ec9b8c3bbf
 ---> 2b300501b38b
Step 8/13 : RUN pip3 install --user https://github.com/precice/python-bindings/archive/$branch.zip
 ---> Running in 2c75ca0b9d7c
Collecting https://github.com/precice/python-bindings/archive/develop.zip
  Downloading https://github.com/precice/python-bindings/archive/develop.zip
  Installing build dependencies: started
  Installing build dependencies: finished with status 'done'
  Getting requirements to build wheel: started
  Getting requirements to build wheel: finished with status 'done'
    Preparing wheel metadata: started
    Preparing wheel metadata: finished with status 'done'
Requirement already satisfied: numpy in /usr/local/lib/python3.6/dist-packages (from pyprecice==2.1.1.1) (1.19.2)
Requirement already satisfied: mpi4py in /usr/local/lib/python3.6/dist-packages (from pyprecice==2.1.1.1) (3.0.3)
Building wheels for collected packages: pyprecice
  Building wheel for pyprecice (PEP 517): started
  Building wheel for pyprecice (PEP 517): finished with status 'done'
  Created wheel for pyprecice: filename=pyprecice-2.1.1.1-cp36-cp36m-linux_x86_64.whl size=735328 sha256=a016cd3049c2e93a466ddb80747bb4b3f19d145e96138f94043d474907dc8d00
  Stored in directory: /tmp/pip-ephem-wheel-cache-b8otnua9/wheels/8d/4d/18/308222d4aaadc3616c73ac4d4563793feb863232b1b31836e3
Successfully built pyprecice
Installing collected packages: pyprecice
Successfully installed pyprecice-2.1.1.1
Removing intermediate container 2c75ca0b9d7c
 ---> ed0920dce4a5
Step 9/13 : ARG version=v6.0
 ---> Running in 93fb049a8b8f
Removing intermediate container 93fb049a8b8f
 ---> c8a83f94faa3
Step 10/13 : WORKDIR /home/precice/
 ---> Running in 7a46a63068ab
Removing intermediate container 7a46a63068ab
 ---> 025f306c5ea8
Step 11/13 : RUN git clone --branch $version https://github.com/evalf/nutils.git &&     python3 -m pip install --user --editable nutils
 ---> Running in 5094f0123a6e
[91mCloning into 'nutils'...
[0m[91mNote: checking out '26e2cde88ec2ddc5849592437e610a34a293a1cc'.

You are in 'detached HEAD' state. You can look around, make experimental
changes and commit them, and you can discard any commits you make in this
state without impacting any branches by performing another checkout.

If you want to create a new branch to retain commits you create, you may
do so (now or later) by using -b with the checkout command again. Example:

  git checkout -b <new-branch-name>

[0mObtaining file:///home/precice/nutils
Requirement already satisfied: numpy>=1.12 in /usr/local/lib/python3.6/dist-packages (from nutils==6.0) (1.19.2)
Collecting treelog>=1.0b5
  Downloading treelog-1.0-py3-none-any.whl (24 kB)
Collecting stringly
  Downloading stringly-1.0b2-py3-none-any.whl (10 kB)
Collecting typing-extensions
  Downloading typing_extensions-3.7.4.3-py3-none-any.whl (22 kB)
Installing collected packages: typing-extensions, treelog, stringly, nutils
  Running setup.py develop for nutils
Successfully installed nutils stringly-1.0b2 treelog-1.0 typing-extensions-3.7.4.3
Removing intermediate container 5094f0123a6e
 ---> d2da1822c46d
Step 12/13 : RUN mkdir -p Data/Input Data/Output Data/Exchange
 ---> Running in 4b7d6f43755b
Removing intermediate container 4b7d6f43755b
 ---> bc7bbada9129
Step 13/13 : WORKDIR /home/precice/nutils
 ---> Running in 7432070b8ee3
Removing intermediate container 7432070b8ee3
 ---> 54c3f1900b34
Successfully built 54c3f1900b34
Successfully tagged testcompose_nutils-of_nutils-adapter:latest
Image for service nutils-adapter was built because it did not already exist. To rebuild this image you must use `docker-compose build` or `docker-compose up --build`.
Pulling openfoam-adapter-outer (precice/openfoam-adapter-ubuntu1804.home-develop:latest)...
latest: Pulling from precice/openfoam-adapter-ubuntu1804.home-develop
Creating tutorial-data ... 
[1A[2KCreating tutorial-data ... [32mdone[0m[1BCreating openfoam-adapter-outer ... 
Creating nutils-adapter         ... 
[1A[2KCreating nutils-adapter         ... [32mdone[0m[1B[2A[2KCreating openfoam-adapter-outer ... [32mdone[0m[2BAttaching to tutorial-data, nutils-adapter, openfoam-adapter-outer
[36mtutorial-data exited with code 0
[0m[32mopenfoam-adapter-outer    |[0m /bin/bash: /usr/lib/openfoam/openfoam2006/etc/bashrc: No such file or directory
[32mopenfoam-adapter-outer exited with code 1
[0m[33mnutils-adapter            |[0m --------------------------------------------------------------------------
[33mnutils-adapter            |[0m [[18973,1],0]: A high-performance Open MPI point-to-point messaging module
[33mnutils-adapter            |[0m was unable to find any relevant network interfaces:
[33mnutils-adapter            |[0m 
[33mnutils-adapter            |[0m Module: OpenFabrics (openib)
[33mnutils-adapter            |[0m   Host: f712ddbce66c
[33mnutils-adapter            |[0m 
[33mnutils-adapter            |[0m Another transport will be used instead, although this may result in
[33mnutils-adapter            |[0m lower performance.
[33mnutils-adapter            |[0m 
[33mnutils-adapter            |[0m NOTE: You can disable this warning by setting the MCA parameter
[33mnutils-adapter            |[0m btl_base_warn_component_unused to 0.
[33mnutils-adapter            |[0m --------------------------------------------------------------------------
[33mnutils-adapter            |[0m ASSERTION FAILED
[33mnutils-adapter            |[0m   Location:          bool precice::xml::XMLTag::getBooleanAttributeValue(const string&) const
[33mnutils-adapter            |[0m   File:              /home/precice/precice/src/xml/XMLTag.cpp:133
[33mnutils-adapter            |[0m   Rank:              0
[33mnutils-adapter            |[0m   Failed expression: iter != _booleanAttributes.end()
[33mnutils-adapter            |[0m [f712ddbce66c:00007] *** Process received signal ***
[33mnutils-adapter            |[0m [f712ddbce66c:00007] Signal: Aborted (6)
[33mnutils-adapter            |[0m [f712ddbce66c:00007] Signal code:  (-6)
[33mnutils-adapter            |[0m  0# getStacktrace[abi:cxx11]() in /home/precice/precice-install/lib/libprecice.so.2
[33mnutils-adapter            |[0m  1# precice::xml::XMLTag::getBooleanAttributeValue(std::__cxx11::basic_string<char, std::char_traits<char>, std::allocator<char> > const&) const in /home/precice/precice-install/lib/libprecice.so.2
[33mnutils-adapter            |[0m  2# precice::acceleration::AccelerationConfiguration::xmlTagCallback(precice::xml::ConfigurationContext const&, precice::xml::XMLTag&) in /home/precice/precice-install/lib/libprecice.so.2
[33mnutils-adapter            |[0m  3# precice::xml::ConfigParser::connectTags(precice::xml::ConfigurationContext const&, std::vector<std::shared_ptr<precice::xml::XMLTag>, std::allocator<std::shared_ptr<precice::xml::XMLTag> > >&, std::vector<std::shared_ptr<precice::xml::ConfigParser::CTag>, std::allocator<std::shared_ptr<precice::xml::ConfigParser::CTag> > >&) in /home/precice/precice-install/lib/libprecice.so.2
[33mnutils-adapter            |[0m  4# precice::xml::ConfigParser::connectTags(precice::xml::ConfigurationContext const&, std::vector<std::shared_ptr<precice::xml::XMLTag>, std::allocator<std::shared_ptr<precice::xml::XMLTag> > >&, std::vector<std::shared_ptr<precice::xml::ConfigParser::CTag>, std::allocator<std::shared_ptr<precice::xml::ConfigParser::CTag> > >&) in /home/precice/precice-install/lib/libprecice.so.2
[33mnutils-adapter            |[0m  5# precice::xml::ConfigParser::connectTags(precice::xml::ConfigurationContext const&, std::vector<std::shared_ptr<precice::xml::XMLTag>, std::allocator<std::shared_ptr<precice::xml::XMLTag> > >&, std::vector<std::shared_ptr<precice::xml::ConfigParser::CTag>, std::allocator<std::shared_ptr<precice::xml::ConfigParser::CTag> > >&) in /home/precice/precice-install/lib/libprecice.so.2
[33mnutils-adapter            |[0m  6# precice::xml::ConfigParser::connectTags(precice::xml::ConfigurationContext const&, std::vector<std::shared_ptr<precice::xml::XMLTag>, std::allocator<std::shared_ptr<precice::xml::XMLTag> > >&, std::vector<std::shared_ptr<precice::xml::ConfigParser::CTag>, std::allocator<std::shared_ptr<precice::xml::ConfigParser::CTag> > >&) in /home/precice/precice-install/lib/libprecice.so.2
[33mnutils-adapter            |[0m  7# precice::xml::ConfigParser::connectTags(precice::xml::ConfigurationContext const&, std::vector<std::shared_ptr<precice::xml::XMLTag>, std::allocator<std::shared_ptr<precice::xml::XMLTag> > >&, std::vector<std::shared_ptr<precice::xml::ConfigParser::CTag>, std::allocator<std::shared_ptr<precice::xml::ConfigParser::CTag> > >&) in /home/precice/precice-install/lib/libprecice.so.2
[33mnutils-adapter            |[0m  8# precice::xml::ConfigParser::ConfigParser(std::__cxx11::basic_string<char, std::char_traits<char>, std::allocator<char> > const&, precice::xml::ConfigurationContext const&, std::shared_ptr<precice::xml::XMLTag>) in /home/precice/precice-install/lib/libprecice.so.2
[33mnutils-adapter            |[0m  9# precice::xml::configure(precice::xml::XMLTag&, precice::xml::ConfigurationContext const&, std::__cxx11::basic_string<char, std::char_traits<char>, std::allocator<char> > const&) in /home/precice/precice-install/lib/libprecice.so.2
[33mnutils-adapter            |[0m 10# precice::impl::SolverInterfaceImpl::configure(std::__cxx11::basic_string<char, std::char_traits<char>, std::allocator<char> > const&) in /home/precice/precice-install/lib/libprecice.so.2
[33mnutils-adapter            |[0m 11# precice::impl::SolverInterfaceImpl::SolverInterfaceImpl(std::__cxx11::basic_string<char, std::char_traits<char>, std::allocator<char> >, std::__cxx11::basic_string<char, std::char_traits<char>, std::allocator<char> > const&, int, int, void*) in /home/precice/precice-install/lib/libprecice.so.2
[33mnutils-adapter            |[0m 12# precice::impl::SolverInterfaceImpl::SolverInterfaceImpl(std::__cxx11::basic_string<char, std::char_traits<char>, std::allocator<char> >, std::__cxx11::basic_string<char, std::char_traits<char>, std::allocator<char> > const&, int, int) in /home/precice/precice-install/lib/libprecice.so.2
[33mnutils-adapter            |[0m 13# precice::SolverInterface::SolverInterface(std::__cxx11::basic_string<char, std::char_traits<char>, std::allocator<char> > const&, std::__cxx11::basic_string<char, std::char_traits<char>, std::allocator<char> > const&, int, int) in /home/precice/precice-install/lib/libprecice.so.2
[33mnutils-adapter            |[0m 14# 0x00007F6EA86BB803 in /home/precice/.local/lib/python3.6/site-packages/precice.cpython-36m-x86_64-linux-gnu.so
[33mnutils-adapter            |[0m 15# 0x0000000000551555 in python3
[33mnutils-adapter            |[0m 16# _PyObject_FastCallKeywords in python3
[33mnutils-adapter            |[0m 17# 0x000000000050A433 in python3
[33mnutils-adapter            |[0m 18# _PyEval_EvalFrameDefault in python3
[33mnutils-adapter            |[0m 19# 0x0000000000507BE4 in python3
[33mnutils-adapter            |[0m 20# 0x0000000000588D41 in python3
[33mnutils-adapter            |[0m 21# PyObject_Call in python3
[33mnutils-adapter            |[0m 22# _PyEval_EvalFrameDefault in python3
[33mnutils-adapter            |[0m 23# 0x0000000000507BE4 in python3
[33mnutils-adapter            |[0m 24# 0x0000000000509900 in python3
[33mnutils-adapter            |[0m 25# 0x000000000050A2FD in python3
[33mnutils-adapter            |[0m 26# _PyEval_EvalFrameDefault in python3
[33mnutils-adapter            |[0m 27# 0x0000000000507BE4 in python3
[33mnutils-adapter            |[0m 28# PyEval_EvalCode in python3
[33mnutils-adapter            |[0m 29# 0x0000000000634E72 in python3
[33mnutils-adapter            |[0m 30# PyRun_FileExFlags in python3
[33mnutils-adapter            |[0m 31# PyRun_SimpleFileExFlags in python3
[33mnutils-adapter            |[0m 32# Py_Main in python3
[33mnutils-adapter            |[0m 33# main in python3
[33mnutils-adapter            |[0m 34# __libc_start_main in /lib/x86_64-linux-gnu/libc.so.6
[33mnutils-adapter            |[0m 35# _start in python3
[33mnutils-adapter            |[0m 
[33mnutils-adapter            |[0m python3: /home/precice/precice/src/xml/XMLTag.cpp:133: bool precice::xml::XMLTag::getBooleanAttributeValue(const string&) const: Assertion `false' failed.
[33mnutils-adapter            |[0m [f712ddbce66c:00007] [ 0] /lib/x86_64-linux-gnu/libc.so.6(+0x3f040)[0x7f6eb39e8040]
[33mnutils-adapter            |[0m [f712ddbce66c:00007] [ 1] /lib/x86_64-linux-gnu/libc.so.6(gsignal+0xc7)[0x7f6eb39e7fb7]
[33mnutils-adapter            |[0m [f712ddbce66c:00007] [ 2] /lib/x86_64-linux-gnu/libc.so.6(abort+0x141)[0x7f6eb39e9921]
[33mnutils-adapter            |[0m [f712ddbce66c:00007] [ 3] /lib/x86_64-linux-gnu/libc.so.6(+0x3048a)[0x7f6eb39d948a]
[33mnutils-adapter            |[0m [f712ddbce66c:00007] [ 4] /lib/x86_64-linux-gnu/libc.so.6(+0x30502)[0x7f6eb39d9502]
[33mnutils-adapter            |[0m [f712ddbce66c:00007] [ 5] /home/precice/precice-install/lib/libprecice.so.2(_ZNK7precice3xml6XMLTag24getBooleanAttributeValueERKNSt7__cxx1112basic_stringIcSt11char_traitsIcESaIcEEE+0x1d7)[0x7f6ea8186349]
[33mnutils-adapter            |[0m [f712ddbce66c:00007] [ 6] /home/precice/precice-install/lib/libprecice.so.2(_ZN7precice12acceleration25AccelerationConfiguration14xmlTagCallbackERKNS_3xml20ConfigurationContextERNS2_6XMLTagE+0x95b)[0x7f6ea7dd87f3]
[33mnutils-adapter            |[0m [f712ddbce66c:00007] [ 7] /home/precice/precice-install/lib/libprecice.so.2(_ZN7precice3xml12ConfigParser11connectTagsERKNS0_20ConfigurationContextERSt6vectorISt10shared_ptrINS0_6XMLTagEESaIS8_EERS5_IS6_INS1_4CTagEESaISD_EE+0x4ad)[0x7f6ea814b399]
[33mnutils-adapter            |[0m [f712ddbce66c:00007] [ 8] /home/precice/precice-install/lib/libprecice.so.2(_ZN7precice3xml12ConfigParser11connectTagsERKNS0_20ConfigurationContextERSt6vectorISt10shared_ptrINS0_6XMLTagEESaIS8_EERS5_IS6_INS1_4CTagEESaISD_EE+0x505)[0x7f6ea814b3f1]
[33mnutils-adapter            |[0m [f712ddbce66c:00007] [ 9] /home/precice/precice-install/lib/libprecice.so.2(_ZN7precice3xml12ConfigParser11connectTagsERKNS0_20ConfigurationContextERSt6vectorISt10shared_ptrINS0_6XMLTagEESaIS8_EERS5_IS6_INS1_4CTagEESaISD_EE+0x505)[0x7f6ea814b3f1]
[33mnutils-adapter            |[0m [f712ddbce66c:00007] [10] /home/precice/precice-install/lib/libprecice.so.2(_ZN7precice3xml12ConfigParser11connectTagsERKNS0_20ConfigurationContextERSt6vectorISt10shared_ptrINS0_6XMLTagEESaIS8_EERS5_IS6_INS1_4CTagEESaISD_EE+0x505)[0x7f6ea814b3f1]
[33mnutils-adapter            |[0m [f712ddbce66c:00007] [11] /home/precice/precice-install/lib/libprecice.so.2(_ZN7precice3xml12ConfigParser11connectTagsERKNS0_20ConfigurationContextERSt6vectorISt10shared_ptrINS0_6XMLTagEESaIS8_EERS5_IS6_INS1_4CTagEESaISD_EE+0x505)[0x7f6ea814b3f1]
[33mnutils-adapter            |[0m [f712ddbce66c:00007] [12] /home/precice/precice-install/lib/libprecice.so.2(_ZN7precice3xml12ConfigParserC1ERKNSt7__cxx1112basic_stringIcSt11char_traitsIcESaIcEEERKNS0_20ConfigurationContextESt10shared_ptrINS0_6XMLTagEE+0x193)[0x7f6ea814a1dd]
[33mnutils-adapter            |[0m [f712ddbce66c:00007] [13] /home/precice/precice-install/lib/libprecice.so.2(_ZN7precice3xml9configureERNS0_6XMLTagERKNS0_20ConfigurationContextERKNSt7__cxx1112basic_stringIcSt11char_traitsIcESaIcEEE+0x298)[0x7f6ea81885d9]
[33mnutils-adapter            |[0m [f712ddbce66c:00007] [14] /home/precice/precice-install/lib/libprecice.so.2(_ZN7precice4impl19SolverInterfaceImpl9configureERKNSt7__cxx1112basic_stringIcSt11char_traitsIcESaIcEEE+0xeb)[0x7f6ea80b7f0d]
[33mnutils-adapter            |[0m [f712ddbce66c:00007] [15] /home/precice/precice-install/lib/libprecice.so.2(_ZN7precice4impl19SolverInterfaceImplC2ENSt7__cxx1112basic_stringIcSt11char_traitsIcESaIcEEERKS7_iiPv+0x4ad)[0x7f6ea80b74cd]
[33mnutils-adapter            |[0m [f712ddbce66c:00007] [16] /home/precice/precice-install/lib/libprecice.so.2(_ZN7precice4impl19SolverInterfaceImplC2ENSt7__cxx1112basic_stringIcSt11char_traitsIcESaIcEEERKS7_ii+0x6c)[0x7f6ea80b7858]
[33mnutils-adapter            |[0m [f712ddbce66c:00007] [17] /home/precice/precice-install/lib/libprecice.so.2(_ZN7precice15SolverInterfaceC2ERKNSt7__cxx1112basic_stringIcSt11char_traitsIcESaIcEEES8_ii+0x74)[0x7f6ea809779a]
[33mnutils-adapter            |[0m [f712ddbce66c:00007] [18] /home/precice/.local/lib/python3.6/site-packages/precice.cpython-36m-x86_64-linux-gnu.so(+0xe803)[0x7f6ea86bb803]
[33mnutils-adapter            |[0m [f712ddbce66c:00007] [19] python3[0x551555]
[33mnutils-adapter            |[0m [f712ddbce66c:00007] [20] python3(_PyObject_FastCallKeywords+0x19c)[0x5a9dac]
[33mnutils-adapter            |[0m [f712ddbce66c:00007] [21] python3[0x50a433]
[33mnutils-adapter            |[0m [f712ddbce66c:00007] [22] python3(_PyEval_EvalFrameDefault+0x444)[0x50beb4]
[33mnutils-adapter            |[0m [f712ddbce66c:00007] [23] python3[0x507be4]
[33mnutils-adapter            |[0m [f712ddbce66c:00007] [24] python3[0x588d41]
[33mnutils-adapter            |[0m [f712ddbce66c:00007] [25] python3(PyObject_Call+0x3e)[0x59fd0e]
[33mnutils-adapter            |[0m [f712ddbce66c:00007] [26] python3(_PyEval_EvalFrameDefault+0x17e6)[0x50d256]
[33mnutils-adapter            |[0m [f712ddbce66c:00007] [27] python3[0x507be4]
[33mnutils-adapter            |[0m [f712ddbce66c:00007] [28] python3[0x509900]
[33mnutils-adapter            |[0m [f712ddbce66c:00007] [29] python3[0x50a2fd]
[33mnutils-adapter            |[0m [f712ddbce66c:00007] *** End of error message ***
[33mnutils-adapter            |[0m /bin/bash: line 1:     7 Aborted                 (core dumped) python3 cht.py
[33mnutils-adapter exited with code 134
[0m------------- Comparing files -------------
> Only in /home/travis/build/precice/systemtests/tests/TestCompose_nutils-of/referenceOutput: Nutils
Only in /home/travis/build/precice/systemtests/tests/TestCompose_nutils-of/referenceOutput: OpenFOAM
----------- Comparison finished -----------
EXECUTING: docker container prune -f; export PRECICE_BASE=-ubuntu1804.home-develop; mkdir Logs; docker-compose config && bash ../../silent_compose.sh debug
EXECUTING: docker cp tutorial-data:/Output .
EXECUTING: docker-compose logs > Logs/container.log
EXECUTING: bash ../../compare_results.sh /home/travis/build/precice/systemtests/tests/TestCompose_nutils-of/referenceOutput /home/travis/build/precice/systemtests/tests/TestCompose_nutils-of/Output
TEST FAILED WITH: Output files do not match reference
Files differing               : []
Files only in reference (left): ['Nutils', 'OpenFOAM']
Files only in output(right)   : []
Traceback (most recent call last):
  File "system_testing.py", line 133, in run_compose
    comparison(path_to_ref, path_to_otp)
  File "system_testing.py", line 210, in comparison
    raise IncorrectOutput(*ret)
__main__.IncorrectOutput: Output files do not match reference
Files differing               : []
Files only in reference (left): ['Nutils', 'OpenFOAM']
Files only in output(right)   : []

During handling of the above exception, another exception occurred:

Traceback (most recent call last):
  File "system_testing.py", line 305, in <module>
    build_run_compare(test, tag, args.branch.lower(), args.local,
  File "system_testing.py", line 227, in build_run_compare
    run_compose(test, branch, local_precice, tag, force_rebuild, rm_all, verbose)
  File "system_testing.py", line 145, in run_compose
    raise STValidateException()
__main__.STValidateException: COMPARISON FAILED - An error occured while comparing test results with reference files!
travis_time:end:00398208:start=1605176174635023290,finish=1605176380815098389,duration=206180075099,event=script[0K[31;1mThe command "python system_testing.py -s nutils-of -v" exited with 1.[0m
travis_time:start:021c68c4[0K$ python push.py
Cloning into 'precice_st_output'...
Updating files:  20% (7010/34492)Updating files:  21% (7244/34492)Updating files:  22% (7589/34492)Updating files:  23% (7934/34492)Updating files:  24% (8279/34492)Updating files:  25% (8623/34492)Updating files:  26% (8968/34492)Updating files:  27% (9313/34492)Updating files:  28% (9658/34492)Updating files:  29% (10003/34492)Updating files:  30% (10348/34492)Updating files:  31% (10693/34492)Updating files:  32% (11038/34492)Updating files:  33% (11383/34492)Updating files:  34% (11728/34492)Updating files:  35% (12073/34492)Updating files:  36% (12418/34492)Updating files:  37% (12763/34492)Updating files:  38% (13107/34492)Updating files:  39% (13452/34492)Updating files:  40% (13797/34492)Updating files:  40% (13860/34492)Updating files:  41% (14142/34492)Updating files:  42% (14487/34492)Updating files:  43% (14832/34492)Updating files:  44% (15177/34492)Updating files:  45% (15522/34492)Updating files:  46% (15867/34492)Updating files:  47% (16212/34492)Updating files:  48% (16557/34492)Updating files:  49% (16902/34492)Updating files:  50% (17246/34492)Updating files:  51% (17591/34492)Updating files:  52% (17936/34492)Updating files:  53% (18281/34492)Updating files:  54% (18626/34492)Updating files:  54% (18885/34492)Updating files:  55% (18971/34492)Updating files:  56% (19316/34492)Updating files:  57% (19661/34492)Updating files:  58% (20006/34492)Updating files:  59% (20351/34492)Updating files:  60% (20696/34492)Updating files:  61% (21041/34492)Updating files:  62% (21386/34492)Updating files:  63% (21730/34492)Updating files:  64% (22075/34492)Updating files:  65% (22420/34492)Updating files:  66% (22765/34492)Updating files:  67% (23110/34492)Updating files:  68% (23455/34492)Updating files:  69% (23800/34492)Updating files:  69% (23909/34492)Updating files:  70% (24145/34492)Updating files:  71% (24490/34492)Updating files:  72% (24835/34492)Updating files:  73% (25180/34492)Updating files:  74% (25525/34492)Updating files:  75% (25869/34492)Updating files:  76% (26214/34492)Updating files:  77% (26559/34492)Updating files:  78% (26904/34492)Updating files:  79% (27249/34492)Updating files:  80% (27594/34492)Updating files:  81% (27939/34492)Updating files:  82% (28284/34492)Updating files:  83% (28629/34492)Updating files:  83% (28675/34492)Updating files:  84% (28974/34492)Updating files:  84% (29226/34492)Updating files:  85% (29319/34492)Updating files:  86% (29664/34492)Updating files:  86% (29972/34492)Updating files:  87% (30009/34492)Updating files:  87% (30268/34492)Updating files:  88% (30353/34492)Updating files:  89% (30698/34492)Updating files:  90% (31043/34492)Updating files:  91% (31388/34492)Updating files:  92% (31733/34492)Updating files:  93% (32078/34492)Updating files:  94% (32423/34492)Updating files:  95% (32768/34492)Updating files:  96% (33113/34492)Updating files:  97% (33458/34492)Updating files:  97% (33641/34492)Updating files:  98% (33803/34492)Updating files:  99% (34148/34492)Updating files:  99% (34216/34492)Updating files:  99% (34278/34492)Updating files:  99% (34366/34492)