travis_fold:start:worker_info[0K[33;1mWorker information[0m
hostname: e9253a03-45d0-43cd-9567-78bc06925e78@1.worker-com-oss-64d9789897-ps5hq.gce-production-3
version: v6.2.20-1-g3a987d6 https://github.com/travis-ci/worker/tree/3a987d61ed169c9539ad435d1a9b5f2d8c6ce4a6
instance: travis-job-c6100d55-6806-4174-8f71-4ffe6c98d52d travis-ci-ubuntu-1804-1609168422-6c7eba12 (via amqp)
startup: 6.089141264s
travis_fold:end:worker_info[0Ktravis_time:start:204d9f48[0Ktravis_time:end:204d9f48:start=1609433493008298530,finish=1609433493181816628,duration=173518098,event=no_world_writable_dirs[0Ktravis_time:start:046309e6[0Ktravis_time:end:046309e6:start=1609433493184885866,finish=1609433493188058640,duration=3172774,event=setup_filter[0Ktravis_time:start:0ca349c5[0Ktravis_time:end:0ca349c5:start=1609433493194136016,finish=1609433493205755820,duration=11619804,event=agent[0Ktravis_time:start:08dc53e5[0Ktravis_time:end:08dc53e5:start=1609433493209722550,finish=1609433493211641920,duration=1919370,event=check_unsupported[0Ktravis_time:start:0892ceaa[0Ktravis_fold:start:system_info[0K[33;1mBuild system information[0m
Build language: python
Build group: stable
Build dist: bionic
Build id: 211414612
Job id: 466526144
Runtime kernel version: 5.4.0-1032-gcp
travis-build version: 53b53106
[34m[1mBuild image provisioning date and time[0m
Mon Dec 28 15:53:02 UTC 2020
[34m[1mOperating System Details[0m
Distributor ID:	Ubuntu
Description:	Ubuntu 18.04.5 LTS
Release:	18.04
Codename:	bionic
[34m[1mSystemd Version[0m
systemd 237
[34m[1mCookbooks Version[0m
10a7b34 https://github.com/travis-ci/travis-cookbooks/tree/10a7b34
[34m[1mgit version[0m
git version 2.29.2
[34m[1mbash version[0m
GNU bash, version 4.4.20(1)-release (x86_64-pc-linux-gnu)
[34m[1mgcc version[0m
gcc (Ubuntu 7.5.0-3ubuntu1~18.04) 7.5.0
[34m[1mdocker version[0m
Client:
 Version:           18.06.0-ce
 API version:       1.38
 Go version:        go1.10.3
 Git commit:        0ffa825
 Built:             Wed Jul 18 19:09:54 2018
 OS/Arch:           linux/amd64
 Experimental:      false

Server:
 Engine:
  Version:          18.06.0-ce
  API version:      1.38 (minimum version 1.12)
  Go version:       go1.10.3
  Git commit:       0ffa825
  Built:            Wed Jul 18 19:07:56 2018
  OS/Arch:          linux/amd64
  Experimental:     false
[34m[1mclang version[0m
clang version 7.0.0 (tags/RELEASE_700/final)
[34m[1mjq version[0m
jq-1.5
[34m[1mbats version[0m
Bats 0.4.0
[34m[1mshellcheck version[0m
0.7.0
[34m[1mshfmt version[0m
v3.2.1
[34m[1mccache version[0m
3.4.1
[34m[1mcmake version[0m
cmake version 3.12.4
[34m[1mheroku version[0m
heroku/7.47.6 linux-x64 node-v12.16.2
[34m[1mimagemagick version[0m
Version: ImageMagick 6.9.7-4 Q16 x86_64 20170114 http://www.imagemagick.org
[34m[1mmd5deep version[0m
4.4
[34m[1mmercurial version[0m
version 4.8
[34m[1mmysql version[0m
mysql  Ver 14.14 Distrib 5.7.32, for Linux (x86_64) using  EditLine wrapper
[34m[1mopenssl version[0m
OpenSSL 1.1.1  11 Sep 2018
[34m[1mpacker version[0m
1.3.3
[34m[1mpostgresql client version[0m
psql (PostgreSQL) 11.10 (Ubuntu 11.10-1.pgdg18.04+1)
[34m[1mragel version[0m
Ragel State Machine Compiler version 6.10 March 2017
[34m[1msudo version[0m
1.8.21p2
[34m[1mgzip version[0m
gzip 1.6
[34m[1mzip version[0m
Zip 3.0
[34m[1mvim version[0m
VIM - Vi IMproved 8.0 (2016 Sep 12, compiled Oct 13 2020 15:49:09)
[34m[1miptables version[0m
iptables v1.6.1
[34m[1mcurl version[0m
curl 7.58.0 (x86_64-pc-linux-gnu) libcurl/7.58.0 OpenSSL/1.1.1 zlib/1.2.11 libidn2/2.0.4 libpsl/0.19.1 (+libidn2/2.0.4) nghttp2/1.30.0 librtmp/2.3
[34m[1mwget version[0m
GNU Wget 1.19.4 built on linux-gnu.
[34m[1mrsync version[0m
rsync  version 3.1.2  protocol version 31
[34m[1mgimme version[0m
v1.5.4
[34m[1mnvm version[0m
0.37.2
[34m[1mperlbrew version[0m
/home/travis/perl5/perlbrew/bin/perlbrew  - App::perlbrew/0.88
[34m[1mphpenv version[0m
rbenv 1.1.2-40-g62d7798
[34m[1mrvm version[0m
rvm 1.29.10 (latest) by Michal Papis, Piotr Kuczynski, Wayne E. Seguin [https://rvm.io]
[34m[1mdefault ruby version[0m
ruby 2.6.5p114 (2019-10-01 revision 67812) [x86_64-linux]
[34m[1mElasticSearch version[0m
5.5.0
[34m[1mInstalled Firefox version[0m
firefox 63.0.1
[34m[1mMongoDB version[0m
MongoDB 4.0.22
[34m[1mPhantomJS version[0m
2.1.1
[34m[1mPre-installed PostgreSQL versions[0m
9.3.25
9.4.26
9.5.24
9.6.20
[34m[1mRedis version[0m
redis-server 6.0.6
[34m[1mPre-installed Go versions[0m
1.11.1
[34m[1mant version[0m
Apache Ant(TM) version 1.10.5 compiled on March 28 2019
[34m[1mmvn version[0m
Apache Maven 3.6.3 (cecedd343002696d0abb50b32b541b8a6ba2883f)
[34m[1mgradle version[0m
Gradle 5.1.1!
[34m[1mlein version[0m
Leiningen 2.9.5 on Java 11.0.2 OpenJDK 64-Bit Server VM
[34m[1mPre-installed Node.js versions[0m
v10.16.0
v10.23.0
v11.15.0
v12.13.1
v12.20.0
v13.3.0
v14.15.3
v4.9.1
v6.17.1
v8.16.2
v8.17.0
v8.9
[34m[1mphpenv versions[0m
  system
  7.1
  7.1.33
  7.2
* 7.2.27 (set by /home/travis/.phpenv/version)
  7.3
  7.3.14
  7.4
  7.4.2
  hhvm
  hhvm-stable
[34m[1mcomposer --version[0m
Composer version 1.9.2 2020-01-14 16:30:31
[34m[1mPre-installed Ruby versions[0m
ruby-2.4.9
ruby-2.5.3
ruby-2.5.7
ruby-2.6.5
ruby-2.7.0
travis_fold:end:system_info[0K
travis_time:end:0892ceaa:start=1609433493214314262,finish=1609433493226234301,duration=11920039,event=show_system_info[0Ktravis_time:start:0e2258b4[0Ktravis_time:end:0e2258b4:start=1609433493232775943,finish=1609433493246039934,duration=13263991,event=rm_riak_source[0Ktravis_time:start:0025813d[0Ktravis_time:end:0025813d:start=1609433493249028321,finish=1609433493254414478,duration=5386157,event=fix_rwky_redis[0Ktravis_time:start:0875dfa4[0Ktravis_time:end:0875dfa4:start=1609433493257532374,finish=1609433493618264090,duration=360731716,event=wait_for_network[0Ktravis_time:start:131e9f1a[0Ktravis_time:end:131e9f1a:start=1609433493622860556,finish=1609433493860100050,duration=237239494,event=update_apt_keys[0Ktravis_time:start:1c0f5976[0Ktravis_time:end:1c0f5976:start=1609433493864366834,finish=1609433493914572856,duration=50206022,event=fix_hhvm_source[0Ktravis_time:start:0e287f36[0Ktravis_time:end:0e287f36:start=1609433493918015014,finish=1609433493920503866,duration=2488852,event=update_mongo_arch[0Ktravis_time:start:11dca806[0Ktravis_time:end:11dca806:start=1609433493923686184,finish=1609433493961201807,duration=37515623,event=fix_sudo_enabled_trusty[0Ktravis_time:start:09c82371[0Ktravis_time:end:09c82371:start=1609433493964657686,finish=1609433493966864388,duration=2206702,event=update_glibc[0Ktravis_time:start:00627ee7[0Ktravis_time:end:00627ee7:start=1609433493970599997,finish=1609433493978124927,duration=7524930,event=clean_up_path[0Ktravis_time:start:0064068c[0Ktravis_time:end:0064068c:start=1609433493982346220,finish=1609433493990221374,duration=7875154,event=fix_resolv_conf[0Ktravis_time:start:0674afab[0Ktravis_time:end:0674afab:start=1609433493993318317,finish=1609433494009430794,duration=16112477,event=fix_etc_hosts[0Ktravis_time:start:0b26cf02[0Ktravis_time:end:0b26cf02:start=1609433494015690001,finish=1609433494023773506,duration=8083505,event=fix_mvn_settings_xml[0Ktravis_time:start:27c77580[0Ktravis_time:end:27c77580:start=1609433494028647475,finish=1609433494038563769,duration=9916294,event=no_ipv6_localhost[0Ktravis_time:start:12bfd4f8[0Ktravis_time:end:12bfd4f8:start=1609433494043286083,finish=1609433494045986678,duration=2700595,event=fix_etc_mavenrc[0Ktravis_time:start:02713a98[0Ktravis_time:end:02713a98:start=1609433494052301190,finish=1609433494055643971,duration=3342781,event=fix_wwdr_certificate[0Ktravis_time:start:16144748[0Ktravis_time:end:16144748:start=1609433494058772555,finish=1609433494105416905,duration=46644350,event=put_localhost_first[0Ktravis_time:start:0d4637e7[0Ktravis_time:end:0d4637e7:start=1609433494109615985,finish=1609433494112929464,duration=3313479,event=home_paths[0Ktravis_time:start:0fc75b14[0Ktravis_time:end:0fc75b14:start=1609433494118415305,finish=1609433494130603834,duration=12188529,event=disable_initramfs[0Ktravis_time:start:028ee768[0Ktravis_time:end:028ee768:start=1609433494135518007,finish=1609433494266960097,duration=131442090,event=disable_ssh_roaming[0Ktravis_time:start:0c1a09ff[0Ktravis_time:end:0c1a09ff:start=1609433494272135119,finish=1609433494274811434,duration=2676315,event=debug_tools[0Ktravis_time:start:1bcd9168[0Ktravis_time:end:1bcd9168:start=1609433494281616441,finish=1609433494284922041,duration=3305600,event=uninstall_oclint[0Ktravis_time:start:0a76e988[0Ktravis_time:end:0a76e988:start=1609433494288614248,finish=1609433494291221923,duration=2607675,event=rvm_use[0Ktravis_time:start:039d5b10[0Ktravis_time:end:039d5b10:start=1609433494294823346,finish=1609433494301798661,duration=6975315,event=rm_etc_boto_cfg[0Ktravis_time:start:14bcf82a[0Ktravis_time:end:14bcf82a:start=1609433494305514730,finish=1609433494307372970,duration=1858240,event=rm_oraclejdk8_symlink[0Ktravis_time:start:09c6fca6[0Ktravis_time:end:09c6fca6:start=1609433494311094730,finish=1609433494395464921,duration=84370191,event=enable_i386[0Ktravis_time:start:029cc84c[0Ktravis_time:end:029cc84c:start=1609433494400775477,finish=1609433494404146468,duration=3370991,event=update_rubygems[0Ktravis_time:start:014c9df4[0Ktravis_time:end:014c9df4:start=1609433494407413386,finish=1609433495337475949,duration=930062563,event=ensure_path_components[0Ktravis_time:start:1731eb0c[0Ktravis_time:end:1731eb0c:start=1609433495342100641,finish=1609433495344362353,duration=2261712,event=redefine_curl[0Ktravis_time:start:06deb260[0Ktravis_time:end:06deb260:start=1609433495347899401,finish=1609433495434404893,duration=86505492,event=nonblock_pipe[0Ktravis_time:start:016ffd5e[0Ktravis_time:end:016ffd5e:start=1609433495438348015,finish=1609433501471646546,duration=6033298531,event=apt_get_update[0Ktravis_time:start:058b0c90[0Ktravis_time:end:058b0c90:start=1609433501475658801,finish=1609433501477921181,duration=2262380,event=deprecate_xcode_64[0Ktravis_time:start:0258ae18[0Ktravis_time:end:0258ae18:start=1609433501481912232,finish=1609433504117298455,duration=2635386223,event=update_heroku[0Ktravis_time:start:248ab47e[0Ktravis_time:end:248ab47e:start=1609433504123454171,finish=1609433504125959583,duration=2505412,event=shell_session_update[0Ktravis_time:start:0d53543e[0Ktravis_fold:start:docker_mtu_and_registry_mirrors[0Ktravis_fold:end:docker_mtu_and_registry_mirrors[0Ktravis_time:end:0d53543e:start=1609433504130191569,finish=1609433506512367792,duration=2382176223,event=set_docker_mtu_and_registry_mirrors[0Ktravis_time:start:07978930[0Ktravis_fold:start:resolvconf[0Ktravis_fold:end:resolvconf[0Ktravis_time:end:07978930:start=1609433506516871221,finish=1609433506583207093,duration=66335872,event=resolvconf[0Ktravis_time:start:1b23d108[0Ktravis_time:end:1b23d108:start=1609433506588844675,finish=1609433506734296626,duration=145451951,event=maven_central_mirror[0Ktravis_time:start:076ed604[0Ktravis_time:end:076ed604:start=1609433506738323124,finish=1609433506827724559,duration=89401435,event=maven_https[0Ktravis_time:start:0057a512[0Ktravis_fold:start:services[0Ktravis_time:start:00181dc0[0K$ sudo systemctl start docker
travis_time:end:00181dc0:start=1609433506839931013,finish=1609433506852349400,duration=12418387,event=prepare[0Ktravis_fold:end:services[0Ktravis_time:end:00181dc0:start=1609433506839931013,finish=1609433509858792980,duration=3018861967,event=services[0Ktravis_time:start:2989b420[0Ktravis_time:end:2989b420:start=1609433509863084115,finish=1609433509865864800,duration=2780685,event=fix_ps4[0Ktravis_time:start:0c6bcee0[0K
travis_fold:start:git.checkout[0Ktravis_time:start:1f8056d4[0K$ git clone --depth=50 --branch=develop https://github.com/precice/systemtests.git precice/systemtests
Cloning into 'precice/systemtests'...
travis_time:end:1f8056d4:start=1609433509874033522,finish=1609433516490238315,duration=6616204793,event=checkout[0K$ cd precice/systemtests
$ git checkout -qf d39f4d89d69f18c9de9f8bd1f08633a68bcda9a2
travis_fold:end:git.checkout[0K
travis_time:end:1f8056d4:start=1609433509874033522,finish=1609433517600476956,duration=7726443434,event=checkout[0Ktravis_time:start:1c2bb350[0K
[33;1mSetting environment variables from repository settings[0m
$ export DOCKER_PASSWORD=[secure]
$ export PRECICE_BOT_EMAIL=[secure]
$ export GH_TOKEN=[secure]
$ export DOCKER_USERNAME=precice
$ export TRAVIS_ACCESS_TOKEN=[secure]

travis_time:end:1c2bb350:start=1609433517605534048,finish=1609433517614789670,duration=9255622,event=env[0Ktravis_time:start:0ae427c8[0K$ source ~/virtualenv/python3.8/bin/activate
travis_time:end:0ae427c8:start=1609433517618976193,finish=1609433517624108930,duration=5132737,event=[0K$ python --version
Python 3.8.1
$ pip --version
pip 20.3.3 from /home/travis/virtualenv/python3.8.1/lib/python3.8/site-packages/pip (python 3.8)
travis_fold:start:install[0Ktravis_time:start:051619a4[0K$ pip install Jinja2
Collecting Jinja2
  Downloading Jinja2-2.11.2-py2.py3-none-any.whl (125 kB)
Collecting MarkupSafe>=0.23
  Downloading MarkupSafe-1.1.1-cp38-cp38-manylinux1_x86_64.whl (32 kB)
Installing collected packages: MarkupSafe, Jinja2
Successfully installed Jinja2-2.11.2 MarkupSafe-1.1.1
travis_time:end:051619a4:start=1609433518018637909,finish=1609433519079291410,duration=1060653501,event=install[0Ktravis_fold:end:install[0Ktravis_time:start:04310f6b[0K$ python system_testing.py -s of-ccx_fsi --base Ubuntu1804.home.PETSc -v
Total reclaimed space: 0B
networks:
  precicecomm: {}
services:
  calculix-adapter-solid:
    command: '/bin/bash -c "ln -s /home/precice/Data/Input/ Solid && ln -sf configs/*
      . && ccx_preCICE -i Solid/flap -precice-participant Calculix && mkdir /home/precice/Data/Output/Solid
      && cp -r precice-output *.log /home/precice/Data/Output/Solid"

      '
    container_name: calculix-adapter-solid
    depends_on:
    - tutorial-data
    image: precice/calculix-adapter-ubuntu1804.home.petsc-develop:latest
    networks:
      precicecomm: null
    volumes:
    - exchange:/home/precice/Data/Exchange:rw
    - output:/home/precice/Data/Output:rw
    - solid_input:/home/precice/Data/Input:rw
    - configs:/home/precice/calculix-adapter/configs:rw
  openfoam-adapter-fluid:
    command: '/bin/bash -c " source /usr/lib/openfoam/openfoam2006/etc/bashrc && ln
      -sf configs/* . && cp -r /home/precice/Data/Input/0.orig /home/precice/Data/Input/0
      && blockMesh -case /home/precice/Data/Input && pimpleFoam -case /home/precice/Data/Input
      && mkdir /home/precice/Data/Output/Fluid && cp -r precice-output *.log /home/precice/Data/Output/Fluid"

      '
    container_name: openfoam-adapter-fluid
    depends_on:
    - tutorial-data
    image: precice/openfoam-adapter-ubuntu1804.home.petsc-develop:latest
    networks:
      precicecomm: null
    volumes:
    - exchange:/home/precice/Data/Exchange:rw
    - fluid_input:/home/precice/Data/Input:rw
    - configs:/home/precice/openfoam-adapter/configs:rw
    - output:/home/precice/Data/Output:rw
  tutorial-data:
    build:
      context: /home/travis/build/precice/systemtests/tests/TestCompose_of-ccx_fsi.PETSc
      dockerfile: Dockerfile.tutorial_data
    container_name: tutorial-data
    volumes:
    - fluid_input:/tutorials/FSI/flap_perp/OpenFOAM-CalculiX/Fluid:rw
    - solid_input:/tutorials/FSI/flap_perp/OpenFOAM-CalculiX/Solid:rw
    - configs:/configs:rw
    - output:/Output:rw
version: '3.0'
volumes:
  configs: {}
  exchange: {}
  fluid_input: {}
  output: {}
  solid_input: {}

Creating network "testcompose_of-ccx_fsipetsc_default" with the default driver
Creating network "testcompose_of-ccx_fsipetsc_precicecomm" with the default driver
Creating volume "testcompose_of-ccx_fsipetsc_exchange" with default driver
Creating volume "testcompose_of-ccx_fsipetsc_fluid_input" with default driver
Creating volume "testcompose_of-ccx_fsipetsc_solid_input" with default driver
Creating volume "testcompose_of-ccx_fsipetsc_output" with default driver
Creating volume "testcompose_of-ccx_fsipetsc_configs" with default driver
Building tutorial-data
Step 1/11 : from alpine
latest: Pulling from library/alpine
latest: Pulling from library/alpine
Service 'tutorial-data' failed to build: toomanyrequests: You have reached your pull rate limit. You may increase the limit by authenticating and upgrading: https://www.docker.com/increase-rate-limit
EXECUTING: docker container prune -f; export PRECICE_BASE=-ubuntu1804.home.petsc-develop; mkdir Logs; docker-compose config && bash ../../silent_compose.sh debug
TEST FAILED WITH: Command 'docker container prune -f; export PRECICE_BASE=-ubuntu1804.home.petsc-develop; mkdir Logs; docker-compose config && bash ../../silent_compose.sh debug' returned non-zero exit status 1.
Traceback (most recent call last):
  File "system_testing.py", line 117, in run_compose
    ccall(command)
  File "/home/travis/build/precice/systemtests/common.py", line 11, in ccall
    return call(cmd, check = True, **kwargs)
  File "/home/travis/build/precice/systemtests/common.py", line 6, in call
    cp = subprocess.run(cmd, shell=True, **kwargs)
  File "/opt/python/3.8.1/lib/python3.8/subprocess.py", line 512, in run
    raise CalledProcessError(retcode, process.args,
subprocess.CalledProcessError: Command 'docker container prune -f; export PRECICE_BASE=-ubuntu1804.home.petsc-develop; mkdir Logs; docker-compose config && bash ../../silent_compose.sh debug' returned non-zero exit status 1.

During handling of the above exception, another exception occurred:

Traceback (most recent call last):
  File "system_testing.py", line 305, in <module>
    build_run_compare(test, tag, args.branch.lower(), args.local,
  File "system_testing.py", line 227, in build_run_compare
    run_compose(test, branch, local_precice, tag, force_rebuild, rm_all, verbose)
  File "system_testing.py", line 141, in run_compose
    raise STRunException()
__main__.STRunException: TEST FAILED - An error occured while running the test!
travis_time:end:04310f6b:start=1609433519085436686,finish=1609433571314598330,duration=52229161644,event=script[0K[31;1mThe command "python system_testing.py -s of-ccx_fsi --base Ubuntu1804.home.PETSc -v" exited with 1.[0m
travis_time:start:02aa6f15[0K$ python push.py
Cloning into 'precice_st_output'...
Updating files:  17% (7178/40246)Updating files:  18% (7245/40246)Updating files:  19% (7647/40246)Updating files:  20% (8050/40246)Updating files:  21% (8452/40246)Updating files:  22% (8855/40246)Updating files:  23% (9257/40246)Updating files:  24% (9660/40246)Updating files:  25% (10062/40246)Updating files:  26% (10464/40246)Updating files:  27% (10867/40246)Updating files:  28% (11269/40246)Updating files:  29% (11672/40246)Updating files:  30% (12074/40246)Updating files:  31% (12477/40246)Updating files:  32% (12879/40246)Updating files:  33% (13282/40246)Updating files:  34% (13684/40246)Updating files:  34% (13962/40246)Updating files:  35% (14087/40246)Updating files:  36% (14489/40246)Updating files:  37% (14892/40246)Updating files:  38% (15294/40246)Updating files:  39% (15696/40246)Updating files:  40% (16099/40246)Updating files:  41% (16501/40246)Updating files:  42% (16904/40246)Updating files:  43% (17306/40246)Updating files:  44% (17709/40246)Updating files:  45% (18111/40246)Updating files:  46% (18514/40246)Updating files:  47% (18916/40246)Updating files:  48% (19319/40246)Updating files:  48% (19377/40246)Updating files:  49% (19721/40246)Updating files:  50% (20123/40246)Updating files:  51% (20526/40246)Updating files:  52% (20928/40246)Updating files:  53% (21331/40246)Updating files:  54% (21733/40246)Updating files:  55% (22136/40246)Updating files:  56% (22538/40246)Updating files:  57% (22941/40246)Updating files:  58% (23343/40246)Updating files:  59% (23746/40246)Updating files:  59% (23922/40246)Updating files:  60% (24148/40246)Updating files:  61% (24551/40246)Updating files:  62% (24953/40246)Updating files:  63% (25355/40246)Updating files:  64% (25758/40246)Updating files:  65% (26160/40246)Updating files:  66% (26563/40246)Updating files:  67% (26965/40246)Updating files:  68% (27368/40246)Updating files:  69% (27770/40246)Updating files:  70% (28173/40246)Updating files:  71% (28575/40246)Updating files:  71% (28683/40246)Updating files:  72% (28978/40246)Updating files:  72% (29378/40246)Updating files:  73% (29380/40246)Updating files:  74% (29783/40246)Updating files:  74% (29992/40246)Updating files:  75% (30185/40246)Updating files:  76% (30587/40246)Updating files:  77% (30990/40246)Updating files:  78% (31392/40246)Updating files:  79% (31795/40246)Updating files:  80% (32197/40246)Updating files:  81% (32600/40246)Updating files:  82% (33002/40246)Updating files:  83% (33405/40246)Updating files:  84% (33807/40246)Updating files:  84% (34184/40246)Updating files:  85% (34210/40246)Updating files:  85% (34552/40246)Updating files:  86% (34612/40246)Updating files:  86% (34772/40246)Updating files:  86% (34932/40246)Updating files:  87% (35015/40246)Updating files:  87% (35085/40246)Updating files:  87% (35171/40246)Updating files:  87% (35242/40246)Updating files:  87% (35282/40246)Updating files:  87% (35355/40246)Updating files:  88% (35417/40246)Updating files:  88% (35428/40246)Updating files:  88% (35460/40246)Updating files:  88% (35540/40246)Updating files:  88% (35604/40246)Updating files:  88% (35682/40246)Updating files:  88% (35765/40246)Updating files:  89% (35819/40246)Updating files:  89% (35836/40246)Updating files:  89% (35876/40246)Updating files:  89% (35954/40246)Updating files:  89% (36041/40246)Updating files:  89% (36114/40246)Updating files:  89% (36150/40246)Updating files:  90% (36222/40246)Updating files:  90% (36301/40246)Updating files:  90% (36302/40246)Updating files:  90% (36387/40246)Updating files:  90% (36467/40246)Updating files:  90% (36554/40246)Updating files:  91% (36624/40246)Updating files:  91% (36641/40246)Updating files:  91% (36642/40246)Updating files:  91% (36685/40246)Updating files:  91% (36816/40246)Updating files:  91% (36906/40246)Updating files:  91% (36992/40246)Updating files:  91% (36993/40246)Updating files:  92% (37027/40246)Updating files:  92% (37094/40246)Updating files:  92% (37229/40246)Updating files:  92% (37314/40246)Updating files:  93% (37429/40246)Updating files:  93% (37430/40246)Updating files:  93% (37566/40246)Updating files:  93% (37658/40246)Updating files:  93% (37746/40246)Updating files:  94% (37832/40246)Updating files:  94% (37839/40246)Updating files:  94% (37974/40246)Updating files:  94% (38060/40246)Updating files:  95% (38234/40246)Updating files:  96% (38637/40246)Updating files:  97% (39039/40246)Updating files:  97% (39208/40246)Updating files:  97% (39286/40246)Updating files:  97% (39390/40246)Updating files:  98% (39442/40246)Updating files:  98% (39539/40246)Updating files:  98% (39630/40246)Updating files:  98% (39716/40246)Updating files:  98% (39801/40246)Updating files:  99% (39844/40246)Updating files:  99% (39879/40246)Updating files:  99% (39974/40246)