travis_fold:start:worker_info[0K[33;1mWorker information[0m
hostname: f95b6cd7-01ad-4c05-a7f6-dd70e01fbacf@1.worker-org-8b5957499-8gzzw.gce-production-3
version: v6.2.17 https://github.com/travis-ci/worker/tree/bc420764f334fe0d096a417c80426f672f1b7d18
instance: travis-job-544f1e83-a6cd-4fc9-a2f0-b7615a3b8662 travis-ci-ubuntu-1804-1593521679-ca42795e (via amqp)
startup: 6.160093614s
travis_fold:end:worker_info[0Ktravis_time:start:1e84f468[0Ktravis_time:end:1e84f468:start=1603512505961675313,finish=1603512506128629986,duration=166954673,event=no_world_writable_dirs[0Ktravis_time:start:12427fcf[0Ktravis_time:end:12427fcf:start=1603512506131460010,finish=1603512506134660800,duration=3200790,event=setup_filter[0Ktravis_time:start:1b54cb8e[0Ktravis_time:end:1b54cb8e:start=1603512506142203992,finish=1603512506149503031,duration=7299039,event=agent[0Ktravis_time:start:1c312e98[0Ktravis_time:end:1c312e98:start=1603512506151863490,finish=1603512506153807749,duration=1944259,event=check_unsupported[0Ktravis_time:start:00a12b60[0Ktravis_fold:start:system_info[0K[33;1mBuild system information[0m
Build language: python
Build group: stable
Build dist: bionic
Build id: 738454949
Job id: 738454980
Runtime kernel version: 5.3.0-1029-gcp
travis-build version: acd5a925
[34m[1mBuild image provisioning date and time[0m
Tue Jun 30 13:35:43 UTC 2020
[34m[1mOperating System Details[0m
Distributor ID:	Ubuntu
Description:	Ubuntu 18.04.4 LTS
Release:	18.04
Codename:	bionic
[34m[1mSystemd Version[0m
systemd 237
[34m[1mCookbooks Version[0m
3f92a99 https://github.com/travis-ci/travis-cookbooks/tree/3f92a99
[34m[1mgit version[0m
git version 2.27.0
[34m[1mbash version[0m
GNU bash, version 4.4.20(1)-release (x86_64-pc-linux-gnu)
[34m[1mgcc version[0m
gcc (Ubuntu 7.5.0-3ubuntu1~18.04) 7.5.0
[34m[1mdocker version[0m
Client:
 Version:           18.06.0-ce
 API version:       1.38
 Go version:        go1.10.3
 Git commit:        0ffa825
 Built:             Wed Jul 18 19:09:54 2018
 OS/Arch:           linux/amd64
 Experimental:      false

Server:
 Engine:
  Version:          18.06.0-ce
  API version:      1.38 (minimum version 1.12)
  Go version:       go1.10.3
  Git commit:       0ffa825
  Built:            Wed Jul 18 19:07:56 2018
  OS/Arch:          linux/amd64
  Experimental:     false
[34m[1mclang version[0m
clang version 7.0.0 (tags/RELEASE_700/final)
[34m[1mjq version[0m
jq-1.5
[34m[1mbats version[0m
Bats 0.4.0
[34m[1mshellcheck version[0m
0.7.0
[34m[1mshfmt version[0m
v2.6.3
[34m[1mccache version[0m
3.4.1
[34m[1mcmake version[0m
cmake version 3.12.4
[34m[1mheroku version[0m
heroku/7.42.1 linux-x64 node-v12.16.2
[34m[1mimagemagick version[0m
Version: ImageMagick 6.9.7-4 Q16 x86_64 20170114 http://www.imagemagick.org
[34m[1mmd5deep version[0m
4.4
[34m[1mmercurial version[0m
version 4.8
[34m[1mmysql version[0m
mysql  Ver 14.14 Distrib 5.7.30, for Linux (x86_64) using  EditLine wrapper
[34m[1mopenssl version[0m
OpenSSL 1.1.1  11 Sep 2018
[34m[1mpacker version[0m
1.3.3
[34m[1mpostgresql client version[0m
psql (PostgreSQL) 11.8 (Ubuntu 11.8-1.pgdg18.04+1)
[34m[1mragel version[0m
Ragel State Machine Compiler version 6.10 March 2017
[34m[1msudo version[0m
1.8.21p2
[34m[1mgzip version[0m
gzip 1.6
[34m[1mzip version[0m
Zip 3.0
[34m[1mvim version[0m
VIM - Vi IMproved 8.0 (2016 Sep 12, compiled Mar 18 2020 18:29:15)
[34m[1miptables version[0m
iptables v1.6.1
[34m[1mcurl version[0m
curl 7.58.0 (x86_64-pc-linux-gnu) libcurl/7.58.0 OpenSSL/1.1.1 zlib/1.2.11 libidn2/2.0.4 libpsl/0.19.1 (+libidn2/2.0.4) nghttp2/1.30.0 librtmp/2.3
[34m[1mwget version[0m
GNU Wget 1.19.4 built on linux-gnu.
[34m[1mrsync version[0m
rsync  version 3.1.2  protocol version 31
[34m[1mgimme version[0m
v1.5.4
[34m[1mnvm version[0m
0.35.3
[34m[1mperlbrew version[0m
/home/travis/perl5/perlbrew/bin/perlbrew  - App::perlbrew/0.87
[34m[1mphpenv version[0m
rbenv 1.1.2-30-gc879cb0
[34m[1mrvm version[0m
rvm 1.29.10 (latest) by Michal Papis, Piotr Kuczynski, Wayne E. Seguin [https://rvm.io]
[34m[1mdefault ruby version[0m
ruby 2.6.5p114 (2019-10-01 revision 67812) [x86_64-linux]
[34m[1mElasticSearch version[0m
5.5.0
[34m[1mInstalled Firefox version[0m
firefox 63.0.1
[34m[1mMongoDB version[0m
MongoDB 4.0.19
[34m[1mPhantomJS version[0m
2.1.1
[34m[1mPre-installed PostgreSQL versions[0m
9.3.25
9.4.26
9.5.22
9.6.18
[34m[1mRedis version[0m
redis-server 6.0.5
[34m[1mPre-installed Go versions[0m
1.11.1
[34m[1mant version[0m
Apache Ant(TM) version 1.10.5 compiled on March 28 2019
[34m[1mmvn version[0m
Apache Maven 3.6.3 (cecedd343002696d0abb50b32b541b8a6ba2883f)
[34m[1mgradle version[0m
Gradle 5.1.1!
[34m[1mlein version[0m
Leiningen 2.9.3 on Java 11.0.2 OpenJDK 64-Bit Server VM
[34m[1mPre-installed Node.js versions[0m
v10.16.0
v10.21.0
v11.15.0
v12.13.1
v12.18.1
v13.3.0
v4.9.1
v6.17.1
v8.16.2
v8.17.0
v8.9
[34m[1mphpenv versions[0m
  system
  7.1
  7.1.33
  7.2
* 7.2.27 (set by /home/travis/.phpenv/version)
  7.3
  7.3.14
  7.4
  7.4.2
  hhvm
  hhvm-stable
[34m[1mcomposer --version[0m
Composer version 1.9.2 2020-01-14 16:30:31
[34m[1mPre-installed Ruby versions[0m
ruby-2.4.9
ruby-2.5.3
ruby-2.5.7
ruby-2.6.5
ruby-2.7.0
travis_fold:end:system_info[0K
travis_time:end:00a12b60:start=1603512506156652586,finish=1603512506162038404,duration=5385818,event=show_system_info[0Ktravis_time:start:2b460872[0Ktravis_time:end:2b460872:start=1603512506164507597,finish=1603512506179608131,duration=15100534,event=rm_riak_source[0Ktravis_time:start:061219a4[0Ktravis_time:end:061219a4:start=1603512506182856909,finish=1603512506188039815,duration=5182906,event=fix_rwky_redis[0Ktravis_time:start:00846a48[0Ktravis_time:end:00846a48:start=1603512506191401859,finish=1603512506555446686,duration=364044827,event=wait_for_network[0Ktravis_time:start:05f6b590[0Ktravis_time:end:05f6b590:start=1603512506560862996,finish=1603512506791924285,duration=231061289,event=update_apt_keys[0Ktravis_time:start:082b89bb[0Ktravis_time:end:082b89bb:start=1603512506795775427,finish=1603512506846856506,duration=51081079,event=fix_hhvm_source[0Ktravis_time:start:0731d330[0Ktravis_time:end:0731d330:start=1603512506850357841,finish=1603512506853276345,duration=2918504,event=update_mongo_arch[0Ktravis_time:start:327affa4[0Ktravis_time:end:327affa4:start=1603512506857400123,finish=1603512506896158393,duration=38758270,event=fix_sudo_enabled_trusty[0Ktravis_time:start:20ad7ea2[0Ktravis_time:end:20ad7ea2:start=1603512506900566128,finish=1603512506903310347,duration=2744219,event=update_glibc[0Ktravis_time:start:328dfc02[0Ktravis_time:end:328dfc02:start=1603512506906324438,finish=1603512506913594244,duration=7269806,event=clean_up_path[0Ktravis_time:start:13a58b5c[0Ktravis_time:end:13a58b5c:start=1603512506916934353,finish=1603512506924845203,duration=7910850,event=fix_resolv_conf[0Ktravis_time:start:24a35758[0Ktravis_time:end:24a35758:start=1603512506927896658,finish=1603512506952603934,duration=24707276,event=fix_etc_hosts[0Ktravis_time:start:1f9dba10[0Ktravis_time:end:1f9dba10:start=1603512506955687839,finish=1603512506962702140,duration=7014301,event=fix_mvn_settings_xml[0Ktravis_time:start:0afb7ad4[0Ktravis_time:end:0afb7ad4:start=1603512506967338521,finish=1603512506975974670,duration=8636149,event=no_ipv6_localhost[0Ktravis_time:start:1ba2ae8c[0Ktravis_time:end:1ba2ae8c:start=1603512506979028885,finish=1603512506980981408,duration=1952523,event=fix_etc_mavenrc[0Ktravis_time:start:2383c6ae[0Ktravis_time:end:2383c6ae:start=1603512506984628483,finish=1603512506987215013,duration=2586530,event=fix_wwdr_certificate[0Ktravis_time:start:257b6982[0Ktravis_time:end:257b6982:start=1603512506990883120,finish=1603512507047223377,duration=56340257,event=put_localhost_first[0Ktravis_time:start:2a01eb00[0Ktravis_time:end:2a01eb00:start=1603512507051039986,finish=1603512507054422812,duration=3382826,event=home_paths[0Ktravis_time:start:07bc7460[0Ktravis_time:end:07bc7460:start=1603512507058022911,finish=1603512507070330479,duration=12307568,event=disable_initramfs[0Ktravis_time:start:04f6223d[0Ktravis_time:end:04f6223d:start=1603512507074312880,finish=1603512507208514232,duration=134201352,event=disable_ssh_roaming[0Ktravis_time:start:1aa988b8[0Ktravis_time:end:1aa988b8:start=1603512507212660111,finish=1603512507215064996,duration=2404885,event=debug_tools[0Ktravis_time:start:093e115c[0Ktravis_time:end:093e115c:start=1603512507219054841,finish=1603512507221864743,duration=2809902,event=uninstall_oclint[0Ktravis_time:start:21ba10c8[0Ktravis_time:end:21ba10c8:start=1603512507225511984,finish=1603512507228151132,duration=2639148,event=rvm_use[0Ktravis_time:start:18040aa6[0Ktravis_time:end:18040aa6:start=1603512507231601199,finish=1603512507238873483,duration=7272284,event=rm_etc_boto_cfg[0Ktravis_time:start:05e5dbad[0Ktravis_time:end:05e5dbad:start=1603512507242597839,finish=1603512507244619611,duration=2021772,event=rm_oraclejdk8_symlink[0Ktravis_time:start:206ba9f2[0Ktravis_time:end:206ba9f2:start=1603512507248255846,finish=1603512507337812850,duration=89557004,event=enable_i386[0Ktravis_time:start:18a092b3[0Ktravis_time:end:18a092b3:start=1603512507341370518,finish=1603512507344900618,duration=3530100,event=update_rubygems[0Ktravis_time:start:032904f1[0Ktravis_time:end:032904f1:start=1603512507349007819,finish=1603512508109104351,duration=760096532,event=ensure_path_components[0Ktravis_time:start:1ee53f87[0Ktravis_time:end:1ee53f87:start=1603512508113346839,finish=1603512508115425696,duration=2078857,event=redefine_curl[0Ktravis_time:start:3bb88013[0Ktravis_time:end:3bb88013:start=1603512508118916331,finish=1603512508207322179,duration=88405848,event=nonblock_pipe[0Ktravis_time:start:1945bffb[0Ktravis_time:end:1945bffb:start=1603512508210901121,finish=1603512514245675116,duration=6034773995,event=apt_get_update[0Ktravis_time:start:1c353bbe[0Ktravis_time:end:1c353bbe:start=1603512514250153065,finish=1603512514252806130,duration=2653065,event=deprecate_xcode_64[0Ktravis_time:start:0dd77c4a[0Ktravis_time:end:0dd77c4a:start=1603512514257155566,finish=1603512516981801056,duration=2724645490,event=update_heroku[0Ktravis_time:start:1c0811e8[0Ktravis_time:end:1c0811e8:start=1603512516986126345,finish=1603512516988712017,duration=2585672,event=shell_session_update[0Ktravis_time:start:32313850[0Ktravis_fold:start:docker_mtu[0Ktravis_fold:end:docker_mtu[0Ktravis_time:end:32313850:start=1603512516992584308,finish=1603512519308513278,duration=2315928970,event=set_docker_mtu[0Ktravis_time:start:0940f90d[0Ktravis_fold:start:resolvconf[0Ktravis_fold:end:resolvconf[0Ktravis_time:end:0940f90d:start=1603512519313090330,finish=1603512519388992987,duration=75902657,event=resolvconf[0Ktravis_time:start:0909f1ae[0Ktravis_time:end:0909f1ae:start=1603512519394807800,finish=1603512519546816931,duration=152009131,event=maven_central_mirror[0Ktravis_time:start:19557f2e[0Ktravis_time:end:19557f2e:start=1603512519550909598,finish=1603512519644318888,duration=93409290,event=maven_https[0Ktravis_time:start:2dbb2abc[0Ktravis_fold:start:services[0Ktravis_time:start:2b4c3658[0K$ sudo systemctl start docker
travis_time:end:2b4c3658:start=1603512519655697659,finish=1603512519667886840,duration=12189181,event=prepare[0Ktravis_fold:end:services[0Ktravis_time:end:2b4c3658:start=1603512519655697659,finish=1603512522674675834,duration=3018978175,event=services[0Ktravis_time:start:021f957c[0Ktravis_time:end:021f957c:start=1603512522678841135,finish=1603512522681159610,duration=2318475,event=fix_ps4[0Ktravis_time:start:25402e24[0K
travis_fold:start:git.checkout[0Ktravis_time:start:1bbc03fd[0K$ git clone --depth=50 https://github.com/precice/systemtests.git precice/systemtests
Cloning into 'precice/systemtests'...
travis_time:end:1bbc03fd:start=1603512522688278491,finish=1603512530429562695,duration=7741284204,event=checkout[0K$ cd precice/systemtests
travis_time:start:22a5bc84[0K$ git fetch origin +refs/pull/255/merge:
From https://github.com/precice/systemtests
 * branch            refs/pull/255/merge -> FETCH_HEAD
travis_time:end:22a5bc84:start=1603512530434679051,finish=1603512547128581685,duration=16693902634,event=checkout[0K$ git checkout -qf FETCH_HEAD
travis_fold:end:git.checkout[0K
travis_time:end:22a5bc84:start=1603512530434679051,finish=1603512548095045582,duration=17660366531,event=checkout[0Ktravis_time:start:01b09573[0K
[33;1mSetting environment variables from repository settings[0m
$ export DOCKER_PASSWORD=[secure]
$ export PRECICE_BOT_EMAIL=[secure]
$ export GH_TOKEN=[secure]
$ export TRAVIS_ACCESS_TOKEN=[secure]
$ export DOCKER_USERNAME=precice

travis_time:end:01b09573:start=1603512548099290983,finish=1603512548108158960,duration=8867977,event=env[0Ktravis_time:start:169ae4cc[0K$ source ~/virtualenv/python3.8/bin/activate
travis_time:end:169ae4cc:start=1603512548112153323,finish=1603512548118679196,duration=6525873,event=[0K$ python --version
Python 3.8.1
$ pip --version
pip 20.1.1 from /home/travis/virtualenv/python3.8.1/lib/python3.8/site-packages/pip (python 3.8)
travis_fold:start:install[0Ktravis_time:start:0f4496d4[0K$ pip install Jinja2
Collecting Jinja2
  Downloading Jinja2-2.11.2-py2.py3-none-any.whl (125 kB)
Collecting MarkupSafe>=0.23
  Downloading MarkupSafe-1.1.1-cp38-cp38-manylinux1_x86_64.whl (32 kB)
Installing collected packages: MarkupSafe, Jinja2
Successfully installed Jinja2-2.11.2 MarkupSafe-1.1.1
travis_time:end:0f4496d4:start=1603512548519771990,finish=1603512549596225407,duration=1076453417,event=install[0Ktravis_fold:end:install[0Ktravis_time:start:017743ac[0K$ python system_testing.py -s fe-fe -v
Total reclaimed space: 0B
networks:
  precicecomm: {}
services:
  fenics-adapter-dirichlet:
    command: '/bin/bash -c "cd /home/precice && python3 /home/precice/Data/Input/heat.py
      -d -i simple && mkdir /home/precice/Data/Output/Dirichlet && cp -r precice-output
      *.log /home/precice/Data/Output/Dirichlet"

      '
    container_name: fenics-adapter-dirichlet
    depends_on:
    - tutorial-data
    image: precice/fenics-adapter-ubuntu1804.home-develop:latest
    networks:
      precicecomm: null
    volumes:
    - exchange:/home/precice/Data/Exchange:rw
    - output:/home/precice/Data/Output:rw
    - input:/home/precice/Data/Input:rw
  fenics-adapter-neumann:
    command: '/bin/bash -c "cd /home/precice && python3 /home/precice/Data/Input/heat.py
      -n -i simple && mkdir /home/precice/Data/Output/Neumann && cp -r precice-output
      *.log /home/precice/Data/Output/Neumann"

      '
    container_name: fenics-adapter-neumann
    depends_on:
    - tutorial-data
    image: precice/fenics-adapter-ubuntu1804.home-develop:latest
    networks:
      precicecomm: null
    volumes:
    - exchange:/home/precice/Data/Exchange:rw
    - output:/home/precice/Data/Output:rw
    - input:/home/precice/Data/Input:rw
  tutorial-data:
    build:
      context: /home/travis/build/precice/systemtests/tests/TestCompose_fe-fe
      dockerfile: Dockerfile.tutorial_data
      network: host
    container_name: tutorial-data
    volumes:
    - output:/Output:rw
    - input:/tutorials/HT/partitioned-heat/fenics-fenics:rw
version: '3.4'
volumes:
  exchange: {}
  input: {}
  output: {}

Creating network "testcompose_fe-fe_default" with the default driver
Creating network "testcompose_fe-fe_precicecomm" with the default driver
Creating volume "testcompose_fe-fe_exchange" with default driver
Creating volume "testcompose_fe-fe_output" with default driver
Creating volume "testcompose_fe-fe_input" with default driver
Building tutorial-data
Step 1/8 : from alpine
latest: Pulling from library/alpine
Digest: sha256:c0e9560cda118f9ec63ddefb4a173a2b2a0347082d7dff7dc14272e7841a5b5a
Status: Downloaded newer image for alpine:latest
 ---> d6e46aa2470d
Step 2/8 : ENV tutorial_path tutorials/HT/partitioned-heat/fenics-fenics
 ---> Running in 78e524ed2deb
Removing intermediate container 78e524ed2deb
 ---> 651a9dc92b0d
Step 3/8 : RUN apk add git
 ---> Running in f9e27a9460bc
fetch http://dl-cdn.alpinelinux.org/alpine/v3.12/main/x86_64/APKINDEX.tar.gz
fetch http://dl-cdn.alpinelinux.org/alpine/v3.12/community/x86_64/APKINDEX.tar.gz
(1/6) Installing ca-certificates (20191127-r4)
(2/6) Installing nghttp2-libs (1.41.0-r0)
(3/6) Installing libcurl (7.69.1-r1)
(4/6) Installing expat (2.2.9-r1)
(5/6) Installing pcre2 (10.35-r0)
(6/6) Installing git (2.26.2-r0)
Executing busybox-1.31.1-r19.trigger
Executing ca-certificates-20191127-r4.trigger
OK: 22 MiB in 20 packages
Removing intermediate container f9e27a9460bc
 ---> dff6a91b1cf3
Step 4/8 : ARG branch=develop
 ---> Running in c5246e169a49
Removing intermediate container c5246e169a49
 ---> 28ef4ee8bc9e
Step 5/8 : RUN git clone --branch $branch https://github.com/precice/tutorials
 ---> Running in a99a8eec53cb
[91mCloning into 'tutorials'...
[0mRemoving intermediate container a99a8eec53cb
 ---> df39f656dd0b
Step 6/8 : RUN mkdir configs &&     sed -i 's|<m2n:sockets from="HeatDirichlet" to="HeatNeumann"/>|<m2n:sockets from="HeatDirichlet" to="HeatNeumann" exchange-directory="/home/precice/Data/Exchange/" network="eth0"/>|g;             s|\(\s\+\)\(</participant>\)|\1   <export:vtk directory="precice-output" />\n\1\2|g' $tutorial_path/precice-config.xml
 ---> Running in 07e82aad20c4
Removing intermediate container 07e82aad20c4
 ---> 096a37022c55
Step 7/8 : RUN addgroup -g 1000 precice && adduser -u 1000 -G precice -D precice && chown -R precice:precice tutorials configs
 ---> Running in 0e6f1b5908f4
Removing intermediate container 0e6f1b5908f4
 ---> ba41f172601b
Step 8/8 : USER precice
 ---> Running in b69c2cd87d8d
Removing intermediate container b69c2cd87d8d
 ---> bafb79cee73b

Successfully built bafb79cee73b
Successfully tagged testcompose_fe-fe_tutorial-data:latest
Image for service tutorial-data was built because it did not already exist. To rebuild this image you must use `docker-compose build` or `docker-compose up --build`.
Pulling fenics-adapter-neumann (precice/fenics-adapter-ubuntu1804.home-develop:latest)...
latest: Pulling from precice/fenics-adapter-ubuntu1804.home-develop
Creating tutorial-data ... 
[1A[2KCreating tutorial-data ... [32mdone[0m[1BCreating fenics-adapter-neumann ... 
Creating fenics-adapter-dirichlet ... 
[2A[2KCreating fenics-adapter-neumann   ... [32mdone[0m[2B[1A[2KCreating fenics-adapter-dirichlet ... [32mdone[0m[1BAttaching to tutorial-data, fenics-adapter-neumann, fenics-adapter-dirichlet
[33mfenics-adapter-neumann      |[0m Traceback (most recent call last):
[33mfenics-adapter-neumann      |[0m   File "/home/precice/Data/Input/heat.py", line 28, in <module>
[33mfenics-adapter-neumann      |[0m     from fenics import Function, FunctionSpace, Expression, Constant, DirichletBC, TrialFunction, TestFunction, \
[33mfenics-adapter-neumann      |[0m   File "/usr/lib/python3/dist-packages/fenics/__init__.py", line 7, in <module>
[33mfenics-adapter-neumann      |[0m     from dolfin import *
[33mfenics-adapter-neumann      |[0m ModuleNotFoundError: No module named 'dolfin'
[36mtutorial-data exited with code 0
[0m[32mfenics-adapter-dirichlet    |[0m Traceback (most recent call last):
[32mfenics-adapter-dirichlet    |[0m   File "/home/precice/Data/Input/heat.py", line 28, in <module>
[32mfenics-adapter-dirichlet    |[0m     from fenics import Function, FunctionSpace, Expression, Constant, DirichletBC, TrialFunction, TestFunction, \
[32mfenics-adapter-dirichlet    |[0m   File "/usr/lib/python3/dist-packages/fenics/__init__.py", line 7, in <module>
[32mfenics-adapter-dirichlet    |[0m     from dolfin import *
[32mfenics-adapter-dirichlet    |[0m ModuleNotFoundError: No module named 'dolfin'
[33mfenics-adapter-neumann exited with code 1
[0m[32mfenics-adapter-dirichlet exited with code 1
[0m------------- Comparing files -------------
> Only in /home/travis/build/precice/systemtests/tests/TestCompose_fe-fe/referenceOutput: precice-HeatDirichlet-iterations.log
Only in /home/travis/build/precice/systemtests/tests/TestCompose_fe-fe/referenceOutput: precice-HeatNeumann-convergence.log
Only in /home/travis/build/precice/systemtests/tests/TestCompose_fe-fe/referenceOutput: precice-HeatNeumann-iterations.log
----------- Comparison finished -----------
EXECUTING: docker container prune -f; export PRECICE_BASE=-ubuntu1804.home-develop; mkdir Logs; docker-compose config && bash ../../silent_compose.sh debug
EXECUTING: docker cp tutorial-data:/Output .
EXECUTING: docker-compose logs > Logs/container.log
EXECUTING: bash ../../compare_results.sh /home/travis/build/precice/systemtests/tests/TestCompose_fe-fe/referenceOutput /home/travis/build/precice/systemtests/tests/TestCompose_fe-fe/Output
TEST FAILED WITH: Output files do not match reference
Files differing               : []
Files only in reference (left): ['precice-HeatDirichlet-iterations.log', 'precice-HeatNeumann-convergence.log', 'precice-HeatNeumann-iterations.log']
Files only in output(right)   : []
Traceback (most recent call last):
  File "system_testing.py", line 133, in run_compose
    comparison(path_to_ref, path_to_otp)
  File "system_testing.py", line 210, in comparison
    raise IncorrectOutput(*ret)
__main__.IncorrectOutput: Output files do not match reference
Files differing               : []
Files only in reference (left): ['precice-HeatDirichlet-iterations.log', 'precice-HeatNeumann-convergence.log', 'precice-HeatNeumann-iterations.log']
Files only in output(right)   : []

During handling of the above exception, another exception occurred:

Traceback (most recent call last):
  File "system_testing.py", line 305, in <module>
    build_run_compare(test, tag, args.branch.lower(), args.local,
  File "system_testing.py", line 227, in build_run_compare
    run_compose(test, branch, local_precice, tag, force_rebuild, rm_all, verbose)
  File "system_testing.py", line 145, in run_compose
    raise STValidateException()
__main__.STValidateException: COMPARISON FAILED - An error occured while comparing test results with reference files!
travis_time:end:017743ac:start=1603512549600944402,finish=1603512679464573485,duration=129863629083,event=script[0K[31;1mThe command "python system_testing.py -s fe-fe -v" exited with 1.[0m
travis_time:start:127442e8[0K$ python push.py -o
Cloning into 'precice_st_output'...
Updating files:  31% (7256/23255)Updating files:  32% (7442/23255)Updating files:  33% (7675/23255)Updating files:  34% (7907/23255)Updating files:  35% (8140/23255)Updating files:  36% (8372/23255)Updating files:  37% (8605/23255)Updating files:  38% (8837/23255)Updating files:  39% (9070/23255)Updating files:  40% (9302/23255)Updating files:  41% (9535/23255)Updating files:  42% (9768/23255)Updating files:  43% (10000/23255)Updating files:  44% (10233/23255)Updating files:  45% (10465/23255)Updating files:  46% (10698/23255)Updating files:  47% (10930/23255)Updating files:  48% (11163/23255)Updating files:  49% (11395/23255)Updating files:  50% (11628/23255)Updating files:  51% (11861/23255)Updating files:  52% (12093/23255)Updating files:  53% (12326/23255)Updating files:  54% (12558/23255)Updating files:  55% (12791/23255)Updating files:  56% (13023/23255)Updating files:  57% (13256/23255)Updating files:  58% (13488/23255)Updating files:  59% (13721/23255)Updating files:  60% (13953/23255)Updating files:  61% (14186/23255)Updating files:  61% (14286/23255)Updating files:  62% (14419/23255)Updating files:  63% (14651/23255)Updating files:  64% (14884/23255)Updating files:  65% (15116/23255)Updating files:  66% (15349/23255)Updating files:  67% (15581/23255)Updating files:  68% (15814/23255)Updating files:  69% (16046/23255)Updating files:  70% (16279/23255)Updating files:  71% (16512/23255)Updating files:  72% (16744/23255)Updating files:  73% (16977/23255)Updating files:  74% (17209/23255)Updating files:  75% (17442/23255)Updating files:  76% (17674/23255)Updating files:  77% (17907/23255)Updating files:  78% (18139/23255)Updating files:  79% (18372/23255)Updating files:  80% (18604/23255)Updating files:  81% (18837/23255)Updating files:  82% (19070/23255)Updating files:  83% (19302/23255)Updating files:  83% (19377/23255)Updating files:  84% (19535/23255)Updating files:  85% (19767/23255)Updating files:  86% (20000/23255)Updating files:  87% (20232/23255)Updating files:  88% (20465/23255)Updating files:  89% (20697/23255)Updating files:  90% (20930/23255)Updating files:  91% (21163/23255)Updating files:  92% (21395/23255)Updating files:  93% (21628/23255)Updating files:  94% (21860/23255)Updating files:  95% (22093/23255)Updating files:  96% (22325/23255)Updating files:  97% (22558/23255)Updating files:  98% (22790/23255)Updating files:  99% (23023/23255)Updating files: 100% (23255/23255)Updating files: 100% (23255/23255), done.
