travis_fold:start:worker_info[0K[33;1mWorker information[0m
hostname: 0a955839-63ba-4a30-bfbb-61042f883c5f@1.worker-org-677d44d4f7-bghcv.gce-production-3
version: v6.2.20-1-g3a987d6 https://github.com/travis-ci/worker/tree/3a987d61ed169c9539ad435d1a9b5f2d8c6ce4a6
instance: travis-job-a32f9295-b1ac-49af-b2b9-1de1b585e610 travis-ci-ubuntu-1804-1593521679-ca42795e (via amqp)
startup: 6.321122468s
travis_fold:end:worker_info[0Ktravis_time:start:210b8ba2[0Ktravis_time:end:210b8ba2:start=1605228090234051370,finish=1605228090438110358,duration=204058988,event=no_world_writable_dirs[0Ktravis_time:start:030e8868[0Ktravis_time:end:030e8868:start=1605228090443340165,finish=1605228090447664100,duration=4323935,event=setup_filter[0Ktravis_time:start:076616f4[0Ktravis_time:end:076616f4:start=1605228090458482860,finish=1605228090466917312,duration=8434452,event=agent[0Ktravis_time:start:06357ad2[0Ktravis_time:end:06357ad2:start=1605228090469649697,finish=1605228090471664358,duration=2014661,event=check_unsupported[0Ktravis_time:start:1ee00ee8[0Ktravis_fold:start:system_info[0K[33;1mBuild system information[0m
Build language: python
Build group: stable
Build dist: bionic
Build id: 743196728
Job id: 743196774
Runtime kernel version: 5.3.0-1029-gcp
travis-build version: 07c42db3
[34m[1mBuild image provisioning date and time[0m
Tue Jun 30 13:35:43 UTC 2020
[34m[1mOperating System Details[0m
Distributor ID:	Ubuntu
Description:	Ubuntu 18.04.4 LTS
Release:	18.04
Codename:	bionic
[34m[1mSystemd Version[0m
systemd 237
[34m[1mCookbooks Version[0m
3f92a99 https://github.com/travis-ci/travis-cookbooks/tree/3f92a99
[34m[1mgit version[0m
git version 2.27.0
[34m[1mbash version[0m
GNU bash, version 4.4.20(1)-release (x86_64-pc-linux-gnu)
[34m[1mgcc version[0m
gcc (Ubuntu 7.5.0-3ubuntu1~18.04) 7.5.0
[34m[1mdocker version[0m
Client:
 Version:           18.06.0-ce
 API version:       1.38
 Go version:        go1.10.3
 Git commit:        0ffa825
 Built:             Wed Jul 18 19:09:54 2018
 OS/Arch:           linux/amd64
 Experimental:      false

Server:
 Engine:
  Version:          18.06.0-ce
  API version:      1.38 (minimum version 1.12)
  Go version:       go1.10.3
  Git commit:       0ffa825
  Built:            Wed Jul 18 19:07:56 2018
  OS/Arch:          linux/amd64
  Experimental:     false
[34m[1mclang version[0m
clang version 7.0.0 (tags/RELEASE_700/final)
[34m[1mjq version[0m
jq-1.5
[34m[1mbats version[0m
Bats 0.4.0
[34m[1mshellcheck version[0m
0.7.0
[34m[1mshfmt version[0m
v2.6.3
[34m[1mccache version[0m
3.4.1
[34m[1mcmake version[0m
cmake version 3.12.4
[34m[1mheroku version[0m
heroku/7.42.1 linux-x64 node-v12.16.2
[34m[1mimagemagick version[0m
Version: ImageMagick 6.9.7-4 Q16 x86_64 20170114 http://www.imagemagick.org
[34m[1mmd5deep version[0m
4.4
[34m[1mmercurial version[0m
version 4.8
[34m[1mmysql version[0m
mysql  Ver 14.14 Distrib 5.7.30, for Linux (x86_64) using  EditLine wrapper
[34m[1mopenssl version[0m
OpenSSL 1.1.1  11 Sep 2018
[34m[1mpacker version[0m
1.3.3
[34m[1mpostgresql client version[0m
psql (PostgreSQL) 11.8 (Ubuntu 11.8-1.pgdg18.04+1)
[34m[1mragel version[0m
Ragel State Machine Compiler version 6.10 March 2017
[34m[1msudo version[0m
1.8.21p2
[34m[1mgzip version[0m
gzip 1.6
[34m[1mzip version[0m
Zip 3.0
[34m[1mvim version[0m
VIM - Vi IMproved 8.0 (2016 Sep 12, compiled Mar 18 2020 18:29:15)
[34m[1miptables version[0m
iptables v1.6.1
[34m[1mcurl version[0m
curl 7.58.0 (x86_64-pc-linux-gnu) libcurl/7.58.0 OpenSSL/1.1.1 zlib/1.2.11 libidn2/2.0.4 libpsl/0.19.1 (+libidn2/2.0.4) nghttp2/1.30.0 librtmp/2.3
[34m[1mwget version[0m
GNU Wget 1.19.4 built on linux-gnu.
[34m[1mrsync version[0m
rsync  version 3.1.2  protocol version 31
[34m[1mgimme version[0m
v1.5.4
[34m[1mnvm version[0m
0.35.3
[34m[1mperlbrew version[0m
/home/travis/perl5/perlbrew/bin/perlbrew  - App::perlbrew/0.87
[34m[1mphpenv version[0m
rbenv 1.1.2-30-gc879cb0
[34m[1mrvm version[0m
rvm 1.29.10 (latest) by Michal Papis, Piotr Kuczynski, Wayne E. Seguin [https://rvm.io]
[34m[1mdefault ruby version[0m
ruby 2.6.5p114 (2019-10-01 revision 67812) [x86_64-linux]
[34m[1mElasticSearch version[0m
5.5.0
[34m[1mInstalled Firefox version[0m
firefox 63.0.1
[34m[1mMongoDB version[0m
MongoDB 4.0.19
[34m[1mPhantomJS version[0m
2.1.1
[34m[1mPre-installed PostgreSQL versions[0m
9.3.25
9.4.26
9.5.22
9.6.18
[34m[1mRedis version[0m
redis-server 6.0.5
[34m[1mPre-installed Go versions[0m
1.11.1
[34m[1mant version[0m
Apache Ant(TM) version 1.10.5 compiled on March 28 2019
[34m[1mmvn version[0m
Apache Maven 3.6.3 (cecedd343002696d0abb50b32b541b8a6ba2883f)
[34m[1mgradle version[0m
Gradle 5.1.1!
[34m[1mlein version[0m
Leiningen 2.9.3 on Java 11.0.2 OpenJDK 64-Bit Server VM
[34m[1mPre-installed Node.js versions[0m
v10.16.0
v10.21.0
v11.15.0
v12.13.1
v12.18.1
v13.3.0
v4.9.1
v6.17.1
v8.16.2
v8.17.0
v8.9
[34m[1mphpenv versions[0m
  system
  7.1
  7.1.33
  7.2
* 7.2.27 (set by /home/travis/.phpenv/version)
  7.3
  7.3.14
  7.4
  7.4.2
  hhvm
  hhvm-stable
[34m[1mcomposer --version[0m
Composer version 1.9.2 2020-01-14 16:30:31
[34m[1mPre-installed Ruby versions[0m
ruby-2.4.9
ruby-2.5.3
ruby-2.5.7
ruby-2.6.5
ruby-2.7.0
travis_fold:end:system_info[0K
travis_time:end:1ee00ee8:start=1605228090474783541,finish=1605228090484080410,duration=9296869,event=show_system_info[0Ktravis_time:start:0431a9ae[0Ktravis_time:end:0431a9ae:start=1605228090487874283,finish=1605228090512874230,duration=24999947,event=rm_riak_source[0Ktravis_time:start:11be0bdc[0Ktravis_time:end:11be0bdc:start=1605228090516965674,finish=1605228090523244146,duration=6278472,event=fix_rwky_redis[0Ktravis_time:start:0f0a6531[0Ktravis_time:end:0f0a6531:start=1605228090526481989,finish=1605228090891286895,duration=364804906,event=wait_for_network[0Ktravis_time:start:0cb769ca[0Ktravis_time:end:0cb769ca:start=1605228090895194536,finish=1605228091136936613,duration=241742077,event=update_apt_keys[0Ktravis_time:start:001f3731[0Ktravis_time:end:001f3731:start=1605228091141536370,finish=1605228091195692307,duration=54155937,event=fix_hhvm_source[0Ktravis_time:start:141a7250[0Ktravis_time:end:141a7250:start=1605228091199986858,finish=1605228091203346552,duration=3359694,event=update_mongo_arch[0Ktravis_time:start:25dbf560[0Ktravis_time:end:25dbf560:start=1605228091207564584,finish=1605228091249274100,duration=41709516,event=fix_sudo_enabled_trusty[0Ktravis_time:start:13d0aa68[0Ktravis_time:end:13d0aa68:start=1605228091253038274,finish=1605228091255755486,duration=2717212,event=update_glibc[0Ktravis_time:start:338a0d95[0Ktravis_time:end:338a0d95:start=1605228091259321265,finish=1605228091268793199,duration=9471934,event=clean_up_path[0Ktravis_time:start:1238beb8[0Ktravis_time:end:1238beb8:start=1605228091272422311,finish=1605228091281657411,duration=9235100,event=fix_resolv_conf[0Ktravis_time:start:0128d21e[0Ktravis_time:end:0128d21e:start=1605228091287100154,finish=1605228091302129056,duration=15028902,event=fix_etc_hosts[0Ktravis_time:start:054627ea[0Ktravis_time:end:054627ea:start=1605228091306751058,finish=1605228091314668954,duration=7917896,event=fix_mvn_settings_xml[0Ktravis_time:start:050f0b94[0Ktravis_time:end:050f0b94:start=1605228091318733873,finish=1605228091328575257,duration=9841384,event=no_ipv6_localhost[0Ktravis_time:start:1155e536[0Ktravis_time:end:1155e536:start=1605228091333093836,finish=1605228091335767369,duration=2673533,event=fix_etc_mavenrc[0Ktravis_time:start:161d6ea9[0Ktravis_time:end:161d6ea9:start=1605228091339964473,finish=1605228091343374820,duration=3410347,event=fix_wwdr_certificate[0Ktravis_time:start:1067297d[0Ktravis_time:end:1067297d:start=1605228091347990340,finish=1605228091408523341,duration=60533001,event=put_localhost_first[0Ktravis_time:start:2acce460[0Ktravis_time:end:2acce460:start=1605228091412991512,finish=1605228091416064711,duration=3073199,event=home_paths[0Ktravis_time:start:1268364c[0Ktravis_time:end:1268364c:start=1605228091420383191,finish=1605228091432700414,duration=12317223,event=disable_initramfs[0Ktravis_time:start:036b7a56[0Ktravis_time:end:036b7a56:start=1605228091436124939,finish=1605228091578986082,duration=142861143,event=disable_ssh_roaming[0Ktravis_time:start:01f8e490[0Ktravis_time:end:01f8e490:start=1605228091584745604,finish=1605228091587860511,duration=3114907,event=debug_tools[0Ktravis_time:start:01163ec8[0Ktravis_time:end:01163ec8:start=1605228091591814567,finish=1605228091594583651,duration=2769084,event=uninstall_oclint[0Ktravis_time:start:032db20e[0Ktravis_time:end:032db20e:start=1605228091597779182,finish=1605228091601099447,duration=3320265,event=rvm_use[0Ktravis_time:start:0bf0f220[0Ktravis_time:end:0bf0f220:start=1605228091605159775,finish=1605228091613517846,duration=8358071,event=rm_etc_boto_cfg[0Ktravis_time:start:23fb97ca[0Ktravis_time:end:23fb97ca:start=1605228091617779937,finish=1605228091620428886,duration=2648949,event=rm_oraclejdk8_symlink[0Ktravis_time:start:03ce9ba6[0Ktravis_time:end:03ce9ba6:start=1605228091624837399,finish=1605228091714757314,duration=89919915,event=enable_i386[0Ktravis_time:start:187969a7[0Ktravis_time:end:187969a7:start=1605228091718295863,finish=1605228091722104043,duration=3808180,event=update_rubygems[0Ktravis_time:start:0782d9e0[0Ktravis_time:end:0782d9e0:start=1605228091726067911,finish=1605228092508787980,duration=782720069,event=ensure_path_components[0Ktravis_time:start:386158e0[0Ktravis_time:end:386158e0:start=1605228092513207584,finish=1605228092515371473,duration=2163889,event=redefine_curl[0Ktravis_time:start:036173be[0Ktravis_time:end:036173be:start=1605228092519070991,finish=1605228092616774632,duration=97703641,event=nonblock_pipe[0Ktravis_time:start:112d0274[0Ktravis_time:end:112d0274:start=1605228092621082166,finish=1605228098655835796,duration=6034753630,event=apt_get_update[0Ktravis_time:start:0890d8ab[0Ktravis_time:end:0890d8ab:start=1605228098660176033,finish=1605228098662741987,duration=2565954,event=deprecate_xcode_64[0Ktravis_time:start:032c315b[0Ktravis_time:end:032c315b:start=1605228098667171153,finish=1605228101440018101,duration=2772846948,event=update_heroku[0Ktravis_time:start:0996a740[0Ktravis_time:end:0996a740:start=1605228101443640380,finish=1605228101445556618,duration=1916238,event=shell_session_update[0Ktravis_time:start:0118c2c6[0Ktravis_fold:start:docker_mtu_and_registry_mirrors[0Ktravis_fold:end:docker_mtu_and_registry_mirrors[0Ktravis_time:end:0118c2c6:start=1605228101448954096,finish=1605228103850360975,duration=2401406879,event=set_docker_mtu_and_registry_mirrors[0Ktravis_time:start:2516c4a8[0Ktravis_fold:start:resolvconf[0Ktravis_fold:end:resolvconf[0Ktravis_time:end:2516c4a8:start=1605228103854491509,finish=1605228103924850593,duration=70359084,event=resolvconf[0Ktravis_time:start:0bf8d3c8[0Ktravis_time:end:0bf8d3c8:start=1605228103928841273,finish=1605228104082494463,duration=153653190,event=maven_central_mirror[0Ktravis_time:start:20f19000[0Ktravis_time:end:20f19000:start=1605228104087045923,finish=1605228104183393717,duration=96347794,event=maven_https[0Ktravis_time:start:055b3e94[0Ktravis_fold:start:services[0Ktravis_time:start:12a93670[0K$ sudo systemctl start docker
travis_time:end:12a93670:start=1605228104197165123,finish=1605228104210100152,duration=12935029,event=prepare[0Ktravis_fold:end:services[0Ktravis_time:end:12a93670:start=1605228104197165123,finish=1605228107216967388,duration=3019802265,event=services[0Ktravis_time:start:073107fc[0Ktravis_time:end:073107fc:start=1605228107221161050,finish=1605228107224146002,duration=2984952,event=fix_ps4[0Ktravis_time:start:0c35c623[0K
travis_fold:start:git.checkout[0Ktravis_time:start:02e64070[0K$ git clone --depth=50 --branch=develop https://github.com/precice/systemtests.git precice/systemtests
Cloning into 'precice/systemtests'...
travis_time:end:02e64070:start=1605228107232734771,finish=1605228115225046306,duration=7992311535,event=checkout[0K$ cd precice/systemtests
$ git checkout -qf 565cab15fcce0197298d64c5da6b406207d721b0
travis_fold:end:git.checkout[0K
travis_time:end:02e64070:start=1605228107232734771,finish=1605228115665615736,duration=8432880965,event=checkout[0Ktravis_time:start:012424d2[0K
[33;1mSetting environment variables from repository settings[0m
$ export DOCKER_PASSWORD=[secure]
$ export PRECICE_BOT_EMAIL=[secure]
$ export GH_TOKEN=[secure]
$ export TRAVIS_ACCESS_TOKEN=[secure]
$ export DOCKER_USERNAME=precice

travis_time:end:012424d2:start=1605228115672207837,finish=1605228115684666264,duration=12458427,event=env[0Ktravis_time:start:33cf9bc0[0K$ source ~/virtualenv/python3.8/bin/activate
travis_time:end:33cf9bc0:start=1605228115690091953,finish=1605228115696652804,duration=6560851,event=[0K$ python --version
Python 3.8.1
$ pip --version
pip 20.1.1 from /home/travis/virtualenv/python3.8.1/lib/python3.8/site-packages/pip (python 3.8)
travis_fold:start:install[0Ktravis_time:start:01d192dc[0K$ pip install Jinja2
Collecting Jinja2
  Downloading Jinja2-2.11.2-py2.py3-none-any.whl (125 kB)
Collecting MarkupSafe>=0.23
  Downloading MarkupSafe-1.1.1-cp38-cp38-manylinux1_x86_64.whl (32 kB)
Installing collected packages: MarkupSafe, Jinja2
Successfully installed Jinja2-2.11.2 MarkupSafe-1.1.1
travis_time:end:01d192dc:start=1605228116136971346,finish=1605228117240989250,duration=1104017904,event=install[0Ktravis_fold:end:install[0Ktravis_time:start:1715715d[0K$ python system_testing.py -s 1dtube_py -v
Total reclaimed space: 0B
networks:
  precicecomm: {}
services:
  1dtube-py:
    build:
      args:
        from: precice/precice-ubuntu1804.package-develop
      context: /home/travis/build/precice/systemtests/tests/TestCompose_1dtube_py
      dockerfile: Dockerfile.1dtubepy
    command: '/bin/bash -c "./Allrun; cp -r precice-output *.log /home/precice/Data/Output/"

      '
    container_name: 1dtube-py
    networks:
      precicecomm: null
    volumes:
    - output:/home/precice/Data/Output:rw
  tutorial-data:
    build:
      args:
        branch: develop
      context: /home/travis/build/precice/systemtests/tests/TestCompose_1dtube_py
      dockerfile: Dockerfile.tutorial_data
    container_name: tutorial-data
    volumes:
    - output:/Output:rw
version: '3.0'
volumes:
  output: {}

Creating network "testcompose_1dtube_py_precicecomm" with the default driver
Creating network "testcompose_1dtube_py_default" with the default driver
Creating volume "testcompose_1dtube_py_output" with default driver
Building 1dtube-py
Step 1/15 : ARG from=precice/precice-ubuntu1804.home-develop
Step 2/15 : FROM $from
latest: Pulling from precice/precice-ubuntu1804.package-develop
Digest: sha256:819f3dcb0bb7b77a33f9493e2a64b205199f53b9976b07c134383f0a19de2747
Status: Downloaded newer image for precice/precice-ubuntu1804.package-develop:latest
 ---> f4e2c2dd983d
Step 3/15 : USER root
 ---> Running in 4724c000f075
Removing intermediate container 4724c000f075
 ---> 0fa7e5d1128f
Step 4/15 : RUN apt-get -qq update && apt-get -qq install     python3 python3-dev     libsm6 libgl1 &&     rm -rf /var/lib/apt/lists/*
 ---> Running in 675d8467989f
[91mdebconf: delaying package configuration, since apt-utils is not installed
[0mSelecting previously unselected package x11-common.
(Reading database ... (Reading database ... 5%(Reading database ... 10%(Reading database ... 15%(Reading database ... 20%(Reading database ... 25%(Reading database ... 30%(Reading database ... 35%(Reading database ... 40%(Reading database ... 45%(Reading database ... 50%(Reading database ... 55%(Reading database ... 60%(Reading database ... 65%(Reading database ... 70%(Reading database ... 75%(Reading database ... 80%(Reading database ... 85%(Reading database ... 90%(Reading database ... 95%(Reading database ... 100%(Reading database ... 40130 files and directories currently installed.)
Preparing to unpack .../00-x11-common_1%3a7.7+19ubuntu7.1_all.deb ...
dpkg-query: no packages found matching nux-tools
Unpacking x11-common (1:7.7+19ubuntu7.1) ...
Selecting previously unselected package libice6:amd64.
Preparing to unpack .../01-libice6_2%3a1.0.9-2_amd64.deb ...
Unpacking libice6:amd64 (2:1.0.9-2) ...
Selecting previously unselected package libsm6:amd64.
Preparing to unpack .../02-libsm6_2%3a1.2.2-1_amd64.deb ...
Unpacking libsm6:amd64 (2:1.2.2-1) ...
Selecting previously unselected package libxxf86vm1:amd64.
Preparing to unpack .../03-libxxf86vm1_1%3a1.1.4-1_amd64.deb ...
Unpacking libxxf86vm1:amd64 (1:1.1.4-1) ...
Selecting previously unselected package libdrm-common.
Preparing to unpack .../04-libdrm-common_2.4.101-2~18.04.1_all.deb ...
Unpacking libdrm-common (2.4.101-2~18.04.1) ...
Selecting previously unselected package libdrm2:amd64.
Preparing to unpack .../05-libdrm2_2.4.101-2~18.04.1_amd64.deb ...
Unpacking libdrm2:amd64 (2.4.101-2~18.04.1) ...
Selecting previously unselected package libdrm-amdgpu1:amd64.
Preparing to unpack .../06-libdrm-amdgpu1_2.4.101-2~18.04.1_amd64.deb ...
Unpacking libdrm-amdgpu1:amd64 (2.4.101-2~18.04.1) ...
Selecting previously unselected package libdrm-intel1:amd64.
Preparing to unpack .../07-libdrm-intel1_2.4.101-2~18.04.1_amd64.deb ...
Unpacking libdrm-intel1:amd64 (2.4.101-2~18.04.1) ...
Selecting previously unselected package libdrm-nouveau2:amd64.
Preparing to unpack .../08-libdrm-nouveau2_2.4.101-2~18.04.1_amd64.deb ...
Unpacking libdrm-nouveau2:amd64 (2.4.101-2~18.04.1) ...
Selecting previously unselected package libdrm-radeon1:amd64.
Preparing to unpack .../09-libdrm-radeon1_2.4.101-2~18.04.1_amd64.deb ...
Unpacking libdrm-radeon1:amd64 (2.4.101-2~18.04.1) ...
Selecting previously unselected package libglapi-mesa:amd64.
Preparing to unpack .../10-libglapi-mesa_20.0.8-0ubuntu1~18.04.1_amd64.deb ...
Unpacking libglapi-mesa:amd64 (20.0.8-0ubuntu1~18.04.1) ...
Selecting previously unselected package libllvm10:amd64.
Preparing to unpack .../11-libllvm10_1%3a10.0.0-4ubuntu1~18.04.2_amd64.deb ...
Unpacking libllvm10:amd64 (1:10.0.0-4ubuntu1~18.04.2) ...
Selecting previously unselected package libsensors4:amd64.
Preparing to unpack .../12-libsensors4_1%3a3.4.0-4_amd64.deb ...
Unpacking libsensors4:amd64 (1:3.4.0-4) ...
Selecting previously unselected package libgl1-mesa-dri:amd64.
Preparing to unpack .../13-libgl1-mesa-dri_20.0.8-0ubuntu1~18.04.1_amd64.deb ...
Unpacking libgl1-mesa-dri:amd64 (20.0.8-0ubuntu1~18.04.1) ...
Selecting previously unselected package libx11-xcb1:amd64.
Preparing to unpack .../14-libx11-xcb1_2%3a1.6.4-3ubuntu0.3_amd64.deb ...
Unpacking libx11-xcb1:amd64 (2:1.6.4-3ubuntu0.3) ...
Selecting previously unselected package libxcb-dri2-0:amd64.
Preparing to unpack .../15-libxcb-dri2-0_1.13-2~ubuntu18.04_amd64.deb ...
Unpacking libxcb-dri2-0:amd64 (1.13-2~ubuntu18.04) ...
Selecting previously unselected package libxcb-dri3-0:amd64.
Preparing to unpack .../16-libxcb-dri3-0_1.13-2~ubuntu18.04_amd64.deb ...
Unpacking libxcb-dri3-0:amd64 (1.13-2~ubuntu18.04) ...
Selecting previously unselected package libxcb-glx0:amd64.
Preparing to unpack .../17-libxcb-glx0_1.13-2~ubuntu18.04_amd64.deb ...
Unpacking libxcb-glx0:amd64 (1.13-2~ubuntu18.04) ...
Selecting previously unselected package libxcb-present0:amd64.
Preparing to unpack .../18-libxcb-present0_1.13-2~ubuntu18.04_amd64.deb ...
Unpacking libxcb-present0:amd64 (1.13-2~ubuntu18.04) ...
Selecting previously unselected package libxcb-sync1:amd64.
Preparing to unpack .../19-libxcb-sync1_1.13-2~ubuntu18.04_amd64.deb ...
Unpacking libxcb-sync1:amd64 (1.13-2~ubuntu18.04) ...
Selecting previously unselected package libxdamage1:amd64.
Preparing to unpack .../20-libxdamage1_1%3a1.1.4-3_amd64.deb ...
Unpacking libxdamage1:amd64 (1:1.1.4-3) ...
Selecting previously unselected package libxfixes3:amd64.
Preparing to unpack .../21-libxfixes3_1%3a5.0.3-1_amd64.deb ...
Unpacking libxfixes3:amd64 (1:5.0.3-1) ...
Selecting previously unselected package libxshmfence1:amd64.
Preparing to unpack .../22-libxshmfence1_1.3-1_amd64.deb ...
Unpacking libxshmfence1:amd64 (1.3-1) ...
Selecting previously unselected package libglx-mesa0:amd64.
Preparing to unpack .../23-libglx-mesa0_20.0.8-0ubuntu1~18.04.1_amd64.deb ...
Unpacking libglx-mesa0:amd64 (20.0.8-0ubuntu1~18.04.1) ...
Selecting previously unselected package libglvnd0:amd64.
Preparing to unpack .../24-libglvnd0_1.0.0-2ubuntu2.3_amd64.deb ...
Unpacking libglvnd0:amd64 (1.0.0-2ubuntu2.3) ...
Selecting previously unselected package libglx0:amd64.
Preparing to unpack .../25-libglx0_1.0.0-2ubuntu2.3_amd64.deb ...
Unpacking libglx0:amd64 (1.0.0-2ubuntu2.3) ...
Selecting previously unselected package libgl1:amd64.
Preparing to unpack .../26-libgl1_1.0.0-2ubuntu2.3_amd64.deb ...
Unpacking libgl1:amd64 (1.0.0-2ubuntu2.3) ...
Setting up libxcb-present0:amd64 (1.13-2~ubuntu18.04) ...
Setting up libglvnd0:amd64 (1.0.0-2ubuntu2.3) ...
Setting up libxcb-dri2-0:amd64 (1.13-2~ubuntu18.04) ...
Setting up libxcb-dri3-0:amd64 (1.13-2~ubuntu18.04) ...
Setting up libxcb-glx0:amd64 (1.13-2~ubuntu18.04) ...
Setting up libllvm10:amd64 (1:10.0.0-4ubuntu1~18.04.2) ...
Setting up libxdamage1:amd64 (1:1.1.4-3) ...
Setting up libxfixes3:amd64 (1:5.0.3-1) ...
Setting up libxshmfence1:amd64 (1.3-1) ...
Setting up libglapi-mesa:amd64 (20.0.8-0ubuntu1~18.04.1) ...
Setting up libdrm-common (2.4.101-2~18.04.1) ...
Setting up libxcb-sync1:amd64 (1.13-2~ubuntu18.04) ...
Setting up libx11-xcb1:amd64 (2:1.6.4-3ubuntu0.3) ...
Setting up libsensors4:amd64 (1:3.4.0-4) ...
Setting up libxxf86vm1:amd64 (1:1.1.4-1) ...
Setting up x11-common (1:7.7+19ubuntu7.1) ...
debconf: unable to initialize frontend: Dialog
debconf: (TERM is not set, so the dialog frontend is not usable.)
debconf: falling back to frontend: Readline
update-rc.d: warning: start and stop actions are no longer supported; falling back to defaults
invoke-rc.d: could not determine current runlevel
invoke-rc.d: policy-rc.d denied execution of start.
Setting up libdrm2:amd64 (2.4.101-2~18.04.1) ...
Setting up libdrm-intel1:amd64 (2.4.101-2~18.04.1) ...
Setting up libice6:amd64 (2:1.0.9-2) ...
Setting up libdrm-radeon1:amd64 (2.4.101-2~18.04.1) ...
Setting up libdrm-nouveau2:amd64 (2.4.101-2~18.04.1) ...
Setting up libsm6:amd64 (2:1.2.2-1) ...
Setting up libdrm-amdgpu1:amd64 (2.4.101-2~18.04.1) ...
Setting up libgl1-mesa-dri:amd64 (20.0.8-0ubuntu1~18.04.1) ...
Setting up libglx-mesa0:amd64 (20.0.8-0ubuntu1~18.04.1) ...
Setting up libglx0:amd64 (1.0.0-2ubuntu2.3) ...
Setting up libgl1:amd64 (1.0.0-2ubuntu2.3) ...
Processing triggers for libc-bin (2.27-3ubuntu1.2) ...
Removing intermediate container 675d8467989f
 ---> 653cb8f2815a
Step 5/15 : RUN wget -q https://bootstrap.pypa.io/get-pip.py -O get-pip.py &&     python3 get-pip.py
 ---> Running in 7393bff7dd54
Collecting pip
  Downloading pip-20.2.4-py2.py3-none-any.whl (1.5 MB)
Installing collected packages: pip
  Attempting uninstall: pip
    Found existing installation: pip 9.0.1
    Uninstalling pip-9.0.1:
      Successfully uninstalled pip-9.0.1
Successfully installed pip-20.2.4
Removing intermediate container 7393bff7dd54
 ---> b7f4fe2adc91
Step 6/15 : USER precice
 ---> Running in e83787a4094f
Removing intermediate container e83787a4094f
 ---> 04049a83beb7
Step 7/15 : RUN pip3 install --user cython mpi4py numpy==1.19.2 enum34 matplotlib vtk
 ---> Running in 4958531c0414
Collecting cython
  Downloading Cython-0.29.21-cp36-cp36m-manylinux1_x86_64.whl (2.0 MB)
Collecting mpi4py
  Downloading mpi4py-3.0.3.tar.gz (1.4 MB)
Collecting numpy==1.19.2
  Downloading numpy-1.19.2-cp36-cp36m-manylinux2010_x86_64.whl (14.5 MB)
Collecting enum34
  Downloading enum34-1.1.10-py3-none-any.whl (11 kB)
Collecting matplotlib
  Downloading matplotlib-3.3.3-cp36-cp36m-manylinux1_x86_64.whl (11.6 MB)
Collecting vtk
  Downloading vtk-9.0.1-cp36-cp36m-manylinux2010_x86_64.whl (103.4 MB)
Collecting pillow>=6.2.0
  Downloading Pillow-8.0.1-cp36-cp36m-manylinux1_x86_64.whl (2.2 MB)
Collecting pyparsing!=2.0.4,!=2.1.2,!=2.1.6,>=2.0.3
  Downloading pyparsing-2.4.7-py2.py3-none-any.whl (67 kB)
Collecting python-dateutil>=2.1
  Downloading python_dateutil-2.8.1-py2.py3-none-any.whl (227 kB)
Collecting kiwisolver>=1.0.1
  Downloading kiwisolver-1.3.1-cp36-cp36m-manylinux1_x86_64.whl (1.1 MB)
Collecting cycler>=0.10
  Downloading cycler-0.10.0-py2.py3-none-any.whl (6.5 kB)
Requirement already satisfied: six>=1.5 in /usr/lib/python3/dist-packages (from python-dateutil>=2.1->matplotlib) (1.11.0)
Building wheels for collected packages: mpi4py
  Building wheel for mpi4py (setup.py): started
  Building wheel for mpi4py (setup.py): finished with status 'done'
  Created wheel for mpi4py: filename=mpi4py-3.0.3-cp36-cp36m-linux_x86_64.whl size=2076064 sha256=290bb6b3cc692f948fc23288bcc3c901f88accdc643ebe644b72253c0e7e5d19
  Stored in directory: /home/precice/.cache/pip/wheels/d6/73/83/ad9dd3ebae512829ab3f21657f76403dc4aa6649e1118c9369
Successfully built mpi4py
Installing collected packages: cython, mpi4py, numpy, enum34, pillow, pyparsing, python-dateutil, kiwisolver, cycler, matplotlib, vtk
[91m  WARNING: The scripts cygdb, cython and cythonize are installed in '/home/precice/.local/bin' which is not on PATH.
  Consider adding this directory to PATH or, if you prefer to suppress this warning, use --no-warn-script-location.
[0m[91m  WARNING: The scripts f2py, f2py3 and f2py3.6 are installed in '/home/precice/.local/bin' which is not on PATH.
  Consider adding this directory to PATH or, if you prefer to suppress this warning, use --no-warn-script-location.
[0mSuccessfully installed cycler-0.10.0 cython-0.29.21 enum34-1.1.10 kiwisolver-1.3.1 matplotlib-3.3.3 mpi4py-3.0.3 numpy-1.19.2 pillow-8.0.1 pyparsing-2.4.7 python-dateutil-2.8.1 vtk-9.0.1
Removing intermediate container 4958531c0414
 ---> a04d17f0aaf4
Step 8/15 : ARG branch=develop
 ---> Running in b5faa2514b1d
Removing intermediate container b5faa2514b1d
 ---> 827436c973c4
Step 9/15 : ARG CACHEBUST
 ---> Running in c60dc4772fe6
Removing intermediate container c60dc4772fe6
 ---> 5d003d4a0754
Step 10/15 : RUN pip3 install --user https://github.com/precice/python-bindings/archive/$branch.zip
 ---> Running in cbef9036042f
Collecting https://github.com/precice/python-bindings/archive/develop.zip
  Downloading https://github.com/precice/python-bindings/archive/develop.zip
  Installing build dependencies: started
  Installing build dependencies: finished with status 'error'
[91m  ERROR: Command errored out with exit status 1:
   command: /usr/bin/python3 /home/precice/.local/lib/python3.6/site-packages/pip install --ignore-installed --no-user --prefix /tmp/pip-build-env-psib1__r/overlay --no-warn-script-location --no-binary :none: --only-binary :none: -i https://pypi.org/simple -- setuptools wheel 'Cython>=0.29' packaging pip numpy
       cwd: None
  Complete output (14 lines):
  Traceback (most recent call last):
    File "/usr/lib/python3.6/runpy.py", line 193, in _run_module_as_main
      "__main__", mod_spec)
    File "/usr/lib/python3.6/runpy.py", line 85, in _run_code
      exec(code, run_globals)
    File "/home/precice/.local/lib/python3.6/site-packages/pip/__main__.py", line 23, in <module>
      from pip._internal.cli.main import main as _main  # isort:skip # noqa
    File "/home/precice/.local/lib/python3.6/site-packages/pip/_internal/cli/main.py", line 5, in <module>
      import locale
    File "/usr/lib/python3.6/locale.py", line 16, in <module>
      import re
    File "/usr/lib/python3.6/re.py", line 142, in <module>
      class RegexFlag(enum.IntFlag):
  AttributeError: module 'enum' has no attribute 'IntFlag'
  ----------------------------------------
ERROR: Command errored out with exit status 1: /usr/bin/python3 /home/precice/.local/lib/python3.6/site-packages/pip install --ignore-installed --no-user --prefix /tmp/pip-build-env-psib1__r/overlay --no-warn-script-location --no-binary :none: --only-binary :none: -i https://pypi.org/simple -- setuptools wheel 'Cython>=0.29' packaging pip numpy Check the logs for full command output.
[0mService '1dtube-py' failed to build: The command '/bin/sh -c pip3 install --user https://github.com/precice/python-bindings/archive/$branch.zip' returned a non-zero code: 1
EXECUTING: docker container prune -f; export PRECICE_BASE=-ubuntu1804.package-develop; mkdir Logs; docker-compose config && bash ../../silent_compose.sh debug
TEST FAILED WITH: Command 'docker container prune -f; export PRECICE_BASE=-ubuntu1804.package-develop; mkdir Logs; docker-compose config && bash ../../silent_compose.sh debug' returned non-zero exit status 1.
Traceback (most recent call last):
  File "system_testing.py", line 117, in run_compose
    ccall(command)
  File "/home/travis/build/precice/systemtests/common.py", line 11, in ccall
    return call(cmd, check = True, **kwargs)
  File "/home/travis/build/precice/systemtests/common.py", line 6, in call
    cp = subprocess.run(cmd, shell=True, **kwargs)
  File "/opt/python/3.8.1/lib/python3.8/subprocess.py", line 512, in run
    raise CalledProcessError(retcode, process.args,
subprocess.CalledProcessError: Command 'docker container prune -f; export PRECICE_BASE=-ubuntu1804.package-develop; mkdir Logs; docker-compose config && bash ../../silent_compose.sh debug' returned non-zero exit status 1.

During handling of the above exception, another exception occurred:

Traceback (most recent call last):
  File "system_testing.py", line 305, in <module>
    build_run_compare(test, tag, args.branch.lower(), args.local,
  File "system_testing.py", line 227, in build_run_compare
    run_compose(test, branch, local_precice, tag, force_rebuild, rm_all, verbose)
  File "system_testing.py", line 141, in run_compose
    raise STRunException()
__main__.STRunException: TEST FAILED - An error occured while running the test!
travis_time:end:1715715d:start=1605228117247130599,finish=1605228243715019980,duration=126467889381,event=script[0K[31;1mThe command "python system_testing.py -s 1dtube_py -v" exited with 1.[0m
travis_time:start:1483fd4c[0K$ python push.py
Cloning into 'precice_st_output'...
Updating files:  22% (7931/34570)Updating files:  23% (7952/34570)Updating files:  24% (8297/34570)Updating files:  25% (8643/34570)Updating files:  26% (8989/34570)Updating files:  27% (9334/34570)Updating files:  28% (9680/34570)Updating files:  29% (10026/34570)Updating files:  30% (10371/34570)Updating files:  31% (10717/34570)Updating files:  32% (11063/34570)Updating files:  33% (11409/34570)Updating files:  34% (11754/34570)Updating files:  35% (12100/34570)Updating files:  36% (12446/34570)Updating files:  37% (12791/34570)Updating files:  38% (13137/34570)Updating files:  39% (13483/34570)Updating files:  40% (13828/34570)Updating files:  41% (14174/34570)Updating files:  41% (14285/34570)Updating files:  42% (14520/34570)Updating files:  43% (14866/34570)Updating files:  44% (15211/34570)Updating files:  45% (15557/34570)Updating files:  46% (15903/34570)Updating files:  47% (16248/34570)Updating files:  48% (16594/34570)Updating files:  49% (16940/34570)Updating files:  50% (17285/34570)Updating files:  51% (17631/34570)Updating files:  52% (17977/34570)Updating files:  53% (18323/34570)Updating files:  54% (18668/34570)Updating files:  55% (19014/34570)Updating files:  56% (19360/34570)Updating files:  56% (19371/34570)Updating files:  57% (19705/34570)Updating files:  58% (20051/34570)Updating files:  59% (20397/34570)Updating files:  60% (20742/34570)Updating files:  61% (21088/34570)Updating files:  62% (21434/34570)Updating files:  63% (21780/34570)Updating files:  64% (22125/34570)Updating files:  65% (22471/34570)Updating files:  66% (22817/34570)Updating files:  67% (23162/34570)Updating files:  68% (23508/34570)Updating files:  69% (23854/34570)Updating files:  69% (23919/34570)Updating files:  70% (24199/34570)Updating files:  71% (24545/34570)Updating files:  72% (24891/34570)Updating files:  73% (25237/34570)Updating files:  74% (25582/34570)Updating files:  75% (25928/34570)Updating files:  76% (26274/34570)Updating files:  77% (26619/34570)Updating files:  78% (26965/34570)Updating files:  79% (27311/34570)Updating files:  80% (27656/34570)Updating files:  81% (28002/34570)Updating files:  82% (28348/34570)Updating files:  82% (28608/34570)Updating files:  83% (28694/34570)Updating files:  83% (28980/34570)Updating files:  84% (29039/34570)Updating files:  84% (29378/34570)Updating files:  85% (29385/34570)Updating files:  86% (29731/34570)Updating files:  86% (29964/34570)Updating files:  86% (29975/34570)Updating files:  86% (29982/34570)Updating files:  86% (29985/34570)Updating files:  86% (29990/34570)Updating files:  87% (30076/34570)Updating files:  87% (30310/34570)Updating files:  88% (30422/34570)Updating files:  89% (30768/34570)Updating files:  90% (31113/34570)Updating files:  90% (31283/34570)Updating files:  91% (31459/34570)Updating files:  92% (31805/34570)Updating files:  93% (32151/34570)Updating files:  93% (32264/34570)Updating files:  93% (32318/34570)Updating files:  94% (32496/34570)Updating files:  95% (32842/34570)Updating files:  96% (33188/34570)Updating files:  97% (33533/34570)Updating files:  98% (33879/34570)Updating files:  98% (34065/34570)Updating files:  98% (34126/34570)Updating files:  98% (34198/34570)Updating files:  98% (34224/34570)Updating files:  99% (34225/34570)