travis_fold:start:worker_info[0K[33;1mWorker information[0m
hostname: a50d8ef5-89b4-43fc-8b05-d34caf6be080@1.worker-org-8b5957499-8gzzw.gce-production-3
version: v6.2.17 https://github.com/travis-ci/worker/tree/bc420764f334fe0d096a417c80426f672f1b7d18
instance: travis-job-495625ac-5636-4d81-b38e-16b9005b9217 travis-ci-ubuntu-1804-1593521679-ca42795e (via amqp)
startup: 6.090959176s
travis_fold:end:worker_info[0Ktravis_time:start:374b1940[0Ktravis_time:end:374b1940:start=1603494481520261573,finish=1603494481713932631,duration=193671058,event=no_world_writable_dirs[0Ktravis_time:start:0a7659b0[0Ktravis_time:end:0a7659b0:start=1603494481717097376,finish=1603494481720640943,duration=3543567,event=setup_filter[0Ktravis_time:start:072cd610[0Ktravis_time:end:072cd610:start=1603494481729111535,finish=1603494481737353044,duration=8241509,event=agent[0Ktravis_time:start:20b7b698[0Ktravis_time:end:20b7b698:start=1603494481740256350,finish=1603494481748471993,duration=8215643,event=check_unsupported[0Ktravis_time:start:1fa94a13[0Ktravis_fold:start:system_info[0K[33;1mBuild system information[0m
Build language: python
Build group: stable
Build dist: bionic
Build id: 738332901
Job id: 738332961
Runtime kernel version: 5.3.0-1029-gcp
travis-build version: acd5a925
[34m[1mBuild image provisioning date and time[0m
Tue Jun 30 13:35:43 UTC 2020
[34m[1mOperating System Details[0m
Distributor ID:	Ubuntu
Description:	Ubuntu 18.04.4 LTS
Release:	18.04
Codename:	bionic
[34m[1mSystemd Version[0m
systemd 237
[34m[1mCookbooks Version[0m
3f92a99 https://github.com/travis-ci/travis-cookbooks/tree/3f92a99
[34m[1mgit version[0m
git version 2.27.0
[34m[1mbash version[0m
GNU bash, version 4.4.20(1)-release (x86_64-pc-linux-gnu)
[34m[1mgcc version[0m
gcc (Ubuntu 7.5.0-3ubuntu1~18.04) 7.5.0
[34m[1mdocker version[0m
Client:
 Version:           18.06.0-ce
 API version:       1.38
 Go version:        go1.10.3
 Git commit:        0ffa825
 Built:             Wed Jul 18 19:09:54 2018
 OS/Arch:           linux/amd64
 Experimental:      false

Server:
 Engine:
  Version:          18.06.0-ce
  API version:      1.38 (minimum version 1.12)
  Go version:       go1.10.3
  Git commit:       0ffa825
  Built:            Wed Jul 18 19:07:56 2018
  OS/Arch:          linux/amd64
  Experimental:     false
[34m[1mclang version[0m
clang version 7.0.0 (tags/RELEASE_700/final)
[34m[1mjq version[0m
jq-1.5
[34m[1mbats version[0m
Bats 0.4.0
[34m[1mshellcheck version[0m
0.7.0
[34m[1mshfmt version[0m
v2.6.3
[34m[1mccache version[0m
3.4.1
[34m[1mcmake version[0m
cmake version 3.12.4
[34m[1mheroku version[0m
heroku/7.42.1 linux-x64 node-v12.16.2
[34m[1mimagemagick version[0m
Version: ImageMagick 6.9.7-4 Q16 x86_64 20170114 http://www.imagemagick.org
[34m[1mmd5deep version[0m
4.4
[34m[1mmercurial version[0m
version 4.8
[34m[1mmysql version[0m
mysql  Ver 14.14 Distrib 5.7.30, for Linux (x86_64) using  EditLine wrapper
[34m[1mopenssl version[0m
OpenSSL 1.1.1  11 Sep 2018
[34m[1mpacker version[0m
1.3.3
[34m[1mpostgresql client version[0m
psql (PostgreSQL) 11.8 (Ubuntu 11.8-1.pgdg18.04+1)
[34m[1mragel version[0m
Ragel State Machine Compiler version 6.10 March 2017
[34m[1msudo version[0m
1.8.21p2
[34m[1mgzip version[0m
gzip 1.6
[34m[1mzip version[0m
Zip 3.0
[34m[1mvim version[0m
VIM - Vi IMproved 8.0 (2016 Sep 12, compiled Mar 18 2020 18:29:15)
[34m[1miptables version[0m
iptables v1.6.1
[34m[1mcurl version[0m
curl 7.58.0 (x86_64-pc-linux-gnu) libcurl/7.58.0 OpenSSL/1.1.1 zlib/1.2.11 libidn2/2.0.4 libpsl/0.19.1 (+libidn2/2.0.4) nghttp2/1.30.0 librtmp/2.3
[34m[1mwget version[0m
GNU Wget 1.19.4 built on linux-gnu.
[34m[1mrsync version[0m
rsync  version 3.1.2  protocol version 31
[34m[1mgimme version[0m
v1.5.4
[34m[1mnvm version[0m
0.35.3
[34m[1mperlbrew version[0m
/home/travis/perl5/perlbrew/bin/perlbrew  - App::perlbrew/0.87
[34m[1mphpenv version[0m
rbenv 1.1.2-30-gc879cb0
[34m[1mrvm version[0m
rvm 1.29.10 (latest) by Michal Papis, Piotr Kuczynski, Wayne E. Seguin [https://rvm.io]
[34m[1mdefault ruby version[0m
ruby 2.6.5p114 (2019-10-01 revision 67812) [x86_64-linux]
[34m[1mElasticSearch version[0m
5.5.0
[34m[1mInstalled Firefox version[0m
firefox 63.0.1
[34m[1mMongoDB version[0m
MongoDB 4.0.19
[34m[1mPhantomJS version[0m
2.1.1
[34m[1mPre-installed PostgreSQL versions[0m
9.3.25
9.4.26
9.5.22
9.6.18
[34m[1mRedis version[0m
redis-server 6.0.5
[34m[1mPre-installed Go versions[0m
1.11.1
[34m[1mant version[0m
Apache Ant(TM) version 1.10.5 compiled on March 28 2019
[34m[1mmvn version[0m
Apache Maven 3.6.3 (cecedd343002696d0abb50b32b541b8a6ba2883f)
[34m[1mgradle version[0m
Gradle 5.1.1!
[34m[1mlein version[0m
Leiningen 2.9.3 on Java 11.0.2 OpenJDK 64-Bit Server VM
[34m[1mPre-installed Node.js versions[0m
v10.16.0
v10.21.0
v11.15.0
v12.13.1
v12.18.1
v13.3.0
v4.9.1
v6.17.1
v8.16.2
v8.17.0
v8.9
[34m[1mphpenv versions[0m
  system
  7.1
  7.1.33
  7.2
* 7.2.27 (set by /home/travis/.phpenv/version)
  7.3
  7.3.14
  7.4
  7.4.2
  hhvm
  hhvm-stable
[34m[1mcomposer --version[0m
Composer version 1.9.2 2020-01-14 16:30:31
[34m[1mPre-installed Ruby versions[0m
ruby-2.4.9
ruby-2.5.3
ruby-2.5.7
ruby-2.6.5
ruby-2.7.0
travis_fold:end:system_info[0K
travis_time:end:1fa94a13:start=1603494481751663281,finish=1603494481761857380,duration=10194099,event=show_system_info[0Ktravis_time:start:1179a58e[0Ktravis_time:end:1179a58e:start=1603494481764766599,finish=1603494481780027728,duration=15261129,event=rm_riak_source[0Ktravis_time:start:125a37f8[0Ktravis_time:end:125a37f8:start=1603494481782814228,finish=1603494481788074566,duration=5260338,event=fix_rwky_redis[0Ktravis_time:start:003d8fbd[0Ktravis_time:end:003d8fbd:start=1603494481791382082,finish=1603494482148261761,duration=356879679,event=wait_for_network[0Ktravis_time:start:003934dc[0Ktravis_time:end:003934dc:start=1603494482154062114,finish=1603494482400443772,duration=246381658,event=update_apt_keys[0Ktravis_time:start:0ef45f0c[0Ktravis_time:end:0ef45f0c:start=1603494482404941767,finish=1603494482460483826,duration=55542059,event=fix_hhvm_source[0Ktravis_time:start:0ddf6df0[0Ktravis_time:end:0ddf6df0:start=1603494482464732377,finish=1603494482467376540,duration=2644163,event=update_mongo_arch[0Ktravis_time:start:2e2efe44[0Ktravis_time:end:2e2efe44:start=1603494482471281408,finish=1603494482512740990,duration=41459582,event=fix_sudo_enabled_trusty[0Ktravis_time:start:00108470[0Ktravis_time:end:00108470:start=1603494482516830336,finish=1603494482519209223,duration=2378887,event=update_glibc[0Ktravis_time:start:0244a808[0Ktravis_time:end:0244a808:start=1603494482523051282,finish=1603494482531109246,duration=8057964,event=clean_up_path[0Ktravis_time:start:0d3a6d00[0Ktravis_time:end:0d3a6d00:start=1603494482534909918,finish=1603494482543706968,duration=8797050,event=fix_resolv_conf[0Ktravis_time:start:04fe081d[0Ktravis_time:end:04fe081d:start=1603494482548476258,finish=1603494482564940703,duration=16464445,event=fix_etc_hosts[0Ktravis_time:start:02c1b586[0Ktravis_time:end:02c1b586:start=1603494482571420147,finish=1603494482580110066,duration=8689919,event=fix_mvn_settings_xml[0Ktravis_time:start:043f7910[0Ktravis_time:end:043f7910:start=1603494482585533922,finish=1603494482595844532,duration=10310610,event=no_ipv6_localhost[0Ktravis_time:start:1a27a9c8[0Ktravis_time:end:1a27a9c8:start=1603494482600277630,finish=1603494482602915962,duration=2638332,event=fix_etc_mavenrc[0Ktravis_time:start:0e058d28[0Ktravis_time:end:0e058d28:start=1603494482606611254,finish=1603494482609893792,duration=3282538,event=fix_wwdr_certificate[0Ktravis_time:start:1fe34b5a[0Ktravis_time:end:1fe34b5a:start=1603494482614305255,finish=1603494482663906213,duration=49600958,event=put_localhost_first[0Ktravis_time:start:0dd2cb27[0Ktravis_time:end:0dd2cb27:start=1603494482669352407,finish=1603494482672927206,duration=3574799,event=home_paths[0Ktravis_time:start:0171bba8[0Ktravis_time:end:0171bba8:start=1603494482677391614,finish=1603494482691026578,duration=13634964,event=disable_initramfs[0Ktravis_time:start:087010e0[0Ktravis_time:end:087010e0:start=1603494482695618362,finish=1603494482840605774,duration=144987412,event=disable_ssh_roaming[0Ktravis_time:start:02f445b3[0Ktravis_time:end:02f445b3:start=1603494482844492069,finish=1603494482848745058,duration=4252989,event=debug_tools[0Ktravis_time:start:0217d1ce[0Ktravis_time:end:0217d1ce:start=1603494482853622358,finish=1603494482856699302,duration=3076944,event=uninstall_oclint[0Ktravis_time:start:082e2b5c[0Ktravis_time:end:082e2b5c:start=1603494482860937971,finish=1603494482863804133,duration=2866162,event=rvm_use[0Ktravis_time:start:030ac94c[0Ktravis_time:end:030ac94c:start=1603494482867983907,finish=1603494482876302839,duration=8318932,event=rm_etc_boto_cfg[0Ktravis_time:start:093e6145[0Ktravis_time:end:093e6145:start=1603494482881263050,finish=1603494482884750174,duration=3487124,event=rm_oraclejdk8_symlink[0Ktravis_time:start:04680610[0Ktravis_time:end:04680610:start=1603494482890569426,finish=1603494482995696395,duration=105126969,event=enable_i386[0Ktravis_time:start:08e50e4f[0Ktravis_time:end:08e50e4f:start=1603494483000079610,finish=1603494483003875066,duration=3795456,event=update_rubygems[0Ktravis_time:start:146976c0[0Ktravis_time:end:146976c0:start=1603494483008215324,finish=1603494483823993337,duration=815778013,event=ensure_path_components[0Ktravis_time:start:0304dee7[0Ktravis_time:end:0304dee7:start=1603494483828044487,finish=1603494483830966967,duration=2922480,event=redefine_curl[0Ktravis_time:start:003d7769[0Ktravis_time:end:003d7769:start=1603494483835233156,finish=1603494483943944445,duration=108711289,event=nonblock_pipe[0Ktravis_time:start:16abb984[0Ktravis_time:end:16abb984:start=1603494483947550168,finish=1603494489982150331,duration=6034600163,event=apt_get_update[0Ktravis_time:start:016e0ef4[0Ktravis_time:end:016e0ef4:start=1603494489986489009,finish=1603494489989059277,duration=2570268,event=deprecate_xcode_64[0Ktravis_time:start:020e1bbe[0Ktravis_time:end:020e1bbe:start=1603494489993145653,finish=1603494492845788346,duration=2852642693,event=update_heroku[0Ktravis_time:start:35c87d80[0Ktravis_time:end:35c87d80:start=1603494492850031154,finish=1603494492852911001,duration=2879847,event=shell_session_update[0Ktravis_time:start:001923b4[0Ktravis_fold:start:docker_mtu[0Ktravis_fold:end:docker_mtu[0Ktravis_time:end:001923b4:start=1603494492857580727,finish=1603494495201938765,duration=2344358038,event=set_docker_mtu[0Ktravis_time:start:05030ba4[0Ktravis_fold:start:resolvconf[0Ktravis_fold:end:resolvconf[0Ktravis_time:end:05030ba4:start=1603494495207039969,finish=1603494495279613757,duration=72573788,event=resolvconf[0Ktravis_time:start:1fcf601e[0Ktravis_time:end:1fcf601e:start=1603494495286203798,finish=1603494495450077069,duration=163873271,event=maven_central_mirror[0Ktravis_time:start:2dac5f24[0Ktravis_time:end:2dac5f24:start=1603494495454150721,finish=1603494495553698024,duration=99547303,event=maven_https[0Ktravis_time:start:1a230f9f[0Ktravis_fold:start:services[0Ktravis_time:start:24ffe66d[0K$ sudo systemctl start docker
travis_time:end:24ffe66d:start=1603494495569646471,finish=1603494495583557349,duration=13910878,event=prepare[0Ktravis_fold:end:services[0Ktravis_time:end:24ffe66d:start=1603494495569646471,finish=1603494498590545184,duration=3020898713,event=services[0Ktravis_time:start:3ab18ba8[0Ktravis_time:end:3ab18ba8:start=1603494498595248048,finish=1603494498598023159,duration=2775111,event=fix_ps4[0Ktravis_time:start:1a95ce18[0K
travis_fold:start:git.checkout[0Ktravis_time:start:14e2ef2a[0K$ git clone --depth=50 --branch=develop https://github.com/precice/systemtests.git precice/systemtests
Cloning into 'precice/systemtests'...
travis_time:end:14e2ef2a:start=1603494498605685252,finish=1603494507020559696,duration=8414874444,event=checkout[0K$ cd precice/systemtests
$ git checkout -qf e3df6fad28a812b80e97cb91f66319b46d6950e0
travis_fold:end:git.checkout[0K
travis_time:end:14e2ef2a:start=1603494498605685252,finish=1603494507044417516,duration=8438732264,event=checkout[0Ktravis_time:start:01c48db2[0K
[33;1mSetting environment variables from repository settings[0m
$ export DOCKER_PASSWORD=[secure]
$ export PRECICE_BOT_EMAIL=[secure]
$ export GH_TOKEN=[secure]
$ export TRAVIS_ACCESS_TOKEN=[secure]
$ export DOCKER_USERNAME=precice

travis_time:end:01c48db2:start=1603494507049464150,finish=1603494507060488306,duration=11024156,event=env[0Ktravis_time:start:1fd17328[0K$ source ~/virtualenv/python3.8/bin/activate
travis_time:end:1fd17328:start=1603494507065761164,finish=1603494507071980288,duration=6219124,event=[0K$ python --version
Python 3.8.1
$ pip --version
pip 20.1.1 from /home/travis/virtualenv/python3.8.1/lib/python3.8/site-packages/pip (python 3.8)
travis_fold:start:install[0Ktravis_time:start:1a2dad32[0K$ pip install Jinja2
Collecting Jinja2
  Downloading Jinja2-2.11.2-py2.py3-none-any.whl (125 kB)
Collecting MarkupSafe>=0.23
  Downloading MarkupSafe-1.1.1-cp38-cp38-manylinux1_x86_64.whl (32 kB)
Installing collected packages: MarkupSafe, Jinja2
Successfully installed Jinja2-2.11.2 MarkupSafe-1.1.1
travis_time:end:1a2dad32:start=1603494507581372060,finish=1603494508840923337,duration=1259551277,event=install[0Ktravis_fold:end:install[0Ktravis_time:start:1415252a[0K$ python system_testing.py -s fe-fe -v
Total reclaimed space: 0B
networks:
  precicecomm: {}
services:
  fenics-adapter-dirichlet:
    command: '/bin/bash -c "cd /home/precice && python3 /home/precice/Data/Input/heat.py
      -d -i simple && cp *iterations.log /home/precice/Data/Output"

      '
    container_name: fenics-adapter-dirichlet
    depends_on:
    - tutorial-data
    image: precice/fenics-adapter-ubuntu1804.home-develop:latest
    networks:
      precicecomm: null
    volumes:
    - exchange:/home/precice/Data/Exchange:rw
    - output:/home/precice/Data/Output:rw
    - input:/home/precice/Data/Input:rw
  fenics-adapter-neumann:
    command: '/bin/bash -c "cd /home/precice && python3 /home/precice/Data/Input/heat.py
      -n -i simple && cp *iterations.log *convergence.log /home/precice/Data/Output"

      '
    container_name: fenics-adapter-neumann
    depends_on:
    - tutorial-data
    image: precice/fenics-adapter-ubuntu1804.home-develop:latest
    networks:
      precicecomm: null
    volumes:
    - exchange:/home/precice/Data/Exchange:rw
    - output:/home/precice/Data/Output:rw
    - input:/home/precice/Data/Input:rw
  tutorial-data:
    build:
      context: /home/travis/build/precice/systemtests/tests/TestCompose_fe-fe
      dockerfile: Dockerfile.tutorial_data
      network: host
    container_name: tutorial-data
    volumes:
    - output:/Output:rw
    - input:/tutorials/HT/partitioned-heat/fenics-fenics:rw
version: '3.4'
volumes:
  exchange: {}
  input: {}
  output: {}

Creating network "testcompose_fe-fe_default" with the default driver
Creating network "testcompose_fe-fe_precicecomm" with the default driver
Creating volume "testcompose_fe-fe_exchange" with default driver
Creating volume "testcompose_fe-fe_output" with default driver
Creating volume "testcompose_fe-fe_input" with default driver
Building tutorial-data
Step 1/8 : from alpine
latest: Pulling from library/alpine
Digest: sha256:c0e9560cda118f9ec63ddefb4a173a2b2a0347082d7dff7dc14272e7841a5b5a
Status: Downloaded newer image for alpine:latest
 ---> d6e46aa2470d
Step 2/8 : ENV tutorial_path tutorials/HT/partitioned-heat/fenics-fenics
 ---> Running in d45919f0c17d
Removing intermediate container d45919f0c17d
 ---> 1695208f15c9
Step 3/8 : RUN apk add git
 ---> Running in 909d37f3a01f
fetch http://dl-cdn.alpinelinux.org/alpine/v3.12/main/x86_64/APKINDEX.tar.gz
fetch http://dl-cdn.alpinelinux.org/alpine/v3.12/community/x86_64/APKINDEX.tar.gz
(1/6) Installing ca-certificates (20191127-r4)
(2/6) Installing nghttp2-libs (1.41.0-r0)
(3/6) Installing libcurl (7.69.1-r1)
(4/6) Installing expat (2.2.9-r1)
(5/6) Installing pcre2 (10.35-r0)
(6/6) Installing git (2.26.2-r0)
Executing busybox-1.31.1-r19.trigger
Executing ca-certificates-20191127-r4.trigger
OK: 22 MiB in 20 packages
Removing intermediate container 909d37f3a01f
 ---> 36acf645c81d
Step 4/8 : ARG branch=develop
 ---> Running in 505661a31f24
Removing intermediate container 505661a31f24
 ---> 43a59e9a4952
Step 5/8 : RUN git clone --branch $branch https://github.com/precice/tutorials
 ---> Running in d54cb79c1377
[91mCloning into 'tutorials'...
[0mRemoving intermediate container d54cb79c1377
 ---> a550a32be168
Step 6/8 : RUN mkdir configs && sed -i 's|<m2n:sockets from="HeatDirichlet" to="HeatNeumann"/>|<m2n:sockets from="HeatDirichlet" to="HeatNeumann" exchange-directory="/home/precice/Data/Exchange/" network="eth0"/>|g' $tutorial_path/precice-config.xml
 ---> Running in 5ada8dfa724b
Removing intermediate container 5ada8dfa724b
 ---> 277a567a79f6
Step 7/8 : RUN addgroup -g 1000 precice && adduser -u 1000 -G precice -D precice && chown -R precice:precice tutorials configs
 ---> Running in 154f1fde2572
Removing intermediate container 154f1fde2572
 ---> 3f9778a1a91c
Step 8/8 : USER precice
 ---> Running in 915d013895da
Removing intermediate container 915d013895da
 ---> f364719ce717

Successfully built f364719ce717
Successfully tagged testcompose_fe-fe_tutorial-data:latest
Image for service tutorial-data was built because it did not already exist. To rebuild this image you must use `docker-compose build` or `docker-compose up --build`.
Pulling fenics-adapter-neumann (precice/fenics-adapter-ubuntu1804.home-develop:latest)...
latest: Pulling from precice/fenics-adapter-ubuntu1804.home-develop
Pulling fenics-adapter-dirichlet (precice/fenics-adapter-ubuntu1804.home-develop:latest)...
latest: Pulling from precice/fenics-adapter-ubuntu1804.home-develop
Creating tutorial-data ... 
[1A[2KCreating tutorial-data ... [32mdone[0m[1BCreating fenics-adapter-dirichlet ... 
Creating fenics-adapter-neumann   ... 
[2A[2KCreating fenics-adapter-dirichlet ... [32mdone[0m[2B[1A[2KCreating fenics-adapter-neumann   ... [32mdone[0m[1BAttaching to tutorial-data, fenics-adapter-dirichlet, fenics-adapter-neumann
[33mfenics-adapter-dirichlet    |[0m Traceback (most recent call last):
[33mfenics-adapter-dirichlet    |[0m   File "/home/precice/Data/Input/heat.py", line 28, in <module>
[33mfenics-adapter-dirichlet    |[0m     from fenics import Function, FunctionSpace, Expression, Constant, DirichletBC, TrialFunction, TestFunction, \
[33mfenics-adapter-dirichlet    |[0m   File "/usr/lib/python3/dist-packages/fenics/__init__.py", line 7, in <module>
[33mfenics-adapter-dirichlet    |[0m     from dolfin import *
[33mfenics-adapter-dirichlet    |[0m ModuleNotFoundError: No module named 'dolfin'
[36mtutorial-data exited with code 0
[0m[32mfenics-adapter-neumann      |[0m Traceback (most recent call last):
[32mfenics-adapter-neumann      |[0m   File "/home/precice/Data/Input/heat.py", line 28, in <module>
[32mfenics-adapter-neumann      |[0m     from fenics import Function, FunctionSpace, Expression, Constant, DirichletBC, TrialFunction, TestFunction, \
[32mfenics-adapter-neumann      |[0m   File "/usr/lib/python3/dist-packages/fenics/__init__.py", line 7, in <module>
[32mfenics-adapter-neumann      |[0m     from dolfin import *
[32mfenics-adapter-neumann      |[0m ModuleNotFoundError: No module named 'dolfin'
[33mfenics-adapter-dirichlet exited with code 1
[0m[32mfenics-adapter-neumann exited with code 1
[0m------------- Comparing files -------------
> Only in /home/travis/build/precice/systemtests/tests/TestCompose_fe-fe/referenceOutput: precice-HeatDirichlet-iterations.log
Only in /home/travis/build/precice/systemtests/tests/TestCompose_fe-fe/referenceOutput: precice-HeatNeumann-convergence.log
Only in /home/travis/build/precice/systemtests/tests/TestCompose_fe-fe/referenceOutput: precice-HeatNeumann-iterations.log
----------- Comparison finished -----------
EXECUTING: docker container prune -f; export PRECICE_BASE=-ubuntu1804.home-develop; mkdir Logs; docker-compose config && bash ../../silent_compose.sh debug
EXECUTING: docker cp tutorial-data:/Output .
EXECUTING: docker-compose logs > Logs/container.log
EXECUTING: bash ../../compare_results.sh /home/travis/build/precice/systemtests/tests/TestCompose_fe-fe/referenceOutput /home/travis/build/precice/systemtests/tests/TestCompose_fe-fe/Output
TEST FAILED WITH: Output files do not match reference
Files differing               : []
Files only in reference (left): ['precice-HeatDirichlet-iterations.log', 'precice-HeatNeumann-convergence.log', 'precice-HeatNeumann-iterations.log']
Files only in output(right)   : []
Traceback (most recent call last):
  File "system_testing.py", line 119, in run_compose
    comparison(path_to_ref, path_to_otp)
  File "system_testing.py", line 197, in comparison
    raise IncorrectOutput(*ret)
__main__.IncorrectOutput: Output files do not match reference
Files differing               : []
Files only in reference (left): ['precice-HeatDirichlet-iterations.log', 'precice-HeatNeumann-convergence.log', 'precice-HeatNeumann-iterations.log']
Files only in output(right)   : []

During handling of the above exception, another exception occurred:

Traceback (most recent call last):
  File "system_testing.py", line 292, in <module>
    build_run_compare(test, tag, args.branch.lower(), args.local,
  File "system_testing.py", line 214, in build_run_compare
    run_compose(test, branch, local_precice, tag, force_rebuild, rm_all, verbose)
  File "system_testing.py", line 131, in run_compose
    raise STValidateException()
__main__.STValidateException: COMPARISON FAILED - An error occured while comparing test results with reference files!
travis_time:end:1415252a:start=1603494508846577507,finish=1603494637097046236,duration=128250468729,event=script[0K[31;1mThe command "python system_testing.py -s fe-fe -v" exited with 1.[0m
travis_time:start:09d1ba80[0K$ python push.py --test fe-fe
Cloning into 'precice_st_output'...
Updating files:  32% (6197/18900)Updating files:  33% (6237/18900)Updating files:  34% (6426/18900)Updating files:  35% (6615/18900)Updating files:  36% (6804/18900)Updating files:  37% (6993/18900)Updating files:  38% (7182/18900)Updating files:  39% (7371/18900)Updating files:  40% (7560/18900)Updating files:  41% (7749/18900)Updating files:  42% (7938/18900)Updating files:  43% (8127/18900)Updating files:  44% (8316/18900)Updating files:  45% (8505/18900)Updating files:  46% (8694/18900)Updating files:  56% (10584/18900)Updating files:  57% (10773/18900)Updating files:  58% (10962/18900)Updating files:  59% (11151/18900)Updating files:  60% (11340/18900)Updating files:  61% (11529/18900)Updating files:  62% (11718/18900)Updating files:  63% (11907/18900)Updating files:  64% (12096/18900)Updating files:  65% (12285/18900)Updating files:  66% (12474/18900)Updating files:  67% (12663/18900)Updating files:  68% (12852/18900)Updating files:  69% (13041/18900)Updating files:  70% (13230/18900)Updating files:  70% (13399/18900)Updating files:  71% (13419/18900)Updating files:  72% (13608/18900)Updating files:  73% (13797/18900)Updating files:  74% (13986/18900)Updating files:  75% (14175/18900)