travis_fold:start:worker_info[0K[33;1mWorker information[0m
hostname: 6405722e-ffd4-41f6-85c2-eabcd0f6774c@1.worker-com-oss-64d9789897-wlnvr.gce-production-3
version: v6.2.20-1-g3a987d6 https://github.com/travis-ci/worker/tree/3a987d61ed169c9539ad435d1a9b5f2d8c6ce4a6
instance: travis-job-d8f8aa72-d178-424c-b0d4-28456142a565 travis-ci-ubuntu-1804-1609168422-6c7eba12 (via amqp)
startup: 6.123588723s
travis_fold:end:worker_info[0Ktravis_time:start:212f0500[0Ktravis_time:end:212f0500:start=1609433231674864249,finish=1609433231848414940,duration=173550691,event=no_world_writable_dirs[0Ktravis_time:start:0330fd98[0Ktravis_time:end:0330fd98:start=1609433231851351661,finish=1609433231854552800,duration=3201139,event=setup_filter[0Ktravis_time:start:00339ebe[0Ktravis_time:end:00339ebe:start=1609433231858301644,finish=1609433231868173132,duration=9871488,event=agent[0Ktravis_time:start:0f05f6b0[0Ktravis_time:end:0f05f6b0:start=1609433231871056368,finish=1609433231873225088,duration=2168720,event=check_unsupported[0Ktravis_time:start:082c9770[0Ktravis_fold:start:system_info[0K[33;1mBuild system information[0m
Build language: python
Build group: stable
Build dist: bionic
Build id: 211414612
Job id: 466526142
Runtime kernel version: 5.4.0-1032-gcp
travis-build version: 53b53106
[34m[1mBuild image provisioning date and time[0m
Mon Dec 28 15:53:02 UTC 2020
[34m[1mOperating System Details[0m
Distributor ID:	Ubuntu
Description:	Ubuntu 18.04.5 LTS
Release:	18.04
Codename:	bionic
[34m[1mSystemd Version[0m
systemd 237
[34m[1mCookbooks Version[0m
10a7b34 https://github.com/travis-ci/travis-cookbooks/tree/10a7b34
[34m[1mgit version[0m
git version 2.29.2
[34m[1mbash version[0m
GNU bash, version 4.4.20(1)-release (x86_64-pc-linux-gnu)
[34m[1mgcc version[0m
gcc (Ubuntu 7.5.0-3ubuntu1~18.04) 7.5.0
[34m[1mdocker version[0m
Client:
 Version:           18.06.0-ce
 API version:       1.38
 Go version:        go1.10.3
 Git commit:        0ffa825
 Built:             Wed Jul 18 19:09:54 2018
 OS/Arch:           linux/amd64
 Experimental:      false

Server:
 Engine:
  Version:          18.06.0-ce
  API version:      1.38 (minimum version 1.12)
  Go version:       go1.10.3
  Git commit:       0ffa825
  Built:            Wed Jul 18 19:07:56 2018
  OS/Arch:          linux/amd64
  Experimental:     false
[34m[1mclang version[0m
clang version 7.0.0 (tags/RELEASE_700/final)
[34m[1mjq version[0m
jq-1.5
[34m[1mbats version[0m
Bats 0.4.0
[34m[1mshellcheck version[0m
0.7.0
[34m[1mshfmt version[0m
v3.2.1
[34m[1mccache version[0m
3.4.1
[34m[1mcmake version[0m
cmake version 3.12.4
[34m[1mheroku version[0m
heroku/7.47.6 linux-x64 node-v12.16.2
[34m[1mimagemagick version[0m
Version: ImageMagick 6.9.7-4 Q16 x86_64 20170114 http://www.imagemagick.org
[34m[1mmd5deep version[0m
4.4
[34m[1mmercurial version[0m
version 4.8
[34m[1mmysql version[0m
mysql  Ver 14.14 Distrib 5.7.32, for Linux (x86_64) using  EditLine wrapper
[34m[1mopenssl version[0m
OpenSSL 1.1.1  11 Sep 2018
[34m[1mpacker version[0m
1.3.3
[34m[1mpostgresql client version[0m
psql (PostgreSQL) 11.10 (Ubuntu 11.10-1.pgdg18.04+1)
[34m[1mragel version[0m
Ragel State Machine Compiler version 6.10 March 2017
[34m[1msudo version[0m
1.8.21p2
[34m[1mgzip version[0m
gzip 1.6
[34m[1mzip version[0m
Zip 3.0
[34m[1mvim version[0m
VIM - Vi IMproved 8.0 (2016 Sep 12, compiled Oct 13 2020 15:49:09)
[34m[1miptables version[0m
iptables v1.6.1
[34m[1mcurl version[0m
curl 7.58.0 (x86_64-pc-linux-gnu) libcurl/7.58.0 OpenSSL/1.1.1 zlib/1.2.11 libidn2/2.0.4 libpsl/0.19.1 (+libidn2/2.0.4) nghttp2/1.30.0 librtmp/2.3
[34m[1mwget version[0m
GNU Wget 1.19.4 built on linux-gnu.
[34m[1mrsync version[0m
rsync  version 3.1.2  protocol version 31
[34m[1mgimme version[0m
v1.5.4
[34m[1mnvm version[0m
0.37.2
[34m[1mperlbrew version[0m
/home/travis/perl5/perlbrew/bin/perlbrew  - App::perlbrew/0.88
[34m[1mphpenv version[0m
rbenv 1.1.2-40-g62d7798
[34m[1mrvm version[0m
rvm 1.29.10 (latest) by Michal Papis, Piotr Kuczynski, Wayne E. Seguin [https://rvm.io]
[34m[1mdefault ruby version[0m
ruby 2.6.5p114 (2019-10-01 revision 67812) [x86_64-linux]
[34m[1mElasticSearch version[0m
5.5.0
[34m[1mInstalled Firefox version[0m
firefox 63.0.1
[34m[1mMongoDB version[0m
MongoDB 4.0.22
[34m[1mPhantomJS version[0m
2.1.1
[34m[1mPre-installed PostgreSQL versions[0m
9.3.25
9.4.26
9.5.24
9.6.20
[34m[1mRedis version[0m
redis-server 6.0.6
[34m[1mPre-installed Go versions[0m
1.11.1
[34m[1mant version[0m
Apache Ant(TM) version 1.10.5 compiled on March 28 2019
[34m[1mmvn version[0m
Apache Maven 3.6.3 (cecedd343002696d0abb50b32b541b8a6ba2883f)
[34m[1mgradle version[0m
Gradle 5.1.1!
[34m[1mlein version[0m
Leiningen 2.9.5 on Java 11.0.2 OpenJDK 64-Bit Server VM
[34m[1mPre-installed Node.js versions[0m
v10.16.0
v10.23.0
v11.15.0
v12.13.1
v12.20.0
v13.3.0
v14.15.3
v4.9.1
v6.17.1
v8.16.2
v8.17.0
v8.9
[34m[1mphpenv versions[0m
  system
  7.1
  7.1.33
  7.2
* 7.2.27 (set by /home/travis/.phpenv/version)
  7.3
  7.3.14
  7.4
  7.4.2
  hhvm
  hhvm-stable
[34m[1mcomposer --version[0m
Composer version 1.9.2 2020-01-14 16:30:31
[34m[1mPre-installed Ruby versions[0m
ruby-2.4.9
ruby-2.5.3
ruby-2.5.7
ruby-2.6.5
ruby-2.7.0
travis_fold:end:system_info[0K
travis_time:end:082c9770:start=1609433231876171343,finish=1609433231886799539,duration=10628196,event=show_system_info[0Ktravis_time:start:00b5d418[0Ktravis_time:end:00b5d418:start=1609433231893691149,finish=1609433231908142410,duration=14451261,event=rm_riak_source[0Ktravis_time:start:014a4fd8[0Ktravis_time:end:014a4fd8:start=1609433231912436479,finish=1609433231917886700,duration=5450221,event=fix_rwky_redis[0Ktravis_time:start:0077bd58[0Ktravis_time:end:0077bd58:start=1609433231921022733,finish=1609433232238457500,duration=317434767,event=wait_for_network[0Ktravis_time:start:04aff5ce[0Ktravis_time:end:04aff5ce:start=1609433232243005463,finish=1609433232482760213,duration=239754750,event=update_apt_keys[0Ktravis_time:start:1550f120[0Ktravis_time:end:1550f120:start=1609433232486276592,finish=1609433232536424894,duration=50148302,event=fix_hhvm_source[0Ktravis_time:start:2b200f78[0Ktravis_time:end:2b200f78:start=1609433232540338470,finish=1609433232543379478,duration=3041008,event=update_mongo_arch[0Ktravis_time:start:02d33fdc[0Ktravis_time:end:02d33fdc:start=1609433232546913567,finish=1609433232585482757,duration=38569190,event=fix_sudo_enabled_trusty[0Ktravis_time:start:2af8aeab[0Ktravis_time:end:2af8aeab:start=1609433232588832008,finish=1609433232591223612,duration=2391604,event=update_glibc[0Ktravis_time:start:16127a90[0Ktravis_time:end:16127a90:start=1609433232594413947,finish=1609433232603061035,duration=8647088,event=clean_up_path[0Ktravis_time:start:026f6740[0Ktravis_time:end:026f6740:start=1609433232606547500,finish=1609433232614539993,duration=7992493,event=fix_resolv_conf[0Ktravis_time:start:0d608b75[0Ktravis_time:end:0d608b75:start=1609433232617948928,finish=1609433232632293964,duration=14345036,event=fix_etc_hosts[0Ktravis_time:start:0e7ef649[0Ktravis_time:end:0e7ef649:start=1609433232635348634,finish=1609433232642726295,duration=7377661,event=fix_mvn_settings_xml[0Ktravis_time:start:0060dd44[0Ktravis_time:end:0060dd44:start=1609433232648135223,finish=1609433232657719790,duration=9584567,event=no_ipv6_localhost[0Ktravis_time:start:0c3eadc2[0Ktravis_time:end:0c3eadc2:start=1609433232662093835,finish=1609433232664055258,duration=1961423,event=fix_etc_mavenrc[0Ktravis_time:start:1793ff60[0Ktravis_time:end:1793ff60:start=1609433232668095464,finish=1609433232671188922,duration=3093458,event=fix_wwdr_certificate[0Ktravis_time:start:28be7e0e[0Ktravis_time:end:28be7e0e:start=1609433232675659944,finish=1609433232721567254,duration=45907310,event=put_localhost_first[0Ktravis_time:start:07eb62c8[0Ktravis_time:end:07eb62c8:start=1609433232726238724,finish=1609433232729302686,duration=3063962,event=home_paths[0Ktravis_time:start:15001260[0Ktravis_time:end:15001260:start=1609433232732096335,finish=1609433232743841495,duration=11745160,event=disable_initramfs[0Ktravis_time:start:394fb370[0Ktravis_time:end:394fb370:start=1609433232749227102,finish=1609433232868004078,duration=118776976,event=disable_ssh_roaming[0Ktravis_time:start:14ad3cda[0Ktravis_time:end:14ad3cda:start=1609433232871260292,finish=1609433232873674750,duration=2414458,event=debug_tools[0Ktravis_time:start:20a4ed80[0Ktravis_time:end:20a4ed80:start=1609433232876859980,finish=1609433232880161616,duration=3301636,event=uninstall_oclint[0Ktravis_time:start:049ff70d[0Ktravis_time:end:049ff70d:start=1609433232883370843,finish=1609433232886539606,duration=3168763,event=rvm_use[0Ktravis_time:start:04550a78[0Ktravis_time:end:04550a78:start=1609433232889810608,finish=1609433232898711751,duration=8901143,event=rm_etc_boto_cfg[0Ktravis_time:start:00923c74[0Ktravis_time:end:00923c74:start=1609433232901778174,finish=1609433232904077796,duration=2299622,event=rm_oraclejdk8_symlink[0Ktravis_time:start:03bbf4da[0Ktravis_time:end:03bbf4da:start=1609433232907209133,finish=1609433232991894525,duration=84685392,event=enable_i386[0Ktravis_time:start:026f90b2[0Ktravis_time:end:026f90b2:start=1609433232995608840,finish=1609433232998960821,duration=3351981,event=update_rubygems[0Ktravis_time:start:05575db8[0Ktravis_time:end:05575db8:start=1609433233002332113,finish=1609433233917324803,duration=914992690,event=ensure_path_components[0Ktravis_time:start:25c5fe70[0Ktravis_time:end:25c5fe70:start=1609433233921790812,finish=1609433233924636662,duration=2845850,event=redefine_curl[0Ktravis_time:start:09fbd174[0Ktravis_time:end:09fbd174:start=1609433233929073748,finish=1609433234015783793,duration=86710045,event=nonblock_pipe[0Ktravis_time:start:0a70f3f2[0Ktravis_time:end:0a70f3f2:start=1609433234019845574,finish=1609433240052765681,duration=6032920107,event=apt_get_update[0Ktravis_time:start:0a554990[0Ktravis_time:end:0a554990:start=1609433240057036126,finish=1609433240059098403,duration=2062277,event=deprecate_xcode_64[0Ktravis_time:start:07ab9134[0Ktravis_time:end:07ab9134:start=1609433240062792543,finish=1609433242773668190,duration=2710875647,event=update_heroku[0Ktravis_time:start:13bc4e60[0Ktravis_time:end:13bc4e60:start=1609433242777829022,finish=1609433242780053159,duration=2224137,event=shell_session_update[0Ktravis_time:start:0c685433[0Ktravis_fold:start:docker_mtu_and_registry_mirrors[0Ktravis_fold:end:docker_mtu_and_registry_mirrors[0Ktravis_time:end:0c685433:start=1609433242783218061,finish=1609433245131023563,duration=2347805502,event=set_docker_mtu_and_registry_mirrors[0Ktravis_time:start:0990b112[0Ktravis_fold:start:resolvconf[0Ktravis_fold:end:resolvconf[0Ktravis_time:end:0990b112:start=1609433245139512659,finish=1609433245235418829,duration=95906170,event=resolvconf[0Ktravis_time:start:0a04be50[0Ktravis_time:end:0a04be50:start=1609433245240171523,finish=1609433245373653157,duration=133481634,event=maven_central_mirror[0Ktravis_time:start:121a7e2e[0Ktravis_time:end:121a7e2e:start=1609433245379164306,finish=1609433245471019001,duration=91854695,event=maven_https[0Ktravis_time:start:01269bb2[0Ktravis_fold:start:services[0Ktravis_time:start:164dc32d[0K$ sudo systemctl start docker
travis_time:end:164dc32d:start=1609433245481761963,finish=1609433245494314805,duration=12552842,event=prepare[0Ktravis_fold:end:services[0Ktravis_time:end:164dc32d:start=1609433245481761963,finish=1609433248502766522,duration=3021004559,event=services[0Ktravis_time:start:0ae3c970[0Ktravis_time:end:0ae3c970:start=1609433248507214315,finish=1609433248510260680,duration=3046365,event=fix_ps4[0Ktravis_time:start:01d75700[0K
travis_fold:start:git.checkout[0Ktravis_time:start:08f100e0[0K$ git clone --depth=50 --branch=develop https://github.com/precice/systemtests.git precice/systemtests
Cloning into 'precice/systemtests'...
travis_time:end:08f100e0:start=1609433248518999430,finish=1609433255308559106,duration=6789559676,event=checkout[0K$ cd precice/systemtests
$ git checkout -qf d39f4d89d69f18c9de9f8bd1f08633a68bcda9a2
travis_fold:end:git.checkout[0K
travis_time:end:08f100e0:start=1609433248518999430,finish=1609433256008715415,duration=7489715985,event=checkout[0Ktravis_time:start:0171a6e5[0K
[33;1mSetting environment variables from repository settings[0m
$ export DOCKER_PASSWORD=[secure]
$ export PRECICE_BOT_EMAIL=[secure]
$ export GH_TOKEN=[secure]
$ export DOCKER_USERNAME=precice
$ export TRAVIS_ACCESS_TOKEN=[secure]

travis_time:end:0171a6e5:start=1609433256016557809,finish=1609433256030761106,duration=14203297,event=env[0Ktravis_time:start:01930a9a[0K$ source ~/virtualenv/python3.8/bin/activate
travis_time:end:01930a9a:start=1609433256036383327,finish=1609433256045337993,duration=8954666,event=[0K$ python --version
Python 3.8.1
$ pip --version
pip 20.3.3 from /home/travis/virtualenv/python3.8.1/lib/python3.8/site-packages/pip (python 3.8)
travis_fold:start:install[0Ktravis_time:start:133faf62[0K$ pip install Jinja2
Collecting Jinja2
  Downloading Jinja2-2.11.2-py2.py3-none-any.whl (125 kB)
Collecting MarkupSafe>=0.23
  Downloading MarkupSafe-1.1.1-cp38-cp38-manylinux1_x86_64.whl (32 kB)
Installing collected packages: MarkupSafe, Jinja2
Successfully installed Jinja2-2.11.2 MarkupSafe-1.1.1
travis_time:end:133faf62:start=1609433256449737945,finish=1609433257533321622,duration=1083583677,event=install[0Ktravis_fold:end:install[0Ktravis_time:start:14d70442[0K$ python system_testing.py -s 1dtube_py -v
Total reclaimed space: 0B
networks:
  precicecomm: {}
services:
  1dtube-py:
    build:
      args:
        from: precice/precice-ubuntu1804.package-develop
      context: /home/travis/build/precice/systemtests/tests/TestCompose_1dtube_py
      dockerfile: Dockerfile.1dtubepy
    command: '/bin/bash -c "./Allrun; cp -r precice-output *.log /home/precice/Data/Output/"

      '
    container_name: 1dtube-py
    networks:
      precicecomm: null
    volumes:
    - output:/home/precice/Data/Output:rw
  tutorial-data:
    build:
      args:
        branch: develop
      context: /home/travis/build/precice/systemtests/tests/TestCompose_1dtube_py
      dockerfile: Dockerfile.tutorial_data
    container_name: tutorial-data
    volumes:
    - output:/Output:rw
version: '3.0'
volumes:
  output: {}

Creating network "testcompose_1dtube_py_precicecomm" with the default driver
Creating network "testcompose_1dtube_py_default" with the default driver
Creating volume "testcompose_1dtube_py_output" with default driver
Building 1dtube-py
Step 1/15 : ARG from=precice/precice-ubuntu1804.home-develop
Step 2/15 : FROM $from
latest: Pulling from precice/precice-ubuntu1804.package-develop
Service '1dtube-py' failed to build: toomanyrequests: You have reached your pull rate limit. You may increase the limit by authenticating and upgrading: https://www.docker.com/increase-rate-limit
EXECUTING: docker container prune -f; export PRECICE_BASE=-ubuntu1804.package-develop; mkdir Logs; docker-compose config && bash ../../silent_compose.sh debug
TEST FAILED WITH: Command 'docker container prune -f; export PRECICE_BASE=-ubuntu1804.package-develop; mkdir Logs; docker-compose config && bash ../../silent_compose.sh debug' returned non-zero exit status 1.
Traceback (most recent call last):
  File "system_testing.py", line 117, in run_compose
    ccall(command)
  File "/home/travis/build/precice/systemtests/common.py", line 11, in ccall
    return call(cmd, check = True, **kwargs)
  File "/home/travis/build/precice/systemtests/common.py", line 6, in call
    cp = subprocess.run(cmd, shell=True, **kwargs)
  File "/opt/python/3.8.1/lib/python3.8/subprocess.py", line 512, in run
    raise CalledProcessError(retcode, process.args,
subprocess.CalledProcessError: Command 'docker container prune -f; export PRECICE_BASE=-ubuntu1804.package-develop; mkdir Logs; docker-compose config && bash ../../silent_compose.sh debug' returned non-zero exit status 1.

During handling of the above exception, another exception occurred:

Traceback (most recent call last):
  File "system_testing.py", line 305, in <module>
    build_run_compare(test, tag, args.branch.lower(), args.local,
  File "system_testing.py", line 227, in build_run_compare
    run_compose(test, branch, local_precice, tag, force_rebuild, rm_all, verbose)
  File "system_testing.py", line 141, in run_compose
    raise STRunException()
__main__.STRunException: TEST FAILED - An error occured while running the test!
travis_time:end:14d70442:start=1609433257539290138,finish=1609433313154004822,duration=55614714684,event=script[0K[31;1mThe command "python system_testing.py -s 1dtube_py -v" exited with 1.[0m
travis_time:start:011a9941[0K$ python push.py
Cloning into 'precice_st_output'...
Updating files:  18% (7269/40232)Updating files:  19% (7645/40232)Updating files:  20% (8047/40232)Updating files:  21% (8449/40232)Updating files:  22% (8852/40232)Updating files:  23% (9254/40232)Updating files:  24% (9656/40232)Updating files:  25% (10058/40232)Updating files:  26% (10461/40232)Updating files:  27% (10863/40232)Updating files:  28% (11265/40232)Updating files:  29% (11668/40232)Updating files:  30% (12070/40232)Updating files:  31% (12472/40232)Updating files:  32% (12875/40232)Updating files:  33% (13277/40232)Updating files:  34% (13679/40232)Updating files:  35% (14082/40232)Updating files:  35% (14285/40232)Updating files:  36% (14484/40232)Updating files:  37% (14886/40232)Updating files:  38% (15289/40232)Updating files:  39% (15691/40232)Updating files:  40% (16093/40232)Updating files:  41% (16496/40232)Updating files:  42% (16898/40232)Updating files:  43% (17300/40232)Updating files:  44% (17703/40232)Updating files:  45% (18105/40232)Updating files:  46% (18507/40232)Updating files:  47% (18910/40232)Updating files:  48% (19312/40232)Updating files:  48% (19377/40232)Updating files:  49% (19714/40232)Updating files:  50% (20116/40232)Updating files:  51% (20519/40232)Updating files:  52% (20921/40232)Updating files:  53% (21323/40232)Updating files:  54% (21726/40232)Updating files:  55% (22128/40232)Updating files:  56% (22530/40232)Updating files:  57% (22933/40232)Updating files:  58% (23335/40232)Updating files:  59% (23737/40232)Updating files:  59% (23924/40232)Updating files:  60% (24140/40232)Updating files:  61% (24542/40232)Updating files:  62% (24944/40232)Updating files:  63% (25347/40232)Updating files:  64% (25749/40232)Updating files:  65% (26151/40232)Updating files:  66% (26554/40232)Updating files:  67% (26956/40232)Updating files:  68% (27358/40232)Updating files:  69% (27761/40232)Updating files:  70% (28163/40232)Updating files:  71% (28565/40232)Updating files:  71% (28706/40232)Updating files:  72% (28968/40232)Updating files:  73% (29370/40232)Updating files:  73% (29458/40232)Updating files:  74% (29772/40232)Updating files:  74% (29991/40232)Updating files:  75% (30174/40232)Updating files:  76% (30577/40232)Updating files:  77% (30979/40232)Updating files:  78% (31381/40232)Updating files:  79% (31784/40232)Updating files:  80% (32186/40232)Updating files:  81% (32588/40232)Updating files:  82% (32991/40232)Updating files:  83% (33393/40232)Updating files:  84% (33795/40232)Updating files:  84% (34176/40232)Updating files:  85% (34198/40232)Updating files:  85% (34535/40232)Updating files:  86% (34600/40232)Updating files:  86% (34768/40232)Updating files:  86% (34942/40232)Updating files:  87% (35002/40232)Updating files:  87% (35078/40232)Updating files:  87% (35157/40232)Updating files:  87% (35192/40232)Updating files:  87% (35270/40232)Updating files:  87% (35346/40232)Updating files:  87% (35385/40232)Updating files:  88% (35405/40232)Updating files:  88% (35456/40232)Updating files:  88% (35534/40232)Updating files:  88% (35574/40232)Updating files:  88% (35666/40232)Updating files:  88% (35746/40232)Updating files:  88% (35784/40232)Updating files:  89% (35807/40232)Updating files:  89% (35856/40232)Updating files:  89% (35945/40232)Updating files:  89% (36023/40232)Updating files:  89% (36062/40232)Updating files:  89% (36134/40232)Updating files:  89% (36207/40232)Updating files:  90% (36209/40232)Updating files:  90% (36286/40232)Updating files:  90% (36306/40232)Updating files:  90% (36420/40232)Updating files:  90% (36501/40232)Updating files:  90% (36576/40232)Updating files:  91% (36612/40232)Updating files:  91% (36655/40232)Updating files:  91% (36728/40232)Updating files:  91% (36816/40232)Updating files:  91% (36900/40232)Updating files:  91% (36947/40232)Updating files:  92% (37014/40232)Updating files:  92% (37031/40232)Updating files:  92% (37104/40232)Updating files:  92% (37222/40232)Updating files:  92% (37296/40232)Updating files:  92% (37377/40232)Updating files:  93% (37416/40232)Updating files:  93% (37451/40232)Updating files:  93% (37452/40232)Updating files:  93% (37548/40232)Updating files:  93% (37650/40232)Updating files:  93% (37731/40232)Updating files:  94% (37819/40232)Updating files:  94% (37830/40232)Updating files:  94% (37833/40232)Updating files:  94% (37952/40232)Updating files:  94% (38045/40232)Updating files:  95% (38221/40232)Updating files:  96% (38623/40232)Updating files:  97% (39026/40232)Updating files:  97% (39224/40232)Updating files:  97% (39335/40232)Updating files:  98% (39428/40232)Updating files:  98% (39495/40232)Updating files:  98% (39540/40232)Updating files:  98% (39633/40232)Updating files:  98% (39719/40232)Updating files:  98% (39804/40232)Updating files:  99% (39830/40232)Updating files:  99% (39891/40232)Updating files:  99% (39977/40232)