travis_fold:start:worker_info[0K[33;1mWorker information[0m
hostname: c6f99fb7-c195-4db8-884d-4a410279e2f3@1.worker-org-8b5957499-8gzzw.gce-production-3
version: v6.2.17 https://github.com/travis-ci/worker/tree/bc420764f334fe0d096a417c80426f672f1b7d18
instance: travis-job-40fed433-4372-4676-8a69-b9f6bb731db7 travis-ci-ubuntu-1804-1593521679-ca42795e (via amqp)
startup: 6.081193165s
travis_fold:end:worker_info[0Ktravis_time:start:2b700fba[0Ktravis_time:end:2b700fba:start=1603405977039586201,finish=1603405977238576972,duration=198990771,event=no_world_writable_dirs[0Ktravis_time:start:06f18ace[0Ktravis_time:end:06f18ace:start=1603405977241769572,finish=1603405977245440654,duration=3671082,event=setup_filter[0Ktravis_time:start:0e8ae7f4[0Ktravis_time:end:0e8ae7f4:start=1603405977249515083,finish=1603405977264961995,duration=15446912,event=agent[0Ktravis_time:start:018d42f4[0Ktravis_time:end:018d42f4:start=1603405977269081113,finish=1603405977271271733,duration=2190620,event=check_unsupported[0Ktravis_time:start:05562e49[0Ktravis_fold:start:system_info[0K[33;1mBuild system information[0m
Build language: python
Build group: stable
Build dist: bionic
Build id: 738027201
Job id: 738027234
Runtime kernel version: 5.3.0-1029-gcp
travis-build version: acd5a925
[34m[1mBuild image provisioning date and time[0m
Tue Jun 30 13:35:43 UTC 2020
[34m[1mOperating System Details[0m
Distributor ID:	Ubuntu
Description:	Ubuntu 18.04.4 LTS
Release:	18.04
Codename:	bionic
[34m[1mSystemd Version[0m
systemd 237
[34m[1mCookbooks Version[0m
3f92a99 https://github.com/travis-ci/travis-cookbooks/tree/3f92a99
[34m[1mgit version[0m
git version 2.27.0
[34m[1mbash version[0m
GNU bash, version 4.4.20(1)-release (x86_64-pc-linux-gnu)
[34m[1mgcc version[0m
gcc (Ubuntu 7.5.0-3ubuntu1~18.04) 7.5.0
[34m[1mdocker version[0m
Client:
 Version:           18.06.0-ce
 API version:       1.38
 Go version:        go1.10.3
 Git commit:        0ffa825
 Built:             Wed Jul 18 19:09:54 2018
 OS/Arch:           linux/amd64
 Experimental:      false

Server:
 Engine:
  Version:          18.06.0-ce
  API version:      1.38 (minimum version 1.12)
  Go version:       go1.10.3
  Git commit:       0ffa825
  Built:            Wed Jul 18 19:07:56 2018
  OS/Arch:          linux/amd64
  Experimental:     false
[34m[1mclang version[0m
clang version 7.0.0 (tags/RELEASE_700/final)
[34m[1mjq version[0m
jq-1.5
[34m[1mbats version[0m
Bats 0.4.0
[34m[1mshellcheck version[0m
0.7.0
[34m[1mshfmt version[0m
v2.6.3
[34m[1mccache version[0m
3.4.1
[34m[1mcmake version[0m
cmake version 3.12.4
[34m[1mheroku version[0m
heroku/7.42.1 linux-x64 node-v12.16.2
[34m[1mimagemagick version[0m
Version: ImageMagick 6.9.7-4 Q16 x86_64 20170114 http://www.imagemagick.org
[34m[1mmd5deep version[0m
4.4
[34m[1mmercurial version[0m
version 4.8
[34m[1mmysql version[0m
mysql  Ver 14.14 Distrib 5.7.30, for Linux (x86_64) using  EditLine wrapper
[34m[1mopenssl version[0m
OpenSSL 1.1.1  11 Sep 2018
[34m[1mpacker version[0m
1.3.3
[34m[1mpostgresql client version[0m
psql (PostgreSQL) 11.8 (Ubuntu 11.8-1.pgdg18.04+1)
[34m[1mragel version[0m
Ragel State Machine Compiler version 6.10 March 2017
[34m[1msudo version[0m
1.8.21p2
[34m[1mgzip version[0m
gzip 1.6
[34m[1mzip version[0m
Zip 3.0
[34m[1mvim version[0m
VIM - Vi IMproved 8.0 (2016 Sep 12, compiled Mar 18 2020 18:29:15)
[34m[1miptables version[0m
iptables v1.6.1
[34m[1mcurl version[0m
curl 7.58.0 (x86_64-pc-linux-gnu) libcurl/7.58.0 OpenSSL/1.1.1 zlib/1.2.11 libidn2/2.0.4 libpsl/0.19.1 (+libidn2/2.0.4) nghttp2/1.30.0 librtmp/2.3
[34m[1mwget version[0m
GNU Wget 1.19.4 built on linux-gnu.
[34m[1mrsync version[0m
rsync  version 3.1.2  protocol version 31
[34m[1mgimme version[0m
v1.5.4
[34m[1mnvm version[0m
0.35.3
[34m[1mperlbrew version[0m
/home/travis/perl5/perlbrew/bin/perlbrew  - App::perlbrew/0.87
[34m[1mphpenv version[0m
rbenv 1.1.2-30-gc879cb0
[34m[1mrvm version[0m
rvm 1.29.10 (latest) by Michal Papis, Piotr Kuczynski, Wayne E. Seguin [https://rvm.io]
[34m[1mdefault ruby version[0m
ruby 2.6.5p114 (2019-10-01 revision 67812) [x86_64-linux]
[34m[1mElasticSearch version[0m
5.5.0
[34m[1mInstalled Firefox version[0m
firefox 63.0.1
[34m[1mMongoDB version[0m
MongoDB 4.0.19
[34m[1mPhantomJS version[0m
2.1.1
[34m[1mPre-installed PostgreSQL versions[0m
9.3.25
9.4.26
9.5.22
9.6.18
[34m[1mRedis version[0m
redis-server 6.0.5
[34m[1mPre-installed Go versions[0m
1.11.1
[34m[1mant version[0m
Apache Ant(TM) version 1.10.5 compiled on March 28 2019
[34m[1mmvn version[0m
Apache Maven 3.6.3 (cecedd343002696d0abb50b32b541b8a6ba2883f)
[34m[1mgradle version[0m
Gradle 5.1.1!
[34m[1mlein version[0m
Leiningen 2.9.3 on Java 11.0.2 OpenJDK 64-Bit Server VM
[34m[1mPre-installed Node.js versions[0m
v10.16.0
v10.21.0
v11.15.0
v12.13.1
v12.18.1
v13.3.0
v4.9.1
v6.17.1
v8.16.2
v8.17.0
v8.9
[34m[1mphpenv versions[0m
  system
  7.1
  7.1.33
  7.2
* 7.2.27 (set by /home/travis/.phpenv/version)
  7.3
  7.3.14
  7.4
  7.4.2
  hhvm
  hhvm-stable
[34m[1mcomposer --version[0m
Composer version 1.9.2 2020-01-14 16:30:31
[34m[1mPre-installed Ruby versions[0m
ruby-2.4.9
ruby-2.5.3
ruby-2.5.7
ruby-2.6.5
ruby-2.7.0
travis_fold:end:system_info[0K
travis_time:end:05562e49:start=1603405977274002172,finish=1603405977283791136,duration=9788964,event=show_system_info[0Ktravis_time:start:0855baf0[0Ktravis_time:end:0855baf0:start=1603405977286857899,finish=1603405977304257093,duration=17399194,event=rm_riak_source[0Ktravis_time:start:00f00c33[0Ktravis_time:end:00f00c33:start=1603405977313492154,finish=1603405977319303646,duration=5811492,event=fix_rwky_redis[0Ktravis_time:start:1e5fb25d[0Ktravis_time:end:1e5fb25d:start=1603405977322617009,finish=1603405977680505608,duration=357888599,event=wait_for_network[0Ktravis_time:start:29b01db8[0Ktravis_time:end:29b01db8:start=1603405977686140447,finish=1603405977929291186,duration=243150739,event=update_apt_keys[0Ktravis_time:start:01b9b15c[0Ktravis_time:end:01b9b15c:start=1603405977934621963,finish=1603405977987640486,duration=53018523,event=fix_hhvm_source[0Ktravis_time:start:051d6780[0Ktravis_time:end:051d6780:start=1603405977991891397,finish=1603405977994354383,duration=2462986,event=update_mongo_arch[0Ktravis_time:start:11d5a594[0Ktravis_time:end:11d5a594:start=1603405977998108074,finish=1603405978038537547,duration=40429473,event=fix_sudo_enabled_trusty[0Ktravis_time:start:1beab69e[0Ktravis_time:end:1beab69e:start=1603405978042616203,finish=1603405978044928415,duration=2312212,event=update_glibc[0Ktravis_time:start:1fb97248[0Ktravis_time:end:1fb97248:start=1603405978049598390,finish=1603405978057601567,duration=8003177,event=clean_up_path[0Ktravis_time:start:07b4d6fe[0Ktravis_time:end:07b4d6fe:start=1603405978063727597,finish=1603405978072883618,duration=9156021,event=fix_resolv_conf[0Ktravis_time:start:19b6e280[0Ktravis_time:end:19b6e280:start=1603405978077209377,finish=1603405978104270912,duration=27061535,event=fix_etc_hosts[0Ktravis_time:start:12bc99fa[0Ktravis_time:end:12bc99fa:start=1603405978107875272,finish=1603405978116265181,duration=8389909,event=fix_mvn_settings_xml[0Ktravis_time:start:22912a85[0Ktravis_time:end:22912a85:start=1603405978121751844,finish=1603405978131694231,duration=9942387,event=no_ipv6_localhost[0Ktravis_time:start:08684640[0Ktravis_time:end:08684640:start=1603405978136788651,finish=1603405978139513297,duration=2724646,event=fix_etc_mavenrc[0Ktravis_time:start:1484ffc4[0Ktravis_time:end:1484ffc4:start=1603405978144424097,finish=1603405978147783208,duration=3359111,event=fix_wwdr_certificate[0Ktravis_time:start:08041f65[0Ktravis_time:end:08041f65:start=1603405978152510845,finish=1603405978231262097,duration=78751252,event=put_localhost_first[0Ktravis_time:start:063c9b72[0Ktravis_time:end:063c9b72:start=1603405978235140891,finish=1603405978238216564,duration=3075673,event=home_paths[0Ktravis_time:start:0063f760[0Ktravis_time:end:0063f760:start=1603405978242174782,finish=1603405978254080570,duration=11905788,event=disable_initramfs[0Ktravis_time:start:242278a0[0Ktravis_time:end:242278a0:start=1603405978259665992,finish=1603405978397973777,duration=138307785,event=disable_ssh_roaming[0Ktravis_time:start:017544cc[0Ktravis_time:end:017544cc:start=1603405978402858472,finish=1603405978405534369,duration=2675897,event=debug_tools[0Ktravis_time:start:022800df[0Ktravis_time:end:022800df:start=1603405978411515804,finish=1603405978414831570,duration=3315766,event=uninstall_oclint[0Ktravis_time:start:15077aea[0Ktravis_time:end:15077aea:start=1603405978421465933,finish=1603405978424732479,duration=3266546,event=rvm_use[0Ktravis_time:start:21c0b730[0Ktravis_time:end:21c0b730:start=1603405978430625604,finish=1603405978439235537,duration=8609933,event=rm_etc_boto_cfg[0Ktravis_time:start:08dc4566[0Ktravis_time:end:08dc4566:start=1603405978442595814,finish=1603405978444877683,duration=2281869,event=rm_oraclejdk8_symlink[0Ktravis_time:start:39c529b9[0Ktravis_time:end:39c529b9:start=1603405978448202780,finish=1603405978540820573,duration=92617793,event=enable_i386[0Ktravis_time:start:240d87e7[0Ktravis_time:end:240d87e7:start=1603405978544744061,finish=1603405978548907044,duration=4162983,event=update_rubygems[0Ktravis_time:start:13e39f18[0Ktravis_time:end:13e39f18:start=1603405978553022477,finish=1603405979344355553,duration=791333076,event=ensure_path_components[0Ktravis_time:start:02fc6fa0[0Ktravis_time:end:02fc6fa0:start=1603405979349105941,finish=1603405979351772328,duration=2666387,event=redefine_curl[0Ktravis_time:start:260fa504[0Ktravis_time:end:260fa504:start=1603405979357638252,finish=1603405979470000210,duration=112361958,event=nonblock_pipe[0Ktravis_time:start:29813f96[0Ktravis_time:end:29813f96:start=1603405979474214748,finish=1603405985509344325,duration=6035129577,event=apt_get_update[0Ktravis_time:start:11c31d10[0Ktravis_time:end:11c31d10:start=1603405985513651636,finish=1603405985515921521,duration=2269885,event=deprecate_xcode_64[0Ktravis_time:start:0662f287[0Ktravis_time:end:0662f287:start=1603405985519766573,finish=1603405988242025468,duration=2722258895,event=update_heroku[0Ktravis_time:start:1a2bc0aa[0Ktravis_time:end:1a2bc0aa:start=1603405988249233890,finish=1603405988251981108,duration=2747218,event=shell_session_update[0Ktravis_time:start:0894d092[0Ktravis_fold:start:docker_mtu[0Ktravis_fold:end:docker_mtu[0Ktravis_time:end:0894d092:start=1603405988257546724,finish=1603405990605731400,duration=2348184676,event=set_docker_mtu[0Ktravis_time:start:0a12a460[0Ktravis_fold:start:resolvconf[0Ktravis_fold:end:resolvconf[0Ktravis_time:end:0a12a460:start=1603405990610901190,finish=1603405990690590559,duration=79689369,event=resolvconf[0Ktravis_time:start:00937330[0Ktravis_time:end:00937330:start=1603405990701121722,finish=1603405990868628498,duration=167506776,event=maven_central_mirror[0Ktravis_time:start:0017156a[0Ktravis_time:end:0017156a:start=1603405990872423378,finish=1603405990969994980,duration=97571602,event=maven_https[0Ktravis_time:start:23e65a46[0Ktravis_fold:start:services[0Ktravis_time:start:04ffbf11[0K$ sudo systemctl start docker
travis_time:end:04ffbf11:start=1603405990981750914,finish=1603405990995673440,duration=13922526,event=prepare[0Ktravis_fold:end:services[0Ktravis_time:end:04ffbf11:start=1603405990981750914,finish=1603405994002733495,duration=3020982581,event=services[0Ktravis_time:start:02af9bb7[0Ktravis_time:end:02af9bb7:start=1603405994007694741,finish=1603405994010291987,duration=2597246,event=fix_ps4[0Ktravis_time:start:113dd8ba[0K
travis_fold:start:git.checkout[0Ktravis_time:start:3199bbf8[0K$ git clone --depth=50 https://github.com/precice/systemtests.git precice/systemtests
Cloning into 'precice/systemtests'...
travis_time:end:3199bbf8:start=1603405994019102768,finish=1603406002610085973,duration=8590983205,event=checkout[0K$ cd precice/systemtests
travis_time:start:02012b95[0K$ git fetch origin +refs/pull/256/merge:
From https://github.com/precice/systemtests
 * branch            refs/pull/256/merge -> FETCH_HEAD
travis_time:end:02012b95:start=1603406002614744427,finish=1603406020183912917,duration=17569168490,event=checkout[0K$ git checkout -qf FETCH_HEAD
travis_fold:end:git.checkout[0K
travis_time:end:02012b95:start=1603406002614744427,finish=1603406021194571681,duration=18579827254,event=checkout[0Ktravis_time:start:011c9802[0K
[33;1mSetting environment variables from repository settings[0m
$ export DOCKER_PASSWORD=[secure]
$ export PRECICE_BOT_EMAIL=[secure]
$ export GH_TOKEN=[secure]
$ export TRAVIS_ACCESS_TOKEN=[secure]
$ export DOCKER_USERNAME=precice

travis_time:end:011c9802:start=1603406021199313345,finish=1603406021209493484,duration=10180139,event=env[0Ktravis_time:start:054b5302[0K$ source ~/virtualenv/python3.8/bin/activate
travis_time:end:054b5302:start=1603406021213990042,finish=1603406021221389875,duration=7399833,event=[0K$ python --version
Python 3.8.1
$ pip --version
pip 20.1.1 from /home/travis/virtualenv/python3.8.1/lib/python3.8/site-packages/pip (python 3.8)
travis_fold:start:install[0Ktravis_time:start:1a1e7800[0K$ pip install Jinja2
Collecting Jinja2
  Downloading Jinja2-2.11.2-py2.py3-none-any.whl (125 kB)
Collecting MarkupSafe>=0.23
  Downloading MarkupSafe-1.1.1-cp38-cp38-manylinux1_x86_64.whl (32 kB)
Installing collected packages: MarkupSafe, Jinja2
Successfully installed Jinja2-2.11.2 MarkupSafe-1.1.1
travis_time:end:1a1e7800:start=1603406021735307038,finish=1603406022927215856,duration=1191908818,event=install[0Ktravis_fold:end:install[0Ktravis_time:start:09515fea[0K$ python system_testing.py -s fe-fe -v
Total reclaimed space: 0B
networks:
  precicecomm: {}
services:
  fenics-adapter-dirichlet:
    command: '/bin/bash -c "cd /home/precice && python3 /home/precice/Data/Input/heat.py
      -d -i simple && mkdir /home/precice/Data/Output/Dirichlet && cp -r precice-output
      *.log /home/precice/Data/Output/Dirichlet"

      '
    container_name: fenics-adapter-dirichlet
    depends_on:
    - tutorial-data
    image: precice/fenics-adapter-ubuntu1804.home-develop:latest
    networks:
      precicecomm: null
    volumes:
    - exchange:/home/precice/Data/Exchange:rw
    - output:/home/precice/Data/Output:rw
    - input:/home/precice/Data/Input:rw
  fenics-adapter-neumann:
    command: '/bin/bash -c "cd /home/precice && python3 /home/precice/Data/Input/heat.py
      -n -i simple && mkdir /home/precice/Data/Output/Neumann && cp -r precice-output
      *.log /home/precice/Data/Output/Neumann"

      '
    container_name: fenics-adapter-neumann
    depends_on:
    - tutorial-data
    image: precice/fenics-adapter-ubuntu1804.home-develop:latest
    networks:
      precicecomm: null
    volumes:
    - exchange:/home/precice/Data/Exchange:rw
    - output:/home/precice/Data/Output:rw
    - input:/home/precice/Data/Input:rw
  tutorial-data:
    build:
      context: /home/travis/build/precice/systemtests/tests/TestCompose_fe-fe
      dockerfile: Dockerfile.tutorial_data
      network: host
    container_name: tutorial-data
    volumes:
    - output:/Output:rw
    - input:/tutorials/HT/partitioned-heat/fenics-fenics:rw
version: '3.4'
volumes:
  exchange: {}
  input: {}
  output: {}

Creating network "testcompose_fe-fe_default" with the default driver
Creating network "testcompose_fe-fe_precicecomm" with the default driver
Creating volume "testcompose_fe-fe_exchange" with default driver
Creating volume "testcompose_fe-fe_output" with default driver
Creating volume "testcompose_fe-fe_input" with default driver
Building tutorial-data
Step 1/8 : from alpine
latest: Pulling from library/alpine
Digest: sha256:c0e9560cda118f9ec63ddefb4a173a2b2a0347082d7dff7dc14272e7841a5b5a
Status: Downloaded newer image for alpine:latest
 ---> d6e46aa2470d
Step 2/8 : ENV tutorial_path tutorials/HT/partitioned-heat/fenics-fenics
 ---> Running in af3541970af0
Removing intermediate container af3541970af0
 ---> f49db3eae704
Step 3/8 : RUN apk add git
 ---> Running in f723d1837c21
fetch http://dl-cdn.alpinelinux.org/alpine/v3.12/main/x86_64/APKINDEX.tar.gz
fetch http://dl-cdn.alpinelinux.org/alpine/v3.12/community/x86_64/APKINDEX.tar.gz
(1/6) Installing ca-certificates (20191127-r4)
(2/6) Installing nghttp2-libs (1.41.0-r0)
(3/6) Installing libcurl (7.69.1-r1)
(4/6) Installing expat (2.2.9-r1)
(5/6) Installing pcre2 (10.35-r0)
(6/6) Installing git (2.26.2-r0)
Executing busybox-1.31.1-r19.trigger
Executing ca-certificates-20191127-r4.trigger
OK: 22 MiB in 20 packages
Removing intermediate container f723d1837c21
 ---> 5b29beb36575
Step 4/8 : ARG branch=develop
 ---> Running in 5b5caaa1ec72
Removing intermediate container 5b5caaa1ec72
 ---> d3d55dcfa220
Step 5/8 : RUN git clone --branch $branch https://github.com/precice/tutorials
 ---> Running in 7013bcf48c47
[91mCloning into 'tutorials'...
[0mRemoving intermediate container 7013bcf48c47
 ---> a5e09c89a957
Step 6/8 : RUN mkdir configs &&     sed -i 's|<m2n:sockets from="HeatDirichlet" to="HeatNeumann"/>|<m2n:sockets from="HeatDirichlet" to="HeatNeumann" exchange-directory="/home/precice/Data/Exchange/" network="eth0"/>|g;             s|\(\s\+\)\(</participant>\)|\1   <export:vtk directory="precice-output" />\n\1\2|g' $tutorial_path/precice-config.xml
 ---> Running in 3a9dc9652917
Removing intermediate container 3a9dc9652917
 ---> 40bd1cddf6e8
Step 7/8 : RUN addgroup -g 1000 precice && adduser -u 1000 -G precice -D precice && chown -R precice:precice tutorials configs
 ---> Running in fe0540cd86bd
Removing intermediate container fe0540cd86bd
 ---> 26a121259fa7
Step 8/8 : USER precice
 ---> Running in ca0e27534bb5
Removing intermediate container ca0e27534bb5
 ---> e2355a77aeb6

Successfully built e2355a77aeb6
Successfully tagged testcompose_fe-fe_tutorial-data:latest
Image for service tutorial-data was built because it did not already exist. To rebuild this image you must use `docker-compose build` or `docker-compose up --build`.
Pulling fenics-adapter-neumann (precice/fenics-adapter-ubuntu1804.home-develop:latest)...
latest: Pulling from precice/fenics-adapter-ubuntu1804.home-develop
Creating tutorial-data ... 
[1A[2KCreating tutorial-data ... [32mdone[0m[1BCreating fenics-adapter-dirichlet ... 
Creating fenics-adapter-neumann   ... 
[2A[2KCreating fenics-adapter-dirichlet ... [32mdone[0m[2B[1A[2KCreating fenics-adapter-neumann   ... [32mdone[0m[1BAttaching to tutorial-data, fenics-adapter-dirichlet, fenics-adapter-neumann
[33mfenics-adapter-dirichlet    |[0m Traceback (most recent call last):
[33mfenics-adapter-dirichlet    |[0m   File "/home/precice/Data/Input/heat.py", line 28, in <module>
[33mfenics-adapter-dirichlet    |[0m     from fenics import Function, FunctionSpace, Expression, Constant, DirichletBC, TrialFunction, TestFunction, \
[33mfenics-adapter-dirichlet    |[0m   File "/usr/lib/python3/dist-packages/fenics/__init__.py", line 7, in <module>
[33mfenics-adapter-dirichlet    |[0m     from dolfin import *
[33mfenics-adapter-dirichlet    |[0m ModuleNotFoundError: No module named 'dolfin'
[36mtutorial-data exited with code 0
[0m[32mfenics-adapter-neumann      |[0m Traceback (most recent call last):
[32mfenics-adapter-neumann      |[0m   File "/home/precice/Data/Input/heat.py", line 28, in <module>
[32mfenics-adapter-neumann      |[0m     from fenics import Function, FunctionSpace, Expression, Constant, DirichletBC, TrialFunction, TestFunction, \
[32mfenics-adapter-neumann      |[0m   File "/usr/lib/python3/dist-packages/fenics/__init__.py", line 7, in <module>
[32mfenics-adapter-neumann      |[0m     from dolfin import *
[32mfenics-adapter-neumann      |[0m ModuleNotFoundError: No module named 'dolfin'
[33mfenics-adapter-dirichlet exited with code 1
[0m[32mfenics-adapter-neumann exited with code 1
[0m------------- Comparing files -------------
> Only in /home/travis/build/precice/systemtests/tests/TestCompose_fe-fe/referenceOutput: precice-HeatDirichlet-iterations.log
Only in /home/travis/build/precice/systemtests/tests/TestCompose_fe-fe/referenceOutput: precice-HeatNeumann-convergence.log
Only in /home/travis/build/precice/systemtests/tests/TestCompose_fe-fe/referenceOutput: precice-HeatNeumann-iterations.log
----------- Comparison finished -----------
EXECUTING: docker container prune -f; export PRECICE_BASE=-ubuntu1804.home-develop; mkdir Logs; docker-compose config && bash ../../silent_compose.sh debug
EXECUTING: docker cp tutorial-data:/Output .
EXECUTING: docker-compose logs > Logs/container.log
EXECUTING: bash ../../compare_results.sh /home/travis/build/precice/systemtests/tests/TestCompose_fe-fe/referenceOutput /home/travis/build/precice/systemtests/tests/TestCompose_fe-fe/Output
TEST FAILED WITH: Output files do not match reference
Files differing               : []
Files only in reference (left): ['precice-HeatDirichlet-iterations.log', 'precice-HeatNeumann-convergence.log', 'precice-HeatNeumann-iterations.log']
Files only in output(right)   : []
Traceback (most recent call last):
  File "system_testing.py", line 133, in run_compose
    comparison(path_to_ref, path_to_otp)
  File "system_testing.py", line 210, in comparison
    raise IncorrectOutput(*ret)
__main__.IncorrectOutput: Output files do not match reference
Files differing               : []
Files only in reference (left): ['precice-HeatDirichlet-iterations.log', 'precice-HeatNeumann-convergence.log', 'precice-HeatNeumann-iterations.log']
Files only in output(right)   : []

During handling of the above exception, another exception occurred:

Traceback (most recent call last):
  File "system_testing.py", line 305, in <module>
    build_run_compare(test, tag, args.branch.lower(), args.local,
  File "system_testing.py", line 227, in build_run_compare
    run_compose(test, branch, local_precice, tag, force_rebuild, rm_all, verbose)
  File "system_testing.py", line 145, in run_compose
    raise STValidateException()
__main__.STValidateException: COMPARISON FAILED - An error occured while comparing test results with reference files!
travis_time:end:09515fea:start=1603406022932862224,finish=1603406152167866396,duration=129235004172,event=script[0K[31;1mThe command "python system_testing.py -s fe-fe -v" exited with 1.[0m
travis_time:start:194146be[0K$ python push.py -o
Cloning into 'precice_st_output'...
Updating files:  35% (6557/18345)Updating files:  36% (6605/18345)Updating files:  37% (6788/18345)Updating files:  38% (6972/18345)Updating files:  39% (7155/18345)Updating files:  40% (7338/18345)Updating files:  41% (7522/18345)Updating files:  42% (7705/18345)Updating files:  43% (7889/18345)Updating files:  44% (8072/18345)Updating files:  45% (8256/18345)Updating files:  46% (8439/18345)Updating files:  47% (8623/18345)Updating files:  48% (8806/18345)Updating files:  49% (8990/18345)Updating files:  50% (9173/18345)Updating files:  51% (9356/18345)Updating files:  52% (9540/18345)Updating files:  53% (9723/18345)Updating files:  54% (9907/18345)Updating files:  55% (10090/18345)Updating files:  56% (10274/18345)Updating files:  57% (10457/18345)Updating files:  58% (10641/18345)Updating files:  59% (10824/18345)Updating files:  60% (11007/18345)Updating files:  61% (11191/18345)Updating files:  62% (11374/18345)Updating files:  63% (11558/18345)Updating files:  64% (11741/18345)Updating files:  65% (11925/18345)Updating files:  66% (12108/18345)Updating files:  67% (12292/18345)Updating files:  68% (12475/18345)Updating files:  69% (12659/18345)Updating files:  70% (12842/18345)Updating files:  71% (13025/18345)Updating files:  72% (13209/18345)Updating files:  73% (13392/18345)Updating files:  74% (13576/18345)Updating files:  75% (13759/18345)Updating files:  75% (13854/18345)Updating files:  76% (13943/18345)Updating files:  77% (14126/18345)Updating files:  78% (14310/18345)Updating files:  79% (14493/18345)Updating files:  80% (14676/18345)Updating files:  81% (14860/18345)Updating files:  82% (15043/18345)Updating files:  83% (15227/18345)Updating files:  84% (15410/18345)Updating files:  85% (15594/18345)Updating files:  86% (15777/18345)Updating files:  87% (15961/18345)Updating files:  88% (16144/18345)Updating files:  89% (16328/18345)Updating files:  90% (16511/18345)Updating files:  91% (16694/18345)Updating files:  92% (16878/18345)Updating files:  93% (17061/18345)Updating files:  94% (17245/18345)Updating files:  95% (17428/18345)Updating files:  96% (17612/18345)Updating files:  97% (17795/18345)Updating files:  98% (17979/18345)Updating files:  99% (18162/18345)Updating files: 100% (18345/18345)Updating files: 100% (18345/18345), done.
