travis_fold:start:worker_info[0K[33;1mWorker information[0m
hostname: 13acab7c-d735-44b1-8348-588e17f18c6a@1.worker-org-cfdfb76bd-r4nlm.gce-production-4
version: v6.2.20-1-g3a987d6 https://github.com/travis-ci/worker/tree/3a987d61ed169c9539ad435d1a9b5f2d8c6ce4a6
instance: travis-job-d443c6b4-280f-4851-aedf-b3bd78e4f9e7 travis-ci-ubuntu-1804-1593521679-ca42795e (via amqp)
startup: 6.070987866s
travis_fold:end:worker_info[0Ktravis_time:start:0ac73880[0Ktravis_time:end:0ac73880:start=1605983751721662237,finish=1605983751907552745,duration=185890508,event=no_world_writable_dirs[0Ktravis_time:start:04498133[0Ktravis_time:end:04498133:start=1605983751910669351,finish=1605983751914153774,duration=3484423,event=setup_filter[0Ktravis_time:start:33953838[0Ktravis_time:end:33953838:start=1605983751922002399,finish=1605983751929717882,duration=7715483,event=agent[0Ktravis_time:start:165bfb81[0Ktravis_time:end:165bfb81:start=1605983751932773291,finish=1605983751934887251,duration=2113960,event=check_unsupported[0Ktravis_time:start:008b7bb0[0Ktravis_fold:start:system_info[0K[33;1mBuild system information[0m
Build language: python
Build group: stable
Build dist: bionic
Build id: 745075293
Job id: 745075314
Runtime kernel version: 5.3.0-1029-gcp
travis-build version: cd707aa7
[34m[1mBuild image provisioning date and time[0m
Tue Jun 30 13:35:43 UTC 2020
[34m[1mOperating System Details[0m
Distributor ID:	Ubuntu
Description:	Ubuntu 18.04.4 LTS
Release:	18.04
Codename:	bionic
[34m[1mSystemd Version[0m
systemd 237
[34m[1mCookbooks Version[0m
3f92a99 https://github.com/travis-ci/travis-cookbooks/tree/3f92a99
[34m[1mgit version[0m
git version 2.27.0
[34m[1mbash version[0m
GNU bash, version 4.4.20(1)-release (x86_64-pc-linux-gnu)
[34m[1mgcc version[0m
gcc (Ubuntu 7.5.0-3ubuntu1~18.04) 7.5.0
[34m[1mdocker version[0m
Client:
 Version:           18.06.0-ce
 API version:       1.38
 Go version:        go1.10.3
 Git commit:        0ffa825
 Built:             Wed Jul 18 19:09:54 2018
 OS/Arch:           linux/amd64
 Experimental:      false

Server:
 Engine:
  Version:          18.06.0-ce
  API version:      1.38 (minimum version 1.12)
  Go version:       go1.10.3
  Git commit:       0ffa825
  Built:            Wed Jul 18 19:07:56 2018
  OS/Arch:          linux/amd64
  Experimental:     false
[34m[1mclang version[0m
clang version 7.0.0 (tags/RELEASE_700/final)
[34m[1mjq version[0m
jq-1.5
[34m[1mbats version[0m
Bats 0.4.0
[34m[1mshellcheck version[0m
0.7.0
[34m[1mshfmt version[0m
v2.6.3
[34m[1mccache version[0m
3.4.1
[34m[1mcmake version[0m
cmake version 3.12.4
[34m[1mheroku version[0m
heroku/7.42.1 linux-x64 node-v12.16.2
[34m[1mimagemagick version[0m
Version: ImageMagick 6.9.7-4 Q16 x86_64 20170114 http://www.imagemagick.org
[34m[1mmd5deep version[0m
4.4
[34m[1mmercurial version[0m
version 4.8
[34m[1mmysql version[0m
mysql  Ver 14.14 Distrib 5.7.30, for Linux (x86_64) using  EditLine wrapper
[34m[1mopenssl version[0m
OpenSSL 1.1.1  11 Sep 2018
[34m[1mpacker version[0m
1.3.3
[34m[1mpostgresql client version[0m
psql (PostgreSQL) 11.8 (Ubuntu 11.8-1.pgdg18.04+1)
[34m[1mragel version[0m
Ragel State Machine Compiler version 6.10 March 2017
[34m[1msudo version[0m
1.8.21p2
[34m[1mgzip version[0m
gzip 1.6
[34m[1mzip version[0m
Zip 3.0
[34m[1mvim version[0m
VIM - Vi IMproved 8.0 (2016 Sep 12, compiled Mar 18 2020 18:29:15)
[34m[1miptables version[0m
iptables v1.6.1
[34m[1mcurl version[0m
curl 7.58.0 (x86_64-pc-linux-gnu) libcurl/7.58.0 OpenSSL/1.1.1 zlib/1.2.11 libidn2/2.0.4 libpsl/0.19.1 (+libidn2/2.0.4) nghttp2/1.30.0 librtmp/2.3
[34m[1mwget version[0m
GNU Wget 1.19.4 built on linux-gnu.
[34m[1mrsync version[0m
rsync  version 3.1.2  protocol version 31
[34m[1mgimme version[0m
v1.5.4
[34m[1mnvm version[0m
0.35.3
[34m[1mperlbrew version[0m
/home/travis/perl5/perlbrew/bin/perlbrew  - App::perlbrew/0.87
[34m[1mphpenv version[0m
rbenv 1.1.2-30-gc879cb0
[34m[1mrvm version[0m
rvm 1.29.10 (latest) by Michal Papis, Piotr Kuczynski, Wayne E. Seguin [https://rvm.io]
[34m[1mdefault ruby version[0m
ruby 2.6.5p114 (2019-10-01 revision 67812) [x86_64-linux]
[34m[1mElasticSearch version[0m
5.5.0
[34m[1mInstalled Firefox version[0m
firefox 63.0.1
[34m[1mMongoDB version[0m
MongoDB 4.0.19
[34m[1mPhantomJS version[0m
2.1.1
[34m[1mPre-installed PostgreSQL versions[0m
9.3.25
9.4.26
9.5.22
9.6.18
[34m[1mRedis version[0m
redis-server 6.0.5
[34m[1mPre-installed Go versions[0m
1.11.1
[34m[1mant version[0m
Apache Ant(TM) version 1.10.5 compiled on March 28 2019
[34m[1mmvn version[0m
Apache Maven 3.6.3 (cecedd343002696d0abb50b32b541b8a6ba2883f)
[34m[1mgradle version[0m
Gradle 5.1.1!
[34m[1mlein version[0m
Leiningen 2.9.3 on Java 11.0.2 OpenJDK 64-Bit Server VM
[34m[1mPre-installed Node.js versions[0m
v10.16.0
v10.21.0
v11.15.0
v12.13.1
v12.18.1
v13.3.0
v4.9.1
v6.17.1
v8.16.2
v8.17.0
v8.9
[34m[1mphpenv versions[0m
  system
  7.1
  7.1.33
  7.2
* 7.2.27 (set by /home/travis/.phpenv/version)
  7.3
  7.3.14
  7.4
  7.4.2
  hhvm
  hhvm-stable
[34m[1mcomposer --version[0m
Composer version 1.9.2 2020-01-14 16:30:31
[34m[1mPre-installed Ruby versions[0m
ruby-2.4.9
ruby-2.5.3
ruby-2.5.7
ruby-2.6.5
ruby-2.7.0
travis_fold:end:system_info[0K
travis_time:end:008b7bb0:start=1605983751937440399,finish=1605983751943952076,duration=6511677,event=show_system_info[0Ktravis_time:start:02ab77e5[0Ktravis_time:end:02ab77e5:start=1605983751946759743,finish=1605983751959596333,duration=12836590,event=rm_riak_source[0Ktravis_time:start:04f93642[0Ktravis_time:end:04f93642:start=1605983751962419303,finish=1605983751975356947,duration=12937644,event=fix_rwky_redis[0Ktravis_time:start:1206e390[0Ktravis_time:end:1206e390:start=1605983751978411509,finish=1605983752536070568,duration=557659059,event=wait_for_network[0Ktravis_time:start:1c4d33ae[0Ktravis_time:end:1c4d33ae:start=1605983752540463114,finish=1605983752786349707,duration=245886593,event=update_apt_keys[0Ktravis_time:start:348e934d[0Ktravis_time:end:348e934d:start=1605983752791058441,finish=1605983752844493216,duration=53434775,event=fix_hhvm_source[0Ktravis_time:start:1b0051a1[0Ktravis_time:end:1b0051a1:start=1605983752849687183,finish=1605983752852257403,duration=2570220,event=update_mongo_arch[0Ktravis_time:start:065a5688[0Ktravis_time:end:065a5688:start=1605983752856580294,finish=1605983752897060569,duration=40480275,event=fix_sudo_enabled_trusty[0Ktravis_time:start:222a21cb[0Ktravis_time:end:222a21cb:start=1605983752902612823,finish=1605983752904957140,duration=2344317,event=update_glibc[0Ktravis_time:start:0b9521f2[0Ktravis_time:end:0b9521f2:start=1605983752909205587,finish=1605983752917396805,duration=8191218,event=clean_up_path[0Ktravis_time:start:19931590[0Ktravis_time:end:19931590:start=1605983752921544781,finish=1605983752930224672,duration=8679891,event=fix_resolv_conf[0Ktravis_time:start:10a8c3b6[0Ktravis_time:end:10a8c3b6:start=1605983752934484578,finish=1605983752959546397,duration=25061819,event=fix_etc_hosts[0Ktravis_time:start:11b7d200[0Ktravis_time:end:11b7d200:start=1605983752963795664,finish=1605983752972535265,duration=8739601,event=fix_mvn_settings_xml[0Ktravis_time:start:1160acf2[0Ktravis_time:end:1160acf2:start=1605983752976044565,finish=1605983752985512891,duration=9468326,event=no_ipv6_localhost[0Ktravis_time:start:048d6518[0Ktravis_time:end:048d6518:start=1605983752990268991,finish=1605983752992915196,duration=2646205,event=fix_etc_mavenrc[0Ktravis_time:start:0c66ddf1[0Ktravis_time:end:0c66ddf1:start=1605983752997570816,finish=1605983753000328475,duration=2757659,event=fix_wwdr_certificate[0Ktravis_time:start:23ab1738[0Ktravis_time:end:23ab1738:start=1605983753004725605,finish=1605983753068182816,duration=63457211,event=put_localhost_first[0Ktravis_time:start:03f76580[0Ktravis_time:end:03f76580:start=1605983753073633085,finish=1605983753076953594,duration=3320509,event=home_paths[0Ktravis_time:start:00df8972[0Ktravis_time:end:00df8972:start=1605983753081430302,finish=1605983753093323264,duration=11892962,event=disable_initramfs[0Ktravis_time:start:06c5c5f0[0Ktravis_time:end:06c5c5f0:start=1605983753097613352,finish=1605983753224382887,duration=126769535,event=disable_ssh_roaming[0Ktravis_time:start:011f4e88[0Ktravis_time:end:011f4e88:start=1605983753229429779,finish=1605983753231693136,duration=2263357,event=debug_tools[0Ktravis_time:start:1e2649cc[0Ktravis_time:end:1e2649cc:start=1605983753235561460,finish=1605983753238635463,duration=3074003,event=uninstall_oclint[0Ktravis_time:start:11924bde[0Ktravis_time:end:11924bde:start=1605983753242726476,finish=1605983753245797771,duration=3071295,event=rvm_use[0Ktravis_time:start:041ec114[0Ktravis_time:end:041ec114:start=1605983753249684630,finish=1605983753257125669,duration=7441039,event=rm_etc_boto_cfg[0Ktravis_time:start:0efd3bf4[0Ktravis_time:end:0efd3bf4:start=1605983753260648174,finish=1605983753262589027,duration=1940853,event=rm_oraclejdk8_symlink[0Ktravis_time:start:0642bca0[0Ktravis_time:end:0642bca0:start=1605983753266227658,finish=1605983753354327242,duration=88099584,event=enable_i386[0Ktravis_time:start:0ddae1c0[0Ktravis_time:end:0ddae1c0:start=1605983753358327017,finish=1605983753361908360,duration=3581343,event=update_rubygems[0Ktravis_time:start:04d0f5d0[0Ktravis_time:end:04d0f5d0:start=1605983753365960185,finish=1605983754150679279,duration=784719094,event=ensure_path_components[0Ktravis_time:start:273019ff[0Ktravis_time:end:273019ff:start=1605983754155016657,finish=1605983754157882335,duration=2865678,event=redefine_curl[0Ktravis_time:start:10610fac[0Ktravis_time:end:10610fac:start=1605983754161834776,finish=1605983754266651189,duration=104816413,event=nonblock_pipe[0Ktravis_time:start:0f81c702[0Ktravis_time:end:0f81c702:start=1605983754270644531,finish=1605983760302998368,duration=6032353837,event=apt_get_update[0Ktravis_time:start:12b02854[0Ktravis_time:end:12b02854:start=1605983760307806107,finish=1605983760310017764,duration=2211657,event=deprecate_xcode_64[0Ktravis_time:start:23390778[0Ktravis_time:end:23390778:start=1605983760313774443,finish=1605983763067556558,duration=2753782115,event=update_heroku[0Ktravis_time:start:2f066376[0Ktravis_time:end:2f066376:start=1605983763071553498,finish=1605983763074231352,duration=2677854,event=shell_session_update[0Ktravis_time:start:0d7a2544[0Ktravis_fold:start:docker_mtu_and_registry_mirrors[0Ktravis_fold:end:docker_mtu_and_registry_mirrors[0Ktravis_time:end:0d7a2544:start=1605983763077415302,finish=1605983765448867092,duration=2371451790,event=set_docker_mtu_and_registry_mirrors[0Ktravis_time:start:15d9add2[0Ktravis_fold:start:resolvconf[0Ktravis_fold:end:resolvconf[0Ktravis_time:end:15d9add2:start=1605983765453789474,finish=1605983765530226246,duration=76436772,event=resolvconf[0Ktravis_time:start:052133c4[0Ktravis_time:end:052133c4:start=1605983765539258408,finish=1605983765692520743,duration=153262335,event=maven_central_mirror[0Ktravis_time:start:01b0b4a3[0Ktravis_time:end:01b0b4a3:start=1605983765697730300,finish=1605983765793172468,duration=95442168,event=maven_https[0Ktravis_time:start:07c3b807[0Ktravis_fold:start:services[0Ktravis_time:start:18200792[0K$ sudo systemctl start docker
travis_time:end:18200792:start=1605983765805341211,finish=1605983765817494638,duration=12153427,event=prepare[0Ktravis_fold:end:services[0Ktravis_time:end:18200792:start=1605983765805341211,finish=1605983768823629133,duration=3018287922,event=services[0Ktravis_time:start:06884fc4[0Ktravis_time:end:06884fc4:start=1605983768828739660,finish=1605983768831513544,duration=2773884,event=fix_ps4[0Ktravis_time:start:001161e7[0K
travis_fold:start:git.checkout[0Ktravis_time:start:08817462[0K$ git clone --depth=50 --branch=develop https://github.com/precice/systemtests.git precice/systemtests
Cloning into 'precice/systemtests'...
travis_time:end:08817462:start=1605983768841320176,finish=1605983776777236000,duration=7935915824,event=checkout[0K$ cd precice/systemtests
$ git checkout -qf 745155cd2c46ea2546c81144c3c18fbe2061a90f
travis_fold:end:git.checkout[0K
travis_time:end:08817462:start=1605983768841320176,finish=1605983778195967718,duration=9354647542,event=checkout[0Ktravis_time:start:13432179[0K
[33;1mSetting environment variables from repository settings[0m
$ export DOCKER_PASSWORD=[secure]
$ export PRECICE_BOT_EMAIL=[secure]
$ export GH_TOKEN=[secure]
$ export TRAVIS_ACCESS_TOKEN=[secure]
$ export DOCKER_USERNAME=precice

travis_time:end:13432179:start=1605983778200963337,finish=1605983778210053099,duration=9089762,event=env[0Ktravis_time:start:07faeab8[0K$ source ~/virtualenv/python3.8/bin/activate
travis_time:end:07faeab8:start=1605983778214377572,finish=1605983778221444878,duration=7067306,event=[0K$ python --version
Python 3.8.1
$ pip --version
pip 20.1.1 from /home/travis/virtualenv/python3.8.1/lib/python3.8/site-packages/pip (python 3.8)
travis_fold:start:install[0Ktravis_time:start:0ab6ad67[0K$ pip install Jinja2
Collecting Jinja2
  Downloading Jinja2-2.11.2-py2.py3-none-any.whl (125 kB)
Collecting MarkupSafe>=0.23
  Downloading MarkupSafe-1.1.1-cp38-cp38-manylinux1_x86_64.whl (32 kB)
Installing collected packages: MarkupSafe, Jinja2
Successfully installed Jinja2-2.11.2 MarkupSafe-1.1.1
travis_time:end:0ab6ad67:start=1605983778601974967,finish=1605983779704214479,duration=1102239512,event=install[0Ktravis_fold:end:install[0Ktravis_time:start:073c641d[0K$ python system_testing.py -s bindings -v
Sending build context to Docker daemon  5.632kB
Step 1/34 : ARG from=precice/precice-ubuntu1804.home-develop
Step 2/34 : FROM $from
latest: Pulling from precice/precice-ubuntu1804.package-develop
171857c49d0f: Pulling fs layer
419640447d26: Pulling fs layer
61e52f862619: Pulling fs layer
9d7b00a2c540: Pulling fs layer
021813021975: Pulling fs layer
dead3f076e36: Pulling fs layer
17bc4e0cd862: Pulling fs layer
fead2c49c27a: Pulling fs layer
807ce0274056: Pulling fs layer
c693d151693e: Pulling fs layer
9b035918f747: Pulling fs layer
6b11069bc6cf: Pulling fs layer
9d7b00a2c540: Waiting
021813021975: Waiting
dead3f076e36: Waiting
17bc4e0cd862: Waiting
fead2c49c27a: Waiting
807ce0274056: Waiting
c693d151693e: Waiting
9b035918f747: Waiting
6b11069bc6cf: Waiting
61e52f862619: Verifying Checksum
61e52f862619: Download complete
419640447d26: Verifying Checksum
419640447d26: Download complete
021813021975: Verifying Checksum
021813021975: Download complete
dead3f076e36: Verifying Checksum
dead3f076e36: Download complete
171857c49d0f: Verifying Checksum
171857c49d0f: Download complete
17bc4e0cd862: Verifying Checksum
17bc4e0cd862: Download complete
171857c49d0f: Pull complete
419640447d26: Pull complete
61e52f862619: Pull complete
fead2c49c27a: Verifying Checksum
fead2c49c27a: Download complete
807ce0274056: Verifying Checksum
807ce0274056: Download complete
9b035918f747: Verifying Checksum
9b035918f747: Download complete
6b11069bc6cf: Verifying Checksum
6b11069bc6cf: Download complete
c693d151693e: Verifying Checksum
c693d151693e: Download complete
9d7b00a2c540: Download complete
9d7b00a2c540: Pull complete
021813021975: Pull complete
dead3f076e36: Pull complete
17bc4e0cd862: Pull complete
fead2c49c27a: Pull complete
807ce0274056: Pull complete
c693d151693e: Pull complete
9b035918f747: Pull complete
6b11069bc6cf: Pull complete
Digest: sha256:1a4460c8c777a527b2f6b7e8635697b9a7689386a2882f6a2731d0e259bfc9ee
Status: Downloaded newer image for precice/precice-ubuntu1804.package-develop:latest
 ---> bc4c4e043f6b
Step 3/34 : USER root
 ---> Running in 138702493b11
Removing intermediate container 138702493b11
 ---> 0e69295bc6af
Step 4/34 : ENV USER=root
 ---> Running in 3870cd34462a
Removing intermediate container 3870cd34462a
 ---> e0e01add1373
Step 5/34 : ENV FORTRAN=gfortran
 ---> Running in 19a4fb19fe49
Removing intermediate container 19a4fb19fe49
 ---> 7b32474cbbdd
Step 6/34 : RUN apt-get -qq update && apt-get -qq install     python3-pip &&     rm -rf /var/lib/apt/lists/*
 ---> Running in 7fda3d4f7671
[91mdebconf: delaying package configuration, since apt-utils is not installed
[0mSelecting previously unselected package libapparmor1:amd64.
(Reading database ... (Reading database ... 5%(Reading database ... 10%(Reading database ... 15%(Reading database ... 20%(Reading database ... 25%(Reading database ... 30%(Reading database ... 35%(Reading database ... 40%(Reading database ... 45%(Reading database ... 50%(Reading database ... 55%(Reading database ... 60%(Reading database ... 65%(Reading database ... 70%(Reading database ... 75%(Reading database ... 80%(Reading database ... 85%(Reading database ... 90%(Reading database ... 95%(Reading database ... 100%(Reading database ... 39329 files and directories currently installed.)
Preparing to unpack .../00-libapparmor1_2.12-4ubuntu5.1_amd64.deb ...
Unpacking libapparmor1:amd64 (2.12-4ubuntu5.1) ...
Selecting previously unselected package libdbus-1-3:amd64.
Preparing to unpack .../01-libdbus-1-3_1.12.2-1ubuntu1.2_amd64.deb ...
Unpacking libdbus-1-3:amd64 (1.12.2-1ubuntu1.2) ...
Selecting previously unselected package dbus.
Preparing to unpack .../02-dbus_1.12.2-1ubuntu1.2_amd64.deb ...
Unpacking dbus (1.12.2-1ubuntu1.2) ...
Selecting previously unselected package python3-dbus.
Preparing to unpack .../03-python3-dbus_1.2.6-1_amd64.deb ...
Unpacking python3-dbus (1.2.6-1) ...
Selecting previously unselected package python3-gi.
Preparing to unpack .../04-python3-gi_3.26.1-2ubuntu1_amd64.deb ...
Unpacking python3-gi (3.26.1-2ubuntu1) ...
Selecting previously unselected package python-pip-whl.
Preparing to unpack .../05-python-pip-whl_9.0.1-2.3~ubuntu1.18.04.4_all.deb ...
Unpacking python-pip-whl (9.0.1-2.3~ubuntu1.18.04.4) ...
Selecting previously unselected package python3-asn1crypto.
Preparing to unpack .../06-python3-asn1crypto_0.24.0-1_all.deb ...
Unpacking python3-asn1crypto (0.24.0-1) ...
Selecting previously unselected package python3-cffi-backend.
Preparing to unpack .../07-python3-cffi-backend_1.11.5-1_amd64.deb ...
Unpacking python3-cffi-backend (1.11.5-1) ...
Selecting previously unselected package python3-crypto.
Preparing to unpack .../08-python3-crypto_2.6.1-8ubuntu2_amd64.deb ...
Unpacking python3-crypto (2.6.1-8ubuntu2) ...
Selecting previously unselected package python3-idna.
Preparing to unpack .../09-python3-idna_2.6-1_all.deb ...
Unpacking python3-idna (2.6-1) ...
Selecting previously unselected package python3-six.
Preparing to unpack .../10-python3-six_1.11.0-2_all.deb ...
Unpacking python3-six (1.11.0-2) ...
Selecting previously unselected package python3-cryptography.
Preparing to unpack .../11-python3-cryptography_2.1.4-1ubuntu1.4_amd64.deb ...
Unpacking python3-cryptography (2.1.4-1ubuntu1.4) ...
Selecting previously unselected package python3-secretstorage.
Preparing to unpack .../12-python3-secretstorage_2.3.1-2_all.deb ...
Unpacking python3-secretstorage (2.3.1-2) ...
Selecting previously unselected package python3-keyring.
Preparing to unpack .../13-python3-keyring_10.6.0-1_all.deb ...
Unpacking python3-keyring (10.6.0-1) ...
Selecting previously unselected package python3-keyrings.alt.
Preparing to unpack .../14-python3-keyrings.alt_3.0-1_all.deb ...
Unpacking python3-keyrings.alt (3.0-1) ...
Selecting previously unselected package python3-pip.
Preparing to unpack .../15-python3-pip_9.0.1-2.3~ubuntu1.18.04.4_all.deb ...
Unpacking python3-pip (9.0.1-2.3~ubuntu1.18.04.4) ...
Selecting previously unselected package python3-pkg-resources.
Preparing to unpack .../16-python3-pkg-resources_39.0.1-2_all.deb ...
Unpacking python3-pkg-resources (39.0.1-2) ...
Selecting previously unselected package python3-setuptools.
Preparing to unpack .../17-python3-setuptools_39.0.1-2_all.deb ...
Unpacking python3-setuptools (39.0.1-2) ...
Selecting previously unselected package python3-wheel.
Preparing to unpack .../18-python3-wheel_0.30.0-0.2_all.deb ...
Unpacking python3-wheel (0.30.0-0.2) ...
Selecting previously unselected package python3-xdg.
Preparing to unpack .../19-python3-xdg_0.25-4ubuntu1_all.deb ...
Unpacking python3-xdg (0.25-4ubuntu1) ...
Setting up python-pip-whl (9.0.1-2.3~ubuntu1.18.04.4) ...
Setting up python3-cffi-backend (1.11.5-1) ...
Setting up python3-crypto (2.6.1-8ubuntu2) ...
Setting up python3-idna (2.6-1) ...
Setting up python3-xdg (0.25-4ubuntu1) ...
Setting up python3-six (1.11.0-2) ...
Setting up python3-wheel (0.30.0-0.2) ...
Setting up python3-pkg-resources (39.0.1-2) ...
Setting up python3-gi (3.26.1-2ubuntu1) ...
Setting up python3-asn1crypto (0.24.0-1) ...
Setting up libapparmor1:amd64 (2.12-4ubuntu5.1) ...
Setting up python3-pip (9.0.1-2.3~ubuntu1.18.04.4) ...
Setting up python3-setuptools (39.0.1-2) ...
Setting up libdbus-1-3:amd64 (1.12.2-1ubuntu1.2) ...
Setting up python3-cryptography (2.1.4-1ubuntu1.4) ...
Setting up python3-dbus (1.2.6-1) ...
Setting up python3-keyrings.alt (3.0-1) ...
Setting up dbus (1.12.2-1ubuntu1.2) ...
Setting up python3-secretstorage (2.3.1-2) ...
Setting up python3-keyring (10.6.0-1) ...
Processing triggers for libc-bin (2.27-3ubuntu1.2) ...
Removing intermediate container 7fda3d4f7671
 ---> f2795f49c5be
Step 7/34 : USER precice
 ---> Running in b32efabf3bcf
Removing intermediate container b32efabf3bcf
 ---> e8c0807df3ed
Step 8/34 : RUN pip3 install --user --upgrade pip  # Use latest pip version. See https://github.com/precice/python-bindings#installing-the-package
 ---> Running in 8af0dc78353b
Collecting pip
  Downloading https://files.pythonhosted.org/packages/cb/28/91f26bd088ce8e22169032100d4260614fc3da435025ff389ef1d396a433/pip-20.2.4-py2.py3-none-any.whl (1.5MB)
Installing collected packages: pip
Successfully installed pip-20.2.4
Removing intermediate container 8af0dc78353b
 ---> 848e6cb93a88
Step 9/34 : ARG branch=develop
 ---> Running in 15df26a4b035
Removing intermediate container 15df26a4b035
 ---> b31fe5bdac26
Step 10/34 : WORKDIR /home/precice
 ---> Running in f610b6deedb6
Removing intermediate container f610b6deedb6
 ---> a28570d31d60
Step 11/34 : RUN git clone --branch $branch https://github.com/precice/python-bindings.git
 ---> Running in 33ef81df033f
[91mCloning into 'python-bindings'...
[0mRemoving intermediate container 33ef81df033f
 ---> 21ced4fe6848
Step 12/34 : WORKDIR /home/precice/python-bindings
 ---> Running in 127fe0a46381
Removing intermediate container 127fe0a46381
 ---> 10f3864f71bb
Step 13/34 : RUN pip3 install --user .
 ---> Running in a4f0f9d95fd0
[91mWARNING: pip is being invoked by an old script wrapper. This will fail in a future version of pip.
Please see https://github.com/pypa/pip/issues/5599 for advice on fixing the underlying issue.
To avoid this problem you can invoke Python with '-m pip' instead of running pip directly.
[0mProcessing /home/precice/python-bindings
  Installing build dependencies: started
  Installing build dependencies: finished with status 'done'
  Getting requirements to build wheel: started
  Getting requirements to build wheel: finished with status 'done'
    Preparing wheel metadata: started
    Preparing wheel metadata: finished with status 'done'
Processing /home/precice/.cache/pip/wheels/d6/73/83/ad9dd3ebae512829ab3f21657f76403dc4aa6649e1118c9369/mpi4py-3.0.3-cp36-cp36m-linux_x86_64.whl
Requirement already satisfied: numpy in /usr/lib/python3/dist-packages (from pyprecice==2.1.1.1+14.gdaf8aea) (1.13.3)
Building wheels for collected packages: pyprecice
  Building wheel for pyprecice (PEP 517): started
  Building wheel for pyprecice (PEP 517): finished with status 'done'
  Created wheel for pyprecice: filename=pyprecice-2.1.1.1+14.gdaf8aea-py2.py3-none-any.whl size=767594 sha256=d4cb6b0be041343d330d6410e102c99c1eca161d4dc7fcdb142907bc2151574a
  Stored in directory: /home/precice/.cache/pip/wheels/85/7b/7f/f35133fddbce54c9da4ecf1713a6c5151eb30b0a3d88de72df
Successfully built pyprecice
Installing collected packages: mpi4py, pyprecice
Successfully installed mpi4py-3.0.3 pyprecice-2.1.1.1+14.gdaf8aea
Removing intermediate container a4f0f9d95fd0
 ---> 34f17b80fa52
Step 14/34 : WORKDIR /home/precice/python-bindings/solverdummy
 ---> Running in a11b40c6df5a
Removing intermediate container a11b40c6df5a
 ---> 730259ffe23d
Step 15/34 : RUN python3 solverdummy.py precice-config.xml SolverOne MeshOne & python3 solverdummy.py precice-config.xml SolverTwo MeshTwo
 ---> Running in 304a260bab00
[91m[travis-job-d443c6b4-280f-4851-aedf-b3bd78e4f9e7:00007] mca_base_component_repository_open: unable to open mca_patcher_overwrite: /usr/lib/x86_64-linux-gnu/openmpi/lib/openmpi/mca_patcher_overwrite.so: undefined symbol: mca_patcher_base_patch_t_class (ignored)
[travis-job-d443c6b4-280f-4851-aedf-b3bd78e4f9e7:00006] mca_base_component_repository_open: unable to open mca_patcher_overwrite: /usr/lib/x86_64-linux-gnu/openmpi/lib/openmpi/mca_patcher_overwrite.so: undefined symbol: mca_patcher_base_patch_t_class (ignored)
[0m[91m[travis-job-d443c6b4-280f-4851-aedf-b3bd78e4f9e7:00007] mca_base_component_repository_open: unable to open mca_shmem_posix: /usr/lib/x86_64-linux-gnu/openmpi/lib/openmpi/mca_shmem_posix.so: undefined symbol: opal_shmem_base_framework (ignored)
[0m[91m[travis-job-d443c6b4-280f-4851-aedf-b3bd78e4f9e7:00007] mca_base_component_repository_open: unable to open mca_shmem_mmap: /usr/lib/x86_64-linux-gnu/openmpi/lib/openmpi/mca_shmem_mmap.so: undefined symbol: opal_show_help (ignored)
[0m[91m[travis-job-d443c6b4-280f-4851-aedf-b3bd78e4f9e7:00007] mca_base_component_repository_open: unable to open mca_shmem_sysv: /usr/lib/x86_64-linux-gnu/openmpi/lib/openmpi/mca_shmem_sysv.so: undefined symbol: opal_show_help (ignored)
[0m[91m--------------------------------------------------------------------------
It looks like opal_init failed for some reason; your parallel process is
likely to abort.  There are many reasons that a parallel process can
fail during opal_init; some of which are due to configuration or
environment problems.  This failure appears to be an internal failure;
here's some additional information (which may only be relevant to an
Open MPI developer):

  opal_shmem_base_select failed
  --> Returned value -1 instead of OPAL_SUCCESS
--------------------------------------------------------------------------
[0m[91m--------------------------------------------------------------------------
It looks like orte_init failed for some reason; your parallel process is
likely to abort.  There are many reasons that a parallel process can
fail during orte_init; some of which are due to configuration or
environment problems.  This failure appears to be an internal failure;
here's some additional information (which may only be relevant to an
Open MPI developer):

  opal_init failed
  --> Returned value Error (-1) instead of ORTE_SUCCESS
--------------------------------------------------------------------------
[0m[91m--------------------------------------------------------------------------
It looks like MPI_INIT failed for some reason; your parallel process is
likely to abort.  There are many reasons that a parallel process can
fail during MPI_INIT; some of which are due to configuration or environment
problems.  This failure appears to be an internal failure; here's some
additional information (which may only be relevant to an Open MPI
developer):

  ompi_mpi_init: ompi_rte_init failed
  --> Returned "Error" (-1) instead of "Success" (0)
--------------------------------------------------------------------------
[0m[91m*** An error occurred in MPI_Init
[0m[91m*** on a NULL communicator
[0m[91m*** MPI_ERRORS_ARE_FATAL (processes in this communicator will now abort,
[0m[91m***    and potentially your MPI job)
[0m[91m[travis-job-d443c6b4-280f-4851-aedf-b3bd78e4f9e7:7] Local abort before MPI_INIT completed completed successfully, but am not able to aggregate error messages, and not able to guarantee that all other processes were killed!
[0mThe command '/bin/sh -c python3 solverdummy.py precice-config.xml SolverOne MeshOne & python3 solverdummy.py precice-config.xml SolverTwo MeshTwo' returned a non-zero code: 1
EXECUTING: docker build --network=host --file Dockerfile --tag st_bindings-ubuntu1804.package-develop --build-arg from=precice/precice-ubuntu1804.package-develop:latest .
BUILD FAILED WITH: Command 'docker build --network=host --file Dockerfile --tag st_bindings-ubuntu1804.package-develop --build-arg from=precice/precice-ubuntu1804.package-develop:latest .' returned non-zero exit status 1.
Traceback (most recent call last):
  File "system_testing.py", line 28, in build
    docker.build_image(tag = test_tag,
  File "/home/travis/build/precice/systemtests/docker.py", line 31, in build_image
    subprocess.run(cmd, shell = True, check = True)
  File "/opt/python/3.8.1/lib/python3.8/subprocess.py", line 512, in run
    raise CalledProcessError(retcode, process.args,
subprocess.CalledProcessError: Command 'docker build --network=host --file Dockerfile --tag st_bindings-ubuntu1804.package-develop --build-arg from=precice/precice-ubuntu1804.package-develop:latest .' returned non-zero exit status 1.

During handling of the above exception, another exception occurred:

Traceback (most recent call last):
  File "system_testing.py", line 305, in <module>
    build_run_compare(test, tag, args.branch.lower(), args.local,
  File "system_testing.py", line 235, in build_run_compare
    build(test_basename, tag, branch, local_precice, force_rebuild)
  File "system_testing.py", line 35, in build
    raise STBuildException()
__main__.STBuildException: BUILD FAILED - An error occured while building the docker image!
travis_time:end:073c641d:start=1605983779710833813,finish=1605983950005834859,duration=170295001046,event=script[0K[31;1mThe command "python system_testing.py -s bindings -v" exited with 1.[0m
travis_time:start:146559f8[0K$ python push.py
Cloning into 'precice_st_output'...
Updating files:  22% (7768/35157)Updating files:  23% (8087/35157)Updating files:  24% (8438/35157)Updating files:  25% (8790/35157)Updating files:  26% (9141/35157)Updating files:  27% (9493/35157)Updating files:  28% (9844/35157)Updating files:  29% (10196/35157)Updating files:  30% (10548/35157)Updating files:  31% (10899/35157)Updating files:  32% (11251/35157)Updating files:  33% (11602/35157)Updating files:  34% (11954/35157)Updating files:  35% (12305/35157)Updating files:  36% (12657/35157)Updating files:  37% (13009/35157)Updating files:  38% (13360/35157)Updating files:  39% (13712/35157)Updating files:  40% (14063/35157)Updating files:  40% (14285/35157)Updating files:  41% (14415/35157)Updating files:  42% (14766/35157)Updating files:  43% (15118/35157)Updating files:  44% (15470/35157)Updating files:  45% (15821/35157)Updating files:  46% (16173/35157)Updating files:  47% (16524/35157)Updating files:  48% (16876/35157)Updating files:  49% (17227/35157)Updating files:  50% (17579/35157)Updating files:  51% (17931/35157)Updating files:  52% (18282/35157)Updating files:  53% (18634/35157)Updating files:  54% (18985/35157)Updating files:  55% (19337/35157)Updating files:  55% (19370/35157)Updating files:  56% (19688/35157)Updating files:  57% (20040/35157)Updating files:  58% (20392/35157)Updating files:  59% (20743/35157)Updating files:  60% (21095/35157)Updating files:  61% (21446/35157)Updating files:  62% (21798/35157)Updating files:  63% (22149/35157)Updating files:  64% (22501/35157)Updating files:  65% (22853/35157)Updating files:  66% (23204/35157)Updating files:  67% (23556/35157)Updating files:  68% (23907/35157)Updating files:  68% (23916/35157)Updating files:  69% (24259/35157)Updating files:  70% (24610/35157)Updating files:  71% (24962/35157)Updating files:  72% (25314/35157)Updating files:  73% (25665/35157)Updating files:  74% (26017/35157)Updating files:  75% (26368/35157)Updating files:  76% (26720/35157)Updating files:  77% (27071/35157)Updating files:  78% (27423/35157)Updating files:  79% (27775/35157)Updating files:  80% (28126/35157)Updating files:  81% (28478/35157)Updating files:  81% (28709/35157)Updating files:  82% (28829/35157)Updating files:  83% (29181/35157)Updating files:  83% (29469/35157)Updating files:  84% (29532/35157)Updating files:  85% (29884/35157)Updating files:  85% (29989/35157)Updating files:  86% (30236/35157)Updating files:  87% (30587/35157)Updating files:  88% (30939/35157)Updating files:  89% (31290/35157)Updating files:  90% (31642/35157)Updating files:  91% (31993/35157)Updating files:  92% (32345/35157)Updating files:  93% (32697/35157)Updating files:  94% (33048/35157)Updating files:  95% (33400/35157)Updating files:  96% (33751/35157)Updating files:  96% (33973/35157)Updating files:  97% (34103/35157)Updating files:  97% (34364/35157)Updating files:  98% (34454/35157)Updating files:  98% (34761/35157)Updating files:  99% (34806/35157)Updating files:  99% (35018/35157)Updating files: 100% (35157/35157)Updating files: 100% (35157/35157), done.
