travis_fold:start:worker_info[0K[33;1mWorker information[0m
hostname: 4872b535-7e43-4cb8-bf12-226f5d38fc37@1.worker-org-cfdfb76bd-9cd48.gce-production-4
version: v6.2.20-1-g3a987d6 https://github.com/travis-ci/worker/tree/3a987d61ed169c9539ad435d1a9b5f2d8c6ce4a6
instance: travis-job-c86cb176-8c94-4897-9e66-afd1295c0b3f travis-ci-ubuntu-1804-1593521679-ca42795e (via amqp)
startup: 5.989043292s
travis_fold:end:worker_info[0Ktravis_time:start:236f6e7a[0Ktravis_time:end:236f6e7a:start=1606068823104896067,finish=1606068823272356904,duration=167460837,event=no_world_writable_dirs[0Ktravis_time:start:0341fd24[0Ktravis_time:end:0341fd24:start=1606068823275193470,finish=1606068823282008099,duration=6814629,event=setup_filter[0Ktravis_time:start:326231c0[0Ktravis_time:end:326231c0:start=1606068823285502979,finish=1606068823293001051,duration=7498072,event=agent[0Ktravis_time:start:0c254c91[0Ktravis_time:end:0c254c91:start=1606068823295465972,finish=1606068823297767433,duration=2301461,event=check_unsupported[0Ktravis_time:start:03cf0e52[0Ktravis_fold:start:system_info[0K[33;1mBuild system information[0m
Build language: python
Build group: stable
Build dist: bionic
Build id: 745223839
Job id: 745223860
Runtime kernel version: 5.3.0-1029-gcp
travis-build version: cd707aa7
[34m[1mBuild image provisioning date and time[0m
Tue Jun 30 13:35:43 UTC 2020
[34m[1mOperating System Details[0m
Distributor ID:	Ubuntu
Description:	Ubuntu 18.04.4 LTS
Release:	18.04
Codename:	bionic
[34m[1mSystemd Version[0m
systemd 237
[34m[1mCookbooks Version[0m
3f92a99 https://github.com/travis-ci/travis-cookbooks/tree/3f92a99
[34m[1mgit version[0m
git version 2.27.0
[34m[1mbash version[0m
GNU bash, version 4.4.20(1)-release (x86_64-pc-linux-gnu)
[34m[1mgcc version[0m
gcc (Ubuntu 7.5.0-3ubuntu1~18.04) 7.5.0
[34m[1mdocker version[0m
Client:
 Version:           18.06.0-ce
 API version:       1.38
 Go version:        go1.10.3
 Git commit:        0ffa825
 Built:             Wed Jul 18 19:09:54 2018
 OS/Arch:           linux/amd64
 Experimental:      false

Server:
 Engine:
  Version:          18.06.0-ce
  API version:      1.38 (minimum version 1.12)
  Go version:       go1.10.3
  Git commit:       0ffa825
  Built:            Wed Jul 18 19:07:56 2018
  OS/Arch:          linux/amd64
  Experimental:     false
[34m[1mclang version[0m
clang version 7.0.0 (tags/RELEASE_700/final)
[34m[1mjq version[0m
jq-1.5
[34m[1mbats version[0m
Bats 0.4.0
[34m[1mshellcheck version[0m
0.7.0
[34m[1mshfmt version[0m
v2.6.3
[34m[1mccache version[0m
3.4.1
[34m[1mcmake version[0m
cmake version 3.12.4
[34m[1mheroku version[0m
heroku/7.42.1 linux-x64 node-v12.16.2
[34m[1mimagemagick version[0m
Version: ImageMagick 6.9.7-4 Q16 x86_64 20170114 http://www.imagemagick.org
[34m[1mmd5deep version[0m
4.4
[34m[1mmercurial version[0m
version 4.8
[34m[1mmysql version[0m
mysql  Ver 14.14 Distrib 5.7.30, for Linux (x86_64) using  EditLine wrapper
[34m[1mopenssl version[0m
OpenSSL 1.1.1  11 Sep 2018
[34m[1mpacker version[0m
1.3.3
[34m[1mpostgresql client version[0m
psql (PostgreSQL) 11.8 (Ubuntu 11.8-1.pgdg18.04+1)
[34m[1mragel version[0m
Ragel State Machine Compiler version 6.10 March 2017
[34m[1msudo version[0m
1.8.21p2
[34m[1mgzip version[0m
gzip 1.6
[34m[1mzip version[0m
Zip 3.0
[34m[1mvim version[0m
VIM - Vi IMproved 8.0 (2016 Sep 12, compiled Mar 18 2020 18:29:15)
[34m[1miptables version[0m
iptables v1.6.1
[34m[1mcurl version[0m
curl 7.58.0 (x86_64-pc-linux-gnu) libcurl/7.58.0 OpenSSL/1.1.1 zlib/1.2.11 libidn2/2.0.4 libpsl/0.19.1 (+libidn2/2.0.4) nghttp2/1.30.0 librtmp/2.3
[34m[1mwget version[0m
GNU Wget 1.19.4 built on linux-gnu.
[34m[1mrsync version[0m
rsync  version 3.1.2  protocol version 31
[34m[1mgimme version[0m
v1.5.4
[34m[1mnvm version[0m
0.35.3
[34m[1mperlbrew version[0m
/home/travis/perl5/perlbrew/bin/perlbrew  - App::perlbrew/0.87
[34m[1mphpenv version[0m
rbenv 1.1.2-30-gc879cb0
[34m[1mrvm version[0m
rvm 1.29.10 (latest) by Michal Papis, Piotr Kuczynski, Wayne E. Seguin [https://rvm.io]
[34m[1mdefault ruby version[0m
ruby 2.6.5p114 (2019-10-01 revision 67812) [x86_64-linux]
[34m[1mElasticSearch version[0m
5.5.0
[34m[1mInstalled Firefox version[0m
firefox 63.0.1
[34m[1mMongoDB version[0m
MongoDB 4.0.19
[34m[1mPhantomJS version[0m
2.1.1
[34m[1mPre-installed PostgreSQL versions[0m
9.3.25
9.4.26
9.5.22
9.6.18
[34m[1mRedis version[0m
redis-server 6.0.5
[34m[1mPre-installed Go versions[0m
1.11.1
[34m[1mant version[0m
Apache Ant(TM) version 1.10.5 compiled on March 28 2019
[34m[1mmvn version[0m
Apache Maven 3.6.3 (cecedd343002696d0abb50b32b541b8a6ba2883f)
[34m[1mgradle version[0m
Gradle 5.1.1!
[34m[1mlein version[0m
Leiningen 2.9.3 on Java 11.0.2 OpenJDK 64-Bit Server VM
[34m[1mPre-installed Node.js versions[0m
v10.16.0
v10.21.0
v11.15.0
v12.13.1
v12.18.1
v13.3.0
v4.9.1
v6.17.1
v8.16.2
v8.17.0
v8.9
[34m[1mphpenv versions[0m
  system
  7.1
  7.1.33
  7.2
* 7.2.27 (set by /home/travis/.phpenv/version)
  7.3
  7.3.14
  7.4
  7.4.2
  hhvm
  hhvm-stable
[34m[1mcomposer --version[0m
Composer version 1.9.2 2020-01-14 16:30:31
[34m[1mPre-installed Ruby versions[0m
ruby-2.4.9
ruby-2.5.3
ruby-2.5.7
ruby-2.6.5
ruby-2.7.0
travis_fold:end:system_info[0K
travis_time:end:03cf0e52:start=1606068823300117408,finish=1606068823374521172,duration=74403764,event=show_system_info[0Ktravis_time:start:0efde10c[0Ktravis_time:end:0efde10c:start=1606068823377469547,finish=1606068823391420412,duration=13950865,event=rm_riak_source[0Ktravis_time:start:1bdc3c7c[0Ktravis_time:end:1bdc3c7c:start=1606068823394168350,finish=1606068823399549446,duration=5381096,event=fix_rwky_redis[0Ktravis_time:start:00e5a210[0Ktravis_time:end:00e5a210:start=1606068823402824241,finish=1606068823986925702,duration=584101461,event=wait_for_network[0Ktravis_time:start:0137f832[0Ktravis_time:end:0137f832:start=1606068823991975783,finish=1606068824218162259,duration=226186476,event=update_apt_keys[0Ktravis_time:start:01711ff4[0Ktravis_time:end:01711ff4:start=1606068824224883600,finish=1606068824274833565,duration=49949965,event=fix_hhvm_source[0Ktravis_time:start:04f8f844[0Ktravis_time:end:04f8f844:start=1606068824278415226,finish=1606068824280970321,duration=2555095,event=update_mongo_arch[0Ktravis_time:start:1274a2a6[0Ktravis_time:end:1274a2a6:start=1606068824284649126,finish=1606068824322438440,duration=37789314,event=fix_sudo_enabled_trusty[0Ktravis_time:start:07d7be42[0Ktravis_time:end:07d7be42:start=1606068824328275037,finish=1606068824330686757,duration=2411720,event=update_glibc[0Ktravis_time:start:032266bf[0Ktravis_time:end:032266bf:start=1606068824334739300,finish=1606068824342644204,duration=7904904,event=clean_up_path[0Ktravis_time:start:09a12dc4[0Ktravis_time:end:09a12dc4:start=1606068824346117790,finish=1606068824353846333,duration=7728543,event=fix_resolv_conf[0Ktravis_time:start:0449301c[0Ktravis_time:end:0449301c:start=1606068824356872520,finish=1606068824371850821,duration=14978301,event=fix_etc_hosts[0Ktravis_time:start:097f1462[0Ktravis_time:end:097f1462:start=1606068824375969173,finish=1606068824382777246,duration=6808073,event=fix_mvn_settings_xml[0Ktravis_time:start:003370b6[0Ktravis_time:end:003370b6:start=1606068824388386868,finish=1606068824396821459,duration=8434591,event=no_ipv6_localhost[0Ktravis_time:start:00b357a5[0Ktravis_time:end:00b357a5:start=1606068824402189019,finish=1606068824404092946,duration=1903927,event=fix_etc_mavenrc[0Ktravis_time:start:0bedf50e[0Ktravis_time:end:0bedf50e:start=1606068824408926284,finish=1606068824412174896,duration=3248612,event=fix_wwdr_certificate[0Ktravis_time:start:1e564790[0Ktravis_time:end:1e564790:start=1606068824415202019,finish=1606068824456428164,duration=41226145,event=put_localhost_first[0Ktravis_time:start:026eecc0[0Ktravis_time:end:026eecc0:start=1606068824459535610,finish=1606068824462064721,duration=2529111,event=home_paths[0Ktravis_time:start:03c18290[0Ktravis_time:end:03c18290:start=1606068824465735418,finish=1606068824476826344,duration=11090926,event=disable_initramfs[0Ktravis_time:start:13b364cb[0Ktravis_time:end:13b364cb:start=1606068824481397011,finish=1606068824604812169,duration=123415158,event=disable_ssh_roaming[0Ktravis_time:start:1a88b55c[0Ktravis_time:end:1a88b55c:start=1606068824610445008,finish=1606068824612861634,duration=2416626,event=debug_tools[0Ktravis_time:start:05944dee[0Ktravis_time:end:05944dee:start=1606068824618429615,finish=1606068824621614241,duration=3184626,event=uninstall_oclint[0Ktravis_time:start:091076f5[0Ktravis_time:end:091076f5:start=1606068824626281966,finish=1606068824629083264,duration=2801298,event=rvm_use[0Ktravis_time:start:245cc324[0Ktravis_time:end:245cc324:start=1606068824633933851,finish=1606068824641448372,duration=7514521,event=rm_etc_boto_cfg[0Ktravis_time:start:1b0dd865[0Ktravis_time:end:1b0dd865:start=1606068824645740908,finish=1606068824647893046,duration=2152138,event=rm_oraclejdk8_symlink[0Ktravis_time:start:23f94e17[0Ktravis_time:end:23f94e17:start=1606068824652527646,finish=1606068824738148701,duration=85621055,event=enable_i386[0Ktravis_time:start:0e7331c9[0Ktravis_time:end:0e7331c9:start=1606068824743013520,finish=1606068824746547135,duration=3533615,event=update_rubygems[0Ktravis_time:start:18be021a[0Ktravis_time:end:18be021a:start=1606068824752226565,finish=1606068825515611235,duration=763384670,event=ensure_path_components[0Ktravis_time:start:01bc5830[0Ktravis_time:end:01bc5830:start=1606068825522341353,finish=1606068825524912511,duration=2571158,event=redefine_curl[0Ktravis_time:start:0f556d83[0Ktravis_time:end:0f556d83:start=1606068825530969608,finish=1606068825609626100,duration=78656492,event=nonblock_pipe[0Ktravis_time:start:02b31120[0Ktravis_time:end:02b31120:start=1606068825613594551,finish=1606068831646418141,duration=6032823590,event=apt_get_update[0Ktravis_time:start:19910ead[0Ktravis_time:end:19910ead:start=1606068831651601120,finish=1606068831653886934,duration=2285814,event=deprecate_xcode_64[0Ktravis_time:start:05823438[0Ktravis_time:end:05823438:start=1606068831657884518,finish=1606068834598036158,duration=2940151640,event=update_heroku[0Ktravis_time:start:0dfa6aa6[0Ktravis_time:end:0dfa6aa6:start=1606068834602633095,finish=1606068834604590858,duration=1957763,event=shell_session_update[0Ktravis_time:start:1dccf250[0Ktravis_fold:start:docker_mtu_and_registry_mirrors[0Ktravis_fold:end:docker_mtu_and_registry_mirrors[0Ktravis_time:end:1dccf250:start=1606068834608687561,finish=1606068836972238673,duration=2363551112,event=set_docker_mtu_and_registry_mirrors[0Ktravis_time:start:2332c40a[0Ktravis_fold:start:resolvconf[0Ktravis_fold:end:resolvconf[0Ktravis_time:end:2332c40a:start=1606068836976022784,finish=1606068837049498344,duration=73475560,event=resolvconf[0Ktravis_time:start:03c7a29a[0Ktravis_time:end:03c7a29a:start=1606068837053284191,finish=1606068837195031850,duration=141747659,event=maven_central_mirror[0Ktravis_time:start:05f227bc[0Ktravis_time:end:05f227bc:start=1606068837200108341,finish=1606068837289647840,duration=89539499,event=maven_https[0Ktravis_time:start:14b0482c[0Ktravis_fold:start:services[0Ktravis_time:start:03588993[0K$ sudo systemctl start docker
travis_time:end:03588993:start=1606068837301367560,finish=1606068837313919398,duration=12551838,event=prepare[0Ktravis_fold:end:services[0Ktravis_time:end:03588993:start=1606068837301367560,finish=1606068840320559125,duration=3019191565,event=services[0Ktravis_time:start:07f47cc0[0Ktravis_time:end:07f47cc0:start=1606068840325678499,finish=1606068840328033222,duration=2354723,event=fix_ps4[0Ktravis_time:start:15434224[0K
travis_fold:start:git.checkout[0Ktravis_time:start:042d0957[0K$ git clone --depth=50 --branch=develop https://github.com/precice/systemtests.git precice/systemtests
Cloning into 'precice/systemtests'...
travis_time:end:042d0957:start=1606068840336646178,finish=1606068848041267006,duration=7704620828,event=checkout[0K$ cd precice/systemtests
$ git checkout -qf 745155cd2c46ea2546c81144c3c18fbe2061a90f
travis_fold:end:git.checkout[0K
travis_time:end:042d0957:start=1606068840336646178,finish=1606068848110111576,duration=7773465398,event=checkout[0Ktravis_time:start:013a6b78[0K
[33;1mSetting environment variables from repository settings[0m
$ export DOCKER_PASSWORD=[secure]
$ export PRECICE_BOT_EMAIL=[secure]
$ export GH_TOKEN=[secure]
$ export TRAVIS_ACCESS_TOKEN=[secure]
$ export DOCKER_USERNAME=precice

travis_time:end:013a6b78:start=1606068848115238805,finish=1606068848125141955,duration=9903150,event=env[0Ktravis_time:start:229a4cb7[0K$ source ~/virtualenv/python3.8/bin/activate
travis_time:end:229a4cb7:start=1606068848129123882,finish=1606068848134426852,duration=5302970,event=[0K$ python --version
Python 3.8.1
$ pip --version
pip 20.1.1 from /home/travis/virtualenv/python3.8.1/lib/python3.8/site-packages/pip (python 3.8)
travis_fold:start:install[0Ktravis_time:start:2063ea53[0K$ pip install Jinja2
Collecting Jinja2
  Downloading Jinja2-2.11.2-py2.py3-none-any.whl (125 kB)
Collecting MarkupSafe>=0.23
  Downloading MarkupSafe-1.1.1-cp38-cp38-manylinux1_x86_64.whl (32 kB)
Installing collected packages: MarkupSafe, Jinja2
Successfully installed Jinja2-2.11.2 MarkupSafe-1.1.1
travis_time:end:2063ea53:start=1606068848536637066,finish=1606068849549692419,duration=1013055353,event=install[0Ktravis_fold:end:install[0Ktravis_time:start:10fef4ec[0K$ python system_testing.py -s bindings -v
Sending build context to Docker daemon  5.632kB
Step 1/34 : ARG from=precice/precice-ubuntu1804.home-develop
Step 2/34 : FROM $from
latest: Pulling from precice/precice-ubuntu1804.package-develop
171857c49d0f: Pulling fs layer
419640447d26: Pulling fs layer
61e52f862619: Pulling fs layer
24648f48afff: Pulling fs layer
b4f832caf377: Pulling fs layer
13cad9739081: Pulling fs layer
fd08e1c3b9a9: Pulling fs layer
b673d20a9611: Pulling fs layer
bdb51f0993e6: Pulling fs layer
ab4f74d0c98d: Pulling fs layer
03d74c8d6a7b: Pulling fs layer
f7fce9cb2750: Pulling fs layer
24648f48afff: Waiting
b4f832caf377: Waiting
13cad9739081: Waiting
fd08e1c3b9a9: Waiting
b673d20a9611: Waiting
bdb51f0993e6: Waiting
ab4f74d0c98d: Waiting
03d74c8d6a7b: Waiting
f7fce9cb2750: Waiting
61e52f862619: Verifying Checksum
61e52f862619: Download complete
419640447d26: Verifying Checksum
419640447d26: Download complete
b4f832caf377: Verifying Checksum
b4f832caf377: Download complete
13cad9739081: Verifying Checksum
13cad9739081: Download complete
fd08e1c3b9a9: Verifying Checksum
fd08e1c3b9a9: Download complete
171857c49d0f: Verifying Checksum
171857c49d0f: Download complete
171857c49d0f: Pull complete
419640447d26: Pull complete
b673d20a9611: Verifying Checksum
b673d20a9611: Download complete
bdb51f0993e6: Verifying Checksum
bdb51f0993e6: Download complete
03d74c8d6a7b: Verifying Checksum
03d74c8d6a7b: Download complete
61e52f862619: Pull complete
f7fce9cb2750: Verifying Checksum
f7fce9cb2750: Download complete
ab4f74d0c98d: Verifying Checksum
ab4f74d0c98d: Download complete
24648f48afff: Verifying Checksum
24648f48afff: Download complete
24648f48afff: Pull complete
b4f832caf377: Pull complete
13cad9739081: Pull complete
fd08e1c3b9a9: Pull complete
b673d20a9611: Pull complete
bdb51f0993e6: Pull complete
ab4f74d0c98d: Pull complete
03d74c8d6a7b: Pull complete
f7fce9cb2750: Pull complete
Digest: sha256:6e75a85f27587923d87cf2bbf5618fd7a38ba7d17f913b0c15c5fb5c077fcdd4
Status: Downloaded newer image for precice/precice-ubuntu1804.package-develop:latest
 ---> e38280e216b9
Step 3/34 : USER root
 ---> Running in acb0edbc0f68
Removing intermediate container acb0edbc0f68
 ---> 3a9aa580bd08
Step 4/34 : ENV USER=root
 ---> Running in 0ee0eeb2ceda
Removing intermediate container 0ee0eeb2ceda
 ---> 6871f6fad789
Step 5/34 : ENV FORTRAN=gfortran
 ---> Running in 3f0312f21fa9
Removing intermediate container 3f0312f21fa9
 ---> 01c8bcd82af6
Step 6/34 : RUN apt-get -qq update && apt-get -qq install     python3-pip &&     rm -rf /var/lib/apt/lists/*
 ---> Running in 9e5e42766f6e
[91mdebconf: delaying package configuration, since apt-utils is not installed
[0mSelecting previously unselected package libapparmor1:amd64.
(Reading database ... (Reading database ... 5%(Reading database ... 10%(Reading database ... 15%(Reading database ... 20%(Reading database ... 25%(Reading database ... 30%(Reading database ... 35%(Reading database ... 40%(Reading database ... 45%(Reading database ... 50%(Reading database ... 55%(Reading database ... 60%(Reading database ... 65%(Reading database ... 70%(Reading database ... 75%(Reading database ... 80%(Reading database ... 85%(Reading database ... 90%(Reading database ... 95%(Reading database ... 100%(Reading database ... 39329 files and directories currently installed.)
Preparing to unpack .../00-libapparmor1_2.12-4ubuntu5.1_amd64.deb ...
Unpacking libapparmor1:amd64 (2.12-4ubuntu5.1) ...
Selecting previously unselected package libdbus-1-3:amd64.
Preparing to unpack .../01-libdbus-1-3_1.12.2-1ubuntu1.2_amd64.deb ...
Unpacking libdbus-1-3:amd64 (1.12.2-1ubuntu1.2) ...
Selecting previously unselected package dbus.
Preparing to unpack .../02-dbus_1.12.2-1ubuntu1.2_amd64.deb ...
Unpacking dbus (1.12.2-1ubuntu1.2) ...
Selecting previously unselected package python3-dbus.
Preparing to unpack .../03-python3-dbus_1.2.6-1_amd64.deb ...
Unpacking python3-dbus (1.2.6-1) ...
Selecting previously unselected package python3-gi.
Preparing to unpack .../04-python3-gi_3.26.1-2ubuntu1_amd64.deb ...
Unpacking python3-gi (3.26.1-2ubuntu1) ...
Selecting previously unselected package python-pip-whl.
Preparing to unpack .../05-python-pip-whl_9.0.1-2.3~ubuntu1.18.04.4_all.deb ...
Unpacking python-pip-whl (9.0.1-2.3~ubuntu1.18.04.4) ...
Selecting previously unselected package python3-asn1crypto.
Preparing to unpack .../06-python3-asn1crypto_0.24.0-1_all.deb ...
Unpacking python3-asn1crypto (0.24.0-1) ...
Selecting previously unselected package python3-cffi-backend.
Preparing to unpack .../07-python3-cffi-backend_1.11.5-1_amd64.deb ...
Unpacking python3-cffi-backend (1.11.5-1) ...
Selecting previously unselected package python3-crypto.
Preparing to unpack .../08-python3-crypto_2.6.1-8ubuntu2_amd64.deb ...
Unpacking python3-crypto (2.6.1-8ubuntu2) ...
Selecting previously unselected package python3-idna.
Preparing to unpack .../09-python3-idna_2.6-1_all.deb ...
Unpacking python3-idna (2.6-1) ...
Selecting previously unselected package python3-six.
Preparing to unpack .../10-python3-six_1.11.0-2_all.deb ...
Unpacking python3-six (1.11.0-2) ...
Selecting previously unselected package python3-cryptography.
Preparing to unpack .../11-python3-cryptography_2.1.4-1ubuntu1.4_amd64.deb ...
Unpacking python3-cryptography (2.1.4-1ubuntu1.4) ...
Selecting previously unselected package python3-secretstorage.
Preparing to unpack .../12-python3-secretstorage_2.3.1-2_all.deb ...
Unpacking python3-secretstorage (2.3.1-2) ...
Selecting previously unselected package python3-keyring.
Preparing to unpack .../13-python3-keyring_10.6.0-1_all.deb ...
Unpacking python3-keyring (10.6.0-1) ...
Selecting previously unselected package python3-keyrings.alt.
Preparing to unpack .../14-python3-keyrings.alt_3.0-1_all.deb ...
Unpacking python3-keyrings.alt (3.0-1) ...
Selecting previously unselected package python3-pip.
Preparing to unpack .../15-python3-pip_9.0.1-2.3~ubuntu1.18.04.4_all.deb ...
Unpacking python3-pip (9.0.1-2.3~ubuntu1.18.04.4) ...
Selecting previously unselected package python3-pkg-resources.
Preparing to unpack .../16-python3-pkg-resources_39.0.1-2_all.deb ...
Unpacking python3-pkg-resources (39.0.1-2) ...
Selecting previously unselected package python3-setuptools.
Preparing to unpack .../17-python3-setuptools_39.0.1-2_all.deb ...
Unpacking python3-setuptools (39.0.1-2) ...
Selecting previously unselected package python3-wheel.
Preparing to unpack .../18-python3-wheel_0.30.0-0.2_all.deb ...
Unpacking python3-wheel (0.30.0-0.2) ...
Selecting previously unselected package python3-xdg.
Preparing to unpack .../19-python3-xdg_0.25-4ubuntu1_all.deb ...
Unpacking python3-xdg (0.25-4ubuntu1) ...
Setting up python-pip-whl (9.0.1-2.3~ubuntu1.18.04.4) ...
Setting up python3-cffi-backend (1.11.5-1) ...
Setting up python3-crypto (2.6.1-8ubuntu2) ...
Setting up python3-idna (2.6-1) ...
Setting up python3-xdg (0.25-4ubuntu1) ...
Setting up python3-six (1.11.0-2) ...
Setting up python3-wheel (0.30.0-0.2) ...
Setting up python3-pkg-resources (39.0.1-2) ...
Setting up python3-gi (3.26.1-2ubuntu1) ...
Setting up python3-asn1crypto (0.24.0-1) ...
Setting up libapparmor1:amd64 (2.12-4ubuntu5.1) ...
Setting up python3-pip (9.0.1-2.3~ubuntu1.18.04.4) ...
Setting up python3-setuptools (39.0.1-2) ...
Setting up libdbus-1-3:amd64 (1.12.2-1ubuntu1.2) ...
Setting up python3-cryptography (2.1.4-1ubuntu1.4) ...
Setting up python3-dbus (1.2.6-1) ...
Setting up python3-keyrings.alt (3.0-1) ...
Setting up dbus (1.12.2-1ubuntu1.2) ...
Setting up python3-secretstorage (2.3.1-2) ...
Setting up python3-keyring (10.6.0-1) ...
Processing triggers for libc-bin (2.27-3ubuntu1.2) ...
Removing intermediate container 9e5e42766f6e
 ---> 46375081c656
Step 7/34 : USER precice
 ---> Running in df829119a01f
Removing intermediate container df829119a01f
 ---> 55cfd4ebe359
Step 8/34 : RUN pip3 install --user --upgrade pip  # Use latest pip version. See https://github.com/precice/python-bindings#installing-the-package
 ---> Running in 9902bbfe2a7b
Collecting pip
  Downloading https://files.pythonhosted.org/packages/cb/28/91f26bd088ce8e22169032100d4260614fc3da435025ff389ef1d396a433/pip-20.2.4-py2.py3-none-any.whl (1.5MB)
Installing collected packages: pip
Successfully installed pip-20.2.4
Removing intermediate container 9902bbfe2a7b
 ---> 03986e7249e9
Step 9/34 : ARG branch=develop
 ---> Running in 974b83499ead
Removing intermediate container 974b83499ead
 ---> 7f483c892da8
Step 10/34 : WORKDIR /home/precice
 ---> Running in 7a47ee555fc6
Removing intermediate container 7a47ee555fc6
 ---> a6d234a11f6c
Step 11/34 : RUN git clone --branch $branch https://github.com/precice/python-bindings.git
 ---> Running in 50f7e2194778
[91mCloning into 'python-bindings'...
[0mRemoving intermediate container 50f7e2194778
 ---> 33f10652e782
Step 12/34 : WORKDIR /home/precice/python-bindings
 ---> Running in 8a9b17e31647
Removing intermediate container 8a9b17e31647
 ---> bafd0bfa761a
Step 13/34 : RUN pip3 install --user .
 ---> Running in 68ae05234275
[91mWARNING: pip is being invoked by an old script wrapper. This will fail in a future version of pip.
Please see https://github.com/pypa/pip/issues/5599 for advice on fixing the underlying issue.
To avoid this problem you can invoke Python with '-m pip' instead of running pip directly.
[0mProcessing /home/precice/python-bindings
  Installing build dependencies: started
  Installing build dependencies: finished with status 'done'
  Getting requirements to build wheel: started
  Getting requirements to build wheel: finished with status 'done'
    Preparing wheel metadata: started
    Preparing wheel metadata: finished with status 'done'
Requirement already satisfied: numpy in /usr/lib/python3/dist-packages (from pyprecice==2.1.1.1+14.gdaf8aea) (1.13.3)
Processing /home/precice/.cache/pip/wheels/d6/73/83/ad9dd3ebae512829ab3f21657f76403dc4aa6649e1118c9369/mpi4py-3.0.3-cp36-cp36m-linux_x86_64.whl
Building wheels for collected packages: pyprecice
  Building wheel for pyprecice (PEP 517): started
  Building wheel for pyprecice (PEP 517): finished with status 'done'
  Created wheel for pyprecice: filename=pyprecice-2.1.1.1+14.gdaf8aea-py2.py3-none-any.whl size=767570 sha256=ff4a849927bdf0860d7159e0192dd28cff35e6a5b5393d5b2b9f3606de552a0a
  Stored in directory: /home/precice/.cache/pip/wheels/85/7b/7f/f35133fddbce54c9da4ecf1713a6c5151eb30b0a3d88de72df
Successfully built pyprecice
Installing collected packages: mpi4py, pyprecice
Successfully installed mpi4py-3.0.3 pyprecice-2.1.1.1+14.gdaf8aea
Removing intermediate container 68ae05234275
 ---> e9ae27ced814
Step 14/34 : WORKDIR /home/precice/python-bindings/solverdummy
 ---> Running in 800fc91df76b
Removing intermediate container 800fc91df76b
 ---> 460983efdd86
Step 15/34 : RUN python3 solverdummy.py precice-config.xml SolverOne MeshOne & python3 solverdummy.py precice-config.xml SolverTwo MeshTwo
 ---> Running in 67b83e25ad3b
[91m[travis-job-c86cb176-8c94-4897-9e66-afd1295c0b3f:00006] mca_base_component_repository_open: unable to open mca_patcher_overwrite: /usr/lib/x86_64-linux-gnu/openmpi/lib/openmpi/mca_patcher_overwrite.so: undefined symbol: mca_patcher_base_patch_t_class (ignored)
[travis-job-c86cb176-8c94-4897-9e66-afd1295c0b3f:00007] mca_base_component_repository_open: unable to open mca_patcher_overwrite: /usr/lib/x86_64-linux-gnu/openmpi/lib/openmpi/mca_patcher_overwrite.so: undefined symbol: mca_patcher_base_patch_t_class (ignored)
[0m[91m[travis-job-c86cb176-8c94-4897-9e66-afd1295c0b3f:00007] mca_base_component_repository_open: unable to open mca_shmem_posix: /usr/lib/x86_64-linux-gnu/openmpi/lib/openmpi/mca_shmem_posix.so: undefined symbol: opal_shmem_base_framework (ignored)
[travis-job-c86cb176-8c94-4897-9e66-afd1295c0b3f:00007] mca_base_component_repository_open: unable to open mca_shmem_mmap: /usr/lib/x86_64-linux-gnu/openmpi/lib/openmpi/mca_shmem_mmap.so: undefined symbol: opal_show_help (ignored)
[travis-job-c86cb176-8c94-4897-9e66-afd1295c0b3f:00007] mca_base_component_repository_open: unable to open mca_shmem_sysv: /usr/lib/x86_64-linux-gnu/openmpi/lib/openmpi/mca_shmem_sysv.so: undefined symbol: opal_show_help (ignored)
--------------------------------------------------------------------------
It looks like opal_init failed for some reason; your parallel process is
likely to abort.  There are many reasons that a parallel process can
fail during opal_init; some of which are due to configuration or
environment problems.  This failure appears to be an internal failure;
here's some additional information (which may only be relevant to an
Open MPI developer):

  opal_shmem_base_select failed
  --> Returned value -1 instead of OPAL_SUCCESS
--------------------------------------------------------------------------
--------------------------------------------------------------------------
It looks like orte_init failed for some reason; your parallel process is
likely to abort.  There are many reasons that a parallel process can
fail during orte_init; some of which are due to configuration or
environment problems.  This failure appears to be an internal failure;
here's some additional information (which may only be relevant to an
Open MPI developer):

  opal_init failed
  --> Returned value Error (-1) instead of ORTE_SUCCESS
--------------------------------------------------------------------------
--------------------------------------------------------------------------
It looks like MPI_INIT failed for some reason; your parallel process is
likely to abort.  There are many reasons that a parallel process can
fail during MPI_INIT; some of which are due to configuration or environment
problems.  This failure appears to be an internal failure; here's some
additional information (which may only be relevant to an Open MPI
developer):

  ompi_mpi_init: ompi_rte_init failed
  --> Returned "Error" (-1) instead of "Success" (0)
--------------------------------------------------------------------------
*** An error occurred in MPI_Init
*** on a NULL communicator
*** MPI_ERRORS_ARE_FATAL (processes in this communicator will now abort,
***    and potentially your MPI job)
[travis-job-c86cb176-8c94-4897-9e66-afd1295c0b3f:7] Local abort before MPI_INIT completed completed successfully, but am not able to aggregate error messages, and not able to guarantee that all other processes were killed!
[0mThe command '/bin/sh -c python3 solverdummy.py precice-config.xml SolverOne MeshOne & python3 solverdummy.py precice-config.xml SolverTwo MeshTwo' returned a non-zero code: 1
EXECUTING: docker build --network=host --file Dockerfile --tag st_bindings-ubuntu1804.package-develop --build-arg from=precice/precice-ubuntu1804.package-develop:latest .
BUILD FAILED WITH: Command 'docker build --network=host --file Dockerfile --tag st_bindings-ubuntu1804.package-develop --build-arg from=precice/precice-ubuntu1804.package-develop:latest .' returned non-zero exit status 1.
Traceback (most recent call last):
  File "system_testing.py", line 28, in build
    docker.build_image(tag = test_tag,
  File "/home/travis/build/precice/systemtests/docker.py", line 31, in build_image
    subprocess.run(cmd, shell = True, check = True)
  File "/opt/python/3.8.1/lib/python3.8/subprocess.py", line 512, in run
    raise CalledProcessError(retcode, process.args,
subprocess.CalledProcessError: Command 'docker build --network=host --file Dockerfile --tag st_bindings-ubuntu1804.package-develop --build-arg from=precice/precice-ubuntu1804.package-develop:latest .' returned non-zero exit status 1.

During handling of the above exception, another exception occurred:

Traceback (most recent call last):
  File "system_testing.py", line 305, in <module>
    build_run_compare(test, tag, args.branch.lower(), args.local,
  File "system_testing.py", line 235, in build_run_compare
    build(test_basename, tag, branch, local_precice, force_rebuild)
  File "system_testing.py", line 35, in build
    raise STBuildException()
__main__.STBuildException: BUILD FAILED - An error occured while building the docker image!
travis_time:end:10fef4ec:start=1606068849555593756,finish=1606069016145853717,duration=166590259961,event=script[0K[31;1mThe command "python system_testing.py -s bindings -v" exited with 1.[0m
travis_time:start:011dde82[0K$ python push.py
Cloning into 'precice_st_output'...
Updating files:  22% (7883/35241)Updating files:  23% (8106/35241)Updating files:  24% (8458/35241)Updating files:  25% (8811/35241)Updating files:  26% (9163/35241)Updating files:  27% (9516/35241)Updating files:  28% (9868/35241)Updating files:  29% (10220/35241)Updating files:  30% (10573/35241)Updating files:  31% (10925/35241)Updating files:  32% (11278/35241)Updating files:  33% (11630/35241)Updating files:  34% (11982/35241)Updating files:  35% (12335/35241)Updating files:  36% (12687/35241)Updating files:  37% (13040/35241)Updating files:  38% (13392/35241)Updating files:  39% (13744/35241)Updating files:  40% (14097/35241)Updating files:  40% (14289/35241)Updating files:  41% (14449/35241)Updating files:  42% (14802/35241)Updating files:  43% (15154/35241)Updating files:  44% (15507/35241)Updating files:  45% (15859/35241)Updating files:  46% (16211/35241)Updating files:  47% (16564/35241)Updating files:  48% (16916/35241)Updating files:  49% (17269/35241)Updating files:  50% (17621/35241)Updating files:  51% (17973/35241)Updating files:  52% (18326/35241)Updating files:  53% (18678/35241)Updating files:  54% (19031/35241)Updating files:  54% (19379/35241)Updating files:  55% (19383/35241)Updating files:  56% (19735/35241)Updating files:  57% (20088/35241)Updating files:  58% (20440/35241)Updating files:  59% (20793/35241)Updating files:  60% (21145/35241)Updating files:  61% (21498/35241)Updating files:  62% (21850/35241)Updating files:  63% (22202/35241)Updating files:  64% (22555/35241)Updating files:  65% (22907/35241)Updating files:  66% (23260/35241)Updating files:  67% (23612/35241)Updating files:  67% (23930/35241)Updating files:  68% (23964/35241)Updating files:  69% (24317/35241)Updating files:  70% (24669/35241)Updating files:  71% (25022/35241)Updating files:  72% (25374/35241)Updating files:  73% (25726/35241)Updating files:  74% (26079/35241)Updating files:  75% (26431/35241)Updating files:  76% (26784/35241)Updating files:  77% (27136/35241)Updating files:  78% (27488/35241)Updating files:  79% (27841/35241)Updating files:  80% (28193/35241)Updating files:  81% (28546/35241)Updating files:  81% (28718/35241)Updating files:  82% (28898/35241)Updating files:  83% (29251/35241)Updating files:  83% (29459/35241)Updating files:  84% (29603/35241)Updating files:  85% (29955/35241)Updating files:  85% (29990/35241)Updating files:  86% (30308/35241)Updating files:  87% (30660/35241)Updating files:  88% (31013/35241)Updating files:  89% (31365/35241)Updating files:  90% (31717/35241)Updating files:  91% (32070/35241)Updating files:  92% (32422/35241)Updating files:  93% (32775/35241)Updating files:  94% (33127/35241)Updating files:  95% (33479/35241)Updating files:  96% (33832/35241)Updating files:  96% (34063/35241)Updating files:  97% (34184/35241)Updating files:  97% (34368/35241)Updating files:  98% (34699/35241)Updating files:  99% (35093/35241)Updating files:  99% (35172/35241)