travis_fold:start:worker_info[0K[33;1mWorker information[0m
hostname: 0310ec52-3246-462c-96b9-2c07276e95b8@1.worker-org-77db9856dc-g6b5x.gce-production-3
version: v6.2.17 https://github.com/travis-ci/worker/tree/bc420764f334fe0d096a417c80426f672f1b7d18
instance: travis-job-e05aa35a-7ac8-4c0a-8905-309dd9440828 travis-ci-ubuntu-1804-1593521679-ca42795e (via amqp)
startup: 6.16268498s
travis_fold:end:worker_info[0Ktravis_time:start:00078b97[0Ktravis_time:end:00078b97:start=1603764284745734403,finish=1603764284925356037,duration=179621634,event=no_world_writable_dirs[0Ktravis_time:start:1748509e[0Ktravis_time:end:1748509e:start=1603764284928356216,finish=1603764284931594770,duration=3238554,event=setup_filter[0Ktravis_time:start:01cebd54[0Ktravis_time:end:01cebd54:start=1603764284939311874,finish=1603764284946969283,duration=7657409,event=agent[0Ktravis_time:start:0823ab80[0Ktravis_time:end:0823ab80:start=1603764284949453960,finish=1603764284951553083,duration=2099123,event=check_unsupported[0Ktravis_time:start:124a7403[0Ktravis_fold:start:system_info[0K[33;1mBuild system information[0m
Build language: python
Build group: stable
Build dist: bionic
Build id: 738996736
Job id: 738996817
Runtime kernel version: 5.3.0-1029-gcp
travis-build version: acd5a925
[34m[1mBuild image provisioning date and time[0m
Tue Jun 30 13:35:43 UTC 2020
[34m[1mOperating System Details[0m
Distributor ID:	Ubuntu
Description:	Ubuntu 18.04.4 LTS
Release:	18.04
Codename:	bionic
[34m[1mSystemd Version[0m
systemd 237
[34m[1mCookbooks Version[0m
3f92a99 https://github.com/travis-ci/travis-cookbooks/tree/3f92a99
[34m[1mgit version[0m
git version 2.27.0
[34m[1mbash version[0m
GNU bash, version 4.4.20(1)-release (x86_64-pc-linux-gnu)
[34m[1mgcc version[0m
gcc (Ubuntu 7.5.0-3ubuntu1~18.04) 7.5.0
[34m[1mdocker version[0m
Client:
 Version:           18.06.0-ce
 API version:       1.38
 Go version:        go1.10.3
 Git commit:        0ffa825
 Built:             Wed Jul 18 19:09:54 2018
 OS/Arch:           linux/amd64
 Experimental:      false

Server:
 Engine:
  Version:          18.06.0-ce
  API version:      1.38 (minimum version 1.12)
  Go version:       go1.10.3
  Git commit:       0ffa825
  Built:            Wed Jul 18 19:07:56 2018
  OS/Arch:          linux/amd64
  Experimental:     false
[34m[1mclang version[0m
clang version 7.0.0 (tags/RELEASE_700/final)
[34m[1mjq version[0m
jq-1.5
[34m[1mbats version[0m
Bats 0.4.0
[34m[1mshellcheck version[0m
0.7.0
[34m[1mshfmt version[0m
v2.6.3
[34m[1mccache version[0m
3.4.1
[34m[1mcmake version[0m
cmake version 3.12.4
[34m[1mheroku version[0m
heroku/7.42.1 linux-x64 node-v12.16.2
[34m[1mimagemagick version[0m
Version: ImageMagick 6.9.7-4 Q16 x86_64 20170114 http://www.imagemagick.org
[34m[1mmd5deep version[0m
4.4
[34m[1mmercurial version[0m
version 4.8
[34m[1mmysql version[0m
mysql  Ver 14.14 Distrib 5.7.30, for Linux (x86_64) using  EditLine wrapper
[34m[1mopenssl version[0m
OpenSSL 1.1.1  11 Sep 2018
[34m[1mpacker version[0m
1.3.3
[34m[1mpostgresql client version[0m
psql (PostgreSQL) 11.8 (Ubuntu 11.8-1.pgdg18.04+1)
[34m[1mragel version[0m
Ragel State Machine Compiler version 6.10 March 2017
[34m[1msudo version[0m
1.8.21p2
[34m[1mgzip version[0m
gzip 1.6
[34m[1mzip version[0m
Zip 3.0
[34m[1mvim version[0m
VIM - Vi IMproved 8.0 (2016 Sep 12, compiled Mar 18 2020 18:29:15)
[34m[1miptables version[0m
iptables v1.6.1
[34m[1mcurl version[0m
curl 7.58.0 (x86_64-pc-linux-gnu) libcurl/7.58.0 OpenSSL/1.1.1 zlib/1.2.11 libidn2/2.0.4 libpsl/0.19.1 (+libidn2/2.0.4) nghttp2/1.30.0 librtmp/2.3
[34m[1mwget version[0m
GNU Wget 1.19.4 built on linux-gnu.
[34m[1mrsync version[0m
rsync  version 3.1.2  protocol version 31
[34m[1mgimme version[0m
v1.5.4
[34m[1mnvm version[0m
0.35.3
[34m[1mperlbrew version[0m
/home/travis/perl5/perlbrew/bin/perlbrew  - App::perlbrew/0.87
[34m[1mphpenv version[0m
rbenv 1.1.2-30-gc879cb0
[34m[1mrvm version[0m
rvm 1.29.10 (latest) by Michal Papis, Piotr Kuczynski, Wayne E. Seguin [https://rvm.io]
[34m[1mdefault ruby version[0m
ruby 2.6.5p114 (2019-10-01 revision 67812) [x86_64-linux]
[34m[1mElasticSearch version[0m
5.5.0
[34m[1mInstalled Firefox version[0m
firefox 63.0.1
[34m[1mMongoDB version[0m
MongoDB 4.0.19
[34m[1mPhantomJS version[0m
2.1.1
[34m[1mPre-installed PostgreSQL versions[0m
9.3.25
9.4.26
9.5.22
9.6.18
[34m[1mRedis version[0m
redis-server 6.0.5
[34m[1mPre-installed Go versions[0m
1.11.1
[34m[1mant version[0m
Apache Ant(TM) version 1.10.5 compiled on March 28 2019
[34m[1mmvn version[0m
Apache Maven 3.6.3 (cecedd343002696d0abb50b32b541b8a6ba2883f)
[34m[1mgradle version[0m
Gradle 5.1.1!
[34m[1mlein version[0m
Leiningen 2.9.3 on Java 11.0.2 OpenJDK 64-Bit Server VM
[34m[1mPre-installed Node.js versions[0m
v10.16.0
v10.21.0
v11.15.0
v12.13.1
v12.18.1
v13.3.0
v4.9.1
v6.17.1
v8.16.2
v8.17.0
v8.9
[34m[1mphpenv versions[0m
  system
  7.1
  7.1.33
  7.2
* 7.2.27 (set by /home/travis/.phpenv/version)
  7.3
  7.3.14
  7.4
  7.4.2
  hhvm
  hhvm-stable
[34m[1mcomposer --version[0m
Composer version 1.9.2 2020-01-14 16:30:31
[34m[1mPre-installed Ruby versions[0m
ruby-2.4.9
ruby-2.5.3
ruby-2.5.7
ruby-2.6.5
ruby-2.7.0
travis_fold:end:system_info[0K
travis_time:end:124a7403:start=1603764284953983865,finish=1603764284960781764,duration=6797899,event=show_system_info[0Ktravis_time:start:15937782[0Ktravis_time:end:15937782:start=1603764284963105742,finish=1603764284976195835,duration=13090093,event=rm_riak_source[0Ktravis_time:start:1719f0c0[0Ktravis_time:end:1719f0c0:start=1603764284979839819,finish=1603764284989619615,duration=9779796,event=fix_rwky_redis[0Ktravis_time:start:095eecfc[0Ktravis_time:end:095eecfc:start=1603764284992228431,finish=1603764285537907250,duration=545678819,event=wait_for_network[0Ktravis_time:start:0fa83363[0Ktravis_time:end:0fa83363:start=1603764285543118697,finish=1603764285780699675,duration=237580978,event=update_apt_keys[0Ktravis_time:start:01332b70[0Ktravis_time:end:01332b70:start=1603764285784988672,finish=1603764285837462805,duration=52474133,event=fix_hhvm_source[0Ktravis_time:start:2b08fe34[0Ktravis_time:end:2b08fe34:start=1603764285841649070,finish=1603764285844161977,duration=2512907,event=update_mongo_arch[0Ktravis_time:start:003a411b[0Ktravis_time:end:003a411b:start=1603764285848057740,finish=1603764285887686832,duration=39629092,event=fix_sudo_enabled_trusty[0Ktravis_time:start:2f0b9e84[0Ktravis_time:end:2f0b9e84:start=1603764285891815818,finish=1603764285894681017,duration=2865199,event=update_glibc[0Ktravis_time:start:10d5a9d5[0Ktravis_time:end:10d5a9d5:start=1603764285898970875,finish=1603764285907007090,duration=8036215,event=clean_up_path[0Ktravis_time:start:053aee20[0Ktravis_time:end:053aee20:start=1603764285910152909,finish=1603764285918766422,duration=8613513,event=fix_resolv_conf[0Ktravis_time:start:086274cb[0Ktravis_time:end:086274cb:start=1603764285924307653,finish=1603764285948314553,duration=24006900,event=fix_etc_hosts[0Ktravis_time:start:2f9384a0[0Ktravis_time:end:2f9384a0:start=1603764285952421211,finish=1603764285961779414,duration=9358203,event=fix_mvn_settings_xml[0Ktravis_time:start:26ccc498[0Ktravis_time:end:26ccc498:start=1603764285965761451,finish=1603764285975457192,duration=9695741,event=no_ipv6_localhost[0Ktravis_time:start:095c2144[0Ktravis_time:end:095c2144:start=1603764285979305337,finish=1603764285982052050,duration=2746713,event=fix_etc_mavenrc[0Ktravis_time:start:2c4c6fdc[0Ktravis_time:end:2c4c6fdc:start=1603764285985271409,finish=1603764285988741525,duration=3470116,event=fix_wwdr_certificate[0Ktravis_time:start:0c5b21e0[0Ktravis_time:end:0c5b21e0:start=1603764285992569487,finish=1603764286047311623,duration=54742136,event=put_localhost_first[0Ktravis_time:start:03cec2a0[0Ktravis_time:end:03cec2a0:start=1603764286052552058,finish=1603764286055831828,duration=3279770,event=home_paths[0Ktravis_time:start:361b2435[0Ktravis_time:end:361b2435:start=1603764286059683353,finish=1603764286072255013,duration=12571660,event=disable_initramfs[0Ktravis_time:start:205d6919[0Ktravis_time:end:205d6919:start=1603764286077338836,finish=1603764286214952593,duration=137613757,event=disable_ssh_roaming[0Ktravis_time:start:10c92489[0Ktravis_time:end:10c92489:start=1603764286218874771,finish=1603764286220982409,duration=2107638,event=debug_tools[0Ktravis_time:start:23ca5dc3[0Ktravis_time:end:23ca5dc3:start=1603764286224677791,finish=1603764286227863027,duration=3185236,event=uninstall_oclint[0Ktravis_time:start:1495b74d[0Ktravis_time:end:1495b74d:start=1603764286232279372,finish=1603764286234867097,duration=2587725,event=rvm_use[0Ktravis_time:start:08019d16[0Ktravis_time:end:08019d16:start=1603764286239023354,finish=1603764286246930508,duration=7907154,event=rm_etc_boto_cfg[0Ktravis_time:start:391a3f5e[0Ktravis_time:end:391a3f5e:start=1603764286250437330,finish=1603764286252825184,duration=2387854,event=rm_oraclejdk8_symlink[0Ktravis_time:start:1e6e431e[0Ktravis_time:end:1e6e431e:start=1603764286256026231,finish=1603764286347240091,duration=91213860,event=enable_i386[0Ktravis_time:start:16a5f25e[0Ktravis_time:end:16a5f25e:start=1603764286351821549,finish=1603764286355587041,duration=3765492,event=update_rubygems[0Ktravis_time:start:18c5540f[0Ktravis_time:end:18c5540f:start=1603764286359281771,finish=1603764287133515461,duration=774233690,event=ensure_path_components[0Ktravis_time:start:0680ccca[0Ktravis_time:end:0680ccca:start=1603764287138601718,finish=1603764287141140141,duration=2538423,event=redefine_curl[0Ktravis_time:start:0d291290[0Ktravis_time:end:0d291290:start=1603764287144920179,finish=1603764287251691665,duration=106771486,event=nonblock_pipe[0Ktravis_time:start:14792028[0Ktravis_time:end:14792028:start=1603764287255998559,finish=1603764293290234377,duration=6034235818,event=apt_get_update[0Ktravis_time:start:07c9b5dc[0Ktravis_time:end:07c9b5dc:start=1603764293294313609,finish=1603764293296457415,duration=2143806,event=deprecate_xcode_64[0Ktravis_time:start:1e476d60[0Ktravis_time:end:1e476d60:start=1603764293300168393,finish=1603764296023057153,duration=2722888760,event=update_heroku[0Ktravis_time:start:1ab23551[0Ktravis_time:end:1ab23551:start=1603764296026996762,finish=1603764296029042433,duration=2045671,event=shell_session_update[0Ktravis_time:start:032ff52c[0Ktravis_fold:start:docker_mtu[0Ktravis_fold:end:docker_mtu[0Ktravis_time:end:032ff52c:start=1603764296032890645,finish=1603764298368053559,duration=2335162914,event=set_docker_mtu[0Ktravis_time:start:31ffd900[0Ktravis_fold:start:resolvconf[0Ktravis_fold:end:resolvconf[0Ktravis_time:end:31ffd900:start=1603764298375277498,finish=1603764298463611860,duration=88334362,event=resolvconf[0Ktravis_time:start:00071228[0Ktravis_time:end:00071228:start=1603764298471501190,finish=1603764298614467323,duration=142966133,event=maven_central_mirror[0Ktravis_time:start:18364aca[0Ktravis_time:end:18364aca:start=1603764298618516309,finish=1603764298712327123,duration=93810814,event=maven_https[0Ktravis_time:start:0049cc26[0Ktravis_fold:start:services[0Ktravis_time:start:161d2036[0K$ sudo systemctl start docker
travis_time:end:161d2036:start=1603764298724393418,finish=1603764298736612920,duration=12219502,event=prepare[0Ktravis_fold:end:services[0Ktravis_time:end:161d2036:start=1603764298724393418,finish=1603764301742954083,duration=3018560665,event=services[0Ktravis_time:start:32c1e328[0Ktravis_time:end:32c1e328:start=1603764301747844738,finish=1603764301750546805,duration=2702067,event=fix_ps4[0Ktravis_time:start:0bc48392[0K
travis_fold:start:git.checkout[0Ktravis_time:start:0a6391b8[0K$ git clone --depth=50 --branch=develop https://github.com/precice/systemtests.git precice/systemtests
Cloning into 'precice/systemtests'...
travis_time:end:0a6391b8:start=1603764301758930595,finish=1603764313376588396,duration=11617657801,event=checkout[0K$ cd precice/systemtests
$ git checkout -qf 57a8d3d764cb6f355800398199df42cacfe25cc8
travis_fold:end:git.checkout[0K
travis_time:end:0a6391b8:start=1603764301758930595,finish=1603764314176482489,duration=12417551894,event=checkout[0Ktravis_time:start:12a7f69a[0K
[33;1mSetting environment variables from repository settings[0m
$ export DOCKER_PASSWORD=[secure]
$ export PRECICE_BOT_EMAIL=[secure]
$ export GH_TOKEN=[secure]
$ export TRAVIS_ACCESS_TOKEN=[secure]
$ export DOCKER_USERNAME=precice

travis_time:end:12a7f69a:start=1603764314180979592,finish=1603764314190321891,duration=9342299,event=env[0Ktravis_time:start:32b6b43f[0K$ source ~/virtualenv/python3.8/bin/activate
travis_time:end:32b6b43f:start=1603764314194235482,finish=1603764314199510710,duration=5275228,event=[0K$ python --version
Python 3.8.1
$ pip --version
pip 20.1.1 from /home/travis/virtualenv/python3.8.1/lib/python3.8/site-packages/pip (python 3.8)
travis_fold:start:install[0Ktravis_time:start:3bd1bc03[0K$ pip install Jinja2
Collecting Jinja2
  Downloading Jinja2-2.11.2-py2.py3-none-any.whl (125 kB)
Collecting MarkupSafe>=0.23
  Downloading MarkupSafe-1.1.1-cp38-cp38-manylinux1_x86_64.whl (32 kB)
Installing collected packages: MarkupSafe, Jinja2
Successfully installed Jinja2-2.11.2 MarkupSafe-1.1.1
travis_time:end:3bd1bc03:start=1603764314684651760,finish=1603764315796838256,duration=1112186496,event=install[0Ktravis_fold:end:install[0Ktravis_time:start:051ab8d2[0K$ python system_testing.py -s fe-fe -v
Total reclaimed space: 0B
networks:
  precicecomm: {}
services:
  fenics-adapter-dirichlet:
    command: '/bin/bash -c "cd /home/precice && python3 /home/precice/Data/Input/heat.py
      -d -i simple && mkdir /home/precice/Data/Output/Dirichlet && cp -r precice-output
      *.log /home/precice/Data/Output/Dirichlet"

      '
    container_name: fenics-adapter-dirichlet
    depends_on:
    - tutorial-data
    image: precice/fenics-adapter-ubuntu1804.home-develop:latest
    networks:
      precicecomm: null
    volumes:
    - exchange:/home/precice/Data/Exchange:rw
    - output:/home/precice/Data/Output:rw
    - input:/home/precice/Data/Input:rw
  fenics-adapter-neumann:
    command: '/bin/bash -c "cd /home/precice && python3 /home/precice/Data/Input/heat.py
      -n -i simple && mkdir /home/precice/Data/Output/Neumann && cp -r precice-output
      *.log /home/precice/Data/Output/Neumann"

      '
    container_name: fenics-adapter-neumann
    depends_on:
    - tutorial-data
    image: precice/fenics-adapter-ubuntu1804.home-develop:latest
    networks:
      precicecomm: null
    volumes:
    - exchange:/home/precice/Data/Exchange:rw
    - output:/home/precice/Data/Output:rw
    - input:/home/precice/Data/Input:rw
  tutorial-data:
    build:
      context: /home/travis/build/precice/systemtests/tests/TestCompose_fe-fe
      dockerfile: Dockerfile.tutorial_data
      network: host
    container_name: tutorial-data
    volumes:
    - output:/Output:rw
    - input:/tutorials/HT/partitioned-heat/fenics-fenics:rw
version: '3.4'
volumes:
  exchange: {}
  input: {}
  output: {}

Creating network "testcompose_fe-fe_default" with the default driver
Creating network "testcompose_fe-fe_precicecomm" with the default driver
Creating volume "testcompose_fe-fe_exchange" with default driver
Creating volume "testcompose_fe-fe_output" with default driver
Creating volume "testcompose_fe-fe_input" with default driver
Building tutorial-data
Step 1/8 : from alpine
latest: Pulling from library/alpine
Digest: sha256:c0e9560cda118f9ec63ddefb4a173a2b2a0347082d7dff7dc14272e7841a5b5a
Status: Downloaded newer image for alpine:latest
 ---> d6e46aa2470d
Step 2/8 : ENV tutorial_path tutorials/HT/partitioned-heat/fenics-fenics
 ---> Running in a284d8b892cf
Removing intermediate container a284d8b892cf
 ---> 8fc378e2acf4
Step 3/8 : RUN apk add git
 ---> Running in 58c6d9c584c8
fetch http://dl-cdn.alpinelinux.org/alpine/v3.12/main/x86_64/APKINDEX.tar.gz
fetch http://dl-cdn.alpinelinux.org/alpine/v3.12/community/x86_64/APKINDEX.tar.gz
(1/6) Installing ca-certificates (20191127-r4)
(2/6) Installing nghttp2-libs (1.41.0-r0)
(3/6) Installing libcurl (7.69.1-r1)
(4/6) Installing expat (2.2.9-r1)
(5/6) Installing pcre2 (10.35-r0)
(6/6) Installing git (2.26.2-r0)
Executing busybox-1.31.1-r19.trigger
Executing ca-certificates-20191127-r4.trigger
OK: 22 MiB in 20 packages
Removing intermediate container 58c6d9c584c8
 ---> d83ee69e9a40
Step 4/8 : ARG branch=develop
 ---> Running in da81e5b1d861
Removing intermediate container da81e5b1d861
 ---> 3cb4369d72f5
Step 5/8 : RUN git clone --branch $branch https://github.com/precice/tutorials
 ---> Running in effab7b77e1f
[91mCloning into 'tutorials'...
[0mRemoving intermediate container effab7b77e1f
 ---> 7d8e42e2f5db
Step 6/8 : RUN mkdir configs &&     sed -i 's|<m2n:sockets from="HeatDirichlet" to="HeatNeumann"/>|<m2n:sockets from="HeatDirichlet" to="HeatNeumann" exchange-directory="/home/precice/Data/Exchange/" network="eth0"/>|g;             s|\(\s\+\)\(</participant>\)|\1   <export:vtk directory="precice-output" />\n\1\2|g' $tutorial_path/precice-config.xml
 ---> Running in 840ff0bbcae2
Removing intermediate container 840ff0bbcae2
 ---> 09f66390c5b2
Step 7/8 : RUN addgroup -g 1000 precice && adduser -u 1000 -G precice -D precice && chown -R precice:precice tutorials configs
 ---> Running in ba468837d581
Removing intermediate container ba468837d581
 ---> 412fbbf6fe86
Step 8/8 : USER precice
 ---> Running in 25addec35ac9
Removing intermediate container 25addec35ac9
 ---> b948aa96e6a4

Successfully built b948aa96e6a4
Successfully tagged testcompose_fe-fe_tutorial-data:latest
Image for service tutorial-data was built because it did not already exist. To rebuild this image you must use `docker-compose build` or `docker-compose up --build`.
Pulling fenics-adapter-neumann (precice/fenics-adapter-ubuntu1804.home-develop:latest)...
latest: Pulling from precice/fenics-adapter-ubuntu1804.home-develop
Creating tutorial-data ... 
[1A[2KCreating tutorial-data ... [32mdone[0m[1BCreating fenics-adapter-neumann ... 
Creating fenics-adapter-dirichlet ... 
[1A[2KCreating fenics-adapter-dirichlet ... [32mdone[0m[1B[2A[2KCreating fenics-adapter-neumann   ... [32mdone[0m[2BAttaching to tutorial-data, fenics-adapter-dirichlet, fenics-adapter-neumann
[33mfenics-adapter-dirichlet    |[0m Traceback (most recent call last):
[33mfenics-adapter-dirichlet    |[0m   File "/home/precice/Data/Input/heat.py", line 28, in <module>
[33mfenics-adapter-dirichlet    |[0m     from fenics import Function, FunctionSpace, Expression, Constant, DirichletBC, TrialFunction, TestFunction, \
[33mfenics-adapter-dirichlet    |[0m   File "/usr/lib/python3/dist-packages/fenics/__init__.py", line 7, in <module>
[33mfenics-adapter-dirichlet    |[0m     from dolfin import *
[33mfenics-adapter-dirichlet    |[0m ModuleNotFoundError: No module named 'dolfin'
[33mfenics-adapter-dirichlet exited with code 1
[0m[36mtutorial-data exited with code 0
[0m[32mfenics-adapter-neumann      |[0m Traceback (most recent call last):
[32mfenics-adapter-neumann      |[0m   File "/home/precice/Data/Input/heat.py", line 28, in <module>
[32mfenics-adapter-neumann      |[0m     from fenics import Function, FunctionSpace, Expression, Constant, DirichletBC, TrialFunction, TestFunction, \
[32mfenics-adapter-neumann      |[0m   File "/usr/lib/python3/dist-packages/fenics/__init__.py", line 7, in <module>
[32mfenics-adapter-neumann      |[0m     from dolfin import *
[32mfenics-adapter-neumann      |[0m ModuleNotFoundError: No module named 'dolfin'
[32mfenics-adapter-neumann exited with code 1
[0m------------- Comparing files -------------
> Only in /home/travis/build/precice/systemtests/tests/TestCompose_fe-fe/referenceOutput: precice-HeatDirichlet-iterations.log
Only in /home/travis/build/precice/systemtests/tests/TestCompose_fe-fe/referenceOutput: precice-HeatNeumann-convergence.log
Only in /home/travis/build/precice/systemtests/tests/TestCompose_fe-fe/referenceOutput: precice-HeatNeumann-iterations.log
----------- Comparison finished -----------
EXECUTING: docker container prune -f; export PRECICE_BASE=-ubuntu1804.home-develop; mkdir Logs; docker-compose config && bash ../../silent_compose.sh debug
EXECUTING: docker cp tutorial-data:/Output .
EXECUTING: docker-compose logs > Logs/container.log
EXECUTING: bash ../../compare_results.sh /home/travis/build/precice/systemtests/tests/TestCompose_fe-fe/referenceOutput /home/travis/build/precice/systemtests/tests/TestCompose_fe-fe/Output
TEST FAILED WITH: Output files do not match reference
Files differing               : []
Files only in reference (left): ['precice-HeatDirichlet-iterations.log', 'precice-HeatNeumann-convergence.log', 'precice-HeatNeumann-iterations.log']
Files only in output(right)   : []
Traceback (most recent call last):
  File "system_testing.py", line 133, in run_compose
    comparison(path_to_ref, path_to_otp)
  File "system_testing.py", line 210, in comparison
    raise IncorrectOutput(*ret)
__main__.IncorrectOutput: Output files do not match reference
Files differing               : []
Files only in reference (left): ['precice-HeatDirichlet-iterations.log', 'precice-HeatNeumann-convergence.log', 'precice-HeatNeumann-iterations.log']
Files only in output(right)   : []

During handling of the above exception, another exception occurred:

Traceback (most recent call last):
  File "system_testing.py", line 305, in <module>
    build_run_compare(test, tag, args.branch.lower(), args.local,
  File "system_testing.py", line 227, in build_run_compare
    run_compose(test, branch, local_precice, tag, force_rebuild, rm_all, verbose)
  File "system_testing.py", line 145, in run_compose
    raise STValidateException()
__main__.STValidateException: COMPARISON FAILED - An error occured while comparing test results with reference files!
travis_time:end:051ab8d2:start=1603764315801592782,finish=1603764446730209075,duration=130928616293,event=script[0K[31;1mThe command "python system_testing.py -s fe-fe -v" exited with 1.[0m
travis_time:start:03f065e0[0K$ python push.py
Cloning into 'precice_st_output'...
Updating files:  23% (6860/28622)Updating files:  24% (6870/28622)Updating files:  25% (7156/28622)Updating files:  26% (7442/28622)Updating files:  27% (7728/28622)Updating files:  28% (8015/28622)Updating files:  29% (8301/28622)Updating files:  30% (8587/28622)Updating files:  31% (8873/28622)Updating files:  32% (9160/28622)Updating files:  33% (9446/28622)Updating files:  34% (9732/28622)Updating files:  35% (10018/28622)Updating files:  36% (10304/28622)Updating files:  37% (10591/28622)Updating files:  38% (10877/28622)Updating files:  39% (11163/28622)Updating files:  40% (11449/28622)Updating files:  41% (11736/28622)Updating files:  42% (12022/28622)Updating files:  43% (12308/28622)Updating files:  44% (12594/28622)Updating files:  45% (12880/28622)Updating files:  46% (13167/28622)Updating files:  47% (13453/28622)Updating files:  48% (13739/28622)Updating files:  48% (13864/28622)Updating files:  49% (14025/28622)Updating files:  50% (14311/28622)Updating files:  51% (14598/28622)Updating files:  52% (14884/28622)Updating files:  53% (15170/28622)Updating files:  54% (15456/28622)Updating files:  55% (15743/28622)Updating files:  56% (16029/28622)Updating files:  57% (16315/28622)Updating files:  58% (16601/28622)Updating files:  59% (16887/28622)Updating files:  60% (17174/28622)Updating files:  61% (17460/28622)Updating files:  62% (17746/28622)Updating files:  63% (18032/28622)Updating files:  64% (18319/28622)Updating files:  65% (18605/28622)Updating files:  66% (18891/28622)Updating files:  66% (19025/28622)Updating files:  67% (19177/28622)Updating files:  68% (19463/28622)Updating files:  69% (19750/28622)Updating files:  70% (20036/28622)Updating files:  71% (20322/28622)Updating files:  72% (20608/28622)Updating files:  73% (20895/28622)Updating files:  74% (21181/28622)Updating files:  75% (21467/28622)Updating files:  76% (21753/28622)Updating files:  77% (22039/28622)Updating files:  78% (22326/28622)Updating files:  79% (22612/28622)Updating files:  80% (22898/28622)Updating files:  81% (23184/28622)Updating files:  82% (23471/28622)Updating files:  83% (23757/28622)Updating files:  83% (23915/28622)Updating files:  84% (24043/28622)Updating files:  85% (24329/28622)Updating files:  86% (24615/28622)Updating files:  87% (24902/28622)Updating files:  88% (25188/28622)Updating files:  89% (25474/28622)Updating files:  90% (25760/28622)Updating files:  91% (26047/28622)Updating files:  92% (26333/28622)Updating files:  93% (26619/28622)Updating files:  94% (26905/28622)Updating files:  95% (27191/28622)Updating files:  96% (27478/28622)Updating files:  97% (27764/28622)Updating files:  97% (28028/28622)Updating files:  98% (28050/28622)Updating files:  99% (28336/28622)