travis_fold:start:worker_info[0K[33;1mWorker information[0m
hostname: 41f520d1-a79c-4cbc-ae55-684a60503b39@1.worker-org-8b5957499-h6bfh.gce-production-3
version: v6.2.17 https://github.com/travis-ci/worker/tree/bc420764f334fe0d096a417c80426f672f1b7d18
instance: travis-job-c8271298-64dd-493d-b642-e33b5e82890a travis-ci-ubuntu-1804-1593521679-ca42795e (via amqp)
startup: 6.333933055s
travis_fold:end:worker_info[0Ktravis_time:start:00709a31[0Ktravis_time:end:00709a31:start=1603534716855360986,finish=1603534717037684537,duration=182323551,event=no_world_writable_dirs[0Ktravis_time:start:176bb2d0[0Ktravis_time:end:176bb2d0:start=1603534717040814577,finish=1603534717044118782,duration=3304205,event=setup_filter[0Ktravis_time:start:0329c0c9[0Ktravis_time:end:0329c0c9:start=1603534717047899674,finish=1603534717057169850,duration=9270176,event=agent[0Ktravis_time:start:21e3fc64[0Ktravis_time:end:21e3fc64:start=1603534717060090181,finish=1603534717062194039,duration=2103858,event=check_unsupported[0Ktravis_time:start:27249d26[0Ktravis_fold:start:system_info[0K[33;1mBuild system information[0m
Build language: python
Build group: stable
Build dist: bionic
Build id: 738510501
Job id: 738510532
Runtime kernel version: 5.3.0-1029-gcp
travis-build version: acd5a925
[34m[1mBuild image provisioning date and time[0m
Tue Jun 30 13:35:43 UTC 2020
[34m[1mOperating System Details[0m
Distributor ID:	Ubuntu
Description:	Ubuntu 18.04.4 LTS
Release:	18.04
Codename:	bionic
[34m[1mSystemd Version[0m
systemd 237
[34m[1mCookbooks Version[0m
3f92a99 https://github.com/travis-ci/travis-cookbooks/tree/3f92a99
[34m[1mgit version[0m
git version 2.27.0
[34m[1mbash version[0m
GNU bash, version 4.4.20(1)-release (x86_64-pc-linux-gnu)
[34m[1mgcc version[0m
gcc (Ubuntu 7.5.0-3ubuntu1~18.04) 7.5.0
[34m[1mdocker version[0m
Client:
 Version:           18.06.0-ce
 API version:       1.38
 Go version:        go1.10.3
 Git commit:        0ffa825
 Built:             Wed Jul 18 19:09:54 2018
 OS/Arch:           linux/amd64
 Experimental:      false

Server:
 Engine:
  Version:          18.06.0-ce
  API version:      1.38 (minimum version 1.12)
  Go version:       go1.10.3
  Git commit:       0ffa825
  Built:            Wed Jul 18 19:07:56 2018
  OS/Arch:          linux/amd64
  Experimental:     false
[34m[1mclang version[0m
clang version 7.0.0 (tags/RELEASE_700/final)
[34m[1mjq version[0m
jq-1.5
[34m[1mbats version[0m
Bats 0.4.0
[34m[1mshellcheck version[0m
0.7.0
[34m[1mshfmt version[0m
v2.6.3
[34m[1mccache version[0m
3.4.1
[34m[1mcmake version[0m
cmake version 3.12.4
[34m[1mheroku version[0m
heroku/7.42.1 linux-x64 node-v12.16.2
[34m[1mimagemagick version[0m
Version: ImageMagick 6.9.7-4 Q16 x86_64 20170114 http://www.imagemagick.org
[34m[1mmd5deep version[0m
4.4
[34m[1mmercurial version[0m
version 4.8
[34m[1mmysql version[0m
mysql  Ver 14.14 Distrib 5.7.30, for Linux (x86_64) using  EditLine wrapper
[34m[1mopenssl version[0m
OpenSSL 1.1.1  11 Sep 2018
[34m[1mpacker version[0m
1.3.3
[34m[1mpostgresql client version[0m
psql (PostgreSQL) 11.8 (Ubuntu 11.8-1.pgdg18.04+1)
[34m[1mragel version[0m
Ragel State Machine Compiler version 6.10 March 2017
[34m[1msudo version[0m
1.8.21p2
[34m[1mgzip version[0m
gzip 1.6
[34m[1mzip version[0m
Zip 3.0
[34m[1mvim version[0m
VIM - Vi IMproved 8.0 (2016 Sep 12, compiled Mar 18 2020 18:29:15)
[34m[1miptables version[0m
iptables v1.6.1
[34m[1mcurl version[0m
curl 7.58.0 (x86_64-pc-linux-gnu) libcurl/7.58.0 OpenSSL/1.1.1 zlib/1.2.11 libidn2/2.0.4 libpsl/0.19.1 (+libidn2/2.0.4) nghttp2/1.30.0 librtmp/2.3
[34m[1mwget version[0m
GNU Wget 1.19.4 built on linux-gnu.
[34m[1mrsync version[0m
rsync  version 3.1.2  protocol version 31
[34m[1mgimme version[0m
v1.5.4
[34m[1mnvm version[0m
0.35.3
[34m[1mperlbrew version[0m
/home/travis/perl5/perlbrew/bin/perlbrew  - App::perlbrew/0.87
[34m[1mphpenv version[0m
rbenv 1.1.2-30-gc879cb0
[34m[1mrvm version[0m
rvm 1.29.10 (latest) by Michal Papis, Piotr Kuczynski, Wayne E. Seguin [https://rvm.io]
[34m[1mdefault ruby version[0m
ruby 2.6.5p114 (2019-10-01 revision 67812) [x86_64-linux]
[34m[1mElasticSearch version[0m
5.5.0
[34m[1mInstalled Firefox version[0m
firefox 63.0.1
[34m[1mMongoDB version[0m
MongoDB 4.0.19
[34m[1mPhantomJS version[0m
2.1.1
[34m[1mPre-installed PostgreSQL versions[0m
9.3.25
9.4.26
9.5.22
9.6.18
[34m[1mRedis version[0m
redis-server 6.0.5
[34m[1mPre-installed Go versions[0m
1.11.1
[34m[1mant version[0m
Apache Ant(TM) version 1.10.5 compiled on March 28 2019
[34m[1mmvn version[0m
Apache Maven 3.6.3 (cecedd343002696d0abb50b32b541b8a6ba2883f)
[34m[1mgradle version[0m
Gradle 5.1.1!
[34m[1mlein version[0m
Leiningen 2.9.3 on Java 11.0.2 OpenJDK 64-Bit Server VM
[34m[1mPre-installed Node.js versions[0m
v10.16.0
v10.21.0
v11.15.0
v12.13.1
v12.18.1
v13.3.0
v4.9.1
v6.17.1
v8.16.2
v8.17.0
v8.9
[34m[1mphpenv versions[0m
  system
  7.1
  7.1.33
  7.2
* 7.2.27 (set by /home/travis/.phpenv/version)
  7.3
  7.3.14
  7.4
  7.4.2
  hhvm
  hhvm-stable
[34m[1mcomposer --version[0m
Composer version 1.9.2 2020-01-14 16:30:31
[34m[1mPre-installed Ruby versions[0m
ruby-2.4.9
ruby-2.5.3
ruby-2.5.7
ruby-2.6.5
ruby-2.7.0
travis_fold:end:system_info[0K
travis_time:end:27249d26:start=1603534717065005888,finish=1603534717072261268,duration=7255380,event=show_system_info[0Ktravis_time:start:052767f3[0Ktravis_time:end:052767f3:start=1603534717075206115,finish=1603534717087916627,duration=12710512,event=rm_riak_source[0Ktravis_time:start:09ddecda[0Ktravis_time:end:09ddecda:start=1603534717090378636,finish=1603534717098067644,duration=7689008,event=fix_rwky_redis[0Ktravis_time:start:1772d294[0Ktravis_time:end:1772d294:start=1603534717100826525,finish=1603534717453608654,duration=352782129,event=wait_for_network[0Ktravis_time:start:281763a2[0Ktravis_time:end:281763a2:start=1603534717461095565,finish=1603534717724556212,duration=263460647,event=update_apt_keys[0Ktravis_time:start:0392d738[0Ktravis_time:end:0392d738:start=1603534717730001141,finish=1603534717783096756,duration=53095615,event=fix_hhvm_source[0Ktravis_time:start:04534c5c[0Ktravis_time:end:04534c5c:start=1603534717786802358,finish=1603534717789976226,duration=3173868,event=update_mongo_arch[0Ktravis_time:start:184b15ba[0Ktravis_time:end:184b15ba:start=1603534717795787279,finish=1603534717836172667,duration=40385388,event=fix_sudo_enabled_trusty[0Ktravis_time:start:219c6d37[0Ktravis_time:end:219c6d37:start=1603534717841098434,finish=1603534717843335433,duration=2236999,event=update_glibc[0Ktravis_time:start:0d2b3f96[0Ktravis_time:end:0d2b3f96:start=1603534717847593529,finish=1603534717855722647,duration=8129118,event=clean_up_path[0Ktravis_time:start:003aeff6[0Ktravis_time:end:003aeff6:start=1603534717859196728,finish=1603534717868105737,duration=8909009,event=fix_resolv_conf[0Ktravis_time:start:34f18ea2[0Ktravis_time:end:34f18ea2:start=1603534717871471782,finish=1603534717898684244,duration=27212462,event=fix_etc_hosts[0Ktravis_time:start:1313b443[0Ktravis_time:end:1313b443:start=1603534717903146973,finish=1603534717911462257,duration=8315284,event=fix_mvn_settings_xml[0Ktravis_time:start:0b18552e[0Ktravis_time:end:0b18552e:start=1603534717917458352,finish=1603534717927007874,duration=9549522,event=no_ipv6_localhost[0Ktravis_time:start:0c0f9252[0Ktravis_time:end:0c0f9252:start=1603534717932524692,finish=1603534717935326863,duration=2802171,event=fix_etc_mavenrc[0Ktravis_time:start:106e4d5c[0Ktravis_time:end:106e4d5c:start=1603534717938543750,finish=1603534717941440928,duration=2897178,event=fix_wwdr_certificate[0Ktravis_time:start:06be36b0[0Ktravis_time:end:06be36b0:start=1603534717945218906,finish=1603534717995274424,duration=50055518,event=put_localhost_first[0Ktravis_time:start:0409999b[0Ktravis_time:end:0409999b:start=1603534717999300280,finish=1603534718002742420,duration=3442140,event=home_paths[0Ktravis_time:start:0561ca98[0Ktravis_time:end:0561ca98:start=1603534718008107844,finish=1603534718020639555,duration=12531711,event=disable_initramfs[0Ktravis_time:start:063e0196[0Ktravis_time:end:063e0196:start=1603534718026338420,finish=1603534718190018604,duration=163680184,event=disable_ssh_roaming[0Ktravis_time:start:1deed4e6[0Ktravis_time:end:1deed4e6:start=1603534718194630463,finish=1603534718197228926,duration=2598463,event=debug_tools[0Ktravis_time:start:09fbca5d[0Ktravis_time:end:09fbca5d:start=1603534718201889350,finish=1603534718205046127,duration=3156777,event=uninstall_oclint[0Ktravis_time:start:0d0af2a4[0Ktravis_time:end:0d0af2a4:start=1603534718209630915,finish=1603534718213453545,duration=3822630,event=rvm_use[0Ktravis_time:start:304872b5[0Ktravis_time:end:304872b5:start=1603534718217243403,finish=1603534718224855688,duration=7612285,event=rm_etc_boto_cfg[0Ktravis_time:start:0636b202[0Ktravis_time:end:0636b202:start=1603534718229684427,finish=1603534718231821044,duration=2136617,event=rm_oraclejdk8_symlink[0Ktravis_time:start:065ef305[0Ktravis_time:end:065ef305:start=1603534718235431835,finish=1603534718329484362,duration=94052527,event=enable_i386[0Ktravis_time:start:0ba73bd2[0Ktravis_time:end:0ba73bd2:start=1603534718335638033,finish=1603534718339464552,duration=3826519,event=update_rubygems[0Ktravis_time:start:02e5f84d[0Ktravis_time:end:02e5f84d:start=1603534718342761874,finish=1603534719132575021,duration=789813147,event=ensure_path_components[0Ktravis_time:start:0aa12ec8[0Ktravis_time:end:0aa12ec8:start=1603534719140621554,finish=1603534719143071990,duration=2450436,event=redefine_curl[0Ktravis_time:start:0252fa56[0Ktravis_time:end:0252fa56:start=1603534719147213158,finish=1603534719263060551,duration=115847393,event=nonblock_pipe[0Ktravis_time:start:1d42cb84[0Ktravis_time:end:1d42cb84:start=1603534719267551744,finish=1603534725304546230,duration=6036994486,event=apt_get_update[0Ktravis_time:start:04329570[0Ktravis_time:end:04329570:start=1603534725308774379,finish=1603534725311325784,duration=2551405,event=deprecate_xcode_64[0Ktravis_time:start:0dc25364[0Ktravis_time:end:0dc25364:start=1603534725315742305,finish=1603534728042001796,duration=2726259491,event=update_heroku[0Ktravis_time:start:0e4aebc5[0Ktravis_time:end:0e4aebc5:start=1603534728046199749,finish=1603534728048888607,duration=2688858,event=shell_session_update[0Ktravis_time:start:01e2cc21[0Ktravis_fold:start:docker_mtu[0Ktravis_fold:end:docker_mtu[0Ktravis_time:end:01e2cc21:start=1603534728052886051,finish=1603534730407412691,duration=2354526640,event=set_docker_mtu[0Ktravis_time:start:11c31d10[0Ktravis_fold:start:resolvconf[0Ktravis_fold:end:resolvconf[0Ktravis_time:end:11c31d10:start=1603534730411995260,finish=1603534730487157765,duration=75162505,event=resolvconf[0Ktravis_time:start:14176434[0Ktravis_time:end:14176434:start=1603534730492592860,finish=1603534730656428186,duration=163835326,event=maven_central_mirror[0Ktravis_time:start:25d70768[0Ktravis_time:end:25d70768:start=1603534730661006955,finish=1603534730755557624,duration=94550669,event=maven_https[0Ktravis_time:start:0afd1b38[0Ktravis_fold:start:services[0Ktravis_time:start:037e4c6f[0K$ sudo systemctl start docker
travis_time:end:037e4c6f:start=1603534730767772787,finish=1603534730780045270,duration=12272483,event=prepare[0Ktravis_fold:end:services[0Ktravis_time:end:037e4c6f:start=1603534730767772787,finish=1603534733786801007,duration=3019028220,event=services[0Ktravis_time:start:010e25f8[0Ktravis_time:end:010e25f8:start=1603534733791702762,finish=1603534733794059630,duration=2356868,event=fix_ps4[0Ktravis_time:start:0da8a16c[0K
travis_fold:start:git.checkout[0Ktravis_time:start:06000b62[0K$ git clone --depth=50 https://github.com/precice/systemtests.git precice/systemtests
Cloning into 'precice/systemtests'...
travis_time:end:06000b62:start=1603534733802065692,finish=1603534741665557711,duration=7863492019,event=checkout[0K$ cd precice/systemtests
travis_time:start:2eefe592[0K$ git fetch origin +refs/pull/222/merge:
From https://github.com/precice/systemtests
 * branch            refs/pull/222/merge -> FETCH_HEAD
travis_time:end:2eefe592:start=1603534741670252715,finish=1603534750070913382,duration=8400660667,event=checkout[0K$ git checkout -qf FETCH_HEAD
travis_fold:end:git.checkout[0K
travis_time:end:2eefe592:start=1603534741670252715,finish=1603534751067091419,duration=9396838704,event=checkout[0Ktravis_time:start:1f9d2c74[0K
[33;1mSetting environment variables from repository settings[0m
$ export DOCKER_PASSWORD=[secure]
$ export PRECICE_BOT_EMAIL=[secure]
$ export GH_TOKEN=[secure]
$ export TRAVIS_ACCESS_TOKEN=[secure]
$ export DOCKER_USERNAME=precice

travis_time:end:1f9d2c74:start=1603534751072211249,finish=1603534751082611032,duration=10399783,event=env[0Ktravis_time:start:0661f548[0K$ source ~/virtualenv/python3.8/bin/activate
travis_time:end:0661f548:start=1603534751086622393,finish=1603534751092445250,duration=5822857,event=[0K$ python --version
Python 3.8.1
$ pip --version
pip 20.1.1 from /home/travis/virtualenv/python3.8.1/lib/python3.8/site-packages/pip (python 3.8)
travis_fold:start:install[0Ktravis_time:start:038835b7[0K$ pip install Jinja2
Collecting Jinja2
  Downloading Jinja2-2.11.2-py2.py3-none-any.whl (125 kB)
Collecting MarkupSafe>=0.23
  Downloading MarkupSafe-1.1.1-cp38-cp38-manylinux1_x86_64.whl (32 kB)
Installing collected packages: MarkupSafe, Jinja2
Successfully installed Jinja2-2.11.2 MarkupSafe-1.1.1
travis_time:end:038835b7:start=1603534751623458322,finish=1603534752843627618,duration=1220169296,event=install[0Ktravis_fold:end:install[0Ktravis_time:start:0ab12e97[0K$ python system_testing.py -s fe-fe -v
Total reclaimed space: 0B
networks:
  precicecomm: {}
services:
  fenics-adapter-dirichlet:
    command: '/bin/bash -c "cd /home/precice && python3 /home/precice/Data/Input/heat.py
      -d -i simple && mkdir /home/precice/Data/Output/Dirichlet && cp -r precice-output
      *.log /home/precice/Data/Output/Dirichlet"

      '
    container_name: fenics-adapter-dirichlet
    depends_on:
    - tutorial-data
    image: precice/fenics-adapter-ubuntu1804.home-develop:latest
    networks:
      precicecomm: null
    volumes:
    - exchange:/home/precice/Data/Exchange:rw
    - output:/home/precice/Data/Output:rw
    - input:/home/precice/Data/Input:rw
  fenics-adapter-neumann:
    command: '/bin/bash -c "cd /home/precice && python3 /home/precice/Data/Input/heat.py
      -n -i simple && mkdir /home/precice/Data/Output/Neumann && cp -r precice-output
      *.log /home/precice/Data/Output/Neumann"

      '
    container_name: fenics-adapter-neumann
    depends_on:
    - tutorial-data
    image: precice/fenics-adapter-ubuntu1804.home-develop:latest
    networks:
      precicecomm: null
    volumes:
    - exchange:/home/precice/Data/Exchange:rw
    - output:/home/precice/Data/Output:rw
    - input:/home/precice/Data/Input:rw
  tutorial-data:
    build:
      context: /home/travis/build/precice/systemtests/tests/TestCompose_fe-fe
      dockerfile: Dockerfile.tutorial_data
      network: host
    container_name: tutorial-data
    volumes:
    - output:/Output:rw
    - input:/tutorials/HT/partitioned-heat/fenics-fenics:rw
version: '3.4'
volumes:
  exchange: {}
  input: {}
  output: {}

Creating network "testcompose_fe-fe_default" with the default driver
Creating network "testcompose_fe-fe_precicecomm" with the default driver
Creating volume "testcompose_fe-fe_exchange" with default driver
Creating volume "testcompose_fe-fe_output" with default driver
Creating volume "testcompose_fe-fe_input" with default driver
Building tutorial-data
Step 1/8 : from alpine
latest: Pulling from library/alpine
Digest: sha256:c0e9560cda118f9ec63ddefb4a173a2b2a0347082d7dff7dc14272e7841a5b5a
Status: Downloaded newer image for alpine:latest
 ---> d6e46aa2470d
Step 2/8 : ENV tutorial_path tutorials/HT/partitioned-heat/fenics-fenics
 ---> Running in 5f2b79ff3ac2
Removing intermediate container 5f2b79ff3ac2
 ---> 9bd6ce09dfc7
Step 3/8 : RUN apk add git
 ---> Running in 1d5e592aff32
fetch http://dl-cdn.alpinelinux.org/alpine/v3.12/main/x86_64/APKINDEX.tar.gz
fetch http://dl-cdn.alpinelinux.org/alpine/v3.12/community/x86_64/APKINDEX.tar.gz
(1/6) Installing ca-certificates (20191127-r4)
(2/6) Installing nghttp2-libs (1.41.0-r0)
(3/6) Installing libcurl (7.69.1-r1)
(4/6) Installing expat (2.2.9-r1)
(5/6) Installing pcre2 (10.35-r0)
(6/6) Installing git (2.26.2-r0)
Executing busybox-1.31.1-r19.trigger
Executing ca-certificates-20191127-r4.trigger
OK: 22 MiB in 20 packages
Removing intermediate container 1d5e592aff32
 ---> 3f676e5c0b13
Step 4/8 : ARG branch=develop
 ---> Running in 4c60b5313dbb
Removing intermediate container 4c60b5313dbb
 ---> 3adcb115e417
Step 5/8 : RUN git clone --branch $branch https://github.com/precice/tutorials
 ---> Running in 8ba4b75d1986
[91mCloning into 'tutorials'...
[0mRemoving intermediate container 8ba4b75d1986
 ---> ad47b3935b5a
Step 6/8 : RUN mkdir configs &&     sed -i 's|<m2n:sockets from="HeatDirichlet" to="HeatNeumann"/>|<m2n:sockets from="HeatDirichlet" to="HeatNeumann" exchange-directory="/home/precice/Data/Exchange/" network="eth0"/>|g;             s|\(\s\+\)\(</participant>\)|\1   <export:vtk directory="precice-output" />\n\1\2|g' $tutorial_path/precice-config.xml
 ---> Running in 41d15e624498
Removing intermediate container 41d15e624498
 ---> 1be5c9228d2a
Step 7/8 : RUN addgroup -g 1000 precice && adduser -u 1000 -G precice -D precice && chown -R precice:precice tutorials configs
 ---> Running in 29752d1292fd
Removing intermediate container 29752d1292fd
 ---> 79cf1fdcbeec
Step 8/8 : USER precice
 ---> Running in 2164a3461842
Removing intermediate container 2164a3461842
 ---> 39d4db79a816

Successfully built 39d4db79a816
Successfully tagged testcompose_fe-fe_tutorial-data:latest
Image for service tutorial-data was built because it did not already exist. To rebuild this image you must use `docker-compose build` or `docker-compose up --build`.
Pulling fenics-adapter-neumann (precice/fenics-adapter-ubuntu1804.home-develop:latest)...
latest: Pulling from precice/fenics-adapter-ubuntu1804.home-develop
Creating tutorial-data ... 
[1A[2KCreating tutorial-data ... [32mdone[0m[1BCreating fenics-adapter-dirichlet ... 
Creating fenics-adapter-neumann   ... 
[1A[2KCreating fenics-adapter-neumann   ... [32mdone[0m[1B[2A[2KCreating fenics-adapter-dirichlet ... [32mdone[0m[2BAttaching to tutorial-data, fenics-adapter-neumann, fenics-adapter-dirichlet
[33mfenics-adapter-neumann      |[0m Traceback (most recent call last):
[33mfenics-adapter-neumann      |[0m   File "/home/precice/Data/Input/heat.py", line 28, in <module>
[33mfenics-adapter-neumann      |[0m     from fenics import Function, FunctionSpace, Expression, Constant, DirichletBC, TrialFunction, TestFunction, \
[33mfenics-adapter-neumann      |[0m   File "/usr/lib/python3/dist-packages/fenics/__init__.py", line 7, in <module>
[33mfenics-adapter-neumann      |[0m     from dolfin import *
[33mfenics-adapter-neumann      |[0m ModuleNotFoundError: No module named 'dolfin'
[36mtutorial-data exited with code 0
[0m[32mfenics-adapter-dirichlet    |[0m Traceback (most recent call last):
[32mfenics-adapter-dirichlet    |[0m   File "/home/precice/Data/Input/heat.py", line 28, in <module>
[32mfenics-adapter-dirichlet    |[0m     from fenics import Function, FunctionSpace, Expression, Constant, DirichletBC, TrialFunction, TestFunction, \
[32mfenics-adapter-dirichlet    |[0m   File "/usr/lib/python3/dist-packages/fenics/__init__.py", line 7, in <module>
[32mfenics-adapter-dirichlet    |[0m     from dolfin import *
[32mfenics-adapter-dirichlet    |[0m ModuleNotFoundError: No module named 'dolfin'
[33mfenics-adapter-neumann exited with code 1
[0m[32mfenics-adapter-dirichlet exited with code 1
[0m------------- Comparing files -------------
> Only in /home/travis/build/precice/systemtests/tests/TestCompose_fe-fe/referenceOutput: precice-HeatDirichlet-iterations.log
Only in /home/travis/build/precice/systemtests/tests/TestCompose_fe-fe/referenceOutput: precice-HeatNeumann-convergence.log
Only in /home/travis/build/precice/systemtests/tests/TestCompose_fe-fe/referenceOutput: precice-HeatNeumann-iterations.log
----------- Comparison finished -----------
EXECUTING: docker container prune -f; export PRECICE_BASE=-ubuntu1804.home-develop; mkdir Logs; docker-compose config && bash ../../silent_compose.sh debug
EXECUTING: docker cp tutorial-data:/Output .
EXECUTING: docker-compose logs > Logs/container.log
EXECUTING: bash ../../compare_results.sh /home/travis/build/precice/systemtests/tests/TestCompose_fe-fe/referenceOutput /home/travis/build/precice/systemtests/tests/TestCompose_fe-fe/Output
TEST FAILED WITH: Output files do not match reference
Files differing               : []
Files only in reference (left): ['precice-HeatDirichlet-iterations.log', 'precice-HeatNeumann-convergence.log', 'precice-HeatNeumann-iterations.log']
Files only in output(right)   : []
Traceback (most recent call last):
  File "system_testing.py", line 133, in run_compose
    comparison(path_to_ref, path_to_otp)
  File "system_testing.py", line 210, in comparison
    raise IncorrectOutput(*ret)
__main__.IncorrectOutput: Output files do not match reference
Files differing               : []
Files only in reference (left): ['precice-HeatDirichlet-iterations.log', 'precice-HeatNeumann-convergence.log', 'precice-HeatNeumann-iterations.log']
Files only in output(right)   : []

During handling of the above exception, another exception occurred:

Traceback (most recent call last):
  File "system_testing.py", line 305, in <module>
    build_run_compare(test, tag, args.branch.lower(), args.local,
  File "system_testing.py", line 227, in build_run_compare
    run_compose(test, branch, local_precice, tag, force_rebuild, rm_all, verbose)
  File "system_testing.py", line 145, in run_compose
    raise STValidateException()
__main__.STValidateException: COMPARISON FAILED - An error occured while comparing test results with reference files!
travis_time:end:0ab12e97:start=1603534752849027902,finish=1603534882184503246,duration=129335475344,event=script[0K[31;1mThe command "python system_testing.py -s fe-fe -v" exited with 1.[0m
travis_time:start:02190ade[0K$ python push.py -o
Cloning into 'precice_st_output'...
Updating files:  25% (7142/27784)Updating files:  26% (7224/27784)Updating files:  27% (7502/27784)Updating files:  28% (7780/27784)Updating files:  29% (8058/27784)Updating files:  30% (8336/27784)Updating files:  31% (8614/27784)Updating files:  32% (8891/27784)Updating files:  33% (9169/27784)Updating files:  34% (9447/27784)Updating files:  35% (9725/27784)Updating files:  36% (10003/27784)Updating files:  37% (10281/27784)Updating files:  38% (10558/27784)Updating files:  39% (10836/27784)Updating files:  40% (11114/27784)Updating files:  41% (11392/27784)Updating files:  42% (11670/27784)Updating files:  43% (11948/27784)Updating files:  44% (12225/27784)Updating files:  45% (12503/27784)Updating files:  46% (12781/27784)Updating files:  47% (13059/27784)Updating files:  48% (13337/27784)Updating files:  49% (13615/27784)Updating files:  50% (13892/27784)Updating files:  51% (14170/27784)Updating files:  51% (14285/27784)Updating files:  52% (14448/27784)Updating files:  53% (14726/27784)Updating files:  54% (15004/27784)Updating files:  55% (15282/27784)Updating files:  56% (15560/27784)Updating files:  57% (15837/27784)Updating files:  58% (16115/27784)Updating files:  59% (16393/27784)Updating files:  60% (16671/27784)Updating files:  61% (16949/27784)Updating files:  62% (17227/27784)Updating files:  63% (17504/27784)Updating files:  64% (17782/27784)Updating files:  65% (18060/27784)Updating files:  66% (18338/27784)Updating files:  66% (18343/27784)Updating files:  67% (18616/27784)Updating files:  68% (18894/27784)Updating files:  69% (19171/27784)Updating files:  70% (19449/27784)Updating files:  71% (19727/27784)Updating files:  72% (20005/27784)Updating files:  73% (20283/27784)Updating files:  74% (20561/27784)Updating files:  75% (20838/27784)Updating files:  76% (21116/27784)Updating files:  77% (21394/27784)Updating files:  78% (21672/27784)Updating files:  79% (21950/27784)Updating files:  80% (22228/27784)Updating files:  81% (22506/27784)Updating files:  82% (22783/27784)Updating files:  83% (23061/27784)Updating files:  84% (23339/27784)Updating files:  85% (23617/27784)Updating files:  86% (23895/27784)Updating files:  86% (23899/27784)Updating files:  87% (24173/27784)Updating files:  88% (24450/27784)Updating files:  89% (24728/27784)Updating files:  90% (25006/27784)Updating files:  91% (25284/27784)Updating files:  91% (25541/27784)Updating files:  92% (25562/27784)Updating files:  93% (25840/27784)Updating files:  94% (26117/27784)Updating files:  95% (26395/27784)Updating files:  96% (26673/27784)Updating files:  97% (26951/27784)Updating files:  98% (27229/27784)Updating files:  99% (27507/27784)Updating files: 100% (27784/27784)Updating files: 100% (27784/27784), done.
