travis_fold:start:worker_info[0K[33;1mWorker information[0m
hostname: d4396ec8-f4e0-48b0-b41b-e88164c5cc74@1.worker-org-8b5957499-jj6kx.gce-production-3
version: v6.2.17 https://github.com/travis-ci/worker/tree/bc420764f334fe0d096a417c80426f672f1b7d18
instance: travis-job-8a26537a-a38b-43f7-849f-9b1517e568d8 travis-ci-ubuntu-1804-1593521679-ca42795e (via amqp)
startup: 6.170565179s
travis_fold:end:worker_info[0Ktravis_time:start:0760da40[0Ktravis_time:end:0760da40:start=1603560040780122278,finish=1603560040960318876,duration=180196598,event=no_world_writable_dirs[0Ktravis_time:start:205e329f[0Ktravis_time:end:205e329f:start=1603560040963409429,finish=1603560040966784514,duration=3375085,event=setup_filter[0Ktravis_time:start:002c5c36[0Ktravis_time:end:002c5c36:start=1603560040970690768,finish=1603560040980664335,duration=9973567,event=agent[0Ktravis_time:start:074057e8[0Ktravis_time:end:074057e8:start=1603560040988168652,finish=1603560040990146156,duration=1977504,event=check_unsupported[0Ktravis_time:start:000d846e[0Ktravis_fold:start:system_info[0K[33;1mBuild system information[0m
Build language: python
Build group: stable
Build dist: bionic
Build id: 738556008
Job id: 738556063
Runtime kernel version: 5.3.0-1029-gcp
travis-build version: acd5a925
[34m[1mBuild image provisioning date and time[0m
Tue Jun 30 13:35:43 UTC 2020
[34m[1mOperating System Details[0m
Distributor ID:	Ubuntu
Description:	Ubuntu 18.04.4 LTS
Release:	18.04
Codename:	bionic
[34m[1mSystemd Version[0m
systemd 237
[34m[1mCookbooks Version[0m
3f92a99 https://github.com/travis-ci/travis-cookbooks/tree/3f92a99
[34m[1mgit version[0m
git version 2.27.0
[34m[1mbash version[0m
GNU bash, version 4.4.20(1)-release (x86_64-pc-linux-gnu)
[34m[1mgcc version[0m
gcc (Ubuntu 7.5.0-3ubuntu1~18.04) 7.5.0
[34m[1mdocker version[0m
Client:
 Version:           18.06.0-ce
 API version:       1.38
 Go version:        go1.10.3
 Git commit:        0ffa825
 Built:             Wed Jul 18 19:09:54 2018
 OS/Arch:           linux/amd64
 Experimental:      false

Server:
 Engine:
  Version:          18.06.0-ce
  API version:      1.38 (minimum version 1.12)
  Go version:       go1.10.3
  Git commit:       0ffa825
  Built:            Wed Jul 18 19:07:56 2018
  OS/Arch:          linux/amd64
  Experimental:     false
[34m[1mclang version[0m
clang version 7.0.0 (tags/RELEASE_700/final)
[34m[1mjq version[0m
jq-1.5
[34m[1mbats version[0m
Bats 0.4.0
[34m[1mshellcheck version[0m
0.7.0
[34m[1mshfmt version[0m
v2.6.3
[34m[1mccache version[0m
3.4.1
[34m[1mcmake version[0m
cmake version 3.12.4
[34m[1mheroku version[0m
heroku/7.42.1 linux-x64 node-v12.16.2
[34m[1mimagemagick version[0m
Version: ImageMagick 6.9.7-4 Q16 x86_64 20170114 http://www.imagemagick.org
[34m[1mmd5deep version[0m
4.4
[34m[1mmercurial version[0m
version 4.8
[34m[1mmysql version[0m
mysql  Ver 14.14 Distrib 5.7.30, for Linux (x86_64) using  EditLine wrapper
[34m[1mopenssl version[0m
OpenSSL 1.1.1  11 Sep 2018
[34m[1mpacker version[0m
1.3.3
[34m[1mpostgresql client version[0m
psql (PostgreSQL) 11.8 (Ubuntu 11.8-1.pgdg18.04+1)
[34m[1mragel version[0m
Ragel State Machine Compiler version 6.10 March 2017
[34m[1msudo version[0m
1.8.21p2
[34m[1mgzip version[0m
gzip 1.6
[34m[1mzip version[0m
Zip 3.0
[34m[1mvim version[0m
VIM - Vi IMproved 8.0 (2016 Sep 12, compiled Mar 18 2020 18:29:15)
[34m[1miptables version[0m
iptables v1.6.1
[34m[1mcurl version[0m
curl 7.58.0 (x86_64-pc-linux-gnu) libcurl/7.58.0 OpenSSL/1.1.1 zlib/1.2.11 libidn2/2.0.4 libpsl/0.19.1 (+libidn2/2.0.4) nghttp2/1.30.0 librtmp/2.3
[34m[1mwget version[0m
GNU Wget 1.19.4 built on linux-gnu.
[34m[1mrsync version[0m
rsync  version 3.1.2  protocol version 31
[34m[1mgimme version[0m
v1.5.4
[34m[1mnvm version[0m
0.35.3
[34m[1mperlbrew version[0m
/home/travis/perl5/perlbrew/bin/perlbrew  - App::perlbrew/0.87
[34m[1mphpenv version[0m
rbenv 1.1.2-30-gc879cb0
[34m[1mrvm version[0m
rvm 1.29.10 (latest) by Michal Papis, Piotr Kuczynski, Wayne E. Seguin [https://rvm.io]
[34m[1mdefault ruby version[0m
ruby 2.6.5p114 (2019-10-01 revision 67812) [x86_64-linux]
[34m[1mElasticSearch version[0m
5.5.0
[34m[1mInstalled Firefox version[0m
firefox 63.0.1
[34m[1mMongoDB version[0m
MongoDB 4.0.19
[34m[1mPhantomJS version[0m
2.1.1
[34m[1mPre-installed PostgreSQL versions[0m
9.3.25
9.4.26
9.5.22
9.6.18
[34m[1mRedis version[0m
redis-server 6.0.5
[34m[1mPre-installed Go versions[0m
1.11.1
[34m[1mant version[0m
Apache Ant(TM) version 1.10.5 compiled on March 28 2019
[34m[1mmvn version[0m
Apache Maven 3.6.3 (cecedd343002696d0abb50b32b541b8a6ba2883f)
[34m[1mgradle version[0m
Gradle 5.1.1!
[34m[1mlein version[0m
Leiningen 2.9.3 on Java 11.0.2 OpenJDK 64-Bit Server VM
[34m[1mPre-installed Node.js versions[0m
v10.16.0
v10.21.0
v11.15.0
v12.13.1
v12.18.1
v13.3.0
v4.9.1
v6.17.1
v8.16.2
v8.17.0
v8.9
[34m[1mphpenv versions[0m
  system
  7.1
  7.1.33
  7.2
* 7.2.27 (set by /home/travis/.phpenv/version)
  7.3
  7.3.14
  7.4
  7.4.2
  hhvm
  hhvm-stable
[34m[1mcomposer --version[0m
Composer version 1.9.2 2020-01-14 16:30:31
[34m[1mPre-installed Ruby versions[0m
ruby-2.4.9
ruby-2.5.3
ruby-2.5.7
ruby-2.6.5
ruby-2.7.0
travis_fold:end:system_info[0K
travis_time:end:000d846e:start=1603560040993274835,finish=1603560041003494819,duration=10219984,event=show_system_info[0Ktravis_time:start:046b8df0[0Ktravis_time:end:046b8df0:start=1603560041006372331,finish=1603560041022519810,duration=16147479,event=rm_riak_source[0Ktravis_time:start:07818ccc[0Ktravis_time:end:07818ccc:start=1603560041031281976,finish=1603560041040028238,duration=8746262,event=fix_rwky_redis[0Ktravis_time:start:06ffab37[0Ktravis_time:end:06ffab37:start=1603560041054281318,finish=1603560041401375348,duration=347094030,event=wait_for_network[0Ktravis_time:start:16b3ffb4[0Ktravis_time:end:16b3ffb4:start=1603560041406745405,finish=1603560041651612075,duration=244866670,event=update_apt_keys[0Ktravis_time:start:0baa7fdc[0Ktravis_time:end:0baa7fdc:start=1603560041655871539,finish=1603560041708518761,duration=52647222,event=fix_hhvm_source[0Ktravis_time:start:0fae29a8[0Ktravis_time:end:0fae29a8:start=1603560041712592092,finish=1603560041715193625,duration=2601533,event=update_mongo_arch[0Ktravis_time:start:06d128aa[0Ktravis_time:end:06d128aa:start=1603560041719086931,finish=1603560041759950344,duration=40863413,event=fix_sudo_enabled_trusty[0Ktravis_time:start:10925030[0Ktravis_time:end:10925030:start=1603560041763504966,finish=1603560041765707335,duration=2202369,event=update_glibc[0Ktravis_time:start:17900fd8[0Ktravis_time:end:17900fd8:start=1603560041769401437,finish=1603560041777129706,duration=7728269,event=clean_up_path[0Ktravis_time:start:28979bda[0Ktravis_time:end:28979bda:start=1603560041780695677,finish=1603560041789114675,duration=8418998,event=fix_resolv_conf[0Ktravis_time:start:131b0b42[0Ktravis_time:end:131b0b42:start=1603560041794816558,finish=1603560041809319754,duration=14503196,event=fix_etc_hosts[0Ktravis_time:start:030c5bfb[0Ktravis_time:end:030c5bfb:start=1603560041812757413,finish=1603560041820795286,duration=8037873,event=fix_mvn_settings_xml[0Ktravis_time:start:038090eb[0Ktravis_time:end:038090eb:start=1603560041824963801,finish=1603560041834758770,duration=9794969,event=no_ipv6_localhost[0Ktravis_time:start:37636e00[0Ktravis_time:end:37636e00:start=1603560041839879814,finish=1603560041842535021,duration=2655207,event=fix_etc_mavenrc[0Ktravis_time:start:094cc630[0Ktravis_time:end:094cc630:start=1603560041848057363,finish=1603560041851381510,duration=3324147,event=fix_wwdr_certificate[0Ktravis_time:start:05cacd95[0Ktravis_time:end:05cacd95:start=1603560041855637295,finish=1603560041900916683,duration=45279388,event=put_localhost_first[0Ktravis_time:start:09540598[0Ktravis_time:end:09540598:start=1603560041905053471,finish=1603560041908499598,duration=3446127,event=home_paths[0Ktravis_time:start:159aca86[0Ktravis_time:end:159aca86:start=1603560041912181656,finish=1603560041923940844,duration=11759188,event=disable_initramfs[0Ktravis_time:start:0df124b3[0Ktravis_time:end:0df124b3:start=1603560041927938473,finish=1603560042067110439,duration=139171966,event=disable_ssh_roaming[0Ktravis_time:start:13359aee[0Ktravis_time:end:13359aee:start=1603560042071208157,finish=1603560042073787154,duration=2578997,event=debug_tools[0Ktravis_time:start:074badc0[0Ktravis_time:end:074badc0:start=1603560042077651886,finish=1603560042080917908,duration=3266022,event=uninstall_oclint[0Ktravis_time:start:04ba94a0[0Ktravis_time:end:04ba94a0:start=1603560042084559528,finish=1603560042087933232,duration=3373704,event=rvm_use[0Ktravis_time:start:06dc73df[0Ktravis_time:end:06dc73df:start=1603560042091852051,finish=1603560042099578566,duration=7726515,event=rm_etc_boto_cfg[0Ktravis_time:start:0394d880[0Ktravis_time:end:0394d880:start=1603560042103308252,finish=1603560042105820248,duration=2511996,event=rm_oraclejdk8_symlink[0Ktravis_time:start:001121ea[0Ktravis_time:end:001121ea:start=1603560042109687802,finish=1603560042202049010,duration=92361208,event=enable_i386[0Ktravis_time:start:0f076ff6[0Ktravis_time:end:0f076ff6:start=1603560042206585217,finish=1603560042210254851,duration=3669634,event=update_rubygems[0Ktravis_time:start:2d2f6a04[0Ktravis_time:end:2d2f6a04:start=1603560042215610038,finish=1603560043017309504,duration=801699466,event=ensure_path_components[0Ktravis_time:start:0bf94300[0Ktravis_time:end:0bf94300:start=1603560043021986873,finish=1603560043024607699,duration=2620826,event=redefine_curl[0Ktravis_time:start:1b48fe49[0Ktravis_time:end:1b48fe49:start=1603560043028924498,finish=1603560043133316920,duration=104392422,event=nonblock_pipe[0Ktravis_time:start:0df45d0c[0Ktravis_time:end:0df45d0c:start=1603560043137278931,finish=1603560049167511838,duration=6030232907,event=apt_get_update[0Ktravis_time:start:0b1c38c8[0Ktravis_time:end:0b1c38c8:start=1603560049171537105,finish=1603560049173954468,duration=2417363,event=deprecate_xcode_64[0Ktravis_time:start:045b3539[0Ktravis_time:end:045b3539:start=1603560049178067763,finish=1603560051859919015,duration=2681851252,event=update_heroku[0Ktravis_time:start:10085771[0Ktravis_time:end:10085771:start=1603560051863853124,finish=1603560051865952629,duration=2099505,event=shell_session_update[0Ktravis_time:start:0fa45224[0Ktravis_fold:start:docker_mtu[0Ktravis_fold:end:docker_mtu[0Ktravis_time:end:0fa45224:start=1603560051869618048,finish=1603560054198745384,duration=2329127336,event=set_docker_mtu[0Ktravis_time:start:08a6e60b[0Ktravis_fold:start:resolvconf[0Ktravis_fold:end:resolvconf[0Ktravis_time:end:08a6e60b:start=1603560054205023252,finish=1603560054278537690,duration=73514438,event=resolvconf[0Ktravis_time:start:0651ade8[0Ktravis_time:end:0651ade8:start=1603560054282390747,finish=1603560054434560473,duration=152169726,event=maven_central_mirror[0Ktravis_time:start:1457e7d1[0Ktravis_time:end:1457e7d1:start=1603560054438563526,finish=1603560054533241140,duration=94677614,event=maven_https[0Ktravis_time:start:00bd978c[0Ktravis_fold:start:services[0Ktravis_time:start:00a54b00[0K$ sudo systemctl start docker
travis_time:end:00a54b00:start=1603560054546645723,finish=1603560054559461412,duration=12815689,event=prepare[0Ktravis_fold:end:services[0Ktravis_time:end:00a54b00:start=1603560054546645723,finish=1603560057565385807,duration=3018740084,event=services[0Ktravis_time:start:0a14ce3f[0Ktravis_time:end:0a14ce3f:start=1603560057569887942,finish=1603560057572723316,duration=2835374,event=fix_ps4[0Ktravis_time:start:02fcc844[0K
travis_fold:start:git.checkout[0Ktravis_time:start:00887c64[0K$ git clone --depth=50 --branch=develop https://github.com/precice/systemtests.git precice/systemtests
Cloning into 'precice/systemtests'...
travis_time:end:00887c64:start=1603560057580180436,finish=1603560068411691835,duration=10831511399,event=checkout[0K$ cd precice/systemtests
$ git checkout -qf 28275345acbb9962c4f7a2747c481eefb156ab31
travis_fold:end:git.checkout[0K
travis_time:end:00887c64:start=1603560057580180436,finish=1603560069267470439,duration=11687290003,event=checkout[0Ktravis_time:start:1a16e46c[0K
[33;1mSetting environment variables from repository settings[0m
$ export DOCKER_PASSWORD=[secure]
$ export PRECICE_BOT_EMAIL=[secure]
$ export GH_TOKEN=[secure]
$ export TRAVIS_ACCESS_TOKEN=[secure]
$ export DOCKER_USERNAME=precice

travis_time:end:1a16e46c:start=1603560069272348029,finish=1603560069285594230,duration=13246201,event=env[0Ktravis_time:start:119910f0[0K$ source ~/virtualenv/python3.8/bin/activate
travis_time:end:119910f0:start=1603560069291443310,finish=1603560069297213255,duration=5769945,event=[0K$ python --version
Python 3.8.1
$ pip --version
pip 20.1.1 from /home/travis/virtualenv/python3.8.1/lib/python3.8/site-packages/pip (python 3.8)
travis_fold:start:install[0Ktravis_time:start:01281eee[0K$ pip install Jinja2
Collecting Jinja2
  Downloading Jinja2-2.11.2-py2.py3-none-any.whl (125 kB)
Collecting MarkupSafe>=0.23
  Downloading MarkupSafe-1.1.1-cp38-cp38-manylinux1_x86_64.whl (32 kB)
Installing collected packages: MarkupSafe, Jinja2
Successfully installed Jinja2-2.11.2 MarkupSafe-1.1.1
travis_time:end:01281eee:start=1603560069809896257,finish=1603560071017495856,duration=1207599599,event=install[0Ktravis_fold:end:install[0Ktravis_time:start:094f8527[0K$ python system_testing.py -s fe-fe -v
Total reclaimed space: 0B
networks:
  precicecomm: {}
services:
  fenics-adapter-dirichlet:
    command: '/bin/bash -c "cd /home/precice && python3 /home/precice/Data/Input/heat.py
      -d -i simple && mkdir /home/precice/Data/Output/Dirichlet && cp -r precice-output
      *.log /home/precice/Data/Output/Dirichlet"

      '
    container_name: fenics-adapter-dirichlet
    depends_on:
    - tutorial-data
    image: precice/fenics-adapter-ubuntu1804.home-develop:latest
    networks:
      precicecomm: null
    volumes:
    - exchange:/home/precice/Data/Exchange:rw
    - output:/home/precice/Data/Output:rw
    - input:/home/precice/Data/Input:rw
  fenics-adapter-neumann:
    command: '/bin/bash -c "cd /home/precice && python3 /home/precice/Data/Input/heat.py
      -n -i simple && mkdir /home/precice/Data/Output/Neumann && cp -r precice-output
      *.log /home/precice/Data/Output/Neumann"

      '
    container_name: fenics-adapter-neumann
    depends_on:
    - tutorial-data
    image: precice/fenics-adapter-ubuntu1804.home-develop:latest
    networks:
      precicecomm: null
    volumes:
    - exchange:/home/precice/Data/Exchange:rw
    - output:/home/precice/Data/Output:rw
    - input:/home/precice/Data/Input:rw
  tutorial-data:
    build:
      context: /home/travis/build/precice/systemtests/tests/TestCompose_fe-fe
      dockerfile: Dockerfile.tutorial_data
      network: host
    container_name: tutorial-data
    volumes:
    - output:/Output:rw
    - input:/tutorials/HT/partitioned-heat/fenics-fenics:rw
version: '3.4'
volumes:
  exchange: {}
  input: {}
  output: {}

Creating network "testcompose_fe-fe_default" with the default driver
Creating network "testcompose_fe-fe_precicecomm" with the default driver
Creating volume "testcompose_fe-fe_exchange" with default driver
Creating volume "testcompose_fe-fe_output" with default driver
Creating volume "testcompose_fe-fe_input" with default driver
Building tutorial-data
Step 1/8 : from alpine
latest: Pulling from library/alpine
Digest: sha256:c0e9560cda118f9ec63ddefb4a173a2b2a0347082d7dff7dc14272e7841a5b5a
Status: Downloaded newer image for alpine:latest
 ---> d6e46aa2470d
Step 2/8 : ENV tutorial_path tutorials/HT/partitioned-heat/fenics-fenics
 ---> Running in ee1a4c01d591
Removing intermediate container ee1a4c01d591
 ---> a51ddd8bcf08
Step 3/8 : RUN apk add git
 ---> Running in 9e69519592a3
fetch http://dl-cdn.alpinelinux.org/alpine/v3.12/main/x86_64/APKINDEX.tar.gz
fetch http://dl-cdn.alpinelinux.org/alpine/v3.12/community/x86_64/APKINDEX.tar.gz
(1/6) Installing ca-certificates (20191127-r4)
(2/6) Installing nghttp2-libs (1.41.0-r0)
(3/6) Installing libcurl (7.69.1-r1)
(4/6) Installing expat (2.2.9-r1)
(5/6) Installing pcre2 (10.35-r0)
(6/6) Installing git (2.26.2-r0)
Executing busybox-1.31.1-r19.trigger
Executing ca-certificates-20191127-r4.trigger
OK: 22 MiB in 20 packages
Removing intermediate container 9e69519592a3
 ---> a20f95d66779
Step 4/8 : ARG branch=develop
 ---> Running in 232ad4445fa4
Removing intermediate container 232ad4445fa4
 ---> 15bc30bf6b3a
Step 5/8 : RUN git clone --branch $branch https://github.com/precice/tutorials
 ---> Running in ba98257f803a
[91mCloning into 'tutorials'...
[0mRemoving intermediate container ba98257f803a
 ---> 19ba3f81a4e2
Step 6/8 : RUN mkdir configs &&     sed -i 's|<m2n:sockets from="HeatDirichlet" to="HeatNeumann"/>|<m2n:sockets from="HeatDirichlet" to="HeatNeumann" exchange-directory="/home/precice/Data/Exchange/" network="eth0"/>|g;             s|\(\s\+\)\(</participant>\)|\1   <export:vtk directory="precice-output" />\n\1\2|g' $tutorial_path/precice-config.xml
 ---> Running in 94fab4874216
Removing intermediate container 94fab4874216
 ---> 504b4ed973f5
Step 7/8 : RUN addgroup -g 1000 precice && adduser -u 1000 -G precice -D precice && chown -R precice:precice tutorials configs
 ---> Running in abc327c3cc3c
Removing intermediate container abc327c3cc3c
 ---> 4f92099148b0
Step 8/8 : USER precice
 ---> Running in f2c24a6fbf7a
Removing intermediate container f2c24a6fbf7a
 ---> d36c52a329e9

Successfully built d36c52a329e9
Successfully tagged testcompose_fe-fe_tutorial-data:latest
Image for service tutorial-data was built because it did not already exist. To rebuild this image you must use `docker-compose build` or `docker-compose up --build`.
Pulling fenics-adapter-neumann (precice/fenics-adapter-ubuntu1804.home-develop:latest)...
latest: Pulling from precice/fenics-adapter-ubuntu1804.home-develop
Creating tutorial-data ... 
[1A[2KCreating tutorial-data ... [32mdone[0m[1BCreating fenics-adapter-neumann ... 
Creating fenics-adapter-dirichlet ... 
[2A[2KCreating fenics-adapter-neumann   ... [32mdone[0m[2B[1A[2KCreating fenics-adapter-dirichlet ... [32mdone[0m[1BAttaching to tutorial-data, fenics-adapter-neumann, fenics-adapter-dirichlet
[36mtutorial-data exited with code 0
[0m[33mfenics-adapter-neumann      |[0m Traceback (most recent call last):
[33mfenics-adapter-neumann      |[0m   File "/home/precice/Data/Input/heat.py", line 28, in <module>
[33mfenics-adapter-neumann      |[0m     from fenics import Function, FunctionSpace, Expression, Constant, DirichletBC, TrialFunction, TestFunction, \
[33mfenics-adapter-neumann      |[0m   File "/usr/lib/python3/dist-packages/fenics/__init__.py", line 7, in <module>
[33mfenics-adapter-neumann      |[0m     from dolfin import *
[33mfenics-adapter-neumann      |[0m ModuleNotFoundError: No module named 'dolfin'
[32mfenics-adapter-dirichlet    |[0m Traceback (most recent call last):
[32mfenics-adapter-dirichlet    |[0m   File "/home/precice/Data/Input/heat.py", line 28, in <module>
[32mfenics-adapter-dirichlet    |[0m     from fenics import Function, FunctionSpace, Expression, Constant, DirichletBC, TrialFunction, TestFunction, \
[32mfenics-adapter-dirichlet    |[0m   File "/usr/lib/python3/dist-packages/fenics/__init__.py", line 7, in <module>
[32mfenics-adapter-dirichlet    |[0m     from dolfin import *
[32mfenics-adapter-dirichlet    |[0m ModuleNotFoundError: No module named 'dolfin'
[33mfenics-adapter-neumann exited with code 1
[0m[32mfenics-adapter-dirichlet exited with code 1
[0m------------- Comparing files -------------
> Only in /home/travis/build/precice/systemtests/tests/TestCompose_fe-fe/referenceOutput: precice-HeatDirichlet-iterations.log
Only in /home/travis/build/precice/systemtests/tests/TestCompose_fe-fe/referenceOutput: precice-HeatNeumann-convergence.log
Only in /home/travis/build/precice/systemtests/tests/TestCompose_fe-fe/referenceOutput: precice-HeatNeumann-iterations.log
----------- Comparison finished -----------
EXECUTING: docker container prune -f; export PRECICE_BASE=-ubuntu1804.home-develop; mkdir Logs; docker-compose config && bash ../../silent_compose.sh debug
EXECUTING: docker cp tutorial-data:/Output .
EXECUTING: docker-compose logs > Logs/container.log
EXECUTING: bash ../../compare_results.sh /home/travis/build/precice/systemtests/tests/TestCompose_fe-fe/referenceOutput /home/travis/build/precice/systemtests/tests/TestCompose_fe-fe/Output
TEST FAILED WITH: Output files do not match reference
Files differing               : []
Files only in reference (left): ['precice-HeatDirichlet-iterations.log', 'precice-HeatNeumann-convergence.log', 'precice-HeatNeumann-iterations.log']
Files only in output(right)   : []
Traceback (most recent call last):
  File "system_testing.py", line 133, in run_compose
    comparison(path_to_ref, path_to_otp)
  File "system_testing.py", line 210, in comparison
    raise IncorrectOutput(*ret)
__main__.IncorrectOutput: Output files do not match reference
Files differing               : []
Files only in reference (left): ['precice-HeatDirichlet-iterations.log', 'precice-HeatNeumann-convergence.log', 'precice-HeatNeumann-iterations.log']
Files only in output(right)   : []

During handling of the above exception, another exception occurred:

Traceback (most recent call last):
  File "system_testing.py", line 305, in <module>
    build_run_compare(test, tag, args.branch.lower(), args.local,
  File "system_testing.py", line 227, in build_run_compare
    run_compose(test, branch, local_precice, tag, force_rebuild, rm_all, verbose)
  File "system_testing.py", line 145, in run_compose
    raise STValidateException()
__main__.STValidateException: COMPARISON FAILED - An error occured while comparing test results with reference files!
travis_time:end:094f8527:start=1603560071022265017,finish=1603560201141126733,duration=130118861716,event=script[0K[31;1mThe command "python system_testing.py -s fe-fe -v" exited with 1.[0m
travis_time:start:12f0dc47[0K$ python push.py
Cloning into 'precice_st_output'...
Updating files:  23% (6725/28447)Updating files:  24% (6828/28447)Updating files:  25% (7112/28447)Updating files:  26% (7397/28447)Updating files:  27% (7681/28447)Updating files:  28% (7966/28447)Updating files:  29% (8250/28447)Updating files:  30% (8535/28447)Updating files:  31% (8819/28447)Updating files:  32% (9104/28447)Updating files:  33% (9388/28447)Updating files:  34% (9672/28447)Updating files:  35% (9957/28447)Updating files:  36% (10241/28447)Updating files:  37% (10526/28447)Updating files:  38% (10810/28447)Updating files:  39% (11095/28447)Updating files:  40% (11379/28447)Updating files:  41% (11664/28447)Updating files:  42% (11948/28447)Updating files:  43% (12233/28447)Updating files:  44% (12517/28447)Updating files:  45% (12802/28447)Updating files:  46% (13086/28447)Updating files:  47% (13371/28447)Updating files:  48% (13655/28447)Updating files:  48% (13856/28447)Updating files:  49% (13940/28447)Updating files:  50% (14224/28447)Updating files:  51% (14508/28447)Updating files:  52% (14793/28447)Updating files:  53% (15077/28447)Updating files:  54% (15362/28447)Updating files:  55% (15646/28447)Updating files:  56% (15931/28447)Updating files:  57% (16215/28447)Updating files:  58% (16500/28447)Updating files:  59% (16784/28447)Updating files:  60% (17069/28447)Updating files:  61% (17353/28447)Updating files:  62% (17638/28447)Updating files:  63% (17922/28447)Updating files:  64% (18207/28447)Updating files:  65% (18491/28447)Updating files:  66% (18776/28447)