travis_fold:start:worker_info[0K[33;1mWorker information[0m
hostname: 9979faa2-a322-49d7-a307-408f8c6ed7d7@1.worker-com-oss-6bfdccb59f-cv9pm.gce-production-3
version: v6.2.20-1-g3a987d6 https://github.com/travis-ci/worker/tree/3a987d61ed169c9539ad435d1a9b5f2d8c6ce4a6
instance: travis-job-e6e36199-9dc6-4307-ae37-7ad9fe80c545 travis-ci-ubuntu-1804-1609168422-6c7eba12 (via amqp)
startup: 5.94070223s
travis_fold:end:worker_info[0Ktravis_time:start:3364e8dc[0Ktravis_time:end:3364e8dc:start=1610047054976958700,finish=1610047055173032803,duration=196074103,event=no_world_writable_dirs[0Ktravis_time:start:1bcf2e00[0Ktravis_time:end:1bcf2e00:start=1610047055176238540,finish=1610047055179894570,duration=3656030,event=setup_filter[0Ktravis_time:start:123efd90[0Ktravis_time:end:123efd90:start=1610047055187595926,finish=1610047055196333576,duration=8737650,event=agent[0Ktravis_time:start:05bd6d48[0Ktravis_time:end:05bd6d48:start=1610047055198892326,finish=1610047055200714492,duration=1822166,event=check_unsupported[0Ktravis_time:start:032fc948[0Ktravis_fold:start:system_info[0K[33;1mBuild system information[0m
Build language: python
Build group: stable
Build dist: bionic
Build id: 212385954
Job id: 469608710
Runtime kernel version: 5.4.0-1032-gcp
travis-build version: 5d5d4288
[34m[1mBuild image provisioning date and time[0m
Mon Dec 28 15:53:02 UTC 2020
[34m[1mOperating System Details[0m
Distributor ID:	Ubuntu
Description:	Ubuntu 18.04.5 LTS
Release:	18.04
Codename:	bionic
[34m[1mSystemd Version[0m
systemd 237
[34m[1mCookbooks Version[0m
10a7b34 https://github.com/travis-ci/travis-cookbooks/tree/10a7b34
[34m[1mgit version[0m
git version 2.29.2
[34m[1mbash version[0m
GNU bash, version 4.4.20(1)-release (x86_64-pc-linux-gnu)
[34m[1mgcc version[0m
gcc (Ubuntu 7.5.0-3ubuntu1~18.04) 7.5.0
[34m[1mdocker version[0m
Client:
 Version:           18.06.0-ce
 API version:       1.38
 Go version:        go1.10.3
 Git commit:        0ffa825
 Built:             Wed Jul 18 19:09:54 2018
 OS/Arch:           linux/amd64
 Experimental:      false

Server:
 Engine:
  Version:          18.06.0-ce
  API version:      1.38 (minimum version 1.12)
  Go version:       go1.10.3
  Git commit:       0ffa825
  Built:            Wed Jul 18 19:07:56 2018
  OS/Arch:          linux/amd64
  Experimental:     false
[34m[1mclang version[0m
clang version 7.0.0 (tags/RELEASE_700/final)
[34m[1mjq version[0m
jq-1.5
[34m[1mbats version[0m
Bats 0.4.0
[34m[1mshellcheck version[0m
0.7.0
[34m[1mshfmt version[0m
v3.2.1
[34m[1mccache version[0m
3.4.1
[34m[1mcmake version[0m
cmake version 3.12.4
[34m[1mheroku version[0m
heroku/7.47.6 linux-x64 node-v12.16.2
[34m[1mimagemagick version[0m
Version: ImageMagick 6.9.7-4 Q16 x86_64 20170114 http://www.imagemagick.org
[34m[1mmd5deep version[0m
4.4
[34m[1mmercurial version[0m
version 4.8
[34m[1mmysql version[0m
mysql  Ver 14.14 Distrib 5.7.32, for Linux (x86_64) using  EditLine wrapper
[34m[1mopenssl version[0m
OpenSSL 1.1.1  11 Sep 2018
[34m[1mpacker version[0m
1.3.3
[34m[1mpostgresql client version[0m
psql (PostgreSQL) 11.10 (Ubuntu 11.10-1.pgdg18.04+1)
[34m[1mragel version[0m
Ragel State Machine Compiler version 6.10 March 2017
[34m[1msudo version[0m
1.8.21p2
[34m[1mgzip version[0m
gzip 1.6
[34m[1mzip version[0m
Zip 3.0
[34m[1mvim version[0m
VIM - Vi IMproved 8.0 (2016 Sep 12, compiled Oct 13 2020 15:49:09)
[34m[1miptables version[0m
iptables v1.6.1
[34m[1mcurl version[0m
curl 7.58.0 (x86_64-pc-linux-gnu) libcurl/7.58.0 OpenSSL/1.1.1 zlib/1.2.11 libidn2/2.0.4 libpsl/0.19.1 (+libidn2/2.0.4) nghttp2/1.30.0 librtmp/2.3
[34m[1mwget version[0m
GNU Wget 1.19.4 built on linux-gnu.
[34m[1mrsync version[0m
rsync  version 3.1.2  protocol version 31
[34m[1mgimme version[0m
v1.5.4
[34m[1mnvm version[0m
0.37.2
[34m[1mperlbrew version[0m
/home/travis/perl5/perlbrew/bin/perlbrew  - App::perlbrew/0.88
[34m[1mphpenv version[0m
rbenv 1.1.2-40-g62d7798
[34m[1mrvm version[0m
rvm 1.29.10 (latest) by Michal Papis, Piotr Kuczynski, Wayne E. Seguin [https://rvm.io]
[34m[1mdefault ruby version[0m
ruby 2.6.5p114 (2019-10-01 revision 67812) [x86_64-linux]
[34m[1mElasticSearch version[0m
5.5.0
[34m[1mInstalled Firefox version[0m
firefox 63.0.1
[34m[1mMongoDB version[0m
MongoDB 4.0.22
[34m[1mPhantomJS version[0m
2.1.1
[34m[1mPre-installed PostgreSQL versions[0m
9.3.25
9.4.26
9.5.24
9.6.20
[34m[1mRedis version[0m
redis-server 6.0.6
[34m[1mPre-installed Go versions[0m
1.11.1
[34m[1mant version[0m
Apache Ant(TM) version 1.10.5 compiled on March 28 2019
[34m[1mmvn version[0m
Apache Maven 3.6.3 (cecedd343002696d0abb50b32b541b8a6ba2883f)
[34m[1mgradle version[0m
Gradle 5.1.1!
[34m[1mlein version[0m
Leiningen 2.9.5 on Java 11.0.2 OpenJDK 64-Bit Server VM
[34m[1mPre-installed Node.js versions[0m
v10.16.0
v10.23.0
v11.15.0
v12.13.1
v12.20.0
v13.3.0
v14.15.3
v4.9.1
v6.17.1
v8.16.2
v8.17.0
v8.9
[34m[1mphpenv versions[0m
  system
  7.1
  7.1.33
  7.2
* 7.2.27 (set by /home/travis/.phpenv/version)
  7.3
  7.3.14
  7.4
  7.4.2
  hhvm
  hhvm-stable
[34m[1mcomposer --version[0m
Composer version 1.9.2 2020-01-14 16:30:31
[34m[1mPre-installed Ruby versions[0m
ruby-2.4.9
ruby-2.5.3
ruby-2.5.7
ruby-2.6.5
ruby-2.7.0
travis_fold:end:system_info[0K
travis_time:end:032fc948:start=1610047055203270138,finish=1610047055215584405,duration=12314267,event=show_system_info[0Ktravis_time:start:052fce88[0Ktravis_time:end:052fce88:start=1610047055218760384,finish=1610047055233789285,duration=15028901,event=rm_riak_source[0Ktravis_time:start:21adfcc5[0Ktravis_time:end:21adfcc5:start=1610047055238693906,finish=1610047055243422612,duration=4728706,event=fix_rwky_redis[0Ktravis_time:start:19c72577[0Ktravis_time:end:19c72577:start=1610047055246132937,finish=1610047055813159224,duration=567026287,event=wait_for_network[0Ktravis_time:start:007a499b[0Ktravis_time:end:007a499b:start=1610047055816881890,finish=1610047056068301587,duration=251419697,event=update_apt_keys[0Ktravis_time:start:169da0c9[0Ktravis_time:end:169da0c9:start=1610047056075285922,finish=1610047056127600313,duration=52314391,event=fix_hhvm_source[0Ktravis_time:start:043bb7c6[0Ktravis_time:end:043bb7c6:start=1610047056131757906,finish=1610047056134422601,duration=2664695,event=update_mongo_arch[0Ktravis_time:start:322f6d0e[0Ktravis_time:end:322f6d0e:start=1610047056138048485,finish=1610047056178556768,duration=40508283,event=fix_sudo_enabled_trusty[0Ktravis_time:start:238af5c0[0Ktravis_time:end:238af5c0:start=1610047056183063494,finish=1610047056185253357,duration=2189863,event=update_glibc[0Ktravis_time:start:071497d4[0Ktravis_time:end:071497d4:start=1610047056188968084,finish=1610047056197497200,duration=8529116,event=clean_up_path[0Ktravis_time:start:07919928[0Ktravis_time:end:07919928:start=1610047056203417759,finish=1610047056212447571,duration=9029812,event=fix_resolv_conf[0Ktravis_time:start:0a6708c2[0Ktravis_time:end:0a6708c2:start=1610047056216630975,finish=1610047056242149201,duration=25518226,event=fix_etc_hosts[0Ktravis_time:start:1d734160[0Ktravis_time:end:1d734160:start=1610047056245637255,finish=1610047056253453377,duration=7816122,event=fix_mvn_settings_xml[0Ktravis_time:start:08c5e5e4[0Ktravis_time:end:08c5e5e4:start=1610047056258857664,finish=1610047056268243554,duration=9385890,event=no_ipv6_localhost[0Ktravis_time:start:0d072049[0Ktravis_time:end:0d072049:start=1610047056271633219,finish=1610047056273837508,duration=2204289,event=fix_etc_mavenrc[0Ktravis_time:start:1fd8de15[0Ktravis_time:end:1fd8de15:start=1610047056279394021,finish=1610047056282637329,duration=3243308,event=fix_wwdr_certificate[0Ktravis_time:start:01893870[0Ktravis_time:end:01893870:start=1610047056287245243,finish=1610047056344997608,duration=57752365,event=put_localhost_first[0Ktravis_time:start:0694eda0[0Ktravis_time:end:0694eda0:start=1610047056350779775,finish=1610047056353828835,duration=3049060,event=home_paths[0Ktravis_time:start:04ac05a9[0Ktravis_time:end:04ac05a9:start=1610047056358773494,finish=1610047056371987413,duration=13213919,event=disable_initramfs[0Ktravis_time:start:09428451[0Ktravis_time:end:09428451:start=1610047056377503537,finish=1610047056523396328,duration=145892791,event=disable_ssh_roaming[0Ktravis_time:start:213e00ac[0Ktravis_time:end:213e00ac:start=1610047056528303002,finish=1610047056530716726,duration=2413724,event=debug_tools[0Ktravis_time:start:15a7b24e[0Ktravis_time:end:15a7b24e:start=1610047056534841769,finish=1610047056537837955,duration=2996186,event=uninstall_oclint[0Ktravis_time:start:227b1dbc[0Ktravis_time:end:227b1dbc:start=1610047056542112765,finish=1610047056546422866,duration=4310101,event=rvm_use[0Ktravis_time:start:016d5a88[0Ktravis_time:end:016d5a88:start=1610047056551379724,finish=1610047056562024904,duration=10645180,event=rm_etc_boto_cfg[0Ktravis_time:start:0379a10f[0Ktravis_time:end:0379a10f:start=1610047056566072810,finish=1610047056568710487,duration=2637677,event=rm_oraclejdk8_symlink[0Ktravis_time:start:092ee044[0Ktravis_time:end:092ee044:start=1610047056575500657,finish=1610047056668092957,duration=92592300,event=enable_i386[0Ktravis_time:start:0dc6cc04[0Ktravis_time:end:0dc6cc04:start=1610047056673537473,finish=1610047056677452557,duration=3915084,event=update_rubygems[0Ktravis_time:start:02d27dec[0Ktravis_time:end:02d27dec:start=1610047056681448292,finish=1610047057711804022,duration=1030355730,event=ensure_path_components[0Ktravis_time:start:063d8ed6[0Ktravis_time:end:063d8ed6:start=1610047057718102564,finish=1610047057720773909,duration=2671345,event=redefine_curl[0Ktravis_time:start:0952b8af[0Ktravis_time:end:0952b8af:start=1610047057726419427,finish=1610047057827223442,duration=100804015,event=nonblock_pipe[0Ktravis_time:start:00121fd8[0Ktravis_time:end:00121fd8:start=1610047057831862411,finish=1610047063867269780,duration=6035407369,event=apt_get_update[0Ktravis_time:start:07aa5eea[0Ktravis_time:end:07aa5eea:start=1610047063871970333,finish=1610047063874660533,duration=2690200,event=deprecate_xcode_64[0Ktravis_time:start:09242714[0Ktravis_time:end:09242714:start=1610047063878551292,finish=1610047066717520548,duration=2838969256,event=update_heroku[0Ktravis_time:start:0c493188[0Ktravis_time:end:0c493188:start=1610047066722101475,finish=1610047066724990467,duration=2888992,event=shell_session_update[0Ktravis_time:start:04b317ca[0Ktravis_fold:start:docker_mtu_and_registry_mirrors[0Ktravis_fold:end:docker_mtu_and_registry_mirrors[0Ktravis_time:end:04b317ca:start=1610047066730021822,finish=1610047069121107489,duration=2391085667,event=set_docker_mtu_and_registry_mirrors[0Ktravis_time:start:07d50636[0Ktravis_fold:start:resolvconf[0Ktravis_fold:end:resolvconf[0Ktravis_time:end:07d50636:start=1610047069126928362,finish=1610047069217312697,duration=90384335,event=resolvconf[0Ktravis_time:start:0fdcf37c[0Ktravis_time:end:0fdcf37c:start=1610047069222672462,finish=1610047069371704166,duration=149031704,event=maven_central_mirror[0Ktravis_time:start:342c9140[0Ktravis_time:end:342c9140:start=1610047069375919361,finish=1610047069471682215,duration=95762854,event=maven_https[0Ktravis_time:start:1883c1b7[0Ktravis_fold:start:services[0Ktravis_time:start:0218c9bf[0K$ sudo systemctl start docker
travis_time:end:0218c9bf:start=1610047069483141350,finish=1610047069497357403,duration=14216053,event=prepare[0Ktravis_fold:end:services[0Ktravis_time:end:0218c9bf:start=1610047069483141350,finish=1610047072505048466,duration=3021907116,event=services[0Ktravis_time:start:1fa27cc0[0Ktravis_time:end:1fa27cc0:start=1610047072510340968,finish=1610047072513005167,duration=2664199,event=fix_ps4[0Ktravis_time:start:099f04c2[0K
travis_fold:start:git.checkout[0Ktravis_time:start:06989571[0K$ git clone --depth=50 --branch=develop https://github.com/precice/systemtests.git precice/systemtests
Cloning into 'precice/systemtests'...
travis_time:end:06989571:start=1610047072521816884,finish=1610047079583804563,duration=7061987679,event=checkout[0K$ cd precice/systemtests
$ git checkout -qf d39f4d89d69f18c9de9f8bd1f08633a68bcda9a2
travis_fold:end:git.checkout[0K
travis_time:end:06989571:start=1610047072521816884,finish=1610047080803225273,duration=8281408389,event=checkout[0Ktravis_time:start:0bebac48[0K
[33;1mSetting environment variables from repository settings[0m
$ export DOCKER_PASSWORD=[secure]
$ export PRECICE_BOT_EMAIL=[secure]
$ export GH_TOKEN=[secure]
$ export DOCKER_USERNAME=precice
$ export TRAVIS_ACCESS_TOKEN=[secure]

travis_time:end:0bebac48:start=1610047080809542254,finish=1610047080818945044,duration=9402790,event=env[0Ktravis_time:start:1677fada[0K$ source ~/virtualenv/python3.8/bin/activate
travis_time:end:1677fada:start=1610047080823999217,finish=1610047080829781800,duration=5782583,event=[0K$ python --version
Python 3.8.1
$ pip --version
pip 20.3.3 from /home/travis/virtualenv/python3.8.1/lib/python3.8/site-packages/pip (python 3.8)
travis_fold:start:install[0Ktravis_time:start:0a0af79e[0K$ pip install Jinja2
Collecting Jinja2
  Downloading Jinja2-2.11.2-py2.py3-none-any.whl (125 kB)
Collecting MarkupSafe>=0.23
  Downloading MarkupSafe-1.1.1-cp38-cp38-manylinux1_x86_64.whl (32 kB)
Installing collected packages: MarkupSafe, Jinja2
Successfully installed Jinja2-2.11.2 MarkupSafe-1.1.1
travis_time:end:0a0af79e:start=1610047081295868696,finish=1610047082422531366,duration=1126662670,event=install[0Ktravis_fold:end:install[0Ktravis_time:start:028072dc[0K$ export FENICS_TAG=master.pr114; 
travis_time:end:028072dc:start=1610047082428106022,finish=1610047082430709675,duration=2603653,event=script[0K[32;1mThe command "export FENICS_TAG=master.pr114; " exited with 0.[0m
travis_time:start:0440fc88[0K$ python system_testing.py -s fe-fe --base Ubuntu1804.package -v
Total reclaimed space: 0B
networks:
  precicecomm: {}
services:
  fenics-adapter-dirichlet:
    command: '/bin/bash -c "cd /home/precice && python3 /home/precice/Data/Input/heat.py
      -d -i simple && mkdir /home/precice/Data/Output/Dirichlet && cp -r precice-output
      *.log /home/precice/Data/Output/Dirichlet"

      '
    container_name: fenics-adapter-dirichlet
    depends_on:
    - tutorial-data
    image: precice/fenics-adapter-ubuntu1804.package-develop:master.pr114
    networks:
      precicecomm: null
    volumes:
    - exchange:/home/precice/Data/Exchange:rw
    - output:/home/precice/Data/Output:rw
    - input:/home/precice/Data/Input:rw
  fenics-adapter-neumann:
    command: '/bin/bash -c "cd /home/precice && python3 /home/precice/Data/Input/heat.py
      -n -i simple && mkdir /home/precice/Data/Output/Neumann && cp -r precice-output
      *.log /home/precice/Data/Output/Neumann"

      '
    container_name: fenics-adapter-neumann
    depends_on:
    - tutorial-data
    image: precice/fenics-adapter-ubuntu1804.package-develop:master.pr114
    networks:
      precicecomm: null
    volumes:
    - exchange:/home/precice/Data/Exchange:rw
    - output:/home/precice/Data/Output:rw
    - input:/home/precice/Data/Input:rw
  tutorial-data:
    build:
      context: /home/travis/build/precice/systemtests/tests/TestCompose_fe-fe
      dockerfile: Dockerfile.tutorial_data
      network: host
    container_name: tutorial-data
    volumes:
    - output:/Output:rw
    - input:/tutorials/HT/partitioned-heat/fenics-fenics:rw
version: '3.4'
volumes:
  exchange: {}
  input: {}
  output: {}

Creating network "testcompose_fe-fe_default" with the default driver
Creating network "testcompose_fe-fe_precicecomm" with the default driver
Creating volume "testcompose_fe-fe_exchange" with default driver
Creating volume "testcompose_fe-fe_output" with default driver
Creating volume "testcompose_fe-fe_input" with default driver
Building tutorial-data
Step 1/8 : from alpine
latest: Pulling from library/alpine
Digest: sha256:3c7497bf0c7af93428242d6176e8f7905f2201d8fc5861f45be7a346b5f23436
Status: Downloaded newer image for alpine:latest
 ---> 389fef711851
Step 2/8 : ENV tutorial_path tutorials/HT/partitioned-heat/fenics-fenics
 ---> Running in 78d525ec6bc1
Removing intermediate container 78d525ec6bc1
 ---> 11fc21996fd0
Step 3/8 : RUN apk add git
 ---> Running in bc18535b90b6
fetch http://dl-cdn.alpinelinux.org/alpine/v3.12/main/x86_64/APKINDEX.tar.gz
fetch http://dl-cdn.alpinelinux.org/alpine/v3.12/community/x86_64/APKINDEX.tar.gz
(1/6) Installing ca-certificates (20191127-r4)
(2/6) Installing nghttp2-libs (1.41.0-r0)
(3/6) Installing libcurl (7.69.1-r3)
(4/6) Installing expat (2.2.9-r1)
(5/6) Installing pcre2 (10.35-r0)
(6/6) Installing git (2.26.2-r0)
Executing busybox-1.31.1-r19.trigger
Executing ca-certificates-20191127-r4.trigger
OK: 22 MiB in 20 packages
Removing intermediate container bc18535b90b6
 ---> 42cac06a5d0f
Step 4/8 : ARG branch=develop
 ---> Running in 388f0a99e9f3
Removing intermediate container 388f0a99e9f3
 ---> 49cd087694ca
Step 5/8 : RUN git clone --depth 1 --branch $branch https://github.com/precice/tutorials
 ---> Running in c9f2f498808f
[91mCloning into 'tutorials'...
[0mRemoving intermediate container c9f2f498808f
 ---> 578184aa50ba
Step 6/8 : RUN mkdir configs &&     sed -i 's|<m2n:sockets from="HeatDirichlet" to="HeatNeumann"/>|<m2n:sockets from="HeatDirichlet" to="HeatNeumann" exchange-directory="/home/precice/Data/Exchange/" network="eth0"/>|g;             s|\(\s\+\)\(</participant>\)|\1   <export:vtk directory="precice-output" />\n\1\2|g' $tutorial_path/precice-config.xml
 ---> Running in f43a3d6ba236
Removing intermediate container f43a3d6ba236
 ---> a51afcca27e3
Step 7/8 : RUN addgroup -g 1000 precice && adduser -u 1000 -G precice -D precice && chown -R precice:precice tutorials configs
 ---> Running in d8403ef61606
Removing intermediate container d8403ef61606
 ---> 6234358d0abc
Step 8/8 : USER precice
 ---> Running in 5ec89b37e2a7
Removing intermediate container 5ec89b37e2a7
 ---> fe5dfbb2b67d

Successfully built fe5dfbb2b67d
Successfully tagged testcompose_fe-fe_tutorial-data:latest
Image for service tutorial-data was built because it did not already exist. To rebuild this image you must use `docker-compose build` or `docker-compose up --build`.
Pulling fenics-adapter-neumann (precice/fenics-adapter-ubuntu1804.package-develop:master.pr114)...
master.pr114: Pulling from precice/fenics-adapter-ubuntu1804.package-develop
toomanyrequests: You have reached your pull rate limit. You may increase the limit by authenticating and upgrading: https://www.docker.com/increase-rate-limit
EXECUTING: docker container prune -f; export PRECICE_BASE=-ubuntu1804.package-develop; mkdir Logs; docker-compose config && bash ../../silent_compose.sh debug
TEST FAILED WITH: Command 'docker container prune -f; export PRECICE_BASE=-ubuntu1804.package-develop; mkdir Logs; docker-compose config && bash ../../silent_compose.sh debug' returned non-zero exit status 1.
Traceback (most recent call last):
  File "system_testing.py", line 117, in run_compose
    ccall(command)
  File "/home/travis/build/precice/systemtests/common.py", line 11, in ccall
    return call(cmd, check = True, **kwargs)
  File "/home/travis/build/precice/systemtests/common.py", line 6, in call
    cp = subprocess.run(cmd, shell=True, **kwargs)
  File "/opt/python/3.8.1/lib/python3.8/subprocess.py", line 512, in run
    raise CalledProcessError(retcode, process.args,
subprocess.CalledProcessError: Command 'docker container prune -f; export PRECICE_BASE=-ubuntu1804.package-develop; mkdir Logs; docker-compose config && bash ../../silent_compose.sh debug' returned non-zero exit status 1.

During handling of the above exception, another exception occurred:

Traceback (most recent call last):
  File "system_testing.py", line 305, in <module>
    build_run_compare(test, tag, args.branch.lower(), args.local,
  File "system_testing.py", line 227, in build_run_compare
    run_compose(test, branch, local_precice, tag, force_rebuild, rm_all, verbose)
  File "system_testing.py", line 141, in run_compose
    raise STRunException()
__main__.STRunException: TEST FAILED - An error occured while running the test!
travis_time:end:0440fc88:start=1610047082435475442,finish=1610047146337280853,duration=63901805411,event=script[0K[31;1mThe command "python system_testing.py -s fe-fe --base Ubuntu1804.package -v" exited with 1.[0m
travis_time:start:00d09b93[0K$ python push.py
Cloning into 'precice_st_output'...
Updating files:  17% (7103/40962)Updating files:  18% (7374/40962)Updating files:  19% (7783/40962)Updating files:  20% (8193/40962)Updating files:  21% (8603/40962)Updating files:  22% (9012/40962)Updating files:  23% (9422/40962)Updating files:  24% (9831/40962)Updating files:  25% (10241/40962)Updating files:  26% (10651/40962)Updating files:  27% (11060/40962)Updating files:  28% (11470/40962)Updating files:  29% (11879/40962)Updating files:  30% (12289/40962)Updating files:  31% (12699/40962)Updating files:  32% (13108/40962)Updating files:  33% (13518/40962)Updating files:  33% (13846/40962)Updating files:  34% (13928/40962)Updating files:  35% (14337/40962)Updating files:  36% (14747/40962)Updating files:  37% (15156/40962)Updating files:  38% (15566/40962)Updating files:  39% (15976/40962)Updating files:  40% (16385/40962)Updating files:  41% (16795/40962)Updating files:  42% (17205/40962)Updating files:  43% (17614/40962)Updating files:  44% (18024/40962)Updating files:  45% (18433/40962)Updating files:  46% (18843/40962)Updating files:  47% (19253/40962)Updating files:  47% (19367/40962)Updating files:  48% (19662/40962)Updating files:  49% (20072/40962)Updating files:  50% (20481/40962)Updating files:  51% (20891/40962)Updating files:  52% (21301/40962)Updating files:  53% (21710/40962)Updating files:  54% (22120/40962)Updating files:  55% (22530/40962)Updating files:  56% (22939/40962)Updating files:  57% (23349/40962)Updating files:  58% (23758/40962)Updating files:  58% (23909/40962)Updating files:  59% (24168/40962)Updating files:  60% (24578/40962)Updating files:  61% (24987/40962)Updating files:  62% (25397/40962)Updating files:  63% (25807/40962)Updating files:  64% (26216/40962)Updating files:  65% (26626/40962)Updating files:  66% (27035/40962)Updating files:  67% (27445/40962)Updating files:  68% (27855/40962)Updating files:  69% (28264/40962)Updating files:  70% (28674/40962)Updating files:  70% (28683/40962)Updating files:  71% (29084/40962)Updating files:  71% (29380/40962)Updating files:  72% (29493/40962)Updating files:  73% (29903/40962)Updating files:  73% (29988/40962)Updating files:  74% (30312/40962)Updating files:  75% (30722/40962)Updating files:  76% (31132/40962)Updating files:  77% (31541/40962)Updating files:  78% (31951/40962)Updating files:  79% (32360/40962)Updating files:  80% (32770/40962)Updating files:  81% (33180/40962)Updating files:  82% (33589/40962)Updating files:  83% (33999/40962)Updating files:  83% (34113/40962)Updating files:  83% (34393/40962)Updating files:  84% (34409/40962)Updating files:  84% (34720/40962)Updating files:  85% (34818/40962)Updating files:  85% (34930/40962)Updating files:  85% (35075/40962)Updating files:  85% (35153/40962)Updating files:  85% (35195/40962)Updating files:  86% (35228/40962)Updating files:  86% (35271/40962)Updating files:  86% (35345/40962)Updating files:  86% (35373/40962)Updating files:  86% (35445/40962)Updating files:  86% (35521/40962)Updating files:  86% (35556/40962)Updating files:  86% (35557/40962)Updating files:  87% (35637/40962)Updating files:  87% (35672/40962)Updating files:  87% (35768/40962)Updating files:  87% (35852/40962)Updating files:  87% (35933/40962)Updating files:  87% (35982/40962)Updating files:  88% (36047/40962)Updating files:  88% (36059/40962)Updating files:  88% (36128/40962)Updating files:  88% (36195/40962)Updating files:  88% (36245/40962)Updating files:  88% (36331/40962)Updating files:  88% (36411/40962)Updating files:  89% (36457/40962)Updating files:  89% (36490/40962)Updating files:  89% (36567/40962)Updating files:  89% (36637/40962)Updating files:  89% (36638/40962)Updating files:  89% (36678/40962)Updating files:  89% (36769/40962)Updating files:  89% (36852/40962)Updating files:  90% (36866/40962)Updating files:  90% (36941/40962)Updating files:  90% (36942/40962)Updating files:  90% (37029/40962)Updating files:  90% (37119/40962)Updating files:  90% (37247/40962)Updating files:  91% (37276/40962)Updating files:  91% (37379/40962)Updating files:  91% (37428/40962)Updating files:  91% (37553/40962)Updating files:  91% (37650/40962)Updating files:  92% (37686/40962)Updating files:  92% (37728/40962)Updating files:  92% (37826/40962)Updating files:  92% (37827/40962)Updating files:  92% (37949/40962)Updating files:  92% (38043/40962)Updating files:  93% (38095/40962)Updating files:  94% (38505/40962)Updating files:  95% (38914/40962)Updating files:  95% (39208/40962)Updating files:  96% (39324/40962)Updating files:  96% (39332/40962)Updating files:  96% (39335/40962)Updating files:  96% (39454/40962)Updating files:  96% (39590/40962)Updating files:  96% (39690/40962)Updating files:  97% (39734/40962)Updating files:  97% (39785/40962)Updating files:  97% (39875/40962)Updating files:  97% (39962/40962)Updating files:  97% (40047/40962)Updating files:  97% (40133/40962)Updating files:  98% (40143/40962)Updating files:  98% (40232/40962)Updating files:  98% (40323/40962)Updating files:  98% (40407/40962)Updating files:  98% (40493/40962)Updating files:  99% (40553/40962)Updating files:  99% (40578/40962)Updating files:  99% (40664/40962)Updating files:  99% (40666/40962)