travis_fold:start:worker_info[0K[33;1mWorker information[0m
hostname: 136e218c-d3dc-47aa-b507-60e604f962b3@1.worker-org-cfdfb76bd-9cd48.gce-production-4
version: v6.2.20-1-g3a987d6 https://github.com/travis-ci/worker/tree/3a987d61ed169c9539ad435d1a9b5f2d8c6ce4a6
instance: travis-job-584f9a7a-9619-478a-9524-1ff52c200914 travis-ci-ubuntu-1804-1593521679-ca42795e (via amqp)
startup: 6.107892732s
travis_fold:end:worker_info[0Ktravis_time:start:0648d2f4[0Ktravis_time:end:0648d2f4:start=1605930825305890080,finish=1605930825475304716,duration=169414636,event=no_world_writable_dirs[0Ktravis_time:start:3614b3f8[0Ktravis_time:end:3614b3f8:start=1605930825478173507,finish=1605930825481324541,duration=3151034,event=setup_filter[0Ktravis_time:start:13a20154[0Ktravis_time:end:13a20154:start=1605930825488470809,finish=1605930825495694286,duration=7223477,event=agent[0Ktravis_time:start:04cc8fc0[0Ktravis_time:end:04cc8fc0:start=1605930825498042707,finish=1605930825499885236,duration=1842529,event=check_unsupported[0Ktravis_time:start:05d4008c[0Ktravis_fold:start:system_info[0K[33;1mBuild system information[0m
Build language: python
Build group: stable
Build dist: bionic
Build id: 744904831
Job id: 744904903
Runtime kernel version: 5.3.0-1029-gcp
travis-build version: cd707aa7
[34m[1mBuild image provisioning date and time[0m
Tue Jun 30 13:35:43 UTC 2020
[34m[1mOperating System Details[0m
Distributor ID:	Ubuntu
Description:	Ubuntu 18.04.4 LTS
Release:	18.04
Codename:	bionic
[34m[1mSystemd Version[0m
systemd 237
[34m[1mCookbooks Version[0m
3f92a99 https://github.com/travis-ci/travis-cookbooks/tree/3f92a99
[34m[1mgit version[0m
git version 2.27.0
[34m[1mbash version[0m
GNU bash, version 4.4.20(1)-release (x86_64-pc-linux-gnu)
[34m[1mgcc version[0m
gcc (Ubuntu 7.5.0-3ubuntu1~18.04) 7.5.0
[34m[1mdocker version[0m
Client:
 Version:           18.06.0-ce
 API version:       1.38
 Go version:        go1.10.3
 Git commit:        0ffa825
 Built:             Wed Jul 18 19:09:54 2018
 OS/Arch:           linux/amd64
 Experimental:      false

Server:
 Engine:
  Version:          18.06.0-ce
  API version:      1.38 (minimum version 1.12)
  Go version:       go1.10.3
  Git commit:       0ffa825
  Built:            Wed Jul 18 19:07:56 2018
  OS/Arch:          linux/amd64
  Experimental:     false
[34m[1mclang version[0m
clang version 7.0.0 (tags/RELEASE_700/final)
[34m[1mjq version[0m
jq-1.5
[34m[1mbats version[0m
Bats 0.4.0
[34m[1mshellcheck version[0m
0.7.0
[34m[1mshfmt version[0m
v2.6.3
[34m[1mccache version[0m
3.4.1
[34m[1mcmake version[0m
cmake version 3.12.4
[34m[1mheroku version[0m
heroku/7.42.1 linux-x64 node-v12.16.2
[34m[1mimagemagick version[0m
Version: ImageMagick 6.9.7-4 Q16 x86_64 20170114 http://www.imagemagick.org
[34m[1mmd5deep version[0m
4.4
[34m[1mmercurial version[0m
version 4.8
[34m[1mmysql version[0m
mysql  Ver 14.14 Distrib 5.7.30, for Linux (x86_64) using  EditLine wrapper
[34m[1mopenssl version[0m
OpenSSL 1.1.1  11 Sep 2018
[34m[1mpacker version[0m
1.3.3
[34m[1mpostgresql client version[0m
psql (PostgreSQL) 11.8 (Ubuntu 11.8-1.pgdg18.04+1)
[34m[1mragel version[0m
Ragel State Machine Compiler version 6.10 March 2017
[34m[1msudo version[0m
1.8.21p2
[34m[1mgzip version[0m
gzip 1.6
[34m[1mzip version[0m
Zip 3.0
[34m[1mvim version[0m
VIM - Vi IMproved 8.0 (2016 Sep 12, compiled Mar 18 2020 18:29:15)
[34m[1miptables version[0m
iptables v1.6.1
[34m[1mcurl version[0m
curl 7.58.0 (x86_64-pc-linux-gnu) libcurl/7.58.0 OpenSSL/1.1.1 zlib/1.2.11 libidn2/2.0.4 libpsl/0.19.1 (+libidn2/2.0.4) nghttp2/1.30.0 librtmp/2.3
[34m[1mwget version[0m
GNU Wget 1.19.4 built on linux-gnu.
[34m[1mrsync version[0m
rsync  version 3.1.2  protocol version 31
[34m[1mgimme version[0m
v1.5.4
[34m[1mnvm version[0m
0.35.3
[34m[1mperlbrew version[0m
/home/travis/perl5/perlbrew/bin/perlbrew  - App::perlbrew/0.87
[34m[1mphpenv version[0m
rbenv 1.1.2-30-gc879cb0
[34m[1mrvm version[0m
rvm 1.29.10 (latest) by Michal Papis, Piotr Kuczynski, Wayne E. Seguin [https://rvm.io]
[34m[1mdefault ruby version[0m
ruby 2.6.5p114 (2019-10-01 revision 67812) [x86_64-linux]
[34m[1mElasticSearch version[0m
5.5.0
[34m[1mInstalled Firefox version[0m
firefox 63.0.1
[34m[1mMongoDB version[0m
MongoDB 4.0.19
[34m[1mPhantomJS version[0m
2.1.1
[34m[1mPre-installed PostgreSQL versions[0m
9.3.25
9.4.26
9.5.22
9.6.18
[34m[1mRedis version[0m
redis-server 6.0.5
[34m[1mPre-installed Go versions[0m
1.11.1
[34m[1mant version[0m
Apache Ant(TM) version 1.10.5 compiled on March 28 2019
[34m[1mmvn version[0m
Apache Maven 3.6.3 (cecedd343002696d0abb50b32b541b8a6ba2883f)
[34m[1mgradle version[0m
Gradle 5.1.1!
[34m[1mlein version[0m
Leiningen 2.9.3 on Java 11.0.2 OpenJDK 64-Bit Server VM
[34m[1mPre-installed Node.js versions[0m
v10.16.0
v10.21.0
v11.15.0
v12.13.1
v12.18.1
v13.3.0
v4.9.1
v6.17.1
v8.16.2
v8.17.0
v8.9
[34m[1mphpenv versions[0m
  system
  7.1
  7.1.33
  7.2
* 7.2.27 (set by /home/travis/.phpenv/version)
  7.3
  7.3.14
  7.4
  7.4.2
  hhvm
  hhvm-stable
[34m[1mcomposer --version[0m
Composer version 1.9.2 2020-01-14 16:30:31
[34m[1mPre-installed Ruby versions[0m
ruby-2.4.9
ruby-2.5.3
ruby-2.5.7
ruby-2.6.5
ruby-2.7.0
travis_fold:end:system_info[0K
travis_time:end:05d4008c:start=1605930825502310359,finish=1605930825510708658,duration=8398299,event=show_system_info[0Ktravis_time:start:01334490[0Ktravis_time:end:01334490:start=1605930825513284774,finish=1605930825525249217,duration=11964443,event=rm_riak_source[0Ktravis_time:start:06b82b84[0Ktravis_time:end:06b82b84:start=1605930825528180344,finish=1605930825542524410,duration=14344066,event=fix_rwky_redis[0Ktravis_time:start:083a06ea[0Ktravis_time:end:083a06ea:start=1605930825551064298,finish=1605930826107853275,duration=556788977,event=wait_for_network[0Ktravis_time:start:1584f334[0Ktravis_time:end:1584f334:start=1605930826112274228,finish=1605930826339154643,duration=226880415,event=update_apt_keys[0Ktravis_time:start:0e822943[0Ktravis_time:end:0e822943:start=1605930826343036203,finish=1605930826393076160,duration=50039957,event=fix_hhvm_source[0Ktravis_time:start:0ef3e128[0Ktravis_time:end:0ef3e128:start=1605930826398487335,finish=1605930826400884649,duration=2397314,event=update_mongo_arch[0Ktravis_time:start:1db52936[0Ktravis_time:end:1db52936:start=1605930826406695043,finish=1605930826443001673,duration=36306630,event=fix_sudo_enabled_trusty[0Ktravis_time:start:0233d4f7[0Ktravis_time:end:0233d4f7:start=1605930826446757159,finish=1605930826448730551,duration=1973392,event=update_glibc[0Ktravis_time:start:1356feb2[0Ktravis_time:end:1356feb2:start=1605930826452312926,finish=1605930826459137825,duration=6824899,event=clean_up_path[0Ktravis_time:start:20fb2465[0Ktravis_time:end:20fb2465:start=1605930826462647946,finish=1605930826470086431,duration=7438485,event=fix_resolv_conf[0Ktravis_time:start:074b6158[0Ktravis_time:end:074b6158:start=1605930826474829144,finish=1605930826488998559,duration=14169415,event=fix_etc_hosts[0Ktravis_time:start:052d95cb[0Ktravis_time:end:052d95cb:start=1605930826493033727,finish=1605930826500478479,duration=7444752,event=fix_mvn_settings_xml[0Ktravis_time:start:104172c6[0Ktravis_time:end:104172c6:start=1605930826505560085,finish=1605930826514560509,duration=9000424,event=no_ipv6_localhost[0Ktravis_time:start:12ff3c78[0Ktravis_time:end:12ff3c78:start=1605930826519278749,finish=1605930826521929069,duration=2650320,event=fix_etc_mavenrc[0Ktravis_time:start:1319292c[0Ktravis_time:end:1319292c:start=1605930826526761363,finish=1605930826530035795,duration=3274432,event=fix_wwdr_certificate[0Ktravis_time:start:0065d18c[0Ktravis_time:end:0065d18c:start=1605930826534208440,finish=1605930826574671468,duration=40463028,event=put_localhost_first[0Ktravis_time:start:0445182a[0Ktravis_time:end:0445182a:start=1605930826580264970,finish=1605930826582941079,duration=2676109,event=home_paths[0Ktravis_time:start:1fcc1d33[0Ktravis_time:end:1fcc1d33:start=1605930826588607336,finish=1605930826599550052,duration=10942716,event=disable_initramfs[0Ktravis_time:start:0d546df4[0Ktravis_time:end:0d546df4:start=1605930826602508931,finish=1605930826730111130,duration=127602199,event=disable_ssh_roaming[0Ktravis_time:start:14411960[0Ktravis_time:end:14411960:start=1605930826733253451,finish=1605930826735177650,duration=1924199,event=debug_tools[0Ktravis_time:start:152dc036[0Ktravis_time:end:152dc036:start=1605930826738616174,finish=1605930826741221841,duration=2605667,event=uninstall_oclint[0Ktravis_time:start:01172b4c[0Ktravis_time:end:01172b4c:start=1605930826744430289,finish=1605930826747508606,duration=3078317,event=rvm_use[0Ktravis_time:start:079d9b4a[0Ktravis_time:end:079d9b4a:start=1605930826750528448,finish=1605930826757412544,duration=6884096,event=rm_etc_boto_cfg[0Ktravis_time:start:000c94b4[0Ktravis_time:end:000c94b4:start=1605930826760313755,finish=1605930826762158909,duration=1845154,event=rm_oraclejdk8_symlink[0Ktravis_time:start:03aab3d9[0Ktravis_time:end:03aab3d9:start=1605930826765469154,finish=1605930826845182403,duration=79713249,event=enable_i386[0Ktravis_time:start:0c3c8c8e[0Ktravis_time:end:0c3c8c8e:start=1605930826849150405,finish=1605930826852330247,duration=3179842,event=update_rubygems[0Ktravis_time:start:1f8cbef2[0Ktravis_time:end:1f8cbef2:start=1605930826856508780,finish=1605930827588537576,duration=732028796,event=ensure_path_components[0Ktravis_time:start:06c0ea00[0Ktravis_time:end:06c0ea00:start=1605930827592878032,finish=1605930827594993485,duration=2115453,event=redefine_curl[0Ktravis_time:start:03b5da1b[0Ktravis_time:end:03b5da1b:start=1605930827598753568,finish=1605930827683758677,duration=85005109,event=nonblock_pipe[0Ktravis_time:start:0a52dffa[0Ktravis_time:end:0a52dffa:start=1605930827688755656,finish=1605930833721539596,duration=6032783940,event=apt_get_update[0Ktravis_time:start:0c7b3910[0Ktravis_time:end:0c7b3910:start=1605930833725728021,finish=1605930833728064694,duration=2336673,event=deprecate_xcode_64[0Ktravis_time:start:154114fe[0Ktravis_time:end:154114fe:start=1605930833731620593,finish=1605930836371299966,duration=2639679373,event=update_heroku[0Ktravis_time:start:0276e592[0Ktravis_time:end:0276e592:start=1605930836377453751,finish=1605930836379534110,duration=2080359,event=shell_session_update[0Ktravis_time:start:01aaa800[0Ktravis_fold:start:docker_mtu_and_registry_mirrors[0Ktravis_fold:end:docker_mtu_and_registry_mirrors[0Ktravis_time:end:01aaa800:start=1605930836384691609,finish=1605930838727329284,duration=2342637675,event=set_docker_mtu_and_registry_mirrors[0Ktravis_time:start:0eb2ca30[0Ktravis_fold:start:resolvconf[0Ktravis_fold:end:resolvconf[0Ktravis_time:end:0eb2ca30:start=1605930838735475280,finish=1605930838807326021,duration=71850741,event=resolvconf[0Ktravis_time:start:20c6f370[0Ktravis_time:end:20c6f370:start=1605930838810885309,finish=1605930838952227016,duration=141341707,event=maven_central_mirror[0Ktravis_time:start:03ea7d70[0Ktravis_time:end:03ea7d70:start=1605930838956885233,finish=1605930839046708977,duration=89823744,event=maven_https[0Ktravis_time:start:1e37acc2[0Ktravis_fold:start:services[0Ktravis_time:start:115c0636[0K$ sudo systemctl start docker
travis_time:end:115c0636:start=1605930839058027319,finish=1605930839070693902,duration=12666583,event=prepare[0Ktravis_fold:end:services[0Ktravis_time:end:115c0636:start=1605930839058027319,finish=1605930842077380186,duration=3019352867,event=services[0Ktravis_time:start:00340dae[0Ktravis_time:end:00340dae:start=1605930842082275981,finish=1605930842085098994,duration=2823013,event=fix_ps4[0Ktravis_time:start:00ce1db4[0K
travis_fold:start:git.checkout[0Ktravis_time:start:01d5590f[0K$ git clone --depth=50 --branch=develop https://github.com/precice/systemtests.git precice/systemtests
Cloning into 'precice/systemtests'...
travis_time:end:01d5590f:start=1605930842094474335,finish=1605930849695863394,duration=7601389059,event=checkout[0K$ cd precice/systemtests
$ git checkout -qf 745155cd2c46ea2546c81144c3c18fbe2061a90f
travis_fold:end:git.checkout[0K
travis_time:end:01d5590f:start=1605930842094474335,finish=1605930851052617390,duration=8958143055,event=checkout[0Ktravis_time:start:00b48b82[0K
[33;1mSetting environment variables from repository settings[0m
$ export DOCKER_PASSWORD=[secure]
$ export PRECICE_BOT_EMAIL=[secure]
$ export GH_TOKEN=[secure]
$ export TRAVIS_ACCESS_TOKEN=[secure]
$ export DOCKER_USERNAME=precice

travis_time:end:00b48b82:start=1605930851057596475,finish=1605930851069408434,duration=11811959,event=env[0Ktravis_time:start:03a03700[0K$ source ~/virtualenv/python3.8/bin/activate
travis_time:end:03a03700:start=1605930851073765564,finish=1605930851079326977,duration=5561413,event=[0K$ python --version
Python 3.8.1
$ pip --version
pip 20.1.1 from /home/travis/virtualenv/python3.8.1/lib/python3.8/site-packages/pip (python 3.8)
travis_fold:start:install[0Ktravis_time:start:2a357014[0K$ pip install Jinja2
Collecting Jinja2
  Downloading Jinja2-2.11.2-py2.py3-none-any.whl (125 kB)
Collecting MarkupSafe>=0.23
  Downloading MarkupSafe-1.1.1-cp38-cp38-manylinux1_x86_64.whl (32 kB)
Installing collected packages: MarkupSafe, Jinja2
Successfully installed Jinja2-2.11.2 MarkupSafe-1.1.1
travis_time:end:2a357014:start=1605930851894833544,finish=1605930853070752191,duration=1175918647,event=install[0Ktravis_fold:end:install[0Ktravis_time:start:10608220[0K$ python system_testing.py -s bindings -v
Sending build context to Docker daemon  5.632kB
Step 1/34 : ARG from=precice/precice-ubuntu1804.home-develop
Step 2/34 : FROM $from
latest: Pulling from precice/precice-ubuntu1804.package-develop
171857c49d0f: Pulling fs layer
419640447d26: Pulling fs layer
61e52f862619: Pulling fs layer
2b04d2811638: Pulling fs layer
ae50401d45fe: Pulling fs layer
4d159862a7ff: Pulling fs layer
8c02dcbb4a8f: Pulling fs layer
c7da85b31ab9: Pulling fs layer
52b450339324: Pulling fs layer
567fb2fed668: Pulling fs layer
6c53b177bd32: Pulling fs layer
85e0832124c9: Pulling fs layer
2b04d2811638: Waiting
ae50401d45fe: Waiting
4d159862a7ff: Waiting
8c02dcbb4a8f: Waiting
c7da85b31ab9: Waiting
52b450339324: Waiting
567fb2fed668: Waiting
6c53b177bd32: Waiting
85e0832124c9: Waiting
61e52f862619: Verifying Checksum
61e52f862619: Download complete
419640447d26: Verifying Checksum
419640447d26: Download complete
ae50401d45fe: Verifying Checksum
ae50401d45fe: Download complete
4d159862a7ff: Verifying Checksum
4d159862a7ff: Download complete
171857c49d0f: Verifying Checksum
171857c49d0f: Download complete
8c02dcbb4a8f: Verifying Checksum
8c02dcbb4a8f: Download complete
171857c49d0f: Pull complete
419640447d26: Pull complete
61e52f862619: Pull complete
c7da85b31ab9: Verifying Checksum
c7da85b31ab9: Download complete
52b450339324: Verifying Checksum
52b450339324: Download complete
6c53b177bd32: Verifying Checksum
6c53b177bd32: Download complete
567fb2fed668: Verifying Checksum
567fb2fed668: Download complete
85e0832124c9: Verifying Checksum
85e0832124c9: Download complete
2b04d2811638: Verifying Checksum
2b04d2811638: Download complete
2b04d2811638: Pull complete
ae50401d45fe: Pull complete
4d159862a7ff: Pull complete
8c02dcbb4a8f: Pull complete
c7da85b31ab9: Pull complete
52b450339324: Pull complete
567fb2fed668: Pull complete
6c53b177bd32: Pull complete
85e0832124c9: Pull complete
Digest: sha256:06d9a10fc015244adbd160aeeaa8ff497a7ae0204f9a290d38fca6ce41b177b3
Status: Downloaded newer image for precice/precice-ubuntu1804.package-develop:latest
 ---> 957be7c8538a
Step 3/34 : USER root
 ---> Running in ae6d9772ab9f
Removing intermediate container ae6d9772ab9f
 ---> b2dba345519f
Step 4/34 : ENV USER=root
 ---> Running in 16fc3a41299f
Removing intermediate container 16fc3a41299f
 ---> 458761661240
Step 5/34 : ENV FORTRAN=gfortran
 ---> Running in 3f36fb2445fe
Removing intermediate container 3f36fb2445fe
 ---> 0bbf17382cda
Step 6/34 : RUN apt-get -qq update && apt-get -qq install     python3-pip &&     rm -rf /var/lib/apt/lists/*
 ---> Running in ff6abcc4c04b
[91mdebconf: delaying package configuration, since apt-utils is not installed
[0mSelecting previously unselected package libapparmor1:amd64.
(Reading database ... (Reading database ... 5%(Reading database ... 10%(Reading database ... 15%(Reading database ... 20%(Reading database ... 25%(Reading database ... 30%(Reading database ... 35%(Reading database ... 40%(Reading database ... 45%(Reading database ... 50%(Reading database ... 55%(Reading database ... 60%(Reading database ... 65%(Reading database ... 70%(Reading database ... 75%(Reading database ... 80%(Reading database ... 85%(Reading database ... 90%(Reading database ... 95%(Reading database ... 100%(Reading database ... 39329 files and directories currently installed.)
Preparing to unpack .../00-libapparmor1_2.12-4ubuntu5.1_amd64.deb ...
Unpacking libapparmor1:amd64 (2.12-4ubuntu5.1) ...
Selecting previously unselected package libdbus-1-3:amd64.
Preparing to unpack .../01-libdbus-1-3_1.12.2-1ubuntu1.2_amd64.deb ...
Unpacking libdbus-1-3:amd64 (1.12.2-1ubuntu1.2) ...
Selecting previously unselected package dbus.
Preparing to unpack .../02-dbus_1.12.2-1ubuntu1.2_amd64.deb ...
Unpacking dbus (1.12.2-1ubuntu1.2) ...
Selecting previously unselected package python3-dbus.
Preparing to unpack .../03-python3-dbus_1.2.6-1_amd64.deb ...
Unpacking python3-dbus (1.2.6-1) ...
Selecting previously unselected package python3-gi.
Preparing to unpack .../04-python3-gi_3.26.1-2ubuntu1_amd64.deb ...
Unpacking python3-gi (3.26.1-2ubuntu1) ...
Selecting previously unselected package python-pip-whl.
Preparing to unpack .../05-python-pip-whl_9.0.1-2.3~ubuntu1.18.04.4_all.deb ...
Unpacking python-pip-whl (9.0.1-2.3~ubuntu1.18.04.4) ...
Selecting previously unselected package python3-asn1crypto.
Preparing to unpack .../06-python3-asn1crypto_0.24.0-1_all.deb ...
Unpacking python3-asn1crypto (0.24.0-1) ...
Selecting previously unselected package python3-cffi-backend.
Preparing to unpack .../07-python3-cffi-backend_1.11.5-1_amd64.deb ...
Unpacking python3-cffi-backend (1.11.5-1) ...
Selecting previously unselected package python3-crypto.
Preparing to unpack .../08-python3-crypto_2.6.1-8ubuntu2_amd64.deb ...
Unpacking python3-crypto (2.6.1-8ubuntu2) ...
Selecting previously unselected package python3-idna.
Preparing to unpack .../09-python3-idna_2.6-1_all.deb ...
Unpacking python3-idna (2.6-1) ...
Selecting previously unselected package python3-six.
Preparing to unpack .../10-python3-six_1.11.0-2_all.deb ...
Unpacking python3-six (1.11.0-2) ...
Selecting previously unselected package python3-cryptography.
Preparing to unpack .../11-python3-cryptography_2.1.4-1ubuntu1.4_amd64.deb ...
Unpacking python3-cryptography (2.1.4-1ubuntu1.4) ...
Selecting previously unselected package python3-secretstorage.
Preparing to unpack .../12-python3-secretstorage_2.3.1-2_all.deb ...
Unpacking python3-secretstorage (2.3.1-2) ...
Selecting previously unselected package python3-keyring.
Preparing to unpack .../13-python3-keyring_10.6.0-1_all.deb ...
Unpacking python3-keyring (10.6.0-1) ...
Selecting previously unselected package python3-keyrings.alt.
Preparing to unpack .../14-python3-keyrings.alt_3.0-1_all.deb ...
Unpacking python3-keyrings.alt (3.0-1) ...
Selecting previously unselected package python3-pip.
Preparing to unpack .../15-python3-pip_9.0.1-2.3~ubuntu1.18.04.4_all.deb ...
Unpacking python3-pip (9.0.1-2.3~ubuntu1.18.04.4) ...
Selecting previously unselected package python3-pkg-resources.
Preparing to unpack .../16-python3-pkg-resources_39.0.1-2_all.deb ...
Unpacking python3-pkg-resources (39.0.1-2) ...
Selecting previously unselected package python3-setuptools.
Preparing to unpack .../17-python3-setuptools_39.0.1-2_all.deb ...
Unpacking python3-setuptools (39.0.1-2) ...
Selecting previously unselected package python3-wheel.
Preparing to unpack .../18-python3-wheel_0.30.0-0.2_all.deb ...
Unpacking python3-wheel (0.30.0-0.2) ...
Selecting previously unselected package python3-xdg.
Preparing to unpack .../19-python3-xdg_0.25-4ubuntu1_all.deb ...
Unpacking python3-xdg (0.25-4ubuntu1) ...
Setting up python-pip-whl (9.0.1-2.3~ubuntu1.18.04.4) ...
Setting up python3-cffi-backend (1.11.5-1) ...
Setting up python3-crypto (2.6.1-8ubuntu2) ...
Setting up python3-idna (2.6-1) ...
Setting up python3-xdg (0.25-4ubuntu1) ...
Setting up python3-six (1.11.0-2) ...
Setting up python3-wheel (0.30.0-0.2) ...
Setting up python3-pkg-resources (39.0.1-2) ...
Setting up python3-gi (3.26.1-2ubuntu1) ...
Setting up python3-asn1crypto (0.24.0-1) ...
Setting up libapparmor1:amd64 (2.12-4ubuntu5.1) ...
Setting up python3-pip (9.0.1-2.3~ubuntu1.18.04.4) ...
Setting up python3-setuptools (39.0.1-2) ...
Setting up libdbus-1-3:amd64 (1.12.2-1ubuntu1.2) ...
Setting up python3-cryptography (2.1.4-1ubuntu1.4) ...
Setting up python3-dbus (1.2.6-1) ...
Setting up python3-keyrings.alt (3.0-1) ...
Setting up dbus (1.12.2-1ubuntu1.2) ...
Setting up python3-secretstorage (2.3.1-2) ...
Setting up python3-keyring (10.6.0-1) ...
Processing triggers for libc-bin (2.27-3ubuntu1.2) ...
Removing intermediate container ff6abcc4c04b
 ---> 3b6ee541adbe
Step 7/34 : USER precice
 ---> Running in 5c178da194e1
Removing intermediate container 5c178da194e1
 ---> 60a1b8cb0ee7
Step 8/34 : RUN pip3 install --user --upgrade pip  # Use latest pip version. See https://github.com/precice/python-bindings#installing-the-package
 ---> Running in 4271fd8afba7
Collecting pip
  Downloading https://files.pythonhosted.org/packages/cb/28/91f26bd088ce8e22169032100d4260614fc3da435025ff389ef1d396a433/pip-20.2.4-py2.py3-none-any.whl (1.5MB)
Installing collected packages: pip
Successfully installed pip-20.2.4
Removing intermediate container 4271fd8afba7
 ---> 1763d943f0ff
Step 9/34 : ARG branch=develop
 ---> Running in f14c13f0a5dd
Removing intermediate container f14c13f0a5dd
 ---> 77795d95ec7d
Step 10/34 : WORKDIR /home/precice
 ---> Running in 2a17806b1f98
Removing intermediate container 2a17806b1f98
 ---> 63eadab69efb
Step 11/34 : RUN git clone --branch $branch https://github.com/precice/python-bindings.git
 ---> Running in cc9489fe14b1
[91mCloning into 'python-bindings'...
[0mRemoving intermediate container cc9489fe14b1
 ---> d56145d3abbc
Step 12/34 : WORKDIR /home/precice/python-bindings
 ---> Running in 56822d96f597
Removing intermediate container 56822d96f597
 ---> 6fb345b76ed0
Step 13/34 : RUN pip3 install --user .
 ---> Running in 4706d2649f65
[91mWARNING: pip is being invoked by an old script wrapper. This will fail in a future version of pip.
Please see https://github.com/pypa/pip/issues/5599 for advice on fixing the underlying issue.
To avoid this problem you can invoke Python with '-m pip' instead of running pip directly.
[0mProcessing /home/precice/python-bindings
  Installing build dependencies: started
  Installing build dependencies: finished with status 'done'
  Getting requirements to build wheel: started
  Getting requirements to build wheel: finished with status 'done'
    Preparing wheel metadata: started
    Preparing wheel metadata: finished with status 'done'
Requirement already satisfied: numpy in /usr/lib/python3/dist-packages (from pyprecice==2.1.1.1+13.gac7923a) (1.13.3)
Processing /home/precice/.cache/pip/wheels/d6/73/83/ad9dd3ebae512829ab3f21657f76403dc4aa6649e1118c9369/mpi4py-3.0.3-cp36-cp36m-linux_x86_64.whl
Building wheels for collected packages: pyprecice
  Building wheel for pyprecice (PEP 517): started
  Building wheel for pyprecice (PEP 517): finished with status 'done'
  Created wheel for pyprecice: filename=pyprecice-2.1.1.1+13.gac7923a-py2.py3-none-any.whl size=768164 sha256=779d44c354c4d2103316843760957d7db170912cdef9d971c8feb880ce2a930c
  Stored in directory: /home/precice/.cache/pip/wheels/85/7b/7f/f35133fddbce54c9da4ecf1713a6c5151eb30b0a3d88de72df
Successfully built pyprecice
Installing collected packages: mpi4py, pyprecice
Successfully installed mpi4py-3.0.3 pyprecice-2.1.1.1+13.gac7923a
Removing intermediate container 4706d2649f65
 ---> 6d2b4a5b14f7
Step 14/34 : WORKDIR /home/precice/python-bindings/solverdummy
 ---> Running in 4a30c6e20d7f
Removing intermediate container 4a30c6e20d7f
 ---> 5e6bdd748e1e
Step 15/34 : RUN python3 solverdummy.py precice-config.xml SolverOne MeshOne & python3 solverdummy.py precice-config.xml SolverTwo MeshTwo
 ---> Running in 6f3d0467df57
[91m[travis-job-584f9a7a-9619-478a-9524-1ff52c200914:00007] mca_base_component_repository_open: unable to open mca_patcher_overwrite: /usr/lib/x86_64-linux-gnu/openmpi/lib/openmpi/mca_patcher_overwrite.so: undefined symbol: mca_patcher_base_patch_t_class (ignored)
[travis-job-584f9a7a-9619-478a-9524-1ff52c200914:00006] mca_base_component_repository_open: unable to open mca_patcher_overwrite: /usr/lib/x86_64-linux-gnu/openmpi/lib/openmpi/mca_patcher_overwrite.so: undefined symbol: mca_patcher_base_patch_t_class (ignored)
[0m[91m[travis-job-584f9a7a-9619-478a-9524-1ff52c200914:00007] mca_base_component_repository_open: unable to open mca_shmem_posix: /usr/lib/x86_64-linux-gnu/openmpi/lib/openmpi/mca_shmem_posix.so: undefined symbol: opal_shmem_base_framework (ignored)
[travis-job-584f9a7a-9619-478a-9524-1ff52c200914:00007] mca_base_component_repository_open: unable to open mca_shmem_mmap: /usr/lib/x86_64-linux-gnu/openmpi/lib/openmpi/mca_shmem_mmap.so: undefined symbol: opal_show_help (ignored)
[travis-job-584f9a7a-9619-478a-9524-1ff52c200914:00007] mca_base_component_repository_open: unable to open mca_shmem_sysv: /usr/lib/x86_64-linux-gnu/openmpi/lib/openmpi/mca_shmem_sysv.so: undefined symbol: opal_show_help (ignored)
--------------------------------------------------------------------------
It looks like opal_init failed for some reason; your parallel process is
likely to abort.  There are many reasons that a parallel process can
fail during opal_init; some of which are due to configuration or
environment problems.  This failure appears to be an internal failure;
here's some additional information (which may only be relevant to an
Open MPI developer):

  opal_shmem_base_select failed
  --> Returned value -1 instead of OPAL_SUCCESS
--------------------------------------------------------------------------
--------------------------------------------------------------------------
It looks like orte_init failed for some reason; your parallel process is
likely to abort.  There are many reasons that a parallel process can
fail during orte_init; some of which are due to configuration or
environment problems.  This failure appears to be an internal failure;
here's some additional information (which may only be relevant to an
Open MPI developer):

  opal_init failed
  --> Returned value Error (-1) instead of ORTE_SUCCESS
--------------------------------------------------------------------------
--------------------------------------------------------------------------
It looks like MPI_INIT failed for some reason; your parallel process is
likely to abort.  There are many reasons that a parallel process can
fail during MPI_INIT; some of which are due to configuration or environment
problems.  This failure appears to be an internal failure; here's some
additional information (which may only be relevant to an Open MPI
developer):

  ompi_mpi_init: ompi_rte_init failed
  --> Returned "Error" (-1) instead of "Success" (0)
--------------------------------------------------------------------------
*** An error occurred in MPI_Init
*** on a NULL communicator
*** MPI_ERRORS_ARE_FATAL (processes in this communicator will now abort,
***    and potentially your MPI job)
[travis-job-584f9a7a-9619-478a-9524-1ff52c200914:7] Local abort before MPI_INIT completed completed successfully, but am not able to aggregate error messages, and not able to guarantee that all other processes were killed!
[0m[91m[travis-job-584f9a7a-9619-478a-9524-1ff52c200914:00006] mca_base_component_repository_open: unable to open mca_shmem_posix: /usr/lib/x86_64-linux-gnu/openmpi/lib/openmpi/mca_shmem_posix.so: undefined symbol: opal_shmem_base_framework (ignored)
[0m[91m[travis-job-584f9a7a-9619-478a-9524-1ff52c200914:00006] mca_base_component_repository_open: unable to open mca_shmem_mmap: /usr/lib/x86_64-linux-gnu/openmpi/lib/openmpi/mca_shmem_mmap.so: undefined symbol: opal_show_help (ignored)
[0m[91m[travis-job-584f9a7a-9619-478a-9524-1ff52c200914:00006] mca_base_component_repository_open: unable to open mca_shmem_sysv: /usr/lib/x86_64-linux-gnu/openmpi/lib/openmpi/mca_shmem_sysv.so: undefined symbol: opal_show_help (ignored)
[0m[91m--------------------------------------------------------------------------
It looks like opal_init failed for some reason; your parallel process is
likely to abort.  There are many reasons that a parallel process can
fail during opal_init; some of which are due to configuration or
environment problems.  This failure appears to be an internal failure;
here's some additional information (which may only be relevant to an
Open MPI developer):

  opal_shmem_base_select failed
  --> Returned value -1 instead of OPAL_SUCCESS
--------------------------------------------------------------------------
[0m[91m--------------------------------------------------------------------------
It looks like orte_init failed for some reason; your parallel process is
likely to abort.  There are many reasons that a parallel process can
fail during orte_init; some of which are due to configuration or
environment problems.  This failure appears to be an internal failure;
here's some additional information (which may only be relevant to an
Open MPI developer):

  opal_init failed
  --> Returned value Error (-1) instead of ORTE_SUCCESS
--------------------------------------------------------------------------
[0m[91m--------------------------------------------------------------------------
It looks like MPI_INIT failed for some reason; your parallel process is
likely to abort.  There are many reasons that a parallel process can
fail during MPI_INIT; some of which are due to configuration or environment
problems.  This failure appears to be an internal failure; here's some
additional information (which may only be relevant to an Open MPI
developer):

  ompi_mpi_init: ompi_rte_init failed
  --> Returned "Error" (-1) instead of "Success" (0)
--------------------------------------------------------------------------
[0m[91m*** An error occurred in MPI_Init
[0mThe command '/bin/sh -c python3 solverdummy.py precice-config.xml SolverOne MeshOne & python3 solverdummy.py precice-config.xml SolverTwo MeshTwo' returned a non-zero code: 1
EXECUTING: docker build --network=host --file Dockerfile --tag st_bindings-ubuntu1804.package-develop --build-arg from=precice/precice-ubuntu1804.package-develop:latest .
BUILD FAILED WITH: Command 'docker build --network=host --file Dockerfile --tag st_bindings-ubuntu1804.package-develop --build-arg from=precice/precice-ubuntu1804.package-develop:latest .' returned non-zero exit status 1.
Traceback (most recent call last):
  File "system_testing.py", line 28, in build
    docker.build_image(tag = test_tag,
  File "/home/travis/build/precice/systemtests/docker.py", line 31, in build_image
    subprocess.run(cmd, shell = True, check = True)
  File "/opt/python/3.8.1/lib/python3.8/subprocess.py", line 512, in run
    raise CalledProcessError(retcode, process.args,
subprocess.CalledProcessError: Command 'docker build --network=host --file Dockerfile --tag st_bindings-ubuntu1804.package-develop --build-arg from=precice/precice-ubuntu1804.package-develop:latest .' returned non-zero exit status 1.

During handling of the above exception, another exception occurred:

Traceback (most recent call last):
  File "system_testing.py", line 305, in <module>
    build_run_compare(test, tag, args.branch.lower(), args.local,
  File "system_testing.py", line 235, in build_run_compare
    build(test_basename, tag, branch, local_precice, force_rebuild)
  File "system_testing.py", line 35, in build
    raise STBuildException()
__main__.STBuildException: BUILD FAILED - An error occured while building the docker image!
travis_time:end:10608220:start=1605930853076156069,finish=1605931018764764507,duration=165688608438,event=script[0K[31;1mThe command "python system_testing.py -s bindings -v" exited with 1.[0m
travis_time:start:10d924d8[0K$ python push.py
Cloning into 'precice_st_output'...
Updating files:  23% (8309/35070)Updating files:  24% (8417/35070)Updating files:  25% (8768/35070)Updating files:  26% (9119/35070)Updating files:  27% (9469/35070)Updating files:  28% (9820/35070)Updating files:  29% (10171/35070)Updating files:  30% (10521/35070)Updating files:  31% (10872/35070)Updating files:  32% (11223/35070)Updating files:  33% (11574/35070)Updating files:  34% (11924/35070)Updating files:  35% (12275/35070)Updating files:  36% (12626/35070)Updating files:  37% (12976/35070)Updating files:  38% (13327/35070)Updating files:  39% (13678/35070)Updating files:  40% (14028/35070)Updating files:  40% (14295/35070)Updating files:  41% (14379/35070)Updating files:  42% (14730/35070)Updating files:  43% (15081/35070)Updating files:  44% (15431/35070)Updating files:  45% (15782/35070)Updating files:  46% (16133/35070)Updating files:  47% (16483/35070)Updating files:  48% (16834/35070)Updating files:  49% (17185/35070)Updating files:  50% (17535/35070)Updating files:  51% (17886/35070)Updating files:  52% (18237/35070)Updating files:  53% (18588/35070)Updating files:  54% (18938/35070)Updating files:  55% (19289/35070)Updating files:  55% (19385/35070)Updating files:  56% (19640/35070)Updating files:  57% (19990/35070)Updating files:  58% (20341/35070)Updating files:  59% (20692/35070)Updating files:  60% (21042/35070)Updating files:  61% (21393/35070)Updating files:  62% (21744/35070)Updating files:  63% (22095/35070)Updating files:  64% (22445/35070)Updating files:  65% (22796/35070)Updating files:  66% (23147/35070)Updating files:  67% (23497/35070)Updating files:  68% (23848/35070)Updating files:  69% (24199/35070)Updating files:  69% (24223/35070)Updating files:  70% (24549/35070)Updating files:  71% (24900/35070)Updating files:  72% (25251/35070)Updating files:  73% (25602/35070)Updating files:  74% (25952/35070)Updating files:  75% (26303/35070)Updating files:  76% (26654/35070)Updating files:  77% (27004/35070)Updating files:  78% (27355/35070)Updating files:  79% (27706/35070)Updating files:  80% (28056/35070)Updating files:  81% (28407/35070)Updating files:  82% (28758/35070)Updating files:  82% (28805/35070)Updating files:  83% (29109/35070)Updating files:  84% (29459/35070)Updating files:  84% (29472/35070)Updating files:  85% (29810/35070)Updating files:  85% (29991/35070)Updating files:  86% (30161/35070)Updating files:  87% (30511/35070)