travis_fold:start:worker_info[0K[33;1mWorker information[0m
hostname: 7d3967a3-e381-46e5-ae84-5c71d2e9955f@1.worker-org-5844f78cf9-8qxgp.gce-production-4
version: v6.2.17 https://github.com/travis-ci/worker/tree/bc420764f334fe0d096a417c80426f672f1b7d18
instance: travis-job-a2eda679-9eaa-4c9c-bf39-2a7f465b9532 travis-ci-ubuntu-1804-1593521679-ca42795e (via amqp)
startup: 6.306243869s
travis_fold:end:worker_info[0Ktravis_time:start:0fa4b15a[0Ktravis_time:end:0fa4b15a:start=1603318190905059978,finish=1603318191104798153,duration=199738175,event=no_world_writable_dirs[0Ktravis_time:start:03322e70[0Ktravis_time:end:03322e70:start=1603318191107989853,finish=1603318191111510649,duration=3520796,event=setup_filter[0Ktravis_time:start:19a1ed30[0Ktravis_time:end:19a1ed30:start=1603318191120359309,finish=1603318191128503443,duration=8144134,event=agent[0Ktravis_time:start:04ee6f40[0Ktravis_time:end:04ee6f40:start=1603318191131236597,finish=1603318191133292375,duration=2055778,event=check_unsupported[0Ktravis_time:start:0b82234f[0Ktravis_fold:start:system_info[0K[33;1mBuild system information[0m
Build language: python
Build group: stable
Build dist: bionic
Build id: 737767577
Job id: 737767608
Runtime kernel version: 5.3.0-1029-gcp
travis-build version: acd5a925
[34m[1mBuild image provisioning date and time[0m
Tue Jun 30 13:35:43 UTC 2020
[34m[1mOperating System Details[0m
Distributor ID:	Ubuntu
Description:	Ubuntu 18.04.4 LTS
Release:	18.04
Codename:	bionic
[34m[1mSystemd Version[0m
systemd 237
[34m[1mCookbooks Version[0m
3f92a99 https://github.com/travis-ci/travis-cookbooks/tree/3f92a99
[34m[1mgit version[0m
git version 2.27.0
[34m[1mbash version[0m
GNU bash, version 4.4.20(1)-release (x86_64-pc-linux-gnu)
[34m[1mgcc version[0m
gcc (Ubuntu 7.5.0-3ubuntu1~18.04) 7.5.0
[34m[1mdocker version[0m
Client:
 Version:           18.06.0-ce
 API version:       1.38
 Go version:        go1.10.3
 Git commit:        0ffa825
 Built:             Wed Jul 18 19:09:54 2018
 OS/Arch:           linux/amd64
 Experimental:      false

Server:
 Engine:
  Version:          18.06.0-ce
  API version:      1.38 (minimum version 1.12)
  Go version:       go1.10.3
  Git commit:       0ffa825
  Built:            Wed Jul 18 19:07:56 2018
  OS/Arch:          linux/amd64
  Experimental:     false
[34m[1mclang version[0m
clang version 7.0.0 (tags/RELEASE_700/final)
[34m[1mjq version[0m
jq-1.5
[34m[1mbats version[0m
Bats 0.4.0
[34m[1mshellcheck version[0m
0.7.0
[34m[1mshfmt version[0m
v2.6.3
[34m[1mccache version[0m
3.4.1
[34m[1mcmake version[0m
cmake version 3.12.4
[34m[1mheroku version[0m
heroku/7.42.1 linux-x64 node-v12.16.2
[34m[1mimagemagick version[0m
Version: ImageMagick 6.9.7-4 Q16 x86_64 20170114 http://www.imagemagick.org
[34m[1mmd5deep version[0m
4.4
[34m[1mmercurial version[0m
version 4.8
[34m[1mmysql version[0m
mysql  Ver 14.14 Distrib 5.7.30, for Linux (x86_64) using  EditLine wrapper
[34m[1mopenssl version[0m
OpenSSL 1.1.1  11 Sep 2018
[34m[1mpacker version[0m
1.3.3
[34m[1mpostgresql client version[0m
psql (PostgreSQL) 11.8 (Ubuntu 11.8-1.pgdg18.04+1)
[34m[1mragel version[0m
Ragel State Machine Compiler version 6.10 March 2017
[34m[1msudo version[0m
1.8.21p2
[34m[1mgzip version[0m
gzip 1.6
[34m[1mzip version[0m
Zip 3.0
[34m[1mvim version[0m
VIM - Vi IMproved 8.0 (2016 Sep 12, compiled Mar 18 2020 18:29:15)
[34m[1miptables version[0m
iptables v1.6.1
[34m[1mcurl version[0m
curl 7.58.0 (x86_64-pc-linux-gnu) libcurl/7.58.0 OpenSSL/1.1.1 zlib/1.2.11 libidn2/2.0.4 libpsl/0.19.1 (+libidn2/2.0.4) nghttp2/1.30.0 librtmp/2.3
[34m[1mwget version[0m
GNU Wget 1.19.4 built on linux-gnu.
[34m[1mrsync version[0m
rsync  version 3.1.2  protocol version 31
[34m[1mgimme version[0m
v1.5.4
[34m[1mnvm version[0m
0.35.3
[34m[1mperlbrew version[0m
/home/travis/perl5/perlbrew/bin/perlbrew  - App::perlbrew/0.87
[34m[1mphpenv version[0m
rbenv 1.1.2-30-gc879cb0
[34m[1mrvm version[0m
rvm 1.29.10 (latest) by Michal Papis, Piotr Kuczynski, Wayne E. Seguin [https://rvm.io]
[34m[1mdefault ruby version[0m
ruby 2.6.5p114 (2019-10-01 revision 67812) [x86_64-linux]
[34m[1mElasticSearch version[0m
5.5.0
[34m[1mInstalled Firefox version[0m
firefox 63.0.1
[34m[1mMongoDB version[0m
MongoDB 4.0.19
[34m[1mPhantomJS version[0m
2.1.1
[34m[1mPre-installed PostgreSQL versions[0m
9.3.25
9.4.26
9.5.22
9.6.18
[34m[1mRedis version[0m
redis-server 6.0.5
[34m[1mPre-installed Go versions[0m
1.11.1
[34m[1mant version[0m
Apache Ant(TM) version 1.10.5 compiled on March 28 2019
[34m[1mmvn version[0m
Apache Maven 3.6.3 (cecedd343002696d0abb50b32b541b8a6ba2883f)
[34m[1mgradle version[0m
Gradle 5.1.1!
[34m[1mlein version[0m
Leiningen 2.9.3 on Java 11.0.2 OpenJDK 64-Bit Server VM
[34m[1mPre-installed Node.js versions[0m
v10.16.0
v10.21.0
v11.15.0
v12.13.1
v12.18.1
v13.3.0
v4.9.1
v6.17.1
v8.16.2
v8.17.0
v8.9
[34m[1mphpenv versions[0m
  system
  7.1
  7.1.33
  7.2
* 7.2.27 (set by /home/travis/.phpenv/version)
  7.3
  7.3.14
  7.4
  7.4.2
  hhvm
  hhvm-stable
[34m[1mcomposer --version[0m
Composer version 1.9.2 2020-01-14 16:30:31
[34m[1mPre-installed Ruby versions[0m
ruby-2.4.9
ruby-2.5.3
ruby-2.5.7
ruby-2.6.5
ruby-2.7.0
travis_fold:end:system_info[0K
travis_time:end:0b82234f:start=1603318191135813791,finish=1603318191140845199,duration=5031408,event=show_system_info[0Ktravis_time:start:15ae980a[0Ktravis_time:end:15ae980a:start=1603318191143591096,finish=1603318191157204455,duration=13613359,event=rm_riak_source[0Ktravis_time:start:0bf7c837[0Ktravis_time:end:0bf7c837:start=1603318191160601196,finish=1603318191168808734,duration=8207538,event=fix_rwky_redis[0Ktravis_time:start:2cf95020[0Ktravis_time:end:2cf95020:start=1603318191172034957,finish=1603318191705999499,duration=533964542,event=wait_for_network[0Ktravis_time:start:1854e911[0Ktravis_time:end:1854e911:start=1603318191710936986,finish=1603318191953572450,duration=242635464,event=update_apt_keys[0Ktravis_time:start:0cef8880[0Ktravis_time:end:0cef8880:start=1603318191960175643,finish=1603318192014539263,duration=54363620,event=fix_hhvm_source[0Ktravis_time:start:01011a80[0Ktravis_time:end:01011a80:start=1603318192019591562,finish=1603318192022853017,duration=3261455,event=update_mongo_arch[0Ktravis_time:start:0a3f7334[0Ktravis_time:end:0a3f7334:start=1603318192029724806,finish=1603318192070514043,duration=40789237,event=fix_sudo_enabled_trusty[0Ktravis_time:start:282d9238[0Ktravis_time:end:282d9238:start=1603318192076309850,finish=1603318192078501999,duration=2192149,event=update_glibc[0Ktravis_time:start:01de2c66[0Ktravis_time:end:01de2c66:start=1603318192083211304,finish=1603318192091158706,duration=7947402,event=clean_up_path[0Ktravis_time:start:1ede592c[0Ktravis_time:end:1ede592c:start=1603318192096233363,finish=1603318192105051027,duration=8817664,event=fix_resolv_conf[0Ktravis_time:start:01b9d968[0Ktravis_time:end:01b9d968:start=1603318192109992078,finish=1603318192126849497,duration=16857419,event=fix_etc_hosts[0Ktravis_time:start:247001ba[0Ktravis_time:end:247001ba:start=1603318192132974446,finish=1603318192141346272,duration=8371826,event=fix_mvn_settings_xml[0Ktravis_time:start:0bb63d88[0Ktravis_time:end:0bb63d88:start=1603318192146384499,finish=1603318192155817360,duration=9432861,event=no_ipv6_localhost[0Ktravis_time:start:0b54eda8[0Ktravis_time:end:0b54eda8:start=1603318192161222756,finish=1603318192163391597,duration=2168841,event=fix_etc_mavenrc[0Ktravis_time:start:3c1c345f[0Ktravis_time:end:3c1c345f:start=1603318192167603361,finish=1603318192170524912,duration=2921551,event=fix_wwdr_certificate[0Ktravis_time:start:05ea72ed[0Ktravis_time:end:05ea72ed:start=1603318192175498643,finish=1603318192225942262,duration=50443619,event=put_localhost_first[0Ktravis_time:start:01604187[0Ktravis_time:end:01604187:start=1603318192230619041,finish=1603318192234569889,duration=3950848,event=home_paths[0Ktravis_time:start:1c587f49[0Ktravis_time:end:1c587f49:start=1603318192238329757,finish=1603318192251217339,duration=12887582,event=disable_initramfs[0Ktravis_time:start:1e7aab40[0Ktravis_time:end:1e7aab40:start=1603318192255369305,finish=1603318192391666210,duration=136296905,event=disable_ssh_roaming[0Ktravis_time:start:0a9bdc61[0Ktravis_time:end:0a9bdc61:start=1603318192396728306,finish=1603318192399208448,duration=2480142,event=debug_tools[0Ktravis_time:start:01114674[0Ktravis_time:end:01114674:start=1603318192405510395,finish=1603318192409398954,duration=3888559,event=uninstall_oclint[0Ktravis_time:start:00ec45e8[0Ktravis_time:end:00ec45e8:start=1603318192416091582,finish=1603318192419876066,duration=3784484,event=rvm_use[0Ktravis_time:start:15c93639[0Ktravis_time:end:15c93639:start=1603318192424651787,finish=1603318192433079015,duration=8427228,event=rm_etc_boto_cfg[0Ktravis_time:start:05529656[0Ktravis_time:end:05529656:start=1603318192438149416,finish=1603318192440455031,duration=2305615,event=rm_oraclejdk8_symlink[0Ktravis_time:start:22a066c0[0Ktravis_time:end:22a066c0:start=1603318192445624766,finish=1603318192537220562,duration=91595796,event=enable_i386[0Ktravis_time:start:151f2cb5[0Ktravis_time:end:151f2cb5:start=1603318192542038070,finish=1603318192546596808,duration=4558738,event=update_rubygems[0Ktravis_time:start:3ae7f93c[0Ktravis_time:end:3ae7f93c:start=1603318192551895938,finish=1603318193348965888,duration=797069950,event=ensure_path_components[0Ktravis_time:start:1b531dcc[0Ktravis_time:end:1b531dcc:start=1603318193355244080,finish=1603318193357648139,duration=2404059,event=redefine_curl[0Ktravis_time:start:069f6123[0Ktravis_time:end:069f6123:start=1603318193363236674,finish=1603318193468305348,duration=105068674,event=nonblock_pipe[0Ktravis_time:start:28a78130[0Ktravis_time:end:28a78130:start=1603318193473037507,finish=1603318199508490307,duration=6035452800,event=apt_get_update[0Ktravis_time:start:2189f0d9[0Ktravis_time:end:2189f0d9:start=1603318199512955319,finish=1603318199515385476,duration=2430157,event=deprecate_xcode_64[0Ktravis_time:start:1a483b32[0Ktravis_time:end:1a483b32:start=1603318199519289055,finish=1603318202341934259,duration=2822645204,event=update_heroku[0Ktravis_time:start:055cf974[0Ktravis_time:end:055cf974:start=1603318202347344014,finish=1603318202350031448,duration=2687434,event=shell_session_update[0Ktravis_time:start:031eb4e8[0Ktravis_fold:start:docker_mtu[0Ktravis_fold:end:docker_mtu[0Ktravis_time:end:031eb4e8:start=1603318202354782636,finish=1603318204699403111,duration=2344620475,event=set_docker_mtu[0Ktravis_time:start:076de5a8[0Ktravis_fold:start:resolvconf[0Ktravis_fold:end:resolvconf[0Ktravis_time:end:076de5a8:start=1603318204703566593,finish=1603318204794841464,duration=91274871,event=resolvconf[0Ktravis_time:start:228c1080[0Ktravis_time:end:228c1080:start=1603318204800415603,finish=1603318204974116149,duration=173700546,event=maven_central_mirror[0Ktravis_time:start:0614bcd2[0Ktravis_time:end:0614bcd2:start=1603318204978474519,finish=1603318205078972585,duration=100498066,event=maven_https[0Ktravis_time:start:029e10a6[0Ktravis_fold:start:services[0Ktravis_time:start:14ea316c[0K$ sudo systemctl start docker
travis_time:end:14ea316c:start=1603318205095685516,finish=1603318205110013887,duration=14328371,event=prepare[0Ktravis_fold:end:services[0Ktravis_time:end:14ea316c:start=1603318205095685516,finish=1603318208116826758,duration=3021141242,event=services[0Ktravis_time:start:26f414f3[0Ktravis_time:end:26f414f3:start=1603318208121664954,finish=1603318208124378628,duration=2713674,event=fix_ps4[0Ktravis_time:start:055afb74[0K
travis_fold:start:git.checkout[0Ktravis_time:start:149823e4[0K$ git clone --depth=50 https://github.com/precice/systemtests.git precice/systemtests
Cloning into 'precice/systemtests'...
travis_time:end:149823e4:start=1603318208133481439,finish=1603318216201002565,duration=8067521126,event=checkout[0K$ cd precice/systemtests
travis_time:start:07b5d693[0K$ git fetch origin +refs/pull/256/merge:
From https://github.com/precice/systemtests
 * branch            refs/pull/256/merge -> FETCH_HEAD
travis_time:end:07b5d693:start=1603318216205777796,finish=1603318233569077225,duration=17363299429,event=checkout[0K$ git checkout -qf FETCH_HEAD
travis_fold:end:git.checkout[0K
travis_time:end:07b5d693:start=1603318216205777796,finish=1603318234574920546,duration=18369142750,event=checkout[0Ktravis_time:start:1e21ffae[0K
[33;1mSetting environment variables from repository settings[0m
$ export DOCKER_PASSWORD=[secure]
$ export PRECICE_BOT_EMAIL=[secure]
$ export GH_TOKEN=[secure]
$ export TRAVIS_ACCESS_TOKEN=[secure]
$ export DOCKER_USERNAME=precice

travis_time:end:1e21ffae:start=1603318234579229444,finish=1603318234587852235,duration=8622791,event=env[0Ktravis_time:start:0fc8e5ec[0K$ source ~/virtualenv/python3.8/bin/activate
travis_time:end:0fc8e5ec:start=1603318234592374265,finish=1603318234599128131,duration=6753866,event=[0K$ python --version
Python 3.8.1
$ pip --version
pip 20.1.1 from /home/travis/virtualenv/python3.8.1/lib/python3.8/site-packages/pip (python 3.8)
travis_fold:start:install[0Ktravis_time:start:0203cd7e[0K$ pip install Jinja2
Collecting Jinja2
  Downloading Jinja2-2.11.2-py2.py3-none-any.whl (125 kB)
Collecting MarkupSafe>=0.23
  Downloading MarkupSafe-1.1.1-cp38-cp38-manylinux1_x86_64.whl (32 kB)
Installing collected packages: MarkupSafe, Jinja2
Successfully installed Jinja2-2.11.2 MarkupSafe-1.1.1
travis_time:end:0203cd7e:start=1603318235091005849,finish=1603318236266213475,duration=1175207626,event=install[0Ktravis_fold:end:install[0Ktravis_time:start:041f3c19[0K$ python system_testing.py -s fe-fe -v
Total reclaimed space: 0B
networks:
  precicecomm: {}
services:
  fenics-adapter-dirichlet:
    command: '/bin/bash -c "cd /home/precice && python3 /home/precice/Data/Input/heat.py
      -d -i simple && mkdir /home/precice/Data/Output/Dirichlet && cp -r precice-output
      *.log /home/precice/Data/Output/Dirichlet"

      '
    container_name: fenics-adapter-dirichlet
    depends_on:
    - tutorial-data
    image: precice/fenics-adapter-ubuntu1804.home-develop:latest
    networks:
      precicecomm: null
    volumes:
    - exchange:/home/precice/Data/Exchange:rw
    - output:/home/precice/Data/Output:rw
    - input:/home/precice/Data/Input:rw
  fenics-adapter-neumann:
    command: '/bin/bash -c "cd /home/precice && python3 /home/precice/Data/Input/heat.py
      -n -i simple && mkdir /home/precice/Data/Output/Neumann && cp -r precice-output
      *.log /home/precice/Data/Output/Neumann"

      '
    container_name: fenics-adapter-neumann
    depends_on:
    - tutorial-data
    image: precice/fenics-adapter-ubuntu1804.home-develop:latest
    networks:
      precicecomm: null
    volumes:
    - exchange:/home/precice/Data/Exchange:rw
    - output:/home/precice/Data/Output:rw
    - input:/home/precice/Data/Input:rw
  tutorial-data:
    build:
      context: /home/travis/build/precice/systemtests/tests/TestCompose_fe-fe
      dockerfile: Dockerfile.tutorial_data
      network: host
    container_name: tutorial-data
    volumes:
    - output:/Output:rw
    - input:/tutorials/HT/partitioned-heat/fenics-fenics:rw
version: '3.4'
volumes:
  exchange: {}
  input: {}
  output: {}

Creating network "testcompose_fe-fe_default" with the default driver
Creating network "testcompose_fe-fe_precicecomm" with the default driver
Creating volume "testcompose_fe-fe_exchange" with default driver
Creating volume "testcompose_fe-fe_output" with default driver
Creating volume "testcompose_fe-fe_input" with default driver
Building tutorial-data
Step 1/8 : from alpine
latest: Pulling from library/alpine
Digest: sha256:185518070891758909c9f839cf4ca393ee977ac378609f700f60a771a2dfe321
Status: Downloaded newer image for alpine:latest
 ---> a24bb4013296
Step 2/8 : ENV tutorial_path tutorials/HT/partitioned-heat/fenics-fenics
 ---> Running in 90cc2a40f28d
Removing intermediate container 90cc2a40f28d
 ---> db56dabe79f9
Step 3/8 : RUN apk add git
 ---> Running in e1f9d2af8fab
fetch http://dl-cdn.alpinelinux.org/alpine/v3.12/main/x86_64/APKINDEX.tar.gz
fetch http://dl-cdn.alpinelinux.org/alpine/v3.12/community/x86_64/APKINDEX.tar.gz
(1/6) Installing ca-certificates (20191127-r4)
(2/6) Installing nghttp2-libs (1.41.0-r0)
(3/6) Installing libcurl (7.69.1-r1)
(4/6) Installing expat (2.2.9-r1)
(5/6) Installing pcre2 (10.35-r0)
(6/6) Installing git (2.26.2-r0)
Executing busybox-1.31.1-r16.trigger
Executing ca-certificates-20191127-r4.trigger
OK: 22 MiB in 20 packages
Removing intermediate container e1f9d2af8fab
 ---> 555ee5a09466
Step 4/8 : ARG branch=develop
 ---> Running in 4967e03d5216
Removing intermediate container 4967e03d5216
 ---> f510192dbfa0
Step 5/8 : RUN git clone --branch $branch https://github.com/precice/tutorials
 ---> Running in 807d45d5c5a3
[91mCloning into 'tutorials'...
[0mRemoving intermediate container 807d45d5c5a3
 ---> 41c6779ee0f8
Step 6/8 : RUN mkdir configs &&     sed -i 's|<m2n:sockets from="HeatDirichlet" to="HeatNeumann"/>|<m2n:sockets from="HeatDirichlet" to="HeatNeumann" exchange-directory="/home/precice/Data/Exchange/" network="eth0"/>|g;             s|\(\s\+\)\(</participant>\)|\1   <export:vtk directory="precice-output" />\n\1\2|g' $tutorial_path/precice-config.xml
 ---> Running in 3b762807f7fa
Removing intermediate container 3b762807f7fa
 ---> db7e80eb72cc
Step 7/8 : RUN addgroup -g 1000 precice && adduser -u 1000 -G precice -D precice && chown -R precice:precice tutorials configs
 ---> Running in c2939d1aa338
Removing intermediate container c2939d1aa338
 ---> 65cfaf6cfb05
Step 8/8 : USER precice
 ---> Running in e8f6e0cdcd4e
Removing intermediate container e8f6e0cdcd4e
 ---> 7246cbcdcbf1

Successfully built 7246cbcdcbf1
Successfully tagged testcompose_fe-fe_tutorial-data:latest
Image for service tutorial-data was built because it did not already exist. To rebuild this image you must use `docker-compose build` or `docker-compose up --build`.
Pulling fenics-adapter-neumann (precice/fenics-adapter-ubuntu1804.home-develop:latest)...
latest: Pulling from precice/fenics-adapter-ubuntu1804.home-develop
Creating tutorial-data ... 
[1A[2KCreating tutorial-data ... [32mdone[0m[1BCreating fenics-adapter-dirichlet ... 
Creating fenics-adapter-neumann   ... 
[1A[2KCreating fenics-adapter-neumann   ... [32mdone[0m[1B[2A[2KCreating fenics-adapter-dirichlet ... [32mdone[0m[2BAttaching to tutorial-data, fenics-adapter-neumann, fenics-adapter-dirichlet
[33mfenics-adapter-neumann      |[0m Traceback (most recent call last):
[33mfenics-adapter-neumann      |[0m   File "/home/precice/Data/Input/heat.py", line 28, in <module>
[33mfenics-adapter-neumann      |[0m     from fenics import Function, FunctionSpace, Expression, Constant, DirichletBC, TrialFunction, TestFunction, \
[33mfenics-adapter-neumann      |[0m   File "/usr/lib/python3/dist-packages/fenics/__init__.py", line 7, in <module>
[33mfenics-adapter-neumann      |[0m     from dolfin import *
[33mfenics-adapter-neumann      |[0m ModuleNotFoundError: No module named 'dolfin'
[32mfenics-adapter-dirichlet    |[0m Traceback (most recent call last):
[32mfenics-adapter-dirichlet    |[0m   File "/home/precice/Data/Input/heat.py", line 28, in <module>
[32mfenics-adapter-dirichlet    |[0m     from fenics import Function, FunctionSpace, Expression, Constant, DirichletBC, TrialFunction, TestFunction, \
[32mfenics-adapter-dirichlet    |[0m   File "/usr/lib/python3/dist-packages/fenics/__init__.py", line 7, in <module>
[32mfenics-adapter-dirichlet    |[0m     from dolfin import *
[32mfenics-adapter-dirichlet    |[0m ModuleNotFoundError: No module named 'dolfin'
[33mfenics-adapter-neumann exited with code 1
[0m[36mtutorial-data exited with code 0
[0m[32mfenics-adapter-dirichlet exited with code 1
[0m------------- Comparing files -------------
> Only in /home/travis/build/precice/systemtests/tests/TestCompose_fe-fe/referenceOutput: precice-HeatDirichlet-iterations.log
Only in /home/travis/build/precice/systemtests/tests/TestCompose_fe-fe/referenceOutput: precice-HeatNeumann-convergence.log
Only in /home/travis/build/precice/systemtests/tests/TestCompose_fe-fe/referenceOutput: precice-HeatNeumann-iterations.log
----------- Comparison finished -----------
EXECUTING: docker container prune -f; export PRECICE_BASE=-ubuntu1804.home-develop; mkdir Logs; docker-compose config && bash ../../silent_compose.sh debug
EXECUTING: docker cp tutorial-data:/Output .
EXECUTING: docker-compose logs > Logs/container.log
EXECUTING: bash ../../compare_results.sh /home/travis/build/precice/systemtests/tests/TestCompose_fe-fe/referenceOutput /home/travis/build/precice/systemtests/tests/TestCompose_fe-fe/Output
TEST FAILED WITH: Output files do not match reference
Files differing               : []
Files only in reference (left): ['precice-HeatDirichlet-iterations.log', 'precice-HeatNeumann-convergence.log', 'precice-HeatNeumann-iterations.log']
Files only in output(right)   : []
Traceback (most recent call last):
  File "system_testing.py", line 133, in run_compose
    comparison(path_to_ref, path_to_otp)
  File "system_testing.py", line 210, in comparison
    raise IncorrectOutput(*ret)
__main__.IncorrectOutput: Output files do not match reference
Files differing               : []
Files only in reference (left): ['precice-HeatDirichlet-iterations.log', 'precice-HeatNeumann-convergence.log', 'precice-HeatNeumann-iterations.log']
Files only in output(right)   : []

During handling of the above exception, another exception occurred:

Traceback (most recent call last):
  File "system_testing.py", line 305, in <module>
    build_run_compare(test, tag, args.branch.lower(), args.local,
  File "system_testing.py", line 227, in build_run_compare
    run_compose(test, branch, local_precice, tag, force_rebuild, rm_all, verbose)
  File "system_testing.py", line 145, in run_compose
    raise STValidateException()
__main__.STValidateException: COMPARISON FAILED - An error occured while comparing test results with reference files!
travis_time:end:041f3c19:start=1603318236271533581,finish=1603318366177256790,duration=129905723209,event=script[0K[31;1mThe command "python system_testing.py -s fe-fe -v" exited with 1.[0m
travis_time:start:099e34b4[0K$ python push.py -o
Cloning into 'precice_st_output'...
Updating files:  76% (6600/8662)Updating files:  77% (6670/8662)Updating files:  78% (6757/8662)Updating files:  79% (6843/8662)Updating files:  80% (6930/8662)Updating files:  81% (7017/8662)Updating files:  82% (7103/8662)Updating files:  83% (7190/8662)Updating files:  84% (7277/8662)Updating files:  85% (7363/8662)Updating files:  86% (7450/8662)Updating files:  87% (7536/8662)Updating files:  88% (7623/8662)Updating files:  89% (7710/8662)Updating files:  90% (7796/8662)Updating files:  91% (7883/8662)Updating files:  92% (7970/8662)Updating files:  93% (8056/8662)Updating files:  94% (8143/8662)Updating files:  95% (8229/8662)Updating files:  96% (8316/8662)Updating files:  97% (8403/8662)Updating files:  98% (8489/8662)Updating files:  99% (8576/8662)Updating files: 100% (8662/8662)Updating files: 100% (8662/8662), done.
