travis_fold:start:worker_info[0K[33;1mWorker information[0m
hostname: 160b3a05-04d1-45d1-8c44-85bee8c3fd6e@1.worker-org-8b5957499-9cftn.gce-production-3
version: v6.2.17 https://github.com/travis-ci/worker/tree/bc420764f334fe0d096a417c80426f672f1b7d18
instance: travis-job-a5be493a-3908-4460-bbee-0290159bb421 travis-ci-ubuntu-1804-1593521679-ca42795e (via amqp)
startup: 6.106145948s
travis_fold:end:worker_info[0Ktravis_time:start:14aa7d06[0Ktravis_time:end:14aa7d06:start=1603290507806127373,finish=1603290508021203152,duration=215075779,event=no_world_writable_dirs[0Ktravis_time:start:020ace40[0Ktravis_time:end:020ace40:start=1603290508025031215,finish=1603290508029287593,duration=4256378,event=setup_filter[0Ktravis_time:start:034ecae8[0Ktravis_time:end:034ecae8:start=1603290508038774249,finish=1603290508048415086,duration=9640837,event=agent[0Ktravis_time:start:00642a2c[0Ktravis_time:end:00642a2c:start=1603290508053295148,finish=1603290508057588136,duration=4292988,event=check_unsupported[0Ktravis_time:start:060c3868[0Ktravis_fold:start:system_info[0K[33;1mBuild system information[0m
Build language: python
Build group: stable
Build dist: bionic
Build id: 737679203
Job id: 737679238
Runtime kernel version: 5.3.0-1029-gcp
travis-build version: acd5a925
[34m[1mBuild image provisioning date and time[0m
Tue Jun 30 13:35:43 UTC 2020
[34m[1mOperating System Details[0m
Distributor ID:	Ubuntu
Description:	Ubuntu 18.04.4 LTS
Release:	18.04
Codename:	bionic
[34m[1mSystemd Version[0m
systemd 237
[34m[1mCookbooks Version[0m
3f92a99 https://github.com/travis-ci/travis-cookbooks/tree/3f92a99
[34m[1mgit version[0m
git version 2.27.0
[34m[1mbash version[0m
GNU bash, version 4.4.20(1)-release (x86_64-pc-linux-gnu)
[34m[1mgcc version[0m
gcc (Ubuntu 7.5.0-3ubuntu1~18.04) 7.5.0
[34m[1mdocker version[0m
Client:
 Version:           18.06.0-ce
 API version:       1.38
 Go version:        go1.10.3
 Git commit:        0ffa825
 Built:             Wed Jul 18 19:09:54 2018
 OS/Arch:           linux/amd64
 Experimental:      false

Server:
 Engine:
  Version:          18.06.0-ce
  API version:      1.38 (minimum version 1.12)
  Go version:       go1.10.3
  Git commit:       0ffa825
  Built:            Wed Jul 18 19:07:56 2018
  OS/Arch:          linux/amd64
  Experimental:     false
[34m[1mclang version[0m
clang version 7.0.0 (tags/RELEASE_700/final)
[34m[1mjq version[0m
jq-1.5
[34m[1mbats version[0m
Bats 0.4.0
[34m[1mshellcheck version[0m
0.7.0
[34m[1mshfmt version[0m
v2.6.3
[34m[1mccache version[0m
3.4.1
[34m[1mcmake version[0m
cmake version 3.12.4
[34m[1mheroku version[0m
heroku/7.42.1 linux-x64 node-v12.16.2
[34m[1mimagemagick version[0m
Version: ImageMagick 6.9.7-4 Q16 x86_64 20170114 http://www.imagemagick.org
[34m[1mmd5deep version[0m
4.4
[34m[1mmercurial version[0m
version 4.8
[34m[1mmysql version[0m
mysql  Ver 14.14 Distrib 5.7.30, for Linux (x86_64) using  EditLine wrapper
[34m[1mopenssl version[0m
OpenSSL 1.1.1  11 Sep 2018
[34m[1mpacker version[0m
1.3.3
[34m[1mpostgresql client version[0m
psql (PostgreSQL) 11.8 (Ubuntu 11.8-1.pgdg18.04+1)
[34m[1mragel version[0m
Ragel State Machine Compiler version 6.10 March 2017
[34m[1msudo version[0m
1.8.21p2
[34m[1mgzip version[0m
gzip 1.6
[34m[1mzip version[0m
Zip 3.0
[34m[1mvim version[0m
VIM - Vi IMproved 8.0 (2016 Sep 12, compiled Mar 18 2020 18:29:15)
[34m[1miptables version[0m
iptables v1.6.1
[34m[1mcurl version[0m
curl 7.58.0 (x86_64-pc-linux-gnu) libcurl/7.58.0 OpenSSL/1.1.1 zlib/1.2.11 libidn2/2.0.4 libpsl/0.19.1 (+libidn2/2.0.4) nghttp2/1.30.0 librtmp/2.3
[34m[1mwget version[0m
GNU Wget 1.19.4 built on linux-gnu.
[34m[1mrsync version[0m
rsync  version 3.1.2  protocol version 31
[34m[1mgimme version[0m
v1.5.4
[34m[1mnvm version[0m
0.35.3
[34m[1mperlbrew version[0m
/home/travis/perl5/perlbrew/bin/perlbrew  - App::perlbrew/0.87
[34m[1mphpenv version[0m
rbenv 1.1.2-30-gc879cb0
[34m[1mrvm version[0m
rvm 1.29.10 (latest) by Michal Papis, Piotr Kuczynski, Wayne E. Seguin [https://rvm.io]
[34m[1mdefault ruby version[0m
ruby 2.6.5p114 (2019-10-01 revision 67812) [x86_64-linux]
[34m[1mElasticSearch version[0m
5.5.0
[34m[1mInstalled Firefox version[0m
firefox 63.0.1
[34m[1mMongoDB version[0m
MongoDB 4.0.19
[34m[1mPhantomJS version[0m
2.1.1
[34m[1mPre-installed PostgreSQL versions[0m
9.3.25
9.4.26
9.5.22
9.6.18
[34m[1mRedis version[0m
redis-server 6.0.5
[34m[1mPre-installed Go versions[0m
1.11.1
[34m[1mant version[0m
Apache Ant(TM) version 1.10.5 compiled on March 28 2019
[34m[1mmvn version[0m
Apache Maven 3.6.3 (cecedd343002696d0abb50b32b541b8a6ba2883f)
[34m[1mgradle version[0m
Gradle 5.1.1!
[34m[1mlein version[0m
Leiningen 2.9.3 on Java 11.0.2 OpenJDK 64-Bit Server VM
[34m[1mPre-installed Node.js versions[0m
v10.16.0
v10.21.0
v11.15.0
v12.13.1
v12.18.1
v13.3.0
v4.9.1
v6.17.1
v8.16.2
v8.17.0
v8.9
[34m[1mphpenv versions[0m
  system
  7.1
  7.1.33
  7.2
* 7.2.27 (set by /home/travis/.phpenv/version)
  7.3
  7.3.14
  7.4
  7.4.2
  hhvm
  hhvm-stable
[34m[1mcomposer --version[0m
Composer version 1.9.2 2020-01-14 16:30:31
[34m[1mPre-installed Ruby versions[0m
ruby-2.4.9
ruby-2.5.3
ruby-2.5.7
ruby-2.6.5
ruby-2.7.0
travis_fold:end:system_info[0K
travis_time:end:060c3868:start=1603290508061390904,finish=1603290508072582960,duration=11192056,event=show_system_info[0Ktravis_time:start:16502137[0Ktravis_time:end:16502137:start=1603290508076589363,finish=1603290508093833695,duration=17244332,event=rm_riak_source[0Ktravis_time:start:00754d99[0Ktravis_time:end:00754d99:start=1603290508098289286,finish=1603290508109100129,duration=10810843,event=fix_rwky_redis[0Ktravis_time:start:12bffe05[0Ktravis_time:end:12bffe05:start=1603290508112410320,finish=1603290508461317132,duration=348906812,event=wait_for_network[0Ktravis_time:start:15ba0d40[0Ktravis_time:end:15ba0d40:start=1603290508467252860,finish=1603290508739890369,duration=272637509,event=update_apt_keys[0Ktravis_time:start:1d6308b6[0Ktravis_time:end:1d6308b6:start=1603290508744581572,finish=1603290508807641130,duration=63059558,event=fix_hhvm_source[0Ktravis_time:start:126f1bba[0Ktravis_time:end:126f1bba:start=1603290508811917855,finish=1603290508814701914,duration=2784059,event=update_mongo_arch[0Ktravis_time:start:042571fe[0Ktravis_time:end:042571fe:start=1603290508818458715,finish=1603290508861020690,duration=42561975,event=fix_sudo_enabled_trusty[0Ktravis_time:start:20a16ee8[0Ktravis_time:end:20a16ee8:start=1603290508865233032,finish=1603290508868072679,duration=2839647,event=update_glibc[0Ktravis_time:start:054e7dc9[0Ktravis_time:end:054e7dc9:start=1603290508872959603,finish=1603290508881459087,duration=8499484,event=clean_up_path[0Ktravis_time:start:01ea35c0[0Ktravis_time:end:01ea35c0:start=1603290508886252151,finish=1603290508895755659,duration=9503508,event=fix_resolv_conf[0Ktravis_time:start:0a9cf563[0Ktravis_time:end:0a9cf563:start=1603290508901040828,finish=1603290508930551678,duration=29510850,event=fix_etc_hosts[0Ktravis_time:start:2c18f1e3[0Ktravis_time:end:2c18f1e3:start=1603290508935735139,finish=1603290508945048599,duration=9313460,event=fix_mvn_settings_xml[0Ktravis_time:start:04cb5251[0Ktravis_time:end:04cb5251:start=1603290508949631508,finish=1603290508961197235,duration=11565727,event=no_ipv6_localhost[0Ktravis_time:start:134762c4[0Ktravis_time:end:134762c4:start=1603290508967618998,finish=1603290508971343910,duration=3724912,event=fix_etc_mavenrc[0Ktravis_time:start:1cc6680e[0Ktravis_time:end:1cc6680e:start=1603290508976584689,finish=1603290508979942868,duration=3358179,event=fix_wwdr_certificate[0Ktravis_time:start:2f7ddb77[0Ktravis_time:end:2f7ddb77:start=1603290508983533134,finish=1603290509035189861,duration=51656727,event=put_localhost_first[0Ktravis_time:start:18e044dd[0Ktravis_time:end:18e044dd:start=1603290509039977309,finish=1603290509044088540,duration=4111231,event=home_paths[0Ktravis_time:start:0ac330f7[0Ktravis_time:end:0ac330f7:start=1603290509048123615,finish=1603290509062234981,duration=14111366,event=disable_initramfs[0Ktravis_time:start:045f6c76[0Ktravis_time:end:045f6c76:start=1603290509066058278,finish=1603290509220742368,duration=154684090,event=disable_ssh_roaming[0Ktravis_time:start:0edc6ea1[0Ktravis_time:end:0edc6ea1:start=1603290509225537397,finish=1603290509227890417,duration=2353020,event=debug_tools[0Ktravis_time:start:0d8aab03[0Ktravis_time:end:0d8aab03:start=1603290509231550651,finish=1603290509234852000,duration=3301349,event=uninstall_oclint[0Ktravis_time:start:059858a0[0Ktravis_time:end:059858a0:start=1603290509239394599,finish=1603290509242619353,duration=3224754,event=rvm_use[0Ktravis_time:start:1edc0c09[0Ktravis_time:end:1edc0c09:start=1603290509247182105,finish=1603290509256537216,duration=9355111,event=rm_etc_boto_cfg[0Ktravis_time:start:0540325e[0Ktravis_time:end:0540325e:start=1603290509260966344,finish=1603290509263263497,duration=2297153,event=rm_oraclejdk8_symlink[0Ktravis_time:start:1150940a[0Ktravis_time:end:1150940a:start=1603290509267167915,finish=1603290509366698942,duration=99531027,event=enable_i386[0Ktravis_time:start:0064d010[0Ktravis_time:end:0064d010:start=1603290509370961123,finish=1603290509375977906,duration=5016783,event=update_rubygems[0Ktravis_time:start:1253ed34[0Ktravis_time:end:1253ed34:start=1603290509381042312,finish=1603290510223931137,duration=842888825,event=ensure_path_components[0Ktravis_time:start:2b7a94f8[0Ktravis_time:end:2b7a94f8:start=1603290510229527057,finish=1603290510232906368,duration=3379311,event=redefine_curl[0Ktravis_time:start:007ff130[0Ktravis_time:end:007ff130:start=1603290510237216435,finish=1603290510357739763,duration=120523328,event=nonblock_pipe[0Ktravis_time:start:101273a1[0Ktravis_time:end:101273a1:start=1603290510362642403,finish=1603290516403039972,duration=6040397569,event=apt_get_update[0Ktravis_time:start:3243ee02[0Ktravis_time:end:3243ee02:start=1603290516407443642,finish=1603290516410337637,duration=2893995,event=deprecate_xcode_64[0Ktravis_time:start:0d025565[0Ktravis_time:end:0d025565:start=1603290516414511384,finish=1603290519445433567,duration=3030922183,event=update_heroku[0Ktravis_time:start:1bf0d698[0Ktravis_time:end:1bf0d698:start=1603290519450046812,finish=1603290519452502286,duration=2455474,event=shell_session_update[0Ktravis_time:start:0f48f1fe[0Ktravis_fold:start:docker_mtu[0Ktravis_fold:end:docker_mtu[0Ktravis_time:end:0f48f1fe:start=1603290519456734252,finish=1603290521840650858,duration=2383916606,event=set_docker_mtu[0Ktravis_time:start:1b46888e[0Ktravis_fold:start:resolvconf[0Ktravis_fold:end:resolvconf[0Ktravis_time:end:1b46888e:start=1603290521844419514,finish=1603290521924652543,duration=80233029,event=resolvconf[0Ktravis_time:start:02bf3b5f[0Ktravis_time:end:02bf3b5f:start=1603290521929503267,finish=1603290522096479565,duration=166976298,event=maven_central_mirror[0Ktravis_time:start:081f9cc0[0Ktravis_time:end:081f9cc0:start=1603290522100508619,finish=1603290522205661408,duration=105152789,event=maven_https[0Ktravis_time:start:26215057[0Ktravis_fold:start:services[0Ktravis_time:start:083c5a28[0K$ sudo systemctl start docker
travis_time:end:083c5a28:start=1603290522219442627,finish=1603290522232380646,duration=12938019,event=prepare[0Ktravis_fold:end:services[0Ktravis_time:end:083c5a28:start=1603290522219442627,finish=1603290525239579399,duration=3020136772,event=services[0Ktravis_time:start:2b3aa9c0[0Ktravis_time:end:2b3aa9c0:start=1603290525245008647,finish=1603290525247918832,duration=2910185,event=fix_ps4[0Ktravis_time:start:0797b875[0K
travis_fold:start:git.checkout[0Ktravis_time:start:001ae3ae[0K$ git clone --depth=50 https://github.com/precice/systemtests.git precice/systemtests
Cloning into 'precice/systemtests'...
travis_time:end:001ae3ae:start=1603290525257844778,finish=1603290534112594307,duration=8854749529,event=checkout[0K$ cd precice/systemtests
travis_time:start:003dbfbd[0K$ git fetch origin +refs/pull/256/merge:
From https://github.com/precice/systemtests
 * branch            refs/pull/256/merge -> FETCH_HEAD
travis_time:end:003dbfbd:start=1603290534118932527,finish=1603290552769416881,duration=18650484354,event=checkout[0K$ git checkout -qf FETCH_HEAD
travis_fold:end:git.checkout[0K
travis_time:end:003dbfbd:start=1603290534118932527,finish=1603290553753527981,duration=19634595454,event=checkout[0Ktravis_time:start:0efffc70[0K
[33;1mSetting environment variables from repository settings[0m
$ export DOCKER_PASSWORD=[secure]
$ export PRECICE_BOT_EMAIL=[secure]
$ export GH_TOKEN=[secure]
$ export TRAVIS_ACCESS_TOKEN=[secure]
$ export DOCKER_USERNAME=precice

travis_time:end:0efffc70:start=1603290553758894293,finish=1603290553769649631,duration=10755338,event=env[0Ktravis_time:start:0521ab48[0K$ source ~/virtualenv/python3.8/bin/activate
travis_time:end:0521ab48:start=1603290553775236539,finish=1603290553781476510,duration=6239971,event=[0K$ python --version
Python 3.8.1
$ pip --version
pip 20.1.1 from /home/travis/virtualenv/python3.8.1/lib/python3.8/site-packages/pip (python 3.8)
travis_fold:start:install[0Ktravis_time:start:06d6c53c[0K$ pip install Jinja2
Collecting Jinja2
  Downloading Jinja2-2.11.2-py2.py3-none-any.whl (125 kB)
Collecting MarkupSafe>=0.23
  Downloading MarkupSafe-1.1.1-cp38-cp38-manylinux1_x86_64.whl (32 kB)
Installing collected packages: MarkupSafe, Jinja2
Successfully installed Jinja2-2.11.2 MarkupSafe-1.1.1
travis_time:end:06d6c53c:start=1603290554264690399,finish=1603290555555008312,duration=1290317913,event=install[0Ktravis_fold:end:install[0Ktravis_time:start:21e5f5da[0K$ python system_testing.py -s 1dtube_cxx -v
Total reclaimed space: 0B
networks:
  precicecomm: {}
services:
  1dtube-ccx:
    build:
      args:
        from: precice/precice-ubuntu1804.home-develop
      context: /home/travis/build/precice/systemtests/tests/TestCompose_1dtube_cxx
      dockerfile: Dockerfile.1dtubecxx
    command: '/bin/bash -c "./Allrun; cp -r precice-output *.log /home/precice/Data/Output/"

      '
    container_name: 1dtube-cxx
    networks:
      precicecomm: null
    volumes:
    - output:/home/precice/Data/Output:rw
  tutorial-data:
    build:
      args:
        branch: develop
      context: /home/travis/build/precice/systemtests/tests/TestCompose_1dtube_cxx
      dockerfile: Dockerfile.tutorial_data
    container_name: tutorial-data
    volumes:
    - output:/Output:rw
version: '3.0'
volumes:
  output: {}

Creating network "testcompose_1dtube_cxx_precicecomm" with the default driver
Creating network "testcompose_1dtube_cxx_default" with the default driver
Creating volume "testcompose_1dtube_cxx_output" with default driver
Building 1dtube-ccx
Step 1/13 : ARG from=precice/precice-ubuntu1804.home-develop
Step 2/13 : FROM $from
latest: Pulling from precice/precice-ubuntu1804.home-develop
Digest: sha256:fb13e868d6e3595ffc1203a01f015ce340b113aad23818edea4f4a3fcd251770
Status: Downloaded newer image for precice/precice-ubuntu1804.home-develop:latest
 ---> 37cd9bb04106
Step 3/13 : USER root
 ---> Running in e5898b72ffb6
Removing intermediate container e5898b72ffb6
 ---> 12f64bad195b
Step 4/13 : RUN apt-get -qq update && apt-get -qq install     liblapack-dev &&     rm -rf /var/lib/apt/lists/*
 ---> Running in cbf13373c233
Removing intermediate container cbf13373c233
 ---> 17089391d2b4
Step 5/13 : ARG CACHEBUST
 ---> Running in f93eb20d8723
Removing intermediate container f93eb20d8723
 ---> f984ecb5d15d
Step 6/13 : USER precice
 ---> Running in 9706d2d59a33
Removing intermediate container 9706d2d59a33
 ---> dbfd143aa904
Step 7/13 : WORKDIR /home/precice/
 ---> Running in 900f3d883ec8
Removing intermediate container 900f3d883ec8
 ---> 6f095abe7dcb
Step 8/13 : ARG branch=develop
 ---> Running in 81df352b3a37
Removing intermediate container 81df352b3a37
 ---> 406ea7d2680a
Step 9/13 : RUN git clone --branch $branch https://github.com/precice/elastictube1d.git
 ---> Running in aaeecb6d2fa5
[91mCloning into 'elastictube1d'...
[0mRemoving intermediate container aaeecb6d2fa5
 ---> cc7df366b03c
Step 10/13 : RUN mkdir -p Data/Output/Postproc
 ---> Running in c70bc3272448
Removing intermediate container c70bc3272448
 ---> e339d978d4cd
Step 11/13 : WORKDIR /home/precice/elastictube1d/cxx
 ---> Running in de7fb29b5191
Removing intermediate container de7fb29b5191
 ---> 10bb11442ae7
Step 12/13 : RUN sed -i 's|\(\s\+\)\(</participant>\)|\1   <export:vtk directory="precice-output" />\n\1\2|g'             precice-config.xml
 ---> Running in 6f208f942b63
Removing intermediate container 6f208f942b63
 ---> 4d24fb77c863
Step 13/13 : RUN cmake . && make all
 ---> Running in 86b4fa372fa9
-- The CXX compiler identification is GNU 7.5.0
-- Check for working CXX compiler: /usr/bin/c++
-- Check for working CXX compiler: /usr/bin/c++ -- works
-- Detecting CXX compiler ABI info
-- Detecting CXX compiler ABI info - done
-- Detecting CXX compile features
-- Detecting CXX compile features - done
-- Build configuration: Debug
-- Looking for C++ include pthread.h
-- Looking for C++ include pthread.h - found
-- Looking for pthread_create
-- Looking for pthread_create - not found
-- Looking for pthread_create in pthreads
-- Looking for pthread_create in pthreads - not found
-- Looking for pthread_create in pthread
-- Looking for pthread_create in pthread - found
-- Found Threads: TRUE  
-- Found MPI_CXX: /usr/lib/x86_64-linux-gnu/openmpi/lib/libmpi_cxx.so (found version "3.1") 
[91m/usr/lib/x86_64-linux-gnu/openmpi/lib/libmpi_cxx.so/usr/lib/x86_64-linux-gnu/openmpi/lib/libmpi.so
[0m-- Found MPI: TRUE (found version "3.1") found components:  CXX 
-- Looking for sgemm_
-- Looking for sgemm_ - found
-- A library with BLAS API found.
-- Looking for cheev_
-- Looking for cheev_ - found
-- A library with LAPACK API found.
-- Configuring done
-- Generating done
-- Build files have been written to: /home/precice/elastictube1d/cxx
Scanning dependencies of target FluidSolver
[  7%] Building CXX object CMakeFiles/FluidSolver.dir/FluidSolver_Serial/fluid_solver.cpp.o
[ 15%] Building CXX object CMakeFiles/FluidSolver.dir/FluidSolver_Serial/fluid_nl.cpp.o
[ 23%] Linking CXX executable FluidSolver
[ 23%] Built target FluidSolver
Scanning dependencies of target StructureSolver
[ 30%] Building CXX object CMakeFiles/StructureSolver.dir/StructureSolver_Serial/structure_solver.cpp.o
[ 38%] Linking CXX executable StructureSolver
[ 38%] Built target StructureSolver
Scanning dependencies of target StructureSolverParallel
[ 46%] Building CXX object CMakeFiles/StructureSolverParallel.dir/StructureSolver_Parallel/structureDataDisplay.cpp.o
[ 53%] Building CXX object CMakeFiles/StructureSolverParallel.dir/StructureSolver_Parallel/StructureSolver.cpp.o
[ 61%] Building CXX object CMakeFiles/StructureSolverParallel.dir/StructureSolver_Parallel/structureComputeSolution.cpp.o
[ 69%] Linking CXX executable StructureSolverParallel
[ 69%] Built target StructureSolverParallel
Scanning dependencies of target FluidSolverParallel
[ 76%] Building CXX object CMakeFiles/FluidSolverParallel.dir/FluidSolver_Parallel/fluidDataDisplay.cpp.o
[ 84%] Building CXX object CMakeFiles/FluidSolverParallel.dir/FluidSolver_Parallel/FluidSolver.cpp.o
[ 92%] Building CXX object CMakeFiles/FluidSolverParallel.dir/FluidSolver_Parallel/fluidComputeSolution.cpp.o
[100%] Linking CXX executable FluidSolverParallel
[100%] Built target FluidSolverParallel
Removing intermediate container 86b4fa372fa9
 ---> 27eb42ed97ac
Successfully built 27eb42ed97ac
Successfully tagged testcompose_1dtube_cxx_1dtube-ccx:latest
Image for service 1dtube-ccx was built because it did not already exist. To rebuild this image you must use `docker-compose build` or `docker-compose up --build`.
Building tutorial-data
Step 1/6 : from alpine
latest: Pulling from library/alpine
Digest: sha256:a15790640a6690aa1730c38cf0a440e2aa44aaca9b0e8931a9f2b0d7cc90fd65
Status: Downloaded newer image for alpine:latest
 ---> a24bb4013296
Step 2/6 : RUN apk add git
 ---> Running in c4d9410bc2ce
fetch http://dl-cdn.alpinelinux.org/alpine/v3.12/main/x86_64/APKINDEX.tar.gz
fetch http://dl-cdn.alpinelinux.org/alpine/v3.12/community/x86_64/APKINDEX.tar.gz
(1/6) Installing ca-certificates (20191127-r4)
(2/6) Installing nghttp2-libs (1.41.0-r0)
(3/6) Installing libcurl (7.69.1-r1)
(4/6) Installing expat (2.2.9-r1)
(5/6) Installing pcre2 (10.35-r0)
(6/6) Installing git (2.26.2-r0)
Executing busybox-1.31.1-r16.trigger
Executing ca-certificates-20191127-r4.trigger
OK: 22 MiB in 20 packages
Removing intermediate container c4d9410bc2ce
 ---> 7694bf8455e6
Step 3/6 : WORKDIR /
 ---> Running in 9ab796151379
Removing intermediate container 9ab796151379
 ---> 26a766c7e8af
Step 4/6 : RUN mkdir Output
 ---> Running in e918b83504fd
Removing intermediate container e918b83504fd
 ---> a77d84afe4da
Step 5/6 : RUN addgroup -g 1000 precice && adduser -u 1000 -G precice -D precice && chown -R precice:precice Output
 ---> Running in 44399ca1ef82
Removing intermediate container 44399ca1ef82
 ---> 6264d0a791fd
Step 6/6 : USER precice
 ---> Running in ea2ed34d8301
Removing intermediate container ea2ed34d8301
 ---> 5c310fd97115
[Warning] One or more build-args [branch] were not consumed
Successfully built 5c310fd97115
Successfully tagged testcompose_1dtube_cxx_tutorial-data:latest
Image for service tutorial-data was built because it did not already exist. To rebuild this image you must use `docker-compose build` or `docker-compose up --build`.
Creating tutorial-data ... 
Creating 1dtube-cxx    ... 
[2A[2KCreating tutorial-data ... [32mdone[0m[2B[1A[2KCreating 1dtube-cxx    ... [32mdone[0m[1BAttaching to tutorial-data, 1dtube-cxx
[33m1dtube-cxx       |[0m Starting Fluid participant...
[33m1dtube-cxx       |[0m Starting Structure participant...
[33m1dtube-cxx       |[0m 
[33m1dtube-cxx       |[0m Waiting for participants to finish...
[33m1dtube-cxx       |[0m (you may run 'tail -f Fluid.log' in another terminal to check the progress)
[36mtutorial-data exited with code 0
[0m[33m1dtube-cxx       |[0m Fluid participant finished. Waiting for Structure participant...
[33m1dtube-cxx       |[0m Structure participant finished.
[33m1dtube-cxx       |[0m 
[33m1dtube-cxx       |[0m Simulation completed successfully! Output files of the simulation were written to 'Postproc/out_fluid_*.vtk'.
[33m1dtube-cxx exited with code 0
[0m------------- Comparing files -------------
TXT_DIFF:

------------------------
NUM_DIFF:

TXT_DIFF:

------------------------
NUM_DIFF:

> Only in /home/travis/build/precice/systemtests/tests/TestCompose_1dtube_cxx/Output: Postproc
----------- Comparison finished -----------
EXECUTING: docker container prune -f; export PRECICE_BASE=-ubuntu1804.home-develop; mkdir Logs; docker-compose config && bash ../../silent_compose.sh debug
EXECUTING: docker cp tutorial-data:/Output .
EXECUTING: docker-compose logs > Logs/container.log
EXECUTING: rm -f Output/precice-STRUCTURE-events-summary.log
EXECUTING: rm -f Output/precice-FLUID-events-summary.log
EXECUTING: bash ../../compare_results.sh /home/travis/build/precice/systemtests/tests/TestCompose_1dtube_cxx/referenceOutput /home/travis/build/precice/systemtests/tests/TestCompose_1dtube_cxx/Output
TEST FAILED WITH: Output files do not match reference
Files differing               : ['Fluid.log', 'Structure.log']
Files only in reference (left): []
Files only in output(right)   : ['Postproc']
Traceback (most recent call last):
  File "system_testing.py", line 133, in run_compose
    comparison(path_to_ref, path_to_otp)
  File "system_testing.py", line 210, in comparison
    raise IncorrectOutput(*ret)
__main__.IncorrectOutput: Output files do not match reference
Files differing               : ['Fluid.log', 'Structure.log']
Files only in reference (left): []
Files only in output(right)   : ['Postproc']

During handling of the above exception, another exception occurred:

Traceback (most recent call last):
  File "system_testing.py", line 305, in <module>Cloning into 'precice_st_output'...
