travis_fold:start:worker_info[0K[33;1mWorker information[0m
hostname: e2a35b03-0961-492f-841b-ddae46cb1002@1.worker-org-77db9856dc-ddgsc.gce-production-3
version: v6.2.17 https://github.com/travis-ci/worker/tree/bc420764f334fe0d096a417c80426f672f1b7d18
instance: travis-job-a5422bb9-7e39-47a6-8508-224a00c9e93f travis-ci-ubuntu-1804-1593521679-ca42795e (via amqp)
startup: 6.411358162s
travis_fold:end:worker_info[0Ktravis_time:start:0b4d05cc[0Ktravis_time:end:0b4d05cc:start=1603855662971087823,finish=1603855663176158155,duration=205070332,event=no_world_writable_dirs[0Ktravis_time:start:09ed7548[0Ktravis_time:end:09ed7548:start=1603855663179655075,finish=1603855663183596205,duration=3941130,event=setup_filter[0Ktravis_time:start:09420d5c[0Ktravis_time:end:09420d5c:start=1603855663191535615,finish=1603855663201132769,duration=9597154,event=agent[0Ktravis_time:start:04e4c54b[0Ktravis_time:end:04e4c54b:start=1603855663204060519,finish=1603855663206119355,duration=2058836,event=check_unsupported[0Ktravis_time:start:08d63ad7[0Ktravis_fold:start:system_info[0K[33;1mBuild system information[0m
Build language: python
Build group: stable
Build dist: bionic
Build id: 739314791
Job id: 739314892
Runtime kernel version: 5.3.0-1029-gcp
travis-build version: acd5a925
[34m[1mBuild image provisioning date and time[0m
Tue Jun 30 13:35:43 UTC 2020
[34m[1mOperating System Details[0m
Distributor ID:	Ubuntu
Description:	Ubuntu 18.04.4 LTS
Release:	18.04
Codename:	bionic
[34m[1mSystemd Version[0m
systemd 237
[34m[1mCookbooks Version[0m
3f92a99 https://github.com/travis-ci/travis-cookbooks/tree/3f92a99
[34m[1mgit version[0m
git version 2.27.0
[34m[1mbash version[0m
GNU bash, version 4.4.20(1)-release (x86_64-pc-linux-gnu)
[34m[1mgcc version[0m
gcc (Ubuntu 7.5.0-3ubuntu1~18.04) 7.5.0
[34m[1mdocker version[0m
Client:
 Version:           18.06.0-ce
 API version:       1.38
 Go version:        go1.10.3
 Git commit:        0ffa825
 Built:             Wed Jul 18 19:09:54 2018
 OS/Arch:           linux/amd64
 Experimental:      false

Server:
 Engine:
  Version:          18.06.0-ce
  API version:      1.38 (minimum version 1.12)
  Go version:       go1.10.3
  Git commit:       0ffa825
  Built:            Wed Jul 18 19:07:56 2018
  OS/Arch:          linux/amd64
  Experimental:     false
[34m[1mclang version[0m
clang version 7.0.0 (tags/RELEASE_700/final)
[34m[1mjq version[0m
jq-1.5
[34m[1mbats version[0m
Bats 0.4.0
[34m[1mshellcheck version[0m
0.7.0
[34m[1mshfmt version[0m
v2.6.3
[34m[1mccache version[0m
3.4.1
[34m[1mcmake version[0m
cmake version 3.12.4
[34m[1mheroku version[0m
heroku/7.42.1 linux-x64 node-v12.16.2
[34m[1mimagemagick version[0m
Version: ImageMagick 6.9.7-4 Q16 x86_64 20170114 http://www.imagemagick.org
[34m[1mmd5deep version[0m
4.4
[34m[1mmercurial version[0m
version 4.8
[34m[1mmysql version[0m
mysql  Ver 14.14 Distrib 5.7.30, for Linux (x86_64) using  EditLine wrapper
[34m[1mopenssl version[0m
OpenSSL 1.1.1  11 Sep 2018
[34m[1mpacker version[0m
1.3.3
[34m[1mpostgresql client version[0m
psql (PostgreSQL) 11.8 (Ubuntu 11.8-1.pgdg18.04+1)
[34m[1mragel version[0m
Ragel State Machine Compiler version 6.10 March 2017
[34m[1msudo version[0m
1.8.21p2
[34m[1mgzip version[0m
gzip 1.6
[34m[1mzip version[0m
Zip 3.0
[34m[1mvim version[0m
VIM - Vi IMproved 8.0 (2016 Sep 12, compiled Mar 18 2020 18:29:15)
[34m[1miptables version[0m
iptables v1.6.1
[34m[1mcurl version[0m
curl 7.58.0 (x86_64-pc-linux-gnu) libcurl/7.58.0 OpenSSL/1.1.1 zlib/1.2.11 libidn2/2.0.4 libpsl/0.19.1 (+libidn2/2.0.4) nghttp2/1.30.0 librtmp/2.3
[34m[1mwget version[0m
GNU Wget 1.19.4 built on linux-gnu.
[34m[1mrsync version[0m
rsync  version 3.1.2  protocol version 31
[34m[1mgimme version[0m
v1.5.4
[34m[1mnvm version[0m
0.35.3
[34m[1mperlbrew version[0m
/home/travis/perl5/perlbrew/bin/perlbrew  - App::perlbrew/0.87
[34m[1mphpenv version[0m
rbenv 1.1.2-30-gc879cb0
[34m[1mrvm version[0m
rvm 1.29.10 (latest) by Michal Papis, Piotr Kuczynski, Wayne E. Seguin [https://rvm.io]
[34m[1mdefault ruby version[0m
ruby 2.6.5p114 (2019-10-01 revision 67812) [x86_64-linux]
[34m[1mElasticSearch version[0m
5.5.0
[34m[1mInstalled Firefox version[0m
firefox 63.0.1
[34m[1mMongoDB version[0m
MongoDB 4.0.19
[34m[1mPhantomJS version[0m
2.1.1
[34m[1mPre-installed PostgreSQL versions[0m
9.3.25
9.4.26
9.5.22
9.6.18
[34m[1mRedis version[0m
redis-server 6.0.5
[34m[1mPre-installed Go versions[0m
1.11.1
[34m[1mant version[0m
Apache Ant(TM) version 1.10.5 compiled on March 28 2019
[34m[1mmvn version[0m
Apache Maven 3.6.3 (cecedd343002696d0abb50b32b541b8a6ba2883f)
[34m[1mgradle version[0m
Gradle 5.1.1!
[34m[1mlein version[0m
Leiningen 2.9.3 on Java 11.0.2 OpenJDK 64-Bit Server VM
[34m[1mPre-installed Node.js versions[0m
v10.16.0
v10.21.0
v11.15.0
v12.13.1
v12.18.1
v13.3.0
v4.9.1
v6.17.1
v8.16.2
v8.17.0
v8.9
[34m[1mphpenv versions[0m
  system
  7.1
  7.1.33
  7.2
* 7.2.27 (set by /home/travis/.phpenv/version)
  7.3
  7.3.14
  7.4
  7.4.2
  hhvm
  hhvm-stable
[34m[1mcomposer --version[0m
Composer version 1.9.2 2020-01-14 16:30:31
[34m[1mPre-installed Ruby versions[0m
ruby-2.4.9
ruby-2.5.3
ruby-2.5.7
ruby-2.6.5
ruby-2.7.0
travis_fold:end:system_info[0K
travis_time:end:08d63ad7:start=1603855663208984446,finish=1603855663216638624,duration=7654178,event=show_system_info[0Ktravis_time:start:0abcc3f1[0Ktravis_time:end:0abcc3f1:start=1603855663219555543,finish=1603855663234015515,duration=14459972,event=rm_riak_source[0Ktravis_time:start:0985723f[0Ktravis_time:end:0985723f:start=1603855663245136745,finish=1603855663250132800,duration=4996055,event=fix_rwky_redis[0Ktravis_time:start:339bf084[0Ktravis_time:end:339bf084:start=1603855663252592122,finish=1603855663940930056,duration=688337934,event=wait_for_network[0Ktravis_time:start:002dfad5[0Ktravis_time:end:002dfad5:start=1603855663945622271,finish=1603855664192104687,duration=246482416,event=update_apt_keys[0Ktravis_time:start:06c95b72[0Ktravis_time:end:06c95b72:start=1603855664196547390,finish=1603855664251657768,duration=55110378,event=fix_hhvm_source[0Ktravis_time:start:0076f49c[0Ktravis_time:end:0076f49c:start=1603855664257452958,finish=1603855664260591596,duration=3138638,event=update_mongo_arch[0Ktravis_time:start:0b2cfc4c[0Ktravis_time:end:0b2cfc4c:start=1603855664266123193,finish=1603855664307999400,duration=41876207,event=fix_sudo_enabled_trusty[0Ktravis_time:start:1a0c3964[0Ktravis_time:end:1a0c3964:start=1603855664313654603,finish=1603855664316253765,duration=2599162,event=update_glibc[0Ktravis_time:start:0d32b7bd[0Ktravis_time:end:0d32b7bd:start=1603855664320951392,finish=1603855664329208756,duration=8257364,event=clean_up_path[0Ktravis_time:start:0d9828f8[0Ktravis_time:end:0d9828f8:start=1603855664334228683,finish=1603855664343367620,duration=9138937,event=fix_resolv_conf[0Ktravis_time:start:1506e07d[0Ktravis_time:end:1506e07d:start=1603855664348331748,finish=1603855664363683294,duration=15351546,event=fix_etc_hosts[0Ktravis_time:start:084b06f7[0Ktravis_time:end:084b06f7:start=1603855664368494478,finish=1603855664377055094,duration=8560616,event=fix_mvn_settings_xml[0Ktravis_time:start:0a8f5a72[0Ktravis_time:end:0a8f5a72:start=1603855664383393400,finish=1603855664393594929,duration=10201529,event=no_ipv6_localhost[0Ktravis_time:start:219d01fa[0Ktravis_time:end:219d01fa:start=1603855664396892790,finish=1603855664399197881,duration=2305091,event=fix_etc_mavenrc[0Ktravis_time:start:0a72a2d2[0Ktravis_time:end:0a72a2d2:start=1603855664403212977,finish=1603855664406625079,duration=3412102,event=fix_wwdr_certificate[0Ktravis_time:start:28b27944[0Ktravis_time:end:28b27944:start=1603855664412927369,finish=1603855664460754359,duration=47826990,event=put_localhost_first[0Ktravis_time:start:12603aae[0Ktravis_time:end:12603aae:start=1603855664466304967,finish=1603855664470338946,duration=4033979,event=home_paths[0Ktravis_time:start:05498f76[0Ktravis_time:end:05498f76:start=1603855664475305393,finish=1603855664488258352,duration=12952959,event=disable_initramfs[0Ktravis_time:start:22572660[0Ktravis_time:end:22572660:start=1603855664492345033,finish=1603855664642994584,duration=150649551,event=disable_ssh_roaming[0Ktravis_time:start:013b8aa8[0Ktravis_time:end:013b8aa8:start=1603855664649139382,finish=1603855664651913107,duration=2773725,event=debug_tools[0Ktravis_time:start:01fa6580[0Ktravis_time:end:01fa6580:start=1603855664657801427,finish=1603855664661329042,duration=3527615,event=uninstall_oclint[0Ktravis_time:start:02daf9b0[0Ktravis_time:end:02daf9b0:start=1603855664666795058,finish=1603855664669605498,duration=2810440,event=rvm_use[0Ktravis_time:start:03b124f6[0Ktravis_time:end:03b124f6:start=1603855664675448311,finish=1603855664684792876,duration=9344565,event=rm_etc_boto_cfg[0Ktravis_time:start:09760710[0Ktravis_time:end:09760710:start=1603855664688438526,finish=1603855664690690972,duration=2252446,event=rm_oraclejdk8_symlink[0Ktravis_time:start:1d8d4ac0[0Ktravis_time:end:1d8d4ac0:start=1603855664695030758,finish=1603855664794103741,duration=99072983,event=enable_i386[0Ktravis_time:start:02e0fc4a[0Ktravis_time:end:02e0fc4a:start=1603855664798832722,finish=1603855664802890559,duration=4057837,event=update_rubygems[0Ktravis_time:start:2ed25060[0Ktravis_time:end:2ed25060:start=1603855664806272099,finish=1603855665622407112,duration=816135013,event=ensure_path_components[0Ktravis_time:start:305380aa[0Ktravis_time:end:305380aa:start=1603855665626502697,finish=1603855665628909592,duration=2406895,event=redefine_curl[0Ktravis_time:start:002a1563[0Ktravis_time:end:002a1563:start=1603855665632712377,finish=1603855665745901781,duration=113189404,event=nonblock_pipe[0Ktravis_time:start:108b4050[0Ktravis_time:end:108b4050:start=1603855665749701907,finish=1603855671785566032,duration=6035864125,event=apt_get_update[0Ktravis_time:start:13b2f4fb[0Ktravis_time:end:13b2f4fb:start=1603855671790174370,finish=1603855671792885755,duration=2711385,event=deprecate_xcode_64[0Ktravis_time:start:1c6b18e1[0Ktravis_time:end:1c6b18e1:start=1603855671798317526,finish=1603855674608240130,duration=2809922604,event=update_heroku[0Ktravis_time:start:0d1397de[0Ktravis_time:end:0d1397de:start=1603855674612528298,finish=1603855674615051654,duration=2523356,event=shell_session_update[0Ktravis_time:start:263918ba[0Ktravis_fold:start:docker_mtu[0Ktravis_fold:end:docker_mtu[0Ktravis_time:end:263918ba:start=1603855674619029139,finish=1603855676975489039,duration=2356459900,event=set_docker_mtu[0Ktravis_time:start:02585264[0Ktravis_fold:start:resolvconf[0Ktravis_fold:end:resolvconf[0Ktravis_time:end:02585264:start=1603855676980216587,finish=1603855677059675657,duration=79459070,event=resolvconf[0Ktravis_time:start:14d119c7[0Ktravis_time:end:14d119c7:start=1603855677071017291,finish=1603855677245696688,duration=174679397,event=maven_central_mirror[0Ktravis_time:start:056e38e0[0Ktravis_time:end:056e38e0:start=1603855677252084164,finish=1603855677357163938,duration=105079774,event=maven_https[0Ktravis_time:start:224921c4[0Ktravis_fold:start:services[0Ktravis_time:start:00340cbf[0K$ sudo systemctl start docker
travis_time:end:00340cbf:start=1603855677371958504,finish=1603855677384577575,duration=12619071,event=prepare[0Ktravis_fold:end:services[0Ktravis_time:end:00340cbf:start=1603855677371958504,finish=1603855680392175861,duration=3020217357,event=services[0Ktravis_time:start:1cc4c027[0Ktravis_time:end:1cc4c027:start=1603855680397250330,finish=1603855680400264848,duration=3014518,event=fix_ps4[0Ktravis_time:start:2429f534[0K
travis_fold:start:git.checkout[0Ktravis_time:start:073359d2[0K$ git clone --depth=50 --branch=develop https://github.com/precice/systemtests.git precice/systemtests
Cloning into 'precice/systemtests'...
Updating files:  82% (4082/4925)Updating files:  83% (4088/4925)Updating files:  84% (4137/4925)Updating files:  85% (4187/4925)Updating files:  86% (4236/4925)Updating files:  87% (4285/4925)Updating files:  88% (4334/4925)Updating files:  89% (4384/4925)Updating files:  90% (4433/4925)Updating files:  91% (4482/4925)Updating files:  92% (4531/4925)Updating files:  93% (4581/4925)Updating files:  94% (4630/4925)Updating files:  95% (4679/4925)Updating files:  96% (4728/4925)Updating files:  97% (4778/4925)Updating files:  98% (4827/4925)Updating files:  99% (4876/4925)Updating files: 100% (4925/4925)Updating files: 100% (4925/4925), done.
travis_time:end:073359d2:start=1603855680409603663,finish=1603855691687791908,duration=11278188245,event=checkout[0K$ cd precice/systemtests
$ git checkout -qf 57a8d3d764cb6f355800398199df42cacfe25cc8
travis_fold:end:git.checkout[0K
travis_time:end:073359d2:start=1603855680409603663,finish=1603855692979893162,duration=12570289499,event=checkout[0Ktravis_time:start:00395830[0K
[33;1mSetting environment variables from repository settings[0m
$ export DOCKER_PASSWORD=[secure]
$ export PRECICE_BOT_EMAIL=[secure]
$ export GH_TOKEN=[secure]
$ export TRAVIS_ACCESS_TOKEN=[secure]
$ export DOCKER_USERNAME=precice

travis_time:end:00395830:start=1603855692987273150,finish=1603855693002334533,duration=15061383,event=env[0Ktravis_time:start:075d4ad0[0K$ source ~/virtualenv/python3.8/bin/activate
travis_time:end:075d4ad0:start=1603855693007354574,finish=1603855693014532446,duration=7177872,event=[0K$ python --version
Python 3.8.1
$ pip --version
pip 20.1.1 from /home/travis/virtualenv/python3.8.1/lib/python3.8/site-packages/pip (python 3.8)
travis_fold:start:install[0Ktravis_time:start:092b0d39[0K$ pip install Jinja2
Collecting Jinja2
  Downloading Jinja2-2.11.2-py2.py3-none-any.whl (125 kB)
Collecting MarkupSafe>=0.23
  Downloading MarkupSafe-1.1.1-cp38-cp38-manylinux1_x86_64.whl (32 kB)
Installing collected packages: MarkupSafe, Jinja2
Successfully installed Jinja2-2.11.2 MarkupSafe-1.1.1
travis_time:end:092b0d39:start=1603855693662930609,finish=1603855694895064512,duration=1232133903,event=install[0Ktravis_fold:end:install[0Ktravis_time:start:0374b19b[0K$ python system_testing.py -s fe-fe -v
Total reclaimed space: 0B
networks:
  precicecomm: {}
services:
  fenics-adapter-dirichlet:
    command: '/bin/bash -c "cd /home/precice && python3 /home/precice/Data/Input/heat.py
      -d -i simple && mkdir /home/precice/Data/Output/Dirichlet && cp -r precice-output
      *.log /home/precice/Data/Output/Dirichlet"

      '
    container_name: fenics-adapter-dirichlet
    depends_on:
    - tutorial-data
    image: precice/fenics-adapter-ubuntu1804.home-develop:latest
    networks:
      precicecomm: null
    volumes:
    - exchange:/home/precice/Data/Exchange:rw
    - output:/home/precice/Data/Output:rw
    - input:/home/precice/Data/Input:rw
  fenics-adapter-neumann:
    command: '/bin/bash -c "cd /home/precice && python3 /home/precice/Data/Input/heat.py
      -n -i simple && mkdir /home/precice/Data/Output/Neumann && cp -r precice-output
      *.log /home/precice/Data/Output/Neumann"

      '
    container_name: fenics-adapter-neumann
    depends_on:
    - tutorial-data
    image: precice/fenics-adapter-ubuntu1804.home-develop:latest
    networks:
      precicecomm: null
    volumes:
    - exchange:/home/precice/Data/Exchange:rw
    - output:/home/precice/Data/Output:rw
    - input:/home/precice/Data/Input:rw
  tutorial-data:
    build:
      context: /home/travis/build/precice/systemtests/tests/TestCompose_fe-fe
      dockerfile: Dockerfile.tutorial_data
      network: host
    container_name: tutorial-data
    volumes:
    - output:/Output:rw
    - input:/tutorials/HT/partitioned-heat/fenics-fenics:rw
version: '3.4'
volumes:
  exchange: {}
  input: {}
  output: {}

Creating network "testcompose_fe-fe_default" with the default driver
Creating network "testcompose_fe-fe_precicecomm" with the default driver
Creating volume "testcompose_fe-fe_exchange" with default driver
Creating volume "testcompose_fe-fe_output" with default driver
Creating volume "testcompose_fe-fe_input" with default driver
Building tutorial-data
Step 1/8 : from alpine
latest: Pulling from library/alpine
Digest: sha256:c0e9560cda118f9ec63ddefb4a173a2b2a0347082d7dff7dc14272e7841a5b5a
Status: Downloaded newer image for alpine:latest
 ---> d6e46aa2470d
Step 2/8 : ENV tutorial_path tutorials/HT/partitioned-heat/fenics-fenics
 ---> Running in 24232d31e376
Removing intermediate container 24232d31e376
 ---> a74131ffce73
Step 3/8 : RUN apk add git
 ---> Running in 7c21bc583a56
fetch http://dl-cdn.alpinelinux.org/alpine/v3.12/main/x86_64/APKINDEX.tar.gz
fetch http://dl-cdn.alpinelinux.org/alpine/v3.12/community/x86_64/APKINDEX.tar.gz
(1/6) Installing ca-certificates (20191127-r4)
(2/6) Installing nghttp2-libs (1.41.0-r0)
(3/6) Installing libcurl (7.69.1-r1)
(4/6) Installing expat (2.2.9-r1)
(5/6) Installing pcre2 (10.35-r0)
(6/6) Installing git (2.26.2-r0)
Executing busybox-1.31.1-r19.trigger
Executing ca-certificates-20191127-r4.trigger
OK: 22 MiB in 20 packages
Removing intermediate container 7c21bc583a56
 ---> 27e2f9afbf0e
Step 4/8 : ARG branch=develop
 ---> Running in 64bbf0c1df12
Removing intermediate container 64bbf0c1df12
 ---> 5abfd17b2275
Step 5/8 : RUN git clone --branch $branch https://github.com/precice/tutorials
 ---> Running in 67088f0d70b2
[91mCloning into 'tutorials'...
[0mRemoving intermediate container 67088f0d70b2
 ---> 1a0abe872257
Step 6/8 : RUN mkdir configs &&     sed -i 's|<m2n:sockets from="HeatDirichlet" to="HeatNeumann"/>|<m2n:sockets from="HeatDirichlet" to="HeatNeumann" exchange-directory="/home/precice/Data/Exchange/" network="eth0"/>|g;             s|\(\s\+\)\(</participant>\)|\1   <export:vtk directory="precice-output" />\n\1\2|g' $tutorial_path/precice-config.xml
 ---> Running in a3ba89950955
Removing intermediate container a3ba89950955
 ---> fb94156525dc
Step 7/8 : RUN addgroup -g 1000 precice && adduser -u 1000 -G precice -D precice && chown -R precice:precice tutorials configs
 ---> Running in 11f4a9bb5cc0
Removing intermediate container 11f4a9bb5cc0
 ---> 1fb149d409cb
Step 8/8 : USER precice
 ---> Running in 0a2d564b3bab
Removing intermediate container 0a2d564b3bab
 ---> 39ba88f715bf

Successfully built 39ba88f715bf
Successfully tagged testcompose_fe-fe_tutorial-data:latest
Image for service tutorial-data was built because it did not already exist. To rebuild this image you must use `docker-compose build` or `docker-compose up --build`.
Pulling fenics-adapter-neumann (precice/fenics-adapter-ubuntu1804.home-develop:latest)...
latest: Pulling from precice/fenics-adapter-ubuntu1804.home-develop
Pulling fenics-adapter-dirichlet (precice/fenics-adapter-ubuntu1804.home-develop:latest)...
latest: Pulling from precice/fenics-adapter-ubuntu1804.home-develop
Creating tutorial-data ... 
[1A[2KCreating tutorial-data ... [32mdone[0m[1BCreating fenics-adapter-neumann ... 
Creating fenics-adapter-dirichlet ... 
[2A[2KCreating fenics-adapter-neumann   ... [32mdone[0m[2B[1A[2KCreating fenics-adapter-dirichlet ... [32mdone[0m[1BAttaching to tutorial-data, fenics-adapter-neumann, fenics-adapter-dirichlet
[33mfenics-adapter-neumann      |[0m Traceback (most recent call last):
[33mfenics-adapter-neumann      |[0m   File "/home/precice/Data/Input/heat.py", line 28, in <module>
[33mfenics-adapter-neumann      |[0m     from fenics import Function, FunctionSpace, Expression, Constant, DirichletBC, TrialFunction, TestFunction, \
[33mfenics-adapter-neumann      |[0m   File "/usr/lib/python3/dist-packages/fenics/__init__.py", line 7, in <module>
[33mfenics-adapter-neumann      |[0m     from dolfin import *
[33mfenics-adapter-neumann      |[0m ModuleNotFoundError: No module named 'dolfin'
[36mtutorial-data exited with code 0
[0m[33mfenics-adapter-neumann exited with code 1
[0m[32mfenics-adapter-dirichlet    |[0m Traceback (most recent call last):
[32mfenics-adapter-dirichlet    |[0m   File "/home/precice/Data/Input/heat.py", line 28, in <module>
[32mfenics-adapter-dirichlet    |[0m     from fenics import Function, FunctionSpace, Expression, Constant, DirichletBC, TrialFunction, TestFunction, \
[32mfenics-adapter-dirichlet    |[0m   File "/usr/lib/python3/dist-packages/fenics/__init__.py", line 7, in <module>
[32mfenics-adapter-dirichlet    |[0m     from dolfin import *
[32mfenics-adapter-dirichlet    |[0m ModuleNotFoundError: No module named 'dolfin'
[32mfenics-adapter-dirichlet exited with code 1
[0m------------- Comparing files -------------
> Only in /home/travis/build/precice/systemtests/tests/TestCompose_fe-fe/referenceOutput: precice-HeatDirichlet-iterations.log
Only in /home/travis/build/precice/systemtests/tests/TestCompose_fe-fe/referenceOutput: precice-HeatNeumann-convergence.log
Only in /home/travis/build/precice/systemtests/tests/TestCompose_fe-fe/referenceOutput: precice-HeatNeumann-iterations.log
----------- Comparison finished -----------
EXECUTING: docker container prune -f; export PRECICE_BASE=-ubuntu1804.home-develop; mkdir Logs; docker-compose config && bash ../../silent_compose.sh debug
EXECUTING: docker cp tutorial-data:/Output .
EXECUTING: docker-compose logs > Logs/container.log
EXECUTING: bash ../../compare_results.sh /home/travis/build/precice/systemtests/tests/TestCompose_fe-fe/referenceOutput /home/travis/build/precice/systemtests/tests/TestCompose_fe-fe/Output
TEST FAILED WITH: Output files do not match reference
Files differing               : []
Files only in reference (left): ['precice-HeatDirichlet-iterations.log', 'precice-HeatNeumann-convergence.log', 'precice-HeatNeumann-iterations.log']
Files only in output(right)   : []
Traceback (most recent call last):
  File "system_testing.py", line 133, in run_compose
    comparison(path_to_ref, path_to_otp)
  File "system_testing.py", line 210, in comparison
    raise IncorrectOutput(*ret)
__main__.IncorrectOutput: Output files do not match reference
Files differing               : []
Files only in reference (left): ['precice-HeatDirichlet-iterations.log', 'precice-HeatNeumann-convergence.log', 'precice-HeatNeumann-iterations.log']
Files only in output(right)   : []

During handling of the above exception, another exception occurred:

Traceback (most recent call last):
  File "system_testing.py", line 305, in <module>
    build_run_compare(test, tag, args.branch.lower(), args.local,
  File "system_testing.py", line 227, in build_run_compare
    run_compose(test, branch, local_precice, tag, force_rebuild, rm_all, verbose)
  File "system_testing.py", line 145, in run_compose
    raise STValidateException()
__main__.STValidateException: COMPARISON FAILED - An error occured while comparing test results with reference files!
travis_time:end:0374b19b:start=1603855694901816542,finish=1603855825057588555,duration=130155772013,event=script[0K[31;1mThe command "python system_testing.py -s fe-fe -v" exited with 1.[0m
travis_time:start:01c1a066[0K$ python push.py
Cloning into 'precice_st_output'...
Updating files:  21% (6218/28709)Updating files:  22% (6316/28709)Updating files:  23% (6604/28709)Updating files:  24% (6891/28709)Updating files:  25% (7178/28709)Updating files:  26% (7465/28709)Updating files:  27% (7752/28709)Updating files:  28% (8039/28709)Updating files:  29% (8326/28709)Updating files:  30% (8613/28709)Updating files:  31% (8900/28709)Updating files:  32% (9187/28709)Updating files:  33% (9474/28709)Updating files:  34% (9762/28709)Updating files:  35% (10049/28709)Updating files:  36% (10336/28709)Updating files:  37% (10623/28709)Updating files:  38% (10910/28709)Updating files:  39% (11197/28709)Updating files:  40% (11484/28709)Updating files:  41% (11771/28709)Updating files:  42% (12058/28709)Updating files:  43% (12345/28709)Updating files:  44% (12632/28709)Updating files:  45% (12920/28709)Updating files:  45% (13068/28709)Updating files:  46% (13207/28709)Updating files:  47% (13494/28709)Updating files:  48% (13781/28709)Updating files:  49% (14068/28709)Updating files:  50% (14355/28709)Updating files:  51% (14642/28709)Updating files:  52% (14929/28709)Updating files:  53% (15216/28709)Updating files:  54% (15503/28709)Updating files:  55% (15790/28709)Updating files:  56% (16078/28709)Updating files:  57% (16365/28709)Updating files:  58% (16652/28709)Updating files:  59% (16939/28709)Updating files:  60% (17226/28709)Updating files:  61% (17513/28709)Updating files:  62% (17800/28709)Updating files:  63% (18087/28709)Updating files:  64% (18374/28709)Updating files:  65% (18661/28709)Updating files:  65% (18802/28709)Updating files:  66% (18948/28709)Updating files:  67% (19236/28709)Updating files:  68% (19523/28709)Updating files:  69% (19810/28709)Updating files:  70% (20097/28709)Updating files:  71% (20384/28709)Updating files:  72% (20671/28709)Updating files:  73% (20958/28709)Updating files:  74% (21245/28709)Updating files:  75% (21532/28709)Updating files:  76% (21819/28709)Updating files:  77% (22106/28709)Updating files:  78% (22394/28709)Updating files:  79% (22681/28709)Updating files:  80% (22968/28709)Updating files:  81% (23255/28709)Updating files:  82% (23542/28709)Updating files:  83% (23829/28709)Updating files:  83% (23906/28709)Updating files:  84% (24116/28709)Updating files:  85% (24403/28709)Updating files:  86% (24690/28709)Updating files:  87% (24977/28709)Updating files:  88% (25264/28709)Updating files:  89% (25552/28709)Updating files:  90% (25839/28709)Updating files:  91% (26126/28709)Updating files:  91% (26406/28709)Updating files:  92% (26413/28709)Updating files:  93% (26700/28709)Updating files:  94% (26987/28709)