travis_fold:start:worker_info[0K[33;1mWorker information[0m
hostname: 09b33dac-f364-4d9b-8938-2e0d91a8b4a3@1.worker-org-677d44d4f7-tv7rh.gce-production-3
version: v6.2.20-1-g3a987d6 https://github.com/travis-ci/worker/tree/3a987d61ed169c9539ad435d1a9b5f2d8c6ce4a6
instance: travis-job-d70816d7-0232-456d-a1b1-100dac32b539 travis-ci-ubuntu-1804-1593521679-ca42795e (via amqp)
startup: 6.84341561s
travis_fold:end:worker_info[0Ktravis_time:start:0d0267a6[0Ktravis_time:end:0d0267a6:start=1605610815878150543,finish=1605610816082365704,duration=204215161,event=no_world_writable_dirs[0Ktravis_time:start:09ad6e7e[0Ktravis_time:end:09ad6e7e:start=1605610816085859264,finish=1605610816089630555,duration=3771291,event=setup_filter[0Ktravis_time:start:0b9ff2c8[0Ktravis_time:end:0b9ff2c8:start=1605610816093746329,finish=1605610816105804347,duration=12058018,event=agent[0Ktravis_time:start:0d9bab12[0Ktravis_time:end:0d9bab12:start=1605610816108347346,finish=1605610816110632426,duration=2285080,event=check_unsupported[0Ktravis_time:start:11b46250[0Ktravis_fold:start:system_info[0K[33;1mBuild system information[0m
Build language: python
Build group: stable
Build dist: bionic
Build id: 744124241
Job id: 744124268
Runtime kernel version: 5.3.0-1029-gcp
travis-build version: 07c42db3
[34m[1mBuild image provisioning date and time[0m
Tue Jun 30 13:35:43 UTC 2020
[34m[1mOperating System Details[0m
Distributor ID:	Ubuntu
Description:	Ubuntu 18.04.4 LTS
Release:	18.04
Codename:	bionic
[34m[1mSystemd Version[0m
systemd 237
[34m[1mCookbooks Version[0m
3f92a99 https://github.com/travis-ci/travis-cookbooks/tree/3f92a99
[34m[1mgit version[0m
git version 2.27.0
[34m[1mbash version[0m
GNU bash, version 4.4.20(1)-release (x86_64-pc-linux-gnu)
[34m[1mgcc version[0m
gcc (Ubuntu 7.5.0-3ubuntu1~18.04) 7.5.0
[34m[1mdocker version[0m
Client:
 Version:           18.06.0-ce
 API version:       1.38
 Go version:        go1.10.3
 Git commit:        0ffa825
 Built:             Wed Jul 18 19:09:54 2018
 OS/Arch:           linux/amd64
 Experimental:      false

Server:
 Engine:
  Version:          18.06.0-ce
  API version:      1.38 (minimum version 1.12)
  Go version:       go1.10.3
  Git commit:       0ffa825
  Built:            Wed Jul 18 19:07:56 2018
  OS/Arch:          linux/amd64
  Experimental:     false
[34m[1mclang version[0m
clang version 7.0.0 (tags/RELEASE_700/final)
[34m[1mjq version[0m
jq-1.5
[34m[1mbats version[0m
Bats 0.4.0
[34m[1mshellcheck version[0m
0.7.0
[34m[1mshfmt version[0m
v2.6.3
[34m[1mccache version[0m
3.4.1
[34m[1mcmake version[0m
cmake version 3.12.4
[34m[1mheroku version[0m
heroku/7.42.1 linux-x64 node-v12.16.2
[34m[1mimagemagick version[0m
Version: ImageMagick 6.9.7-4 Q16 x86_64 20170114 http://www.imagemagick.org
[34m[1mmd5deep version[0m
4.4
[34m[1mmercurial version[0m
version 4.8
[34m[1mmysql version[0m
mysql  Ver 14.14 Distrib 5.7.30, for Linux (x86_64) using  EditLine wrapper
[34m[1mopenssl version[0m
OpenSSL 1.1.1  11 Sep 2018
[34m[1mpacker version[0m
1.3.3
[34m[1mpostgresql client version[0m
psql (PostgreSQL) 11.8 (Ubuntu 11.8-1.pgdg18.04+1)
[34m[1mragel version[0m
Ragel State Machine Compiler version 6.10 March 2017
[34m[1msudo version[0m
1.8.21p2
[34m[1mgzip version[0m
gzip 1.6
[34m[1mzip version[0m
Zip 3.0
[34m[1mvim version[0m
VIM - Vi IMproved 8.0 (2016 Sep 12, compiled Mar 18 2020 18:29:15)
[34m[1miptables version[0m
iptables v1.6.1
[34m[1mcurl version[0m
curl 7.58.0 (x86_64-pc-linux-gnu) libcurl/7.58.0 OpenSSL/1.1.1 zlib/1.2.11 libidn2/2.0.4 libpsl/0.19.1 (+libidn2/2.0.4) nghttp2/1.30.0 librtmp/2.3
[34m[1mwget version[0m
GNU Wget 1.19.4 built on linux-gnu.
[34m[1mrsync version[0m
rsync  version 3.1.2  protocol version 31
[34m[1mgimme version[0m
v1.5.4
[34m[1mnvm version[0m
0.35.3
[34m[1mperlbrew version[0m
/home/travis/perl5/perlbrew/bin/perlbrew  - App::perlbrew/0.87
[34m[1mphpenv version[0m
rbenv 1.1.2-30-gc879cb0
[34m[1mrvm version[0m
rvm 1.29.10 (latest) by Michal Papis, Piotr Kuczynski, Wayne E. Seguin [https://rvm.io]
[34m[1mdefault ruby version[0m
ruby 2.6.5p114 (2019-10-01 revision 67812) [x86_64-linux]
[34m[1mElasticSearch version[0m
5.5.0
[34m[1mInstalled Firefox version[0m
firefox 63.0.1
[34m[1mMongoDB version[0m
MongoDB 4.0.19
[34m[1mPhantomJS version[0m
2.1.1
[34m[1mPre-installed PostgreSQL versions[0m
9.3.25
9.4.26
9.5.22
9.6.18
[34m[1mRedis version[0m
redis-server 6.0.5
[34m[1mPre-installed Go versions[0m
1.11.1
[34m[1mant version[0m
Apache Ant(TM) version 1.10.5 compiled on March 28 2019
[34m[1mmvn version[0m
Apache Maven 3.6.3 (cecedd343002696d0abb50b32b541b8a6ba2883f)
[34m[1mgradle version[0m
Gradle 5.1.1!
[34m[1mlein version[0m
Leiningen 2.9.3 on Java 11.0.2 OpenJDK 64-Bit Server VM
[34m[1mPre-installed Node.js versions[0m
v10.16.0
v10.21.0
v11.15.0
v12.13.1
v12.18.1
v13.3.0
v4.9.1
v6.17.1
v8.16.2
v8.17.0
v8.9
[34m[1mphpenv versions[0m
  system
  7.1
  7.1.33
  7.2
* 7.2.27 (set by /home/travis/.phpenv/version)
  7.3
  7.3.14
  7.4
  7.4.2
  hhvm
  hhvm-stable
[34m[1mcomposer --version[0m
Composer version 1.9.2 2020-01-14 16:30:31
[34m[1mPre-installed Ruby versions[0m
ruby-2.4.9
ruby-2.5.3
ruby-2.5.7
ruby-2.6.5
ruby-2.7.0
travis_fold:end:system_info[0K
travis_time:end:11b46250:start=1605610816113297410,finish=1605610816119294164,duration=5996754,event=show_system_info[0Ktravis_time:start:0b043336[0Ktravis_time:end:0b043336:start=1605610816122753777,finish=1605610816143176192,duration=20422415,event=rm_riak_source[0Ktravis_time:start:31e63fa8[0Ktravis_time:end:31e63fa8:start=1605610816146631287,finish=1605610816153219610,duration=6588323,event=fix_rwky_redis[0Ktravis_time:start:09abef1f[0Ktravis_time:end:09abef1f:start=1605610816159719534,finish=1605610816488787612,duration=329068078,event=wait_for_network[0Ktravis_time:start:23529a6e[0Ktravis_time:end:23529a6e:start=1605610816494155087,finish=1605610816749590628,duration=255435541,event=update_apt_keys[0Ktravis_time:start:00a5c3e0[0Ktravis_time:end:00a5c3e0:start=1605610816753998785,finish=1605610816809612427,duration=55613642,event=fix_hhvm_source[0Ktravis_time:start:18e9d18a[0Ktravis_time:end:18e9d18a:start=1605610816814145870,finish=1605610816817339469,duration=3193599,event=update_mongo_arch[0Ktravis_time:start:04d02274[0Ktravis_time:end:04d02274:start=1605610816823286069,finish=1605610816865352757,duration=42066688,event=fix_sudo_enabled_trusty[0Ktravis_time:start:0115ea7c[0Ktravis_time:end:0115ea7c:start=1605610816869794192,finish=1605610816872564701,duration=2770509,event=update_glibc[0Ktravis_time:start:026bdf7d[0Ktravis_time:end:026bdf7d:start=1605610816876367708,finish=1605610816884420619,duration=8052911,event=clean_up_path[0Ktravis_time:start:039b750a[0Ktravis_time:end:039b750a:start=1605610816888115054,finish=1605610816897775301,duration=9660247,event=fix_resolv_conf[0Ktravis_time:start:01718513[0Ktravis_time:end:01718513:start=1605610816902180056,finish=1605610816929460211,duration=27280155,event=fix_etc_hosts[0Ktravis_time:start:0fa6ad11[0Ktravis_time:end:0fa6ad11:start=1605610816934557952,finish=1605610816942762361,duration=8204409,event=fix_mvn_settings_xml[0Ktravis_time:start:3328c743[0Ktravis_time:end:3328c743:start=1605610816948745281,finish=1605610816958602949,duration=9857668,event=no_ipv6_localhost[0Ktravis_time:start:03105480[0Ktravis_time:end:03105480:start=1605610816962220588,finish=1605610816965092922,duration=2872334,event=fix_etc_mavenrc[0Ktravis_time:start:00a4ad80[0Ktravis_time:end:00a4ad80:start=1605610816969079963,finish=1605610816972605939,duration=3525976,event=fix_wwdr_certificate[0Ktravis_time:start:2401fcc5[0Ktravis_time:end:2401fcc5:start=1605610816976632253,finish=1605610817038965481,duration=62333228,event=put_localhost_first[0Ktravis_time:start:16e437b8[0Ktravis_time:end:16e437b8:start=1605610817042814086,finish=1605610817046669274,duration=3855188,event=home_paths[0Ktravis_time:start:0e1a94c0[0Ktravis_time:end:0e1a94c0:start=1605610817050363901,finish=1605610817063730672,duration=13366771,event=disable_initramfs[0Ktravis_time:start:06d8ea58[0Ktravis_time:end:06d8ea58:start=1605610817067505708,finish=1605610817215059564,duration=147553856,event=disable_ssh_roaming[0Ktravis_time:start:030a2636[0Ktravis_time:end:030a2636:start=1605610817219318933,finish=1605610817221704374,duration=2385441,event=debug_tools[0Ktravis_time:start:00788c82[0Ktravis_time:end:00788c82:start=1605610817225430086,finish=1605610817228894580,duration=3464494,event=uninstall_oclint[0Ktravis_time:start:003bb870[0Ktravis_time:end:003bb870:start=1605610817233201184,finish=1605610817236748769,duration=3547585,event=rvm_use[0Ktravis_time:start:02d4d8b0[0Ktravis_time:end:02d4d8b0:start=1605610817241564305,finish=1605610817250006462,duration=8442157,event=rm_etc_boto_cfg[0Ktravis_time:start:00b43954[0Ktravis_time:end:00b43954:start=1605610817254812855,finish=1605610817257543991,duration=2731136,event=rm_oraclejdk8_symlink[0Ktravis_time:start:1a339612[0Ktravis_time:end:1a339612:start=1605610817261617203,finish=1605610817361428592,duration=99811389,event=enable_i386[0Ktravis_time:start:02145f06[0Ktravis_time:end:02145f06:start=1605610817365627868,finish=1605610817370329153,duration=4701285,event=update_rubygems[0Ktravis_time:start:0e19a2bb[0Ktravis_time:end:0e19a2bb:start=1605610817374552731,finish=1605610818183847028,duration=809294297,event=ensure_path_components[0Ktravis_time:start:012ee3b6[0Ktravis_time:end:012ee3b6:start=1605610818188584599,finish=1605610818191319833,duration=2735234,event=redefine_curl[0Ktravis_time:start:06ad986c[0Ktravis_time:end:06ad986c:start=1605610818195761906,finish=1605610818306370019,duration=110608113,event=nonblock_pipe[0Ktravis_time:start:0147c36c[0Ktravis_time:end:0147c36c:start=1605610818310832273,finish=1605610824347921130,duration=6037088857,event=apt_get_update[0Ktravis_time:start:060478be[0Ktravis_time:end:060478be:start=1605610824352768327,finish=1605610824355612287,duration=2843960,event=deprecate_xcode_64[0Ktravis_time:start:01854a07[0Ktravis_time:end:01854a07:start=1605610824360028155,finish=1605610827139294762,duration=2779266607,event=update_heroku[0Ktravis_time:start:00b4760c[0Ktravis_time:end:00b4760c:start=1605610827143585269,finish=1605610827146534253,duration=2948984,event=shell_session_update[0Ktravis_time:start:058bc8e2[0Ktravis_fold:start:docker_mtu_and_registry_mirrors[0Ktravis_fold:end:docker_mtu_and_registry_mirrors[0Ktravis_time:end:058bc8e2:start=1605610827151688161,finish=1605610829577861022,duration=2426172861,event=set_docker_mtu_and_registry_mirrors[0Ktravis_time:start:2394630a[0Ktravis_fold:start:resolvconf[0Ktravis_fold:end:resolvconf[0Ktravis_time:end:2394630a:start=1605610829583527317,finish=1605610829668943883,duration=85416566,event=resolvconf[0Ktravis_time:start:15c91df0[0Ktravis_time:end:15c91df0:start=1605610829676449186,finish=1605610829836720581,duration=160271395,event=maven_central_mirror[0Ktravis_time:start:07025a4a[0Ktravis_time:end:07025a4a:start=1605610829843012139,finish=1605610829950339811,duration=107327672,event=maven_https[0Ktravis_time:start:1dad7e92[0Ktravis_fold:start:services[0Ktravis_time:start:13dd23d2[0K$ sudo systemctl start docker
travis_time:end:13dd23d2:start=1605610829963895810,finish=1605610829978755063,duration=14859253,event=prepare[0Ktravis_fold:end:services[0Ktravis_time:end:13dd23d2:start=1605610829963895810,finish=1605610832988198151,duration=3024302341,event=services[0Ktravis_time:start:01014781[0Ktravis_time:end:01014781:start=1605610832992857748,finish=1605610832995820279,duration=2962531,event=fix_ps4[0Ktravis_time:start:025b6dd8[0K
travis_fold:start:git.checkout[0Ktravis_time:start:0cbc69fe[0K$ git clone --depth=50 https://github.com/precice/systemtests.git precice/systemtests
Cloning into 'precice/systemtests'...
Updating files:  96% (4802/4959)Updating files:  97% (4811/4959)Updating files:  98% (4860/4959)Updating files:  99% (4910/4959)Updating files: 100% (4959/4959)Updating files: 100% (4959/4959), done.
travis_time:end:0cbc69fe:start=1605610833004784336,finish=1605610841076207870,duration=8071423534,event=checkout[0K$ cd precice/systemtests
travis_time:start:15ffa70c[0K$ git fetch origin +refs/pull/260/merge:
From https://github.com/precice/systemtests
 * branch            refs/pull/260/merge -> FETCH_HEAD
travis_time:end:15ffa70c:start=1605610841082886293,finish=1605610841410353964,duration=327467671,event=checkout[0K$ git checkout -qf FETCH_HEAD
travis_fold:end:git.checkout[0K
travis_time:end:15ffa70c:start=1605610841082886293,finish=1605610841553904855,duration=471018562,event=checkout[0Ktravis_time:start:32482afd[0K
[33;1mSetting environment variables from repository settings[0m
$ export DOCKER_PASSWORD=[secure]
$ export PRECICE_BOT_EMAIL=[secure]
$ export GH_TOKEN=[secure]
$ export TRAVIS_ACCESS_TOKEN=[secure]
$ export DOCKER_USERNAME=precice

travis_time:end:32482afd:start=1605610841560068394,finish=1605610841573975949,duration=13907555,event=env[0Ktravis_time:start:1e546dcb[0K$ source ~/virtualenv/python3.8/bin/activate
travis_time:end:1e546dcb:start=1605610841578116316,finish=1605610841583728013,duration=5611697,event=[0K$ python --version
Python 3.8.1
$ pip --version
pip 20.1.1 from /home/travis/virtualenv/python3.8.1/lib/python3.8/site-packages/pip (python 3.8)
travis_fold:start:install[0Ktravis_time:start:06e77992[0K$ pip install Jinja2
Collecting Jinja2
  Downloading Jinja2-2.11.2-py2.py3-none-any.whl (125 kB)
Collecting MarkupSafe>=0.23
  Downloading MarkupSafe-1.1.1-cp38-cp38-manylinux1_x86_64.whl (32 kB)
Installing collected packages: MarkupSafe, Jinja2
Successfully installed Jinja2-2.11.2 MarkupSafe-1.1.1
travis_time:end:06e77992:start=1605610842100851605,finish=1605610843307863062,duration=1207011457,event=install[0Ktravis_fold:end:install[0Ktravis_time:start:010b3000[0K$ python system_testing.py -s 1dtube_py -v
Total reclaimed space: 0B
networks:
  precicecomm: {}
services:
  1dtube-py:
    build:
      args:
        from: precice/precice-ubuntu1804.package-develop
      context: /home/travis/build/precice/systemtests/tests/TestCompose_1dtube_py
      dockerfile: Dockerfile.1dtubepy
    command: '/bin/bash -c "./Allrun; cp -r precice-output *.log /home/precice/Data/Output/"

      '
    container_name: 1dtube-py
    networks:
      precicecomm: null
    volumes:
    - output:/home/precice/Data/Output:rw
  tutorial-data:
    build:
      args:
        branch: develop
      context: /home/travis/build/precice/systemtests/tests/TestCompose_1dtube_py
      dockerfile: Dockerfile.tutorial_data
    container_name: tutorial-data
    volumes:
    - output:/Output:rw
version: '3.0'
volumes:
  output: {}

Creating network "testcompose_1dtube_py_precicecomm" with the default driver
Creating network "testcompose_1dtube_py_default" with the default driver
Creating volume "testcompose_1dtube_py_output" with default driver
Building 1dtube-py
Step 1/15 : ARG from=precice/precice-ubuntu1804.home-develop
Step 2/15 : FROM $from
latest: Pulling from precice/precice-ubuntu1804.package-develop
Digest: sha256:2e92687ae3f442ad06dda3ee93693d0add2066a97cdd72040ae50681e677bfc8
Status: Downloaded newer image for precice/precice-ubuntu1804.package-develop:latest
 ---> c876ea06e13e
Step 3/15 : USER root
 ---> Running in 9b7bc5e41262
Removing intermediate container 9b7bc5e41262
 ---> 9a84e11a3822
Step 4/15 : RUN apt-get -qq update && apt-get -qq install     python3 python3-dev     libsm6 libgl1 &&     rm -rf /var/lib/apt/lists/*
 ---> Running in 8026c64b28d1
[91mdebconf: delaying package configuration, since apt-utils is not installed
[0mSelecting previously unselected package x11-common.
(Reading database ... (Reading database ... 5%(Reading database ... 10%(Reading database ... 15%(Reading database ... 20%(Reading database ... 25%(Reading database ... 30%(Reading database ... 35%(Reading database ... 40%(Reading database ... 45%(Reading database ... 50%(Reading database ... 55%(Reading database ... 60%(Reading database ... 65%(Reading database ... 70%(Reading database ... 75%(Reading database ... 80%(Reading database ... 85%(Reading database ... 90%(Reading database ... 95%(Reading database ... 100%(Reading database ... 40130 files and directories currently installed.)
Preparing to unpack .../00-x11-common_1%3a7.7+19ubuntu7.1_all.deb ...
dpkg-query: no packages found matching nux-tools
Unpacking x11-common (1:7.7+19ubuntu7.1) ...
Selecting previously unselected package libice6:amd64.
Preparing to unpack .../01-libice6_2%3a1.0.9-2_amd64.deb ...
Unpacking libice6:amd64 (2:1.0.9-2) ...
Selecting previously unselected package libsm6:amd64.
Preparing to unpack .../02-libsm6_2%3a1.2.2-1_amd64.deb ...
Unpacking libsm6:amd64 (2:1.2.2-1) ...
Selecting previously unselected package libxxf86vm1:amd64.
Preparing to unpack .../03-libxxf86vm1_1%3a1.1.4-1_amd64.deb ...
Unpacking libxxf86vm1:amd64 (1:1.1.4-1) ...
Selecting previously unselected package libdrm-common.
Preparing to unpack .../04-libdrm-common_2.4.101-2~18.04.1_all.deb ...
Unpacking libdrm-common (2.4.101-2~18.04.1) ...
Selecting previously unselected package libdrm2:amd64.
Preparing to unpack .../05-libdrm2_2.4.101-2~18.04.1_amd64.deb ...
Unpacking libdrm2:amd64 (2.4.101-2~18.04.1) ...
Selecting previously unselected package libdrm-amdgpu1:amd64.
Preparing to unpack .../06-libdrm-amdgpu1_2.4.101-2~18.04.1_amd64.deb ...
Unpacking libdrm-amdgpu1:amd64 (2.4.101-2~18.04.1) ...
Selecting previously unselected package libdrm-intel1:amd64.
Preparing to unpack .../07-libdrm-intel1_2.4.101-2~18.04.1_amd64.deb ...
Unpacking libdrm-intel1:amd64 (2.4.101-2~18.04.1) ...
Selecting previously unselected package libdrm-nouveau2:amd64.
Preparing to unpack .../08-libdrm-nouveau2_2.4.101-2~18.04.1_amd64.deb ...
Unpacking libdrm-nouveau2:amd64 (2.4.101-2~18.04.1) ...
Selecting previously unselected package libdrm-radeon1:amd64.
Preparing to unpack .../09-libdrm-radeon1_2.4.101-2~18.04.1_amd64.deb ...
Unpacking libdrm-radeon1:amd64 (2.4.101-2~18.04.1) ...
Selecting previously unselected package libglapi-mesa:amd64.
Preparing to unpack .../10-libglapi-mesa_20.0.8-0ubuntu1~18.04.1_amd64.deb ...
Unpacking libglapi-mesa:amd64 (20.0.8-0ubuntu1~18.04.1) ...
Selecting previously unselected package libllvm10:amd64.
Preparing to unpack .../11-libllvm10_1%3a10.0.0-4ubuntu1~18.04.2_amd64.deb ...
Unpacking libllvm10:amd64 (1:10.0.0-4ubuntu1~18.04.2) ...
Selecting previously unselected package libsensors4:amd64.
Preparing to unpack .../12-libsensors4_1%3a3.4.0-4_amd64.deb ...
Unpacking libsensors4:amd64 (1:3.4.0-4) ...
Selecting previously unselected package libgl1-mesa-dri:amd64.
Preparing to unpack .../13-libgl1-mesa-dri_20.0.8-0ubuntu1~18.04.1_amd64.deb ...
Unpacking libgl1-mesa-dri:amd64 (20.0.8-0ubuntu1~18.04.1) ...
Selecting previously unselected package libx11-xcb1:amd64.
Preparing to unpack .../14-libx11-xcb1_2%3a1.6.4-3ubuntu0.3_amd64.deb ...
Unpacking libx11-xcb1:amd64 (2:1.6.4-3ubuntu0.3) ...
Selecting previously unselected package libxcb-dri2-0:amd64.
Preparing to unpack .../15-libxcb-dri2-0_1.13-2~ubuntu18.04_amd64.deb ...
Unpacking libxcb-dri2-0:amd64 (1.13-2~ubuntu18.04) ...
Selecting previously unselected package libxcb-dri3-0:amd64.
Preparing to unpack .../16-libxcb-dri3-0_1.13-2~ubuntu18.04_amd64.deb ...
Unpacking libxcb-dri3-0:amd64 (1.13-2~ubuntu18.04) ...
Selecting previously unselected package libxcb-glx0:amd64.
Preparing to unpack .../17-libxcb-glx0_1.13-2~ubuntu18.04_amd64.deb ...
Unpacking libxcb-glx0:amd64 (1.13-2~ubuntu18.04) ...
Selecting previously unselected package libxcb-present0:amd64.
Preparing to unpack .../18-libxcb-present0_1.13-2~ubuntu18.04_amd64.deb ...
Unpacking libxcb-present0:amd64 (1.13-2~ubuntu18.04) ...
Selecting previously unselected package libxcb-sync1:amd64.
Preparing to unpack .../19-libxcb-sync1_1.13-2~ubuntu18.04_amd64.deb ...
Unpacking libxcb-sync1:amd64 (1.13-2~ubuntu18.04) ...
Selecting previously unselected package libxdamage1:amd64.
Preparing to unpack .../20-libxdamage1_1%3a1.1.4-3_amd64.deb ...
Unpacking libxdamage1:amd64 (1:1.1.4-3) ...
Selecting previously unselected package libxfixes3:amd64.
Preparing to unpack .../21-libxfixes3_1%3a5.0.3-1_amd64.deb ...
Unpacking libxfixes3:amd64 (1:5.0.3-1) ...
Selecting previously unselected package libxshmfence1:amd64.
Preparing to unpack .../22-libxshmfence1_1.3-1_amd64.deb ...
Unpacking libxshmfence1:amd64 (1.3-1) ...
Selecting previously unselected package libglx-mesa0:amd64.
Preparing to unpack .../23-libglx-mesa0_20.0.8-0ubuntu1~18.04.1_amd64.deb ...
Unpacking libglx-mesa0:amd64 (20.0.8-0ubuntu1~18.04.1) ...
Selecting previously unselected package libglvnd0:amd64.
Preparing to unpack .../24-libglvnd0_1.0.0-2ubuntu2.3_amd64.deb ...
Unpacking libglvnd0:amd64 (1.0.0-2ubuntu2.3) ...
Selecting previously unselected package libglx0:amd64.
Preparing to unpack .../25-libglx0_1.0.0-2ubuntu2.3_amd64.deb ...
Unpacking libglx0:amd64 (1.0.0-2ubuntu2.3) ...
Selecting previously unselected package libgl1:amd64.
Preparing to unpack .../26-libgl1_1.0.0-2ubuntu2.3_amd64.deb ...
Unpacking libgl1:amd64 (1.0.0-2ubuntu2.3) ...
Setting up libxcb-present0:amd64 (1.13-2~ubuntu18.04) ...
Setting up libglvnd0:amd64 (1.0.0-2ubuntu2.3) ...
Setting up libxcb-dri2-0:amd64 (1.13-2~ubuntu18.04) ...
Setting up libxcb-dri3-0:amd64 (1.13-2~ubuntu18.04) ...
Setting up libxcb-glx0:amd64 (1.13-2~ubuntu18.04) ...
Setting up libllvm10:amd64 (1:10.0.0-4ubuntu1~18.04.2) ...
Setting up libxdamage1:amd64 (1:1.1.4-3) ...
Setting up libxfixes3:amd64 (1:5.0.3-1) ...
Setting up libxshmfence1:amd64 (1.3-1) ...
Setting up libglapi-mesa:amd64 (20.0.8-0ubuntu1~18.04.1) ...
Setting up libdrm-common (2.4.101-2~18.04.1) ...
Setting up libxcb-sync1:amd64 (1.13-2~ubuntu18.04) ...
Setting up libx11-xcb1:amd64 (2:1.6.4-3ubuntu0.3) ...
Setting up libsensors4:amd64 (1:3.4.0-4) ...
Setting up libxxf86vm1:amd64 (1:1.1.4-1) ...
Setting up x11-common (1:7.7+19ubuntu7.1) ...
debconf: unable to initialize frontend: Dialog
debconf: (TERM is not set, so the dialog frontend is not usable.)
debconf: falling back to frontend: Readline
update-rc.d: warning: start and stop actions are no longer supported; falling back to defaults
invoke-rc.d: could not determine current runlevel
invoke-rc.d: policy-rc.d denied execution of start.
Setting up libdrm2:amd64 (2.4.101-2~18.04.1) ...
Setting up libdrm-intel1:amd64 (2.4.101-2~18.04.1) ...
Setting up libice6:amd64 (2:1.0.9-2) ...
Setting up libdrm-radeon1:amd64 (2.4.101-2~18.04.1) ...
Setting up libdrm-nouveau2:amd64 (2.4.101-2~18.04.1) ...
Setting up libsm6:amd64 (2:1.2.2-1) ...
Setting up libdrm-amdgpu1:amd64 (2.4.101-2~18.04.1) ...
Setting up libgl1-mesa-dri:amd64 (20.0.8-0ubuntu1~18.04.1) ...
Setting up libglx-mesa0:amd64 (20.0.8-0ubuntu1~18.04.1) ...
Setting up libglx0:amd64 (1.0.0-2ubuntu2.3) ...
Setting up libgl1:amd64 (1.0.0-2ubuntu2.3) ...
Processing triggers for libc-bin (2.27-3ubuntu1.2) ...
Removing intermediate container 8026c64b28d1
 ---> 0472fa20950e
Step 5/15 : RUN wget -q https://bootstrap.pypa.io/get-pip.py -O get-pip.py &&     python3 get-pip.py
 ---> Running in 933ec36d2783
Collecting pip
  Downloading pip-20.2.4-py2.py3-none-any.whl (1.5 MB)
Installing collected packages: pip
  Attempting uninstall: pip
    Found existing installation: pip 9.0.1
    Uninstalling pip-9.0.1:
      Successfully uninstalled pip-9.0.1
Successfully installed pip-20.2.4
Removing intermediate container 933ec36d2783
 ---> f0d72832fd79
Step 6/15 : USER precice
 ---> Running in 034c4d5ef3dc
Removing intermediate container 034c4d5ef3dc
 ---> 81c66e4f2532
Step 7/15 : RUN pip3 install --user cython mpi4py numpy==1.19.2 enum34 matplotlib vtk
 ---> Running in 3db476442276
Collecting cython
  Downloading Cython-0.29.21-cp36-cp36m-manylinux1_x86_64.whl (2.0 MB)
Collecting mpi4py
  Downloading mpi4py-3.0.3.tar.gz (1.4 MB)
Collecting numpy==1.19.2
  Downloading numpy-1.19.2-cp36-cp36m-manylinux2010_x86_64.whl (14.5 MB)
Collecting enum34
  Downloading enum34-1.1.10-py3-none-any.whl (11 kB)
Collecting matplotlib
  Downloading matplotlib-3.3.3-cp36-cp36m-manylinux1_x86_64.whl (11.6 MB)
Collecting vtk
  Downloading vtk-9.0.1-cp36-cp36m-manylinux2010_x86_64.whl (103.4 MB)
Collecting kiwisolver>=1.0.1
  Downloading kiwisolver-1.3.1-cp36-cp36m-manylinux1_x86_64.whl (1.1 MB)
Collecting cycler>=0.10
  Downloading cycler-0.10.0-py2.py3-none-any.whl (6.5 kB)
Collecting python-dateutil>=2.1
  Downloading python_dateutil-2.8.1-py2.py3-none-any.whl (227 kB)
Collecting pillow>=6.2.0
  Downloading Pillow-8.0.1-cp36-cp36m-manylinux1_x86_64.whl (2.2 MB)
Collecting pyparsing!=2.0.4,!=2.1.2,!=2.1.6,>=2.0.3
  Downloading pyparsing-2.4.7-py2.py3-none-any.whl (67 kB)
Requirement already satisfied: six in /usr/lib/python3/dist-packages (from cycler>=0.10->matplotlib) (1.11.0)
Building wheels for collected packages: mpi4py
  Building wheel for mpi4py (setup.py): started
  Building wheel for mpi4py (setup.py): finished with status 'done'
  Created wheel for mpi4py: filename=mpi4py-3.0.3-cp36-cp36m-linux_x86_64.whl size=2076072 sha256=84879f8263e01523875d8268d020aed3e527054937f3f9f20c9f36435046c81b
  Stored in directory: /home/precice/.cache/pip/wheels/d6/73/83/ad9dd3ebae512829ab3f21657f76403dc4aa6649e1118c9369
Successfully built mpi4py
Installing collected packages: cython, mpi4py, numpy, enum34, kiwisolver, cycler, python-dateutil, pillow, pyparsing, matplotlib, vtk
[91m  WARNING: The scripts cygdb, cython and cythonize are installed in '/home/precice/.local/bin' which is not on PATH.
  Consider adding this directory to PATH or, if you prefer to suppress this warning, use --no-warn-script-location.
[0m[91m  WARNING: The scripts f2py, f2py3 and f2py3.6 are installed in '/home/precice/.local/bin' which is not on PATH.
  Consider adding this directory to PATH or, if you prefer to suppress this warning, use --no-warn-script-location.
[0mSuccessfully installed cycler-0.10.0 cython-0.29.21 enum34-1.1.10 kiwisolver-1.3.1 matplotlib-3.3.3 mpi4py-3.0.3 numpy-1.19.2 pillow-8.0.1 pyparsing-2.4.7 python-dateutil-2.8.1 vtk-9.0.1
Removing intermediate container 3db476442276
 ---> 0fd0f7b0dfe8
Step 8/15 : ARG branch=develop
 ---> Running in 02d7192d4f5a
Removing intermediate container 02d7192d4f5a
 ---> 11ac8f383451
Step 9/15 : ARG CACHEBUST
 ---> Running in 08f9337d6f96
Removing intermediate container 08f9337d6f96
 ---> 225edfda601f
Step 10/15 : RUN pip3 install --user https://github.com/precice/python-bindings/archive/$branch.zip
 ---> Running in 108c05620bb1
Collecting https://github.com/precice/python-bindings/archive/develop.zip
  Downloading https://github.com/precice/python-bindings/archive/develop.zip
  Installing build dependencies: started
  Installing build dependencies: finished with status 'error'
[91m  ERROR: Command errored out with exit status 1:
   command: /usr/bin/python3 /home/precice/.local/lib/python3.6/site-packages/pip install --ignore-installed --no-user --prefix /tmp/pip-build-env-prpkfv1y/overlay --no-warn-script-location --no-binary :none: --only-binary :none: -i https://pypi.org/simple -- setuptools wheel 'Cython>=0.29' packaging pip numpy mpi4py
       cwd: None
  Complete output (14 lines):
  Traceback (most recent call last):
    File "/usr/lib/python3.6/runpy.py", line 193, in _run_module_as_main
      "__main__", mod_spec)
    File "/usr/lib/python3.6/runpy.py", line 85, in _run_code
      exec(code, run_globals)
    File "/home/precice/.local/lib/python3.6/site-packages/pip/__main__.py", line 23, in <module>
      from pip._internal.cli.main import main as _main  # isort:skip # noqa
    File "/home/precice/.local/lib/python3.6/site-packages/pip/_internal/cli/main.py", line 5, in <module>
      import locale
    File "/usr/lib/python3.6/locale.py", line 16, in <module>
      import re
    File "/usr/lib/python3.6/re.py", line 142, in <module>
      class RegexFlag(enum.IntFlag):
  AttributeError: module 'enum' has no attribute 'IntFlag'
  ----------------------------------------
[0m[91mERROR: Command errored out with exit status 1: /usr/bin/python3 /home/precice/.local/lib/python3.6/site-packages/pip install --ignore-installed --no-user --prefix /tmp/pip-build-env-prpkfv1y/overlay --no-warn-script-location --no-binary :none: --only-binary :none: -i https://pypi.org/simple -- setuptools wheel 'Cython>=0.29' packaging pip numpy mpi4py Check the logs for full command output.
[0mService '1dtube-py' failed to build: The command '/bin/sh -c pip3 install --user https://github.com/precice/python-bindings/archive/$branch.zip' returned a non-zero code: 1
EXECUTING: docker container prune -f; export PRECICE_BASE=-ubuntu1804.package-develop; mkdir Logs; docker-compose config && bash ../../silent_compose.sh debug
TEST FAILED WITH: Command 'docker container prune -f; export PRECICE_BASE=-ubuntu1804.package-develop; mkdir Logs; docker-compose config && bash ../../silent_compose.sh debug' returned non-zero exit status 1.
Traceback (most recent call last):
  File "system_testing.py", line 117, in run_compose
    ccall(command)
  File "/home/travis/build/precice/systemtests/common.py", line 11, in ccall
    return call(cmd, check = True, **kwargs)
  File "/home/travis/build/precice/systemtests/common.py", line 6, in call
    cp = subprocess.run(cmd, shell=True, **kwargs)
  File "/opt/python/3.8.1/lib/python3.8/subprocess.py", line 512, in run
    raise CalledProcessError(retcode, process.args,
subprocess.CalledProcessError: Command 'docker container prune -f; export PRECICE_BASE=-ubuntu1804.package-develop; mkdir Logs; docker-compose config && bash ../../silent_compose.sh debug' returned non-zero exit status 1.

During handling of the above exception, another exception occurred:

Traceback (most recent call last):
  File "system_testing.py", line 305, in <module>
    build_run_compare(test, tag, args.branch.lower(), args.local,
  File "system_testing.py", line 227, in build_run_compare
    run_compose(test, branch, local_precice, tag, force_rebuild, rm_all, verbose)
  File "system_testing.py", line 141, in run_compose
    raise STRunException()
__main__.STRunException: TEST FAILED - An error occured while running the test!
travis_time:end:010b3000:start=1605610843315001533,finish=1605610962106474014,duration=118791472481,event=script[0K[31;1mThe command "python system_testing.py -s 1dtube_py -v" exited with 1.[0m
travis_time:start:067b524e[0K$ python push.py
Cloning into 'precice_st_output'...
Updating files:  22% (7829/34873)Updating files:  23% (8021/34873)Updating files:  24% (8370/34873)Updating files:  25% (8719/34873)Updating files:  26% (9067/34873)Updating files:  27% (9416/34873)Updating files:  28% (9765/34873)Updating files:  29% (10114/34873)Updating files:  30% (10462/34873)Updating files:  31% (10811/34873)Updating files:  32% (11160/34873)Updating files:  33% (11509/34873)Updating files:  34% (11857/34873)Updating files:  35% (12206/34873)Updating files:  36% (12555/34873)Updating files:  37% (12904/34873)Updating files:  38% (13252/34873)Updating files:  39% (13601/34873)Updating files:  40% (13950/34873)Updating files:  40% (14285/34873)Updating files:  41% (14298/34873)Updating files:  42% (14647/34873)Updating files:  43% (14996/34873)Updating files:  44% (15345/34873)Updating files:  45% (15693/34873)Updating files:  46% (16042/34873)Updating files:  47% (16391/34873)Updating files:  48% (16740/34873)Updating files:  49% (17088/34873)Updating files:  50% (17437/34873)Updating files:  51% (17786/34873)Updating files:  52% (18134/34873)Updating files:  53% (18483/34873)Updating files:  54% (18832/34873)Updating files:  55% (19181/34873)Updating files:  55% (19367/34873)Updating files:  56% (19529/34873)Updating files:  57% (19878/34873)Updating files:  58% (20227/34873)Updating files:  59% (20576/34873)Updating files:  60% (20924/34873)Updating files:  61% (21273/34873)Updating files:  62% (21622/34873)Updating files:  63% (21970/34873)Updating files:  64% (22319/34873)Updating files:  65% (22668/34873)Updating files:  66% (23017/34873)Updating files:  67% (23365/34873)Updating files:  68% (23714/34873)Updating files:  68% (23909/34873)Updating files:  69% (24063/34873)Updating files:  70% (24412/34873)Updating files:  71% (24760/34873)Updating files:  72% (25109/34873)Updating files:  73% (25458/34873)Updating files:  74% (25807/34873)Updating files:  75% (26155/34873)Updating files:  76% (26504/34873)Updating files:  77% (26853/34873)Updating files:  78% (27201/34873)Updating files:  79% (27550/34873)Updating files:  80% (27899/34873)Updating files:  81% (28248/34873)Updating files:  82% (28596/34873)Updating files:  82% (28620/34873)Updating files:  83% (28945/34873)Updating files:  83% (29052/34873)Updating files:  84% (29294/34873)Updating files:  84% (29490/34873)Updating files:  85% (29643/34873)Updating files:  85% (29975/34873)Updating files:  85% (29985/34873)Updating files:  86% (29991/34873)Updating files:  86% (29992/34873)Updating files:  87% (30340/34873)Updating files:  88% (30689/34873)Updating files:  89% (31037/34873)Updating files:  89% (31217/34873)Updating files:  90% (31386/34873)Updating files:  91% (31735/34873)Updating files:  92% (32084/34873)Updating files:  92% (32254/34873)Updating files:  93% (32432/34873)Updating files:  94% (32781/34873)Updating files:  95% (33130/34873)Updating files:  95% (33284/34873)Updating files:  96% (33479/34873)Updating files:  97% (33827/34873)Updating files:  97% (33987/34873)Updating files:  97% (34128/34873)Updating files:  98% (34176/34873)Updating files:  98% (34203/34873)Updating files:  98% (34266/34873)Updating files:  98% (34303/34873)Updating files:  98% (34371/34873)Updating files:  98% (34412/34873)Updating files:  98% (34424/34873)Updating files:  99% (34525/34873)Updating files:  99% (34552/34873)Updating files:  99% (34653/34873)