travis_fold:start:worker_info[0K[33;1mWorker information[0m
hostname: e706c114-0c3f-4be2-a3c2-b312683ba462@1.worker-org-77db9856dc-g6b5x.gce-production-3
version: v6.2.17 https://github.com/travis-ci/worker/tree/bc420764f334fe0d096a417c80426f672f1b7d18
instance: travis-job-b395f63a-8cb8-4ce1-a36b-20dbf64e8bf1 travis-ci-ubuntu-1804-1593521679-ca42795e (via amqp)
startup: 6.262023041s
travis_fold:end:worker_info[0Ktravis_time:start:00042e9a[0Ktravis_time:end:00042e9a:start=1603938910683274313,finish=1603938910873585421,duration=190311108,event=no_world_writable_dirs[0Ktravis_time:start:0f978c4f[0Ktravis_time:end:0f978c4f:start=1603938910876846732,finish=1603938910883649911,duration=6803179,event=setup_filter[0Ktravis_time:start:05b2d6a4[0Ktravis_time:end:05b2d6a4:start=1603938910887439267,finish=1603938910895428006,duration=7988739,event=agent[0Ktravis_time:start:171f3741[0Ktravis_time:end:171f3741:start=1603938910897989182,finish=1603938910899882083,duration=1892901,event=check_unsupported[0Ktravis_time:start:0229fd7a[0Ktravis_fold:start:system_info[0K[33;1mBuild system information[0m
Build language: python
Build group: stable
Build dist: bionic
Build id: 739631890
Job id: 739631961
Runtime kernel version: 5.3.0-1029-gcp
travis-build version: acd5a925
[34m[1mBuild image provisioning date and time[0m
Tue Jun 30 13:35:43 UTC 2020
[34m[1mOperating System Details[0m
Distributor ID:	Ubuntu
Description:	Ubuntu 18.04.4 LTS
Release:	18.04
Codename:	bionic
[34m[1mSystemd Version[0m
systemd 237
[34m[1mCookbooks Version[0m
3f92a99 https://github.com/travis-ci/travis-cookbooks/tree/3f92a99
[34m[1mgit version[0m
git version 2.27.0
[34m[1mbash version[0m
GNU bash, version 4.4.20(1)-release (x86_64-pc-linux-gnu)
[34m[1mgcc version[0m
gcc (Ubuntu 7.5.0-3ubuntu1~18.04) 7.5.0
[34m[1mdocker version[0m
Client:
 Version:           18.06.0-ce
 API version:       1.38
 Go version:        go1.10.3
 Git commit:        0ffa825
 Built:             Wed Jul 18 19:09:54 2018
 OS/Arch:           linux/amd64
 Experimental:      false

Server:
 Engine:
  Version:          18.06.0-ce
  API version:      1.38 (minimum version 1.12)
  Go version:       go1.10.3
  Git commit:       0ffa825
  Built:            Wed Jul 18 19:07:56 2018
  OS/Arch:          linux/amd64
  Experimental:     false
[34m[1mclang version[0m
clang version 7.0.0 (tags/RELEASE_700/final)
[34m[1mjq version[0m
jq-1.5
[34m[1mbats version[0m
Bats 0.4.0
[34m[1mshellcheck version[0m
0.7.0
[34m[1mshfmt version[0m
v2.6.3
[34m[1mccache version[0m
3.4.1
[34m[1mcmake version[0m
cmake version 3.12.4
[34m[1mheroku version[0m
heroku/7.42.1 linux-x64 node-v12.16.2
[34m[1mimagemagick version[0m
Version: ImageMagick 6.9.7-4 Q16 x86_64 20170114 http://www.imagemagick.org
[34m[1mmd5deep version[0m
4.4
[34m[1mmercurial version[0m
version 4.8
[34m[1mmysql version[0m
mysql  Ver 14.14 Distrib 5.7.30, for Linux (x86_64) using  EditLine wrapper
[34m[1mopenssl version[0m
OpenSSL 1.1.1  11 Sep 2018
[34m[1mpacker version[0m
1.3.3
[34m[1mpostgresql client version[0m
psql (PostgreSQL) 11.8 (Ubuntu 11.8-1.pgdg18.04+1)
[34m[1mragel version[0m
Ragel State Machine Compiler version 6.10 March 2017
[34m[1msudo version[0m
1.8.21p2
[34m[1mgzip version[0m
gzip 1.6
[34m[1mzip version[0m
Zip 3.0
[34m[1mvim version[0m
VIM - Vi IMproved 8.0 (2016 Sep 12, compiled Mar 18 2020 18:29:15)
[34m[1miptables version[0m
iptables v1.6.1
[34m[1mcurl version[0m
curl 7.58.0 (x86_64-pc-linux-gnu) libcurl/7.58.0 OpenSSL/1.1.1 zlib/1.2.11 libidn2/2.0.4 libpsl/0.19.1 (+libidn2/2.0.4) nghttp2/1.30.0 librtmp/2.3
[34m[1mwget version[0m
GNU Wget 1.19.4 built on linux-gnu.
[34m[1mrsync version[0m
rsync  version 3.1.2  protocol version 31
[34m[1mgimme version[0m
v1.5.4
[34m[1mnvm version[0m
0.35.3
[34m[1mperlbrew version[0m
/home/travis/perl5/perlbrew/bin/perlbrew  - App::perlbrew/0.87
[34m[1mphpenv version[0m
rbenv 1.1.2-30-gc879cb0
[34m[1mrvm version[0m
rvm 1.29.10 (latest) by Michal Papis, Piotr Kuczynski, Wayne E. Seguin [https://rvm.io]
[34m[1mdefault ruby version[0m
ruby 2.6.5p114 (2019-10-01 revision 67812) [x86_64-linux]
[34m[1mElasticSearch version[0m
5.5.0
[34m[1mInstalled Firefox version[0m
firefox 63.0.1
[34m[1mMongoDB version[0m
MongoDB 4.0.19
[34m[1mPhantomJS version[0m
2.1.1
[34m[1mPre-installed PostgreSQL versions[0m
9.3.25
9.4.26
9.5.22
9.6.18
[34m[1mRedis version[0m
redis-server 6.0.5
[34m[1mPre-installed Go versions[0m
1.11.1
[34m[1mant version[0m
Apache Ant(TM) version 1.10.5 compiled on March 28 2019
[34m[1mmvn version[0m
Apache Maven 3.6.3 (cecedd343002696d0abb50b32b541b8a6ba2883f)
[34m[1mgradle version[0m
Gradle 5.1.1!
[34m[1mlein version[0m
Leiningen 2.9.3 on Java 11.0.2 OpenJDK 64-Bit Server VM
[34m[1mPre-installed Node.js versions[0m
v10.16.0
v10.21.0
v11.15.0
v12.13.1
v12.18.1
v13.3.0
v4.9.1
v6.17.1
v8.16.2
v8.17.0
v8.9
[34m[1mphpenv versions[0m
  system
  7.1
  7.1.33
  7.2
* 7.2.27 (set by /home/travis/.phpenv/version)
  7.3
  7.3.14
  7.4
  7.4.2
  hhvm
  hhvm-stable
[34m[1mcomposer --version[0m
Composer version 1.9.2 2020-01-14 16:30:31
[34m[1mPre-installed Ruby versions[0m
ruby-2.4.9
ruby-2.5.3
ruby-2.5.7
ruby-2.6.5
ruby-2.7.0
travis_fold:end:system_info[0K
travis_time:end:0229fd7a:start=1603938910902450259,finish=1603938910907689722,duration=5239463,event=show_system_info[0Ktravis_time:start:1eb95908[0Ktravis_time:end:1eb95908:start=1603938910910296931,finish=1603938910924607355,duration=14310424,event=rm_riak_source[0Ktravis_time:start:16efc606[0Ktravis_time:end:16efc606:start=1603938910928144349,finish=1603938910932873419,duration=4729070,event=fix_rwky_redis[0Ktravis_time:start:00c8d644[0Ktravis_time:end:00c8d644:start=1603938910936135232,finish=1603938911507595874,duration=571460642,event=wait_for_network[0Ktravis_time:start:0015f3de[0Ktravis_time:end:0015f3de:start=1603938911511691518,finish=1603938911755065643,duration=243374125,event=update_apt_keys[0Ktravis_time:start:1684a258[0Ktravis_time:end:1684a258:start=1603938911759562575,finish=1603938911813028421,duration=53465846,event=fix_hhvm_source[0Ktravis_time:start:2f7be4a0[0Ktravis_time:end:2f7be4a0:start=1603938911816838118,finish=1603938911819633666,duration=2795548,event=update_mongo_arch[0Ktravis_time:start:2587a9df[0Ktravis_time:end:2587a9df:start=1603938911823434482,finish=1603938911864613439,duration=41178957,event=fix_sudo_enabled_trusty[0Ktravis_time:start:1143ca5a[0Ktravis_time:end:1143ca5a:start=1603938911868867766,finish=1603938911871330948,duration=2463182,event=update_glibc[0Ktravis_time:start:1ee40e1c[0Ktravis_time:end:1ee40e1c:start=1603938911875306368,finish=1603938911883388534,duration=8082166,event=clean_up_path[0Ktravis_time:start:0f77b069[0Ktravis_time:end:0f77b069:start=1603938911887133633,finish=1603938911895660966,duration=8527333,event=fix_resolv_conf[0Ktravis_time:start:0dea542c[0Ktravis_time:end:0dea542c:start=1603938911899403068,finish=1603938911925943407,duration=26540339,event=fix_etc_hosts[0Ktravis_time:start:040da128[0Ktravis_time:end:040da128:start=1603938911930521757,finish=1603938911938465648,duration=7943891,event=fix_mvn_settings_xml[0Ktravis_time:start:11822a00[0Ktravis_time:end:11822a00:start=1603938911944677652,finish=1603938911954136136,duration=9458484,event=no_ipv6_localhost[0Ktravis_time:start:030ca014[0Ktravis_time:end:030ca014:start=1603938911959142017,finish=1603938911961186078,duration=2044061,event=fix_etc_mavenrc[0Ktravis_time:start:0d04f99c[0Ktravis_time:end:0d04f99c:start=1603938911964801945,finish=1603938911968178098,duration=3376153,event=fix_wwdr_certificate[0Ktravis_time:start:03711c59[0Ktravis_time:end:03711c59:start=1603938911972330380,finish=1603938912018550251,duration=46219871,event=put_localhost_first[0Ktravis_time:start:0caec926[0Ktravis_time:end:0caec926:start=1603938912023207309,finish=1603938912026239062,duration=3031753,event=home_paths[0Ktravis_time:start:05981faf[0Ktravis_time:end:05981faf:start=1603938912029509972,finish=1603938912041255261,duration=11745289,event=disable_initramfs[0Ktravis_time:start:087cf1b0[0Ktravis_time:end:087cf1b0:start=1603938912045190355,finish=1603938912180150131,duration=134959776,event=disable_ssh_roaming[0Ktravis_time:start:1787be1e[0Ktravis_time:end:1787be1e:start=1603938912183947495,finish=1603938912186345940,duration=2398445,event=debug_tools[0Ktravis_time:start:075aa2b4[0Ktravis_time:end:075aa2b4:start=1603938912190243335,finish=1603938912193162168,duration=2918833,event=uninstall_oclint[0Ktravis_time:start:30e5830b[0Ktravis_time:end:30e5830b:start=1603938912197085849,finish=1603938912199755432,duration=2669583,event=rvm_use[0Ktravis_time:start:2595b82c[0Ktravis_time:end:2595b82c:start=1603938912203488764,finish=1603938912211499884,duration=8011120,event=rm_etc_boto_cfg[0Ktravis_time:start:10449d78[0Ktravis_time:end:10449d78:start=1603938912215281129,finish=1603938912217266603,duration=1985474,event=rm_oraclejdk8_symlink[0Ktravis_time:start:03cf0874[0Ktravis_time:end:03cf0874:start=1603938912220810517,finish=1603938912315109185,duration=94298668,event=enable_i386[0Ktravis_time:start:20a71766[0Ktravis_time:end:20a71766:start=1603938912319283282,finish=1603938912323603994,duration=4320712,event=update_rubygems[0Ktravis_time:start:2df3af80[0Ktravis_time:end:2df3af80:start=1603938912326987214,finish=1603938913115141444,duration=788154230,event=ensure_path_components[0Ktravis_time:start:010361f0[0Ktravis_time:end:010361f0:start=1603938913119557693,finish=1603938913122208139,duration=2650446,event=redefine_curl[0Ktravis_time:start:1206665e[0Ktravis_time:end:1206665e:start=1603938913126194450,finish=1603938913235296342,duration=109101892,event=nonblock_pipe[0Ktravis_time:start:01501bba[0Ktravis_time:end:01501bba:start=1603938913239347903,finish=1603938919275972854,duration=6036624951,event=apt_get_update[0Ktravis_time:start:047b7ce8[0Ktravis_time:end:047b7ce8:start=1603938919280172923,finish=1603938919282415300,duration=2242377,event=deprecate_xcode_64[0Ktravis_time:start:0bf09674[0Ktravis_time:end:0bf09674:start=1603938919286630444,finish=1603938922069267961,duration=2782637517,event=update_heroku[0Ktravis_time:start:02c9a2c0[0Ktravis_time:end:02c9a2c0:start=1603938922073757228,finish=1603938922076711085,duration=2953857,event=shell_session_update[0Ktravis_time:start:07ef38ca[0Ktravis_fold:start:docker_mtu[0Ktravis_fold:end:docker_mtu[0Ktravis_time:end:07ef38ca:start=1603938922081202211,finish=1603938924444297723,duration=2363095512,event=set_docker_mtu[0Ktravis_time:start:0e319f48[0Ktravis_fold:start:resolvconf[0Ktravis_fold:end:resolvconf[0Ktravis_time:end:0e319f48:start=1603938924448560190,finish=1603938924525872871,duration=77312681,event=resolvconf[0Ktravis_time:start:34550490[0Ktravis_time:end:34550490:start=1603938924534504084,finish=1603938924690085126,duration=155581042,event=maven_central_mirror[0Ktravis_time:start:012fd231[0Ktravis_time:end:012fd231:start=1603938924695428197,finish=1603938924792661810,duration=97233613,event=maven_https[0Ktravis_time:start:02c0fd87[0Ktravis_fold:start:services[0Ktravis_time:start:004b0be8[0K$ sudo systemctl start docker
travis_time:end:004b0be8:start=1603938924808078202,finish=1603938924821930167,duration=13851965,event=prepare[0Ktravis_fold:end:services[0Ktravis_time:end:004b0be8:start=1603938924808078202,finish=1603938927830263161,duration=3022184959,event=services[0Ktravis_time:start:03331d01[0Ktravis_time:end:03331d01:start=1603938927835609357,finish=1603938927838696333,duration=3086976,event=fix_ps4[0Ktravis_time:start:01eff19a[0K
travis_fold:start:git.checkout[0Ktravis_time:start:0afd5410[0K$ git clone --depth=50 --branch=develop https://github.com/precice/systemtests.git precice/systemtests
Cloning into 'precice/systemtests'...
Updating files:  99% (4882/4925)Updating files: 100% (4925/4925)Updating files: 100% (4925/4925), done.
travis_time:end:0afd5410:start=1603938927847232452,finish=1603938938953766599,duration=11106534147,event=checkout[0K$ cd precice/systemtests
$ git checkout -qf 57a8d3d764cb6f355800398199df42cacfe25cc8
travis_fold:end:git.checkout[0K
travis_time:end:0afd5410:start=1603938927847232452,finish=1603938940690244814,duration=12843012362,event=checkout[0Ktravis_time:start:0170004c[0K
[33;1mSetting environment variables from repository settings[0m
$ export DOCKER_PASSWORD=[secure]
$ export PRECICE_BOT_EMAIL=[secure]
$ export GH_TOKEN=[secure]
$ export TRAVIS_ACCESS_TOKEN=[secure]
$ export DOCKER_USERNAME=precice

travis_time:end:0170004c:start=1603938940696758188,finish=1603938940709112375,duration=12354187,event=env[0Ktravis_time:start:0092eb90[0K$ source ~/virtualenv/python3.8/bin/activate
travis_time:end:0092eb90:start=1603938940713659564,finish=1603938940719784926,duration=6125362,event=[0K$ python --version
Python 3.8.1
$ pip --version
pip 20.1.1 from /home/travis/virtualenv/python3.8.1/lib/python3.8/site-packages/pip (python 3.8)
travis_fold:start:install[0Ktravis_time:start:0093b2dd[0K$ pip install Jinja2
Collecting Jinja2
  Downloading Jinja2-2.11.2-py2.py3-none-any.whl (125 kB)
Collecting MarkupSafe>=0.23
  Downloading MarkupSafe-1.1.1-cp38-cp38-manylinux1_x86_64.whl (32 kB)
Installing collected packages: MarkupSafe, Jinja2
Successfully installed Jinja2-2.11.2 MarkupSafe-1.1.1
travis_time:end:0093b2dd:start=1603938941218750714,finish=1603938942377250315,duration=1158499601,event=install[0Ktravis_fold:end:install[0Ktravis_time:start:299d060e[0K$ python system_testing.py -s fe-fe -v
Total reclaimed space: 0B
networks:
  precicecomm: {}
services:
  fenics-adapter-dirichlet:
    command: '/bin/bash -c "cd /home/precice && python3 /home/precice/Data/Input/heat.py
      -d -i simple && mkdir /home/precice/Data/Output/Dirichlet && cp -r precice-output
      *.log /home/precice/Data/Output/Dirichlet"

      '
    container_name: fenics-adapter-dirichlet
    depends_on:
    - tutorial-data
    image: precice/fenics-adapter-ubuntu1804.home-develop:latest
    networks:
      precicecomm: null
    volumes:
    - exchange:/home/precice/Data/Exchange:rw
    - output:/home/precice/Data/Output:rw
    - input:/home/precice/Data/Input:rw
  fenics-adapter-neumann:
    command: '/bin/bash -c "cd /home/precice && python3 /home/precice/Data/Input/heat.py
      -n -i simple && mkdir /home/precice/Data/Output/Neumann && cp -r precice-output
      *.log /home/precice/Data/Output/Neumann"

      '
    container_name: fenics-adapter-neumann
    depends_on:
    - tutorial-data
    image: precice/fenics-adapter-ubuntu1804.home-develop:latest
    networks:
      precicecomm: null
    volumes:
    - exchange:/home/precice/Data/Exchange:rw
    - output:/home/precice/Data/Output:rw
    - input:/home/precice/Data/Input:rw
  tutorial-data:
    build:
      context: /home/travis/build/precice/systemtests/tests/TestCompose_fe-fe
      dockerfile: Dockerfile.tutorial_data
      network: host
    container_name: tutorial-data
    volumes:
    - output:/Output:rw
    - input:/tutorials/HT/partitioned-heat/fenics-fenics:rw
version: '3.4'
volumes:
  exchange: {}
  input: {}
  output: {}

Creating network "testcompose_fe-fe_default" with the default driver
Creating network "testcompose_fe-fe_precicecomm" with the default driver
Creating volume "testcompose_fe-fe_exchange" with default driver
Creating volume "testcompose_fe-fe_output" with default driver
Creating volume "testcompose_fe-fe_input" with default driver
Building tutorial-data
Step 1/8 : from alpine
latest: Pulling from library/alpine
Digest: sha256:c0e9560cda118f9ec63ddefb4a173a2b2a0347082d7dff7dc14272e7841a5b5a
Status: Downloaded newer image for alpine:latest
 ---> d6e46aa2470d
Step 2/8 : ENV tutorial_path tutorials/HT/partitioned-heat/fenics-fenics
 ---> Running in 2fd65f4fc674
Removing intermediate container 2fd65f4fc674
 ---> dc0185264f2b
Step 3/8 : RUN apk add git
 ---> Running in cafbe6c3d679
fetch http://dl-cdn.alpinelinux.org/alpine/v3.12/main/x86_64/APKINDEX.tar.gz
fetch http://dl-cdn.alpinelinux.org/alpine/v3.12/community/x86_64/APKINDEX.tar.gz
(1/6) Installing ca-certificates (20191127-r4)
(2/6) Installing nghttp2-libs (1.41.0-r0)
(3/6) Installing libcurl (7.69.1-r1)
(4/6) Installing expat (2.2.9-r1)
(5/6) Installing pcre2 (10.35-r0)
(6/6) Installing git (2.26.2-r0)
Executing busybox-1.31.1-r19.trigger
Executing ca-certificates-20191127-r4.trigger
OK: 22 MiB in 20 packages
Removing intermediate container cafbe6c3d679
 ---> 43dec685036d
Step 4/8 : ARG branch=develop
 ---> Running in 5b7c02615b2b
Removing intermediate container 5b7c02615b2b
 ---> 1ecff31bccab
Step 5/8 : RUN git clone --branch $branch https://github.com/precice/tutorials
 ---> Running in f599ebc261c4
[91mCloning into 'tutorials'...
[0mRemoving intermediate container f599ebc261c4
 ---> 33577d2435e4
Step 6/8 : RUN mkdir configs &&     sed -i 's|<m2n:sockets from="HeatDirichlet" to="HeatNeumann"/>|<m2n:sockets from="HeatDirichlet" to="HeatNeumann" exchange-directory="/home/precice/Data/Exchange/" network="eth0"/>|g;             s|\(\s\+\)\(</participant>\)|\1   <export:vtk directory="precice-output" />\n\1\2|g' $tutorial_path/precice-config.xml
 ---> Running in f17ebdcff374
Removing intermediate container f17ebdcff374
 ---> 2a021a696e79
Step 7/8 : RUN addgroup -g 1000 precice && adduser -u 1000 -G precice -D precice && chown -R precice:precice tutorials configs
 ---> Running in 5697d84a278f
Removing intermediate container 5697d84a278f
 ---> 7dd0c434d316
Step 8/8 : USER precice
 ---> Running in 670fb711d32e
Removing intermediate container 670fb711d32e
 ---> 469b3730b545

Successfully built 469b3730b545
Successfully tagged testcompose_fe-fe_tutorial-data:latest
Image for service tutorial-data was built because it did not already exist. To rebuild this image you must use `docker-compose build` or `docker-compose up --build`.
Pulling fenics-adapter-neumann (precice/fenics-adapter-ubuntu1804.home-develop:latest)...
latest: Pulling from precice/fenics-adapter-ubuntu1804.home-develop
Creating tutorial-data ... 
[1A[2KCreating tutorial-data ... [32mdone[0m[1BCreating fenics-adapter-dirichlet ... 
Creating fenics-adapter-neumann   ... 
[2A[2KCreating fenics-adapter-dirichlet ... [32mdone[0m[2B[1A[2KCreating fenics-adapter-neumann   ... [32mdone[0m[1BAttaching to tutorial-data, fenics-adapter-dirichlet, fenics-adapter-neumann
[33mfenics-adapter-dirichlet    |[0m Traceback (most recent call last):
[33mfenics-adapter-dirichlet    |[0m   File "/home/precice/Data/Input/heat.py", line 28, in <module>
[33mfenics-adapter-dirichlet    |[0m     from fenics import Function, FunctionSpace, Expression, Constant, DirichletBC, TrialFunction, TestFunction, \
[33mfenics-adapter-dirichlet    |[0m   File "/usr/lib/python3/dist-packages/fenics/__init__.py", line 7, in <module>
[33mfenics-adapter-dirichlet    |[0m     from dolfin import *
[33mfenics-adapter-dirichlet    |[0m ModuleNotFoundError: No module named 'dolfin'
[32mfenics-adapter-neumann      |[0m Traceback (most recent call last):
[32mfenics-adapter-neumann      |[0m   File "/home/precice/Data/Input/heat.py", line 28, in <module>
[32mfenics-adapter-neumann      |[0m     from fenics import Function, FunctionSpace, Expression, Constant, DirichletBC, TrialFunction, TestFunction, \
[32mfenics-adapter-neumann      |[0m   File "/usr/lib/python3/dist-packages/fenics/__init__.py", line 7, in <module>
[32mfenics-adapter-neumann      |[0m     from dolfin import *
[32mfenics-adapter-neumann      |[0m ModuleNotFoundError: No module named 'dolfin'
[36mtutorial-data exited with code 0
[0m[33mfenics-adapter-dirichlet exited with code 1
[0m[32mfenics-adapter-neumann exited with code 1
[0m------------- Comparing files -------------
> Only in /home/travis/build/precice/systemtests/tests/TestCompose_fe-fe/referenceOutput: precice-HeatDirichlet-iterations.log
Only in /home/travis/build/precice/systemtests/tests/TestCompose_fe-fe/referenceOutput: precice-HeatNeumann-convergence.log
Only in /home/travis/build/precice/systemtests/tests/TestCompose_fe-fe/referenceOutput: precice-HeatNeumann-iterations.log
----------- Comparison finished -----------
EXECUTING: docker container prune -f; export PRECICE_BASE=-ubuntu1804.home-develop; mkdir Logs; docker-compose config && bash ../../silent_compose.sh debug
EXECUTING: docker cp tutorial-data:/Output .
EXECUTING: docker-compose logs > Logs/container.log
EXECUTING: bash ../../compare_results.sh /home/travis/build/precice/systemtests/tests/TestCompose_fe-fe/referenceOutput /home/travis/build/precice/systemtests/tests/TestCompose_fe-fe/Output
TEST FAILED WITH: Output files do not match reference
Files differing               : []
Files only in reference (left): ['precice-HeatDirichlet-iterations.log', 'precice-HeatNeumann-convergence.log', 'precice-HeatNeumann-iterations.log']
Files only in output(right)   : []
Traceback (most recent call last):
  File "system_testing.py", line 133, in run_compose
    comparison(path_to_ref, path_to_otp)
  File "system_testing.py", line 210, in comparison
    raise IncorrectOutput(*ret)
__main__.IncorrectOutput: Output files do not match reference
Files differing               : []
Files only in reference (left): ['precice-HeatDirichlet-iterations.log', 'precice-HeatNeumann-convergence.log', 'precice-HeatNeumann-iterations.log']
Files only in output(right)   : []

During handling of the above exception, another exception occurred:

Traceback (most recent call last):
  File "system_testing.py", line 305, in <module>
    build_run_compare(test, tag, args.branch.lower(), args.local,
  File "system_testing.py", line 227, in build_run_compare
    run_compose(test, branch, local_precice, tag, force_rebuild, rm_all, verbose)
  File "system_testing.py", line 145, in run_compose
    raise STValidateException()
__main__.STValidateException: COMPARISON FAILED - An error occured while comparing test results with reference files!
travis_time:end:299d060e:start=1603938942383574150,finish=1603939072358451146,duration=129974876996,event=script[0K[31;1mThe command "python system_testing.py -s fe-fe -v" exited with 1.[0m
travis_time:start:0abf8038[0K$ python push.py
Cloning into 'precice_st_output'...
Updating files:  22% (6454/28830)Updating files:  23% (6631/28830)Updating files:  24% (6920/28830)Updating files:  25% (7208/28830)Updating files:  26% (7496/28830)Updating files:  27% (7785/28830)Updating files:  28% (8073/28830)Updating files:  29% (8361/28830)Updating files:  30% (8649/28830)Updating files:  31% (8938/28830)Updating files:  32% (9226/28830)Updating files:  33% (9514/28830)Updating files:  34% (9803/28830)Updating files:  35% (10091/28830)Updating files:  36% (10379/28830)Updating files:  37% (10668/28830)Updating files:  38% (10956/28830)Updating files:  39% (11244/28830)Updating files:  40% (11532/28830)Updating files:  41% (11821/28830)Updating files:  42% (12109/28830)Updating files:  43% (12397/28830)Updating files:  44% (12686/28830)Updating files:  45% (12974/28830)Updating files:  46% (13262/28830)Updating files:  46% (13474/28830)Updating files:  47% (13551/28830)Updating files:  48% (13839/28830)Updating files:  49% (14127/28830)Updating files:  50% (14415/28830)Updating files:  66% (19028/28830)Updating files:  67% (19317/28830)Updating files:  68% (19605/28830)Updating files:  97% (27966/28830)Updating files:  98% (28254/28830)