travis_fold:start:worker_info[0K[33;1mWorker information[0m
hostname: 1f2a53f5-6180-421d-b755-0b7f17fabd4b@1.worker-org-77db9856dc-ttckv.gce-production-3
version: v6.2.17 https://github.com/travis-ci/worker/tree/bc420764f334fe0d096a417c80426f672f1b7d18
instance: travis-job-7643b692-db0f-4a0b-8969-91c3aa86516e travis-ci-ubuntu-1804-1593521679-ca42795e (via amqp)
startup: 6.201146459s
travis_fold:end:worker_info[0Ktravis_time:start:06adb9d4[0Ktravis_time:end:06adb9d4:start=1603357978941192032,finish=1603357979120198245,duration=179006213,event=no_world_writable_dirs[0Ktravis_time:start:12d51800[0Ktravis_time:end:12d51800:start=1603357979123256915,finish=1603357979126589678,duration=3332763,event=setup_filter[0Ktravis_time:start:01d81d72[0Ktravis_time:end:01d81d72:start=1603357979130389296,finish=1603357979140530349,duration=10141053,event=agent[0Ktravis_time:start:0ca7edc4[0Ktravis_time:end:0ca7edc4:start=1603357979142817092,finish=1603357979144585105,duration=1768013,event=check_unsupported[0Ktravis_time:start:37b800ec[0Ktravis_fold:start:system_info[0K[33;1mBuild system information[0m
Build language: python
Build group: stable
Build dist: bionic
Build id: 737945816
Job id: 737945854
Runtime kernel version: 5.3.0-1029-gcp
travis-build version: acd5a925
[34m[1mBuild image provisioning date and time[0m
Tue Jun 30 13:35:43 UTC 2020
[34m[1mOperating System Details[0m
Distributor ID:	Ubuntu
Description:	Ubuntu 18.04.4 LTS
Release:	18.04
Codename:	bionic
[34m[1mSystemd Version[0m
systemd 237
[34m[1mCookbooks Version[0m
3f92a99 https://github.com/travis-ci/travis-cookbooks/tree/3f92a99
[34m[1mgit version[0m
git version 2.27.0
[34m[1mbash version[0m
GNU bash, version 4.4.20(1)-release (x86_64-pc-linux-gnu)
[34m[1mgcc version[0m
gcc (Ubuntu 7.5.0-3ubuntu1~18.04) 7.5.0
[34m[1mdocker version[0m
Client:
 Version:           18.06.0-ce
 API version:       1.38
 Go version:        go1.10.3
 Git commit:        0ffa825
 Built:             Wed Jul 18 19:09:54 2018
 OS/Arch:           linux/amd64
 Experimental:      false

Server:
 Engine:
  Version:          18.06.0-ce
  API version:      1.38 (minimum version 1.12)
  Go version:       go1.10.3
  Git commit:       0ffa825
  Built:            Wed Jul 18 19:07:56 2018
  OS/Arch:          linux/amd64
  Experimental:     false
[34m[1mclang version[0m
clang version 7.0.0 (tags/RELEASE_700/final)
[34m[1mjq version[0m
jq-1.5
[34m[1mbats version[0m
Bats 0.4.0
[34m[1mshellcheck version[0m
0.7.0
[34m[1mshfmt version[0m
v2.6.3
[34m[1mccache version[0m
3.4.1
[34m[1mcmake version[0m
cmake version 3.12.4
[34m[1mheroku version[0m
heroku/7.42.1 linux-x64 node-v12.16.2
[34m[1mimagemagick version[0m
Version: ImageMagick 6.9.7-4 Q16 x86_64 20170114 http://www.imagemagick.org
[34m[1mmd5deep version[0m
4.4
[34m[1mmercurial version[0m
version 4.8
[34m[1mmysql version[0m
mysql  Ver 14.14 Distrib 5.7.30, for Linux (x86_64) using  EditLine wrapper
[34m[1mopenssl version[0m
OpenSSL 1.1.1  11 Sep 2018
[34m[1mpacker version[0m
1.3.3
[34m[1mpostgresql client version[0m
psql (PostgreSQL) 11.8 (Ubuntu 11.8-1.pgdg18.04+1)
[34m[1mragel version[0m
Ragel State Machine Compiler version 6.10 March 2017
[34m[1msudo version[0m
1.8.21p2
[34m[1mgzip version[0m
gzip 1.6
[34m[1mzip version[0m
Zip 3.0
[34m[1mvim version[0m
VIM - Vi IMproved 8.0 (2016 Sep 12, compiled Mar 18 2020 18:29:15)
[34m[1miptables version[0m
iptables v1.6.1
[34m[1mcurl version[0m
curl 7.58.0 (x86_64-pc-linux-gnu) libcurl/7.58.0 OpenSSL/1.1.1 zlib/1.2.11 libidn2/2.0.4 libpsl/0.19.1 (+libidn2/2.0.4) nghttp2/1.30.0 librtmp/2.3
[34m[1mwget version[0m
GNU Wget 1.19.4 built on linux-gnu.
[34m[1mrsync version[0m
rsync  version 3.1.2  protocol version 31
[34m[1mgimme version[0m
v1.5.4
[34m[1mnvm version[0m
0.35.3
[34m[1mperlbrew version[0m
/home/travis/perl5/perlbrew/bin/perlbrew  - App::perlbrew/0.87
[34m[1mphpenv version[0m
rbenv 1.1.2-30-gc879cb0
[34m[1mrvm version[0m
rvm 1.29.10 (latest) by Michal Papis, Piotr Kuczynski, Wayne E. Seguin [https://rvm.io]
[34m[1mdefault ruby version[0m
ruby 2.6.5p114 (2019-10-01 revision 67812) [x86_64-linux]
[34m[1mElasticSearch version[0m
5.5.0
[34m[1mInstalled Firefox version[0m
firefox 63.0.1
[34m[1mMongoDB version[0m
MongoDB 4.0.19
[34m[1mPhantomJS version[0m
2.1.1
[34m[1mPre-installed PostgreSQL versions[0m
9.3.25
9.4.26
9.5.22
9.6.18
[34m[1mRedis version[0m
redis-server 6.0.5
[34m[1mPre-installed Go versions[0m
1.11.1
[34m[1mant version[0m
Apache Ant(TM) version 1.10.5 compiled on March 28 2019
[34m[1mmvn version[0m
Apache Maven 3.6.3 (cecedd343002696d0abb50b32b541b8a6ba2883f)
[34m[1mgradle version[0m
Gradle 5.1.1!
[34m[1mlein version[0m
Leiningen 2.9.3 on Java 11.0.2 OpenJDK 64-Bit Server VM
[34m[1mPre-installed Node.js versions[0m
v10.16.0
v10.21.0
v11.15.0
v12.13.1
v12.18.1
v13.3.0
v4.9.1
v6.17.1
v8.16.2
v8.17.0
v8.9
[34m[1mphpenv versions[0m
  system
  7.1
  7.1.33
  7.2
* 7.2.27 (set by /home/travis/.phpenv/version)
  7.3
  7.3.14
  7.4
  7.4.2
  hhvm
  hhvm-stable
[34m[1mcomposer --version[0m
Composer version 1.9.2 2020-01-14 16:30:31
[34m[1mPre-installed Ruby versions[0m
ruby-2.4.9
ruby-2.5.3
ruby-2.5.7
ruby-2.6.5
ruby-2.7.0
travis_fold:end:system_info[0K
travis_time:end:37b800ec:start=1603357979146881077,finish=1603357979153637434,duration=6756357,event=show_system_info[0Ktravis_time:start:06d3ef4f[0Ktravis_time:end:06d3ef4f:start=1603357979156042476,finish=1603357979168714637,duration=12672161,event=rm_riak_source[0Ktravis_time:start:0300013d[0Ktravis_time:end:0300013d:start=1603357979171281164,finish=1603357979176701997,duration=5420833,event=fix_rwky_redis[0Ktravis_time:start:0c209eae[0Ktravis_time:end:0c209eae:start=1603357979179796976,finish=1603357979689144377,duration=509347401,event=wait_for_network[0Ktravis_time:start:0f0e178a[0Ktravis_time:end:0f0e178a:start=1603357979693166630,finish=1603357979942765668,duration=249599038,event=update_apt_keys[0Ktravis_time:start:00e97fd8[0Ktravis_time:end:00e97fd8:start=1603357979946782586,finish=1603357979999483478,duration=52700892,event=fix_hhvm_source[0Ktravis_time:start:23b5828a[0Ktravis_time:end:23b5828a:start=1603357980003735819,finish=1603357980006855878,duration=3120059,event=update_mongo_arch[0Ktravis_time:start:1ec43060[0Ktravis_time:end:1ec43060:start=1603357980011790714,finish=1603357980052809997,duration=41019283,event=fix_sudo_enabled_trusty[0Ktravis_time:start:06ef4672[0Ktravis_time:end:06ef4672:start=1603357980056633452,finish=1603357980059387181,duration=2753729,event=update_glibc[0Ktravis_time:start:0ef9c096[0Ktravis_time:end:0ef9c096:start=1603357980063406256,finish=1603357980071378759,duration=7972503,event=clean_up_path[0Ktravis_time:start:16b91f3c[0Ktravis_time:end:16b91f3c:start=1603357980075888182,finish=1603357980084829865,duration=8941683,event=fix_resolv_conf[0Ktravis_time:start:1300bb7c[0Ktravis_time:end:1300bb7c:start=1603357980089618869,finish=1603357980114903819,duration=25284950,event=fix_etc_hosts[0Ktravis_time:start:03317774[0Ktravis_time:end:03317774:start=1603357980122963425,finish=1603357980131253810,duration=8290385,event=fix_mvn_settings_xml[0Ktravis_time:start:1137c23a[0Ktravis_time:end:1137c23a:start=1603357980138084934,finish=1603357980148876380,duration=10791446,event=no_ipv6_localhost[0Ktravis_time:start:036142b6[0Ktravis_time:end:036142b6:start=1603357980152370976,finish=1603357980155139270,duration=2768294,event=fix_etc_mavenrc[0Ktravis_time:start:1de39e30[0Ktravis_time:end:1de39e30:start=1603357980161551101,finish=1603357980165212727,duration=3661626,event=fix_wwdr_certificate[0Ktravis_time:start:004f0218[0Ktravis_time:end:004f0218:start=1603357980172677043,finish=1603357980220023587,duration=47346544,event=put_localhost_first[0Ktravis_time:start:20c80167[0Ktravis_time:end:20c80167:start=1603357980225298686,finish=1603357980228995676,duration=3696990,event=home_paths[0Ktravis_time:start:0bbaa7e3[0Ktravis_time:end:0bbaa7e3:start=1603357980235103903,finish=1603357980248397184,duration=13293281,event=disable_initramfs[0Ktravis_time:start:0e6bfd88[0Ktravis_time:end:0e6bfd88:start=1603357980252315340,finish=1603357980406739664,duration=154424324,event=disable_ssh_roaming[0Ktravis_time:start:21afcf50[0Ktravis_time:end:21afcf50:start=1603357980410619169,finish=1603357980412753783,duration=2134614,event=debug_tools[0Ktravis_time:start:037cd3d4[0Ktravis_time:end:037cd3d4:start=1603357980416286261,finish=1603357980419039867,duration=2753606,event=uninstall_oclint[0Ktravis_time:start:15b947d5[0Ktravis_time:end:15b947d5:start=1603357980422622316,finish=1603357980425242129,duration=2619813,event=rvm_use[0Ktravis_time:start:00b0bcb2[0Ktravis_time:end:00b0bcb2:start=1603357980428867046,finish=1603357980436286034,duration=7418988,event=rm_etc_boto_cfg[0Ktravis_time:start:38779038[0Ktravis_time:end:38779038:start=1603357980440228482,finish=1603357980442860098,duration=2631616,event=rm_oraclejdk8_symlink[0Ktravis_time:start:02b173f3[0Ktravis_time:end:02b173f3:start=1603357980447775725,finish=1603357980541054955,duration=93279230,event=enable_i386[0Ktravis_time:start:0deb8920[0Ktravis_time:end:0deb8920:start=1603357980544724238,finish=1603357980549013747,duration=4289509,event=update_rubygems[0Ktravis_time:start:2ce0c54e[0Ktravis_time:end:2ce0c54e:start=1603357980552814475,finish=1603357981343464193,duration=790649718,event=ensure_path_components[0Ktravis_time:start:17b6e4f8[0Ktravis_time:end:17b6e4f8:start=1603357981348167945,finish=1603357981350359622,duration=2191677,event=redefine_curl[0Ktravis_time:start:055c82b0[0Ktravis_time:end:055c82b0:start=1603357981356599671,finish=1603357981459495318,duration=102895647,event=nonblock_pipe[0Ktravis_time:start:006f4220[0Ktravis_time:end:006f4220:start=1603357981463133350,finish=1603357987495847780,duration=6032714430,event=apt_get_update[0Ktravis_time:start:061365fc[0Ktravis_time:end:061365fc:start=1603357987500567884,finish=1603357987502912474,duration=2344590,event=deprecate_xcode_64[0Ktravis_time:start:03b47c32[0Ktravis_time:end:03b47c32:start=1603357987508916716,finish=1603357990420905836,duration=2911989120,event=update_heroku[0Ktravis_time:start:04a32854[0Ktravis_time:end:04a32854:start=1603357990425121877,finish=1603357990427851842,duration=2729965,event=shell_session_update[0Ktravis_time:start:09906310[0Ktravis_fold:start:docker_mtu[0Ktravis_fold:end:docker_mtu[0Ktravis_time:end:09906310:start=1603357990433037605,finish=1603357992750043342,duration=2317005737,event=set_docker_mtu[0Ktravis_time:start:07ce6a95[0Ktravis_fold:start:resolvconf[0Ktravis_fold:end:resolvconf[0Ktravis_time:end:07ce6a95:start=1603357992759569812,finish=1603357992841848103,duration=82278291,event=resolvconf[0Ktravis_time:start:288e7738[0Ktravis_time:end:288e7738:start=1603357992845674500,finish=1603357993002545441,duration=156870941,event=maven_central_mirror[0Ktravis_time:start:077813d9[0Ktravis_time:end:077813d9:start=1603357993006814258,finish=1603357993103700866,duration=96886608,event=maven_https[0Ktravis_time:start:17a1fc84[0Ktravis_fold:start:services[0Ktravis_time:start:02dbe3e4[0K$ sudo systemctl start docker
travis_time:end:02dbe3e4:start=1603357993116520817,finish=1603357993130616108,duration=14095291,event=prepare[0Ktravis_fold:end:services[0Ktravis_time:end:02dbe3e4:start=1603357993116520817,finish=1603357996138568391,duration=3022047574,event=services[0Ktravis_time:start:37393c58[0Ktravis_time:end:37393c58:start=1603357996144030114,finish=1603357996147072107,duration=3041993,event=fix_ps4[0Ktravis_time:start:0713d100[0K
travis_fold:start:git.checkout[0Ktravis_time:start:1cbf0909[0K$ git clone --depth=50 https://github.com/precice/systemtests.git precice/systemtests
Cloning into 'precice/systemtests'...
travis_time:end:1cbf0909:start=1603357996159101434,finish=1603358004360682599,duration=8201581165,event=checkout[0K$ cd precice/systemtests
travis_time:start:13de1f00[0K$ git fetch origin +refs/pull/256/merge:
From https://github.com/precice/systemtests
 * branch            refs/pull/256/merge -> FETCH_HEAD
travis_time:end:13de1f00:start=1603358004366196690,finish=1603358022419884535,duration=18053687845,event=checkout[0K$ git checkout -qf FETCH_HEAD
travis_fold:end:git.checkout[0K
travis_time:end:13de1f00:start=1603358004366196690,finish=1603358023433391193,duration=19067194503,event=checkout[0Ktravis_time:start:02037b20[0K
[33;1mSetting environment variables from repository settings[0m
$ export DOCKER_PASSWORD=[secure]
$ export PRECICE_BOT_EMAIL=[secure]
$ export GH_TOKEN=[secure]
$ export TRAVIS_ACCESS_TOKEN=[secure]
$ export DOCKER_USERNAME=precice

travis_time:end:02037b20:start=1603358023437975502,finish=1603358023448979853,duration=11004351,event=env[0Ktravis_time:start:2bbce76f[0K$ source ~/virtualenv/python3.8/bin/activate
travis_time:end:2bbce76f:start=1603358023453801450,finish=1603358023461930707,duration=8129257,event=[0K$ python --version
Python 3.8.1
$ pip --version
pip 20.1.1 from /home/travis/virtualenv/python3.8.1/lib/python3.8/site-packages/pip (python 3.8)
travis_fold:start:install[0Ktravis_time:start:06777f66[0K$ pip install Jinja2
Collecting Jinja2
  Downloading Jinja2-2.11.2-py2.py3-none-any.whl (125 kB)
Collecting MarkupSafe>=0.23
  Downloading MarkupSafe-1.1.1-cp38-cp38-manylinux1_x86_64.whl (32 kB)
Installing collected packages: MarkupSafe, Jinja2
Successfully installed Jinja2-2.11.2 MarkupSafe-1.1.1
travis_time:end:06777f66:start=1603358024023974834,finish=1603358025172653223,duration=1148678389,event=install[0Ktravis_fold:end:install[0Ktravis_time:start:2d060630[0K$ python system_testing.py -s fe-fe -v
Total reclaimed space: 0B
networks:
  precicecomm: {}
services:
  fenics-adapter-dirichlet:
    command: '/bin/bash -c "cd /home/precice && python3 /home/precice/Data/Input/heat.py
      -d -i simple && mkdir /home/precice/Data/Output/Dirichlet && cp -r precice-output
      *.log /home/precice/Data/Output/Dirichlet"

      '
    container_name: fenics-adapter-dirichlet
    depends_on:
    - tutorial-data
    image: precice/fenics-adapter-ubuntu1804.home-develop:latest
    networks:
      precicecomm: null
    volumes:
    - exchange:/home/precice/Data/Exchange:rw
    - output:/home/precice/Data/Output:rw
    - input:/home/precice/Data/Input:rw
  fenics-adapter-neumann:
    command: '/bin/bash -c "cd /home/precice && python3 /home/precice/Data/Input/heat.py
      -n -i simple && mkdir /home/precice/Data/Output/Neumann && cp -r precice-output
      *.log /home/precice/Data/Output/Neumann"

      '
    container_name: fenics-adapter-neumann
    depends_on:
    - tutorial-data
    image: precice/fenics-adapter-ubuntu1804.home-develop:latest
    networks:
      precicecomm: null
    volumes:
    - exchange:/home/precice/Data/Exchange:rw
    - output:/home/precice/Data/Output:rw
    - input:/home/precice/Data/Input:rw
  tutorial-data:
    build:
      context: /home/travis/build/precice/systemtests/tests/TestCompose_fe-fe
      dockerfile: Dockerfile.tutorial_data
      network: host
    container_name: tutorial-data
    volumes:
    - output:/Output:rw
    - input:/tutorials/HT/partitioned-heat/fenics-fenics:rw
version: '3.4'
volumes:
  exchange: {}
  input: {}
  output: {}

Creating network "testcompose_fe-fe_default" with the default driver
Creating network "testcompose_fe-fe_precicecomm" with the default driver
Creating volume "testcompose_fe-fe_exchange" with default driver
Creating volume "testcompose_fe-fe_output" with default driver
Creating volume "testcompose_fe-fe_input" with default driver
Building tutorial-data
Step 1/8 : from alpine
latest: Pulling from library/alpine
Digest: sha256:203ee936961c0f491f72ce9d3c3c67d9440cdb1d61b9783cf340baa09308ffc1
Status: Downloaded newer image for alpine:latest
 ---> d6e46aa2470d
Step 2/8 : ENV tutorial_path tutorials/HT/partitioned-heat/fenics-fenics
 ---> Running in 0075c4b3b71f
Removing intermediate container 0075c4b3b71f
 ---> f86112299fca
Step 3/8 : RUN apk add git
 ---> Running in 974bc9c4c241
fetch http://dl-cdn.alpinelinux.org/alpine/v3.12/main/x86_64/APKINDEX.tar.gz
fetch http://dl-cdn.alpinelinux.org/alpine/v3.12/community/x86_64/APKINDEX.tar.gz
(1/6) Installing ca-certificates (20191127-r4)
(2/6) Installing nghttp2-libs (1.41.0-r0)
(3/6) Installing libcurl (7.69.1-r1)
(4/6) Installing expat (2.2.9-r1)
(5/6) Installing pcre2 (10.35-r0)
(6/6) Installing git (2.26.2-r0)
Executing busybox-1.31.1-r19.trigger
Executing ca-certificates-20191127-r4.trigger
OK: 22 MiB in 20 packages
Removing intermediate container 974bc9c4c241
 ---> c718d5b102d7
Step 4/8 : ARG branch=develop
 ---> Running in 6bbf9b713f64
Removing intermediate container 6bbf9b713f64
 ---> 6a673021ff81
Step 5/8 : RUN git clone --branch $branch https://github.com/precice/tutorials
 ---> Running in 662e85e4dcc4
[91mCloning into 'tutorials'...
[0mRemoving intermediate container 662e85e4dcc4
 ---> 79a884271f42
Step 6/8 : RUN mkdir configs &&     sed -i 's|<m2n:sockets from="HeatDirichlet" to="HeatNeumann"/>|<m2n:sockets from="HeatDirichlet" to="HeatNeumann" exchange-directory="/home/precice/Data/Exchange/" network="eth0"/>|g;             s|\(\s\+\)\(</participant>\)|\1   <export:vtk directory="precice-output" />\n\1\2|g' $tutorial_path/precice-config.xml
 ---> Running in 912ac20e2725
Removing intermediate container 912ac20e2725
 ---> 42e54b5841f2
Step 7/8 : RUN addgroup -g 1000 precice && adduser -u 1000 -G precice -D precice && chown -R precice:precice tutorials configs
 ---> Running in a7cb53a70abc
Removing intermediate container a7cb53a70abc
 ---> e9bfa8b854cf
Step 8/8 : USER precice
 ---> Running in 309d7b0468ef
Removing intermediate container 309d7b0468ef
 ---> 5d1a6d43e808

Successfully built 5d1a6d43e808
Successfully tagged testcompose_fe-fe_tutorial-data:latest
Image for service tutorial-data was built because it did not already exist. To rebuild this image you must use `docker-compose build` or `docker-compose up --build`.
Pulling fenics-adapter-neumann (precice/fenics-adapter-ubuntu1804.home-develop:latest)...
latest: Pulling from precice/fenics-adapter-ubuntu1804.home-develop
Creating tutorial-data ... 
[1A[2KCreating tutorial-data ... [32mdone[0m[1BCreating fenics-adapter-dirichlet ... 
Creating fenics-adapter-neumann   ... 
[2A[2KCreating fenics-adapter-dirichlet ... [32mdone[0m[2B[1A[2KCreating fenics-adapter-neumann   ... [32mdone[0m[1BAttaching to tutorial-data, fenics-adapter-dirichlet, fenics-adapter-neumann
[33mfenics-adapter-dirichlet    |[0m Traceback (most recent call last):
[33mfenics-adapter-dirichlet    |[0m   File "/home/precice/Data/Input/heat.py", line 28, in <module>
[33mfenics-adapter-dirichlet    |[0m     from fenics import Function, FunctionSpace, Expression, Constant, DirichletBC, TrialFunction, TestFunction, \
[33mfenics-adapter-dirichlet    |[0m   File "/usr/lib/python3/dist-packages/fenics/__init__.py", line 7, in <module>
[33mfenics-adapter-dirichlet    |[0m     from dolfin import *
[33mfenics-adapter-dirichlet    |[0m ModuleNotFoundError: No module named 'dolfin'
[32mfenics-adapter-neumann      |[0m Traceback (most recent call last):
[32mfenics-adapter-neumann      |[0m   File "/home/precice/Data/Input/heat.py", line 28, in <module>
[32mfenics-adapter-neumann      |[0m     from fenics import Function, FunctionSpace, Expression, Constant, DirichletBC, TrialFunction, TestFunction, \
[32mfenics-adapter-neumann      |[0m   File "/usr/lib/python3/dist-packages/fenics/__init__.py", line 7, in <module>
[32mfenics-adapter-neumann      |[0m     from dolfin import *
[32mfenics-adapter-neumann      |[0m ModuleNotFoundError: No module named 'dolfin'
[36mtutorial-data exited with code 0
[0m[33mfenics-adapter-dirichlet exited with code 1
[0m[32mfenics-adapter-neumann exited with code 1
[0m------------- Comparing files -------------
> Only in /home/travis/build/precice/systemtests/tests/TestCompose_fe-fe/referenceOutput: precice-HeatDirichlet-iterations.log
Only in /home/travis/build/precice/systemtests/tests/TestCompose_fe-fe/referenceOutput: precice-HeatNeumann-convergence.log
Only in /home/travis/build/precice/systemtests/tests/TestCompose_fe-fe/referenceOutput: precice-HeatNeumann-iterations.log
----------- Comparison finished -----------
EXECUTING: docker container prune -f; export PRECICE_BASE=-ubuntu1804.home-develop; mkdir Logs; docker-compose config && bash ../../silent_compose.sh debug
EXECUTING: docker cp tutorial-data:/Output .
EXECUTING: docker-compose logs > Logs/container.log
EXECUTING: bash ../../compare_results.sh /home/travis/build/precice/systemtests/tests/TestCompose_fe-fe/referenceOutput /home/travis/build/precice/systemtests/tests/TestCompose_fe-fe/Output
TEST FAILED WITH: Output files do not match reference
Files differing               : []
Files only in reference (left): ['precice-HeatDirichlet-iterations.log', 'precice-HeatNeumann-convergence.log', 'precice-HeatNeumann-iterations.log']
Files only in output(right)   : []
Traceback (most recent call last):
  File "system_testing.py", line 133, in run_compose
    comparison(path_to_ref, path_to_otp)
  File "system_testing.py", line 210, in comparison
    raise IncorrectOutput(*ret)
__main__.IncorrectOutput: Output files do not match reference
Files differing               : []
Files only in reference (left): ['precice-HeatDirichlet-iterations.log', 'precice-HeatNeumann-convergence.log', 'precice-HeatNeumann-iterations.log']
Files only in output(right)   : []

During handling of the above exception, another exception occurred:

Traceback (most recent call last):
  File "system_testing.py", line 305, in <module>
    build_run_compare(test, tag, args.branch.lower(), args.local,
  File "system_testing.py", line 227, in build_run_compare
    run_compose(test, branch, local_precice, tag, force_rebuild, rm_all, verbose)
  File "system_testing.py", line 145, in run_compose
    raise STValidateException()
__main__.STValidateException: COMPARISON FAILED - An error occured while comparing test results with reference files!
travis_time:end:2d060630:start=1603358025178613904,finish=1603358154291523107,duration=129112909203,event=script[0K[31;1mThe command "python system_testing.py -s fe-fe -v" exited with 1.[0m
travis_time:start:0254b096[0K$ python push.py -o
Cloning into 'precice_st_output'...
Updating files:  49% (6515/13215)Updating files:  50% (6608/13215)Updating files:  51% (6740/13215)Updating files:  52% (6872/13215)Updating files:  53% (7004/13215)Updating files:  54% (7137/13215)Updating files:  55% (7269/13215)Updating files:  56% (7401/13215)Updating files:  57% (7533/13215)Updating files:  58% (7665/13215)Updating files:  59% (7797/13215)Updating files:  60% (7929/13215)Updating files:  61% (8062/13215)Updating files:  62% (8194/13215)Updating files:  63% (8326/13215)Updating files:  64% (8458/13215)Updating files:  65% (8590/13215)Updating files:  66% (8722/13215)Updating files:  67% (8855/13215)Updating files:  68% (8987/13215)Updating files:  69% (9119/13215)Updating files:  70% (9251/13215)Updating files:  71% (9383/13215)Updating files:  72% (9515/13215)Updating files:  73% (9647/13215)Updating files:  74% (9780/13215)Updating files:  75% (9912/13215)Updating files:  76% (10044/13215)Updating files:  77% (10176/13215)Updating files:  78% (10308/13215)Updating files:  79% (10440/13215)Updating files:  80% (10572/13215)Updating files:  81% (10705/13215)Updating files:  82% (10837/13215)Updating files:  83% (10969/13215)Updating files:  84% (11101/13215)Updating files:  85% (11233/13215)Updating files:  86% (11365/13215)Updating files:  87% (11498/13215)Updating files:  88% (11630/13215)Updating files:  89% (11762/13215)Updating files:  90% (11894/13215)Updating files:  91% (12026/13215)Updating files:  92% (12158/13215)Updating files:  93% (12290/13215)Updating files:  94% (12423/13215)Updating files:  95% (12555/13215)Updating files:  96% (12687/13215)Updating files:  97% (12819/13215)Updating files:  98% (12951/13215)Updating files:  99% (13083/13215)Updating files: 100% (13215/13215)Updating files: 100% (13215/13215), done.
