travis_fold:start:worker_info[0K[33;1mWorker information[0m
hostname: 7852a225-b8da-4c2a-b531-ce9d17506aac@1.worker-org-8b5957499-9cftn.gce-production-3
version: v6.2.17 https://github.com/travis-ci/worker/tree/bc420764f334fe0d096a417c80426f672f1b7d18
instance: travis-job-27d00c22-c867-4a05-bab5-075d41d442db travis-ci-ubuntu-1804-1593521679-ca42795e (via amqp)
startup: 6.235616347s
travis_fold:end:worker_info[0Ktravis_time:start:06a094d0[0Ktravis_time:end:06a094d0:start=1603425481805436202,finish=1603425481980623175,duration=175186973,event=no_world_writable_dirs[0Ktravis_time:start:0b6317c0[0Ktravis_time:end:0b6317c0:start=1603425481983609300,finish=1603425481986893304,duration=3284004,event=setup_filter[0Ktravis_time:start:18d6433c[0Ktravis_time:end:18d6433c:start=1603425481994376475,finish=1603425482004283452,duration=9906977,event=agent[0Ktravis_time:start:09da7690[0Ktravis_time:end:09da7690:start=1603425482007311629,finish=1603425482009505309,duration=2193680,event=check_unsupported[0Ktravis_time:start:0d4731f2[0Ktravis_fold:start:system_info[0K[33;1mBuild system information[0m
Build language: python
Build group: stable
Build dist: bionic
Build id: 738049559
Job id: 738049602
Runtime kernel version: 5.3.0-1029-gcp
travis-build version: acd5a925
[34m[1mBuild image provisioning date and time[0m
Tue Jun 30 13:35:43 UTC 2020
[34m[1mOperating System Details[0m
Distributor ID:	Ubuntu
Description:	Ubuntu 18.04.4 LTS
Release:	18.04
Codename:	bionic
[34m[1mSystemd Version[0m
systemd 237
[34m[1mCookbooks Version[0m
3f92a99 https://github.com/travis-ci/travis-cookbooks/tree/3f92a99
[34m[1mgit version[0m
git version 2.27.0
[34m[1mbash version[0m
GNU bash, version 4.4.20(1)-release (x86_64-pc-linux-gnu)
[34m[1mgcc version[0m
gcc (Ubuntu 7.5.0-3ubuntu1~18.04) 7.5.0
[34m[1mdocker version[0m
Client:
 Version:           18.06.0-ce
 API version:       1.38
 Go version:        go1.10.3
 Git commit:        0ffa825
 Built:             Wed Jul 18 19:09:54 2018
 OS/Arch:           linux/amd64
 Experimental:      false

Server:
 Engine:
  Version:          18.06.0-ce
  API version:      1.38 (minimum version 1.12)
  Go version:       go1.10.3
  Git commit:       0ffa825
  Built:            Wed Jul 18 19:07:56 2018
  OS/Arch:          linux/amd64
  Experimental:     false
[34m[1mclang version[0m
clang version 7.0.0 (tags/RELEASE_700/final)
[34m[1mjq version[0m
jq-1.5
[34m[1mbats version[0m
Bats 0.4.0
[34m[1mshellcheck version[0m
0.7.0
[34m[1mshfmt version[0m
v2.6.3
[34m[1mccache version[0m
3.4.1
[34m[1mcmake version[0m
cmake version 3.12.4
[34m[1mheroku version[0m
heroku/7.42.1 linux-x64 node-v12.16.2
[34m[1mimagemagick version[0m
Version: ImageMagick 6.9.7-4 Q16 x86_64 20170114 http://www.imagemagick.org
[34m[1mmd5deep version[0m
4.4
[34m[1mmercurial version[0m
version 4.8
[34m[1mmysql version[0m
mysql  Ver 14.14 Distrib 5.7.30, for Linux (x86_64) using  EditLine wrapper
[34m[1mopenssl version[0m
OpenSSL 1.1.1  11 Sep 2018
[34m[1mpacker version[0m
1.3.3
[34m[1mpostgresql client version[0m
psql (PostgreSQL) 11.8 (Ubuntu 11.8-1.pgdg18.04+1)
[34m[1mragel version[0m
Ragel State Machine Compiler version 6.10 March 2017
[34m[1msudo version[0m
1.8.21p2
[34m[1mgzip version[0m
gzip 1.6
[34m[1mzip version[0m
Zip 3.0
[34m[1mvim version[0m
VIM - Vi IMproved 8.0 (2016 Sep 12, compiled Mar 18 2020 18:29:15)
[34m[1miptables version[0m
iptables v1.6.1
[34m[1mcurl version[0m
curl 7.58.0 (x86_64-pc-linux-gnu) libcurl/7.58.0 OpenSSL/1.1.1 zlib/1.2.11 libidn2/2.0.4 libpsl/0.19.1 (+libidn2/2.0.4) nghttp2/1.30.0 librtmp/2.3
[34m[1mwget version[0m
GNU Wget 1.19.4 built on linux-gnu.
[34m[1mrsync version[0m
rsync  version 3.1.2  protocol version 31
[34m[1mgimme version[0m
v1.5.4
[34m[1mnvm version[0m
0.35.3
[34m[1mperlbrew version[0m
/home/travis/perl5/perlbrew/bin/perlbrew  - App::perlbrew/0.87
[34m[1mphpenv version[0m
rbenv 1.1.2-30-gc879cb0
[34m[1mrvm version[0m
rvm 1.29.10 (latest) by Michal Papis, Piotr Kuczynski, Wayne E. Seguin [https://rvm.io]
[34m[1mdefault ruby version[0m
ruby 2.6.5p114 (2019-10-01 revision 67812) [x86_64-linux]
[34m[1mElasticSearch version[0m
5.5.0
[34m[1mInstalled Firefox version[0m
firefox 63.0.1
[34m[1mMongoDB version[0m
MongoDB 4.0.19
[34m[1mPhantomJS version[0m
2.1.1
[34m[1mPre-installed PostgreSQL versions[0m
9.3.25
9.4.26
9.5.22
9.6.18
[34m[1mRedis version[0m
redis-server 6.0.5
[34m[1mPre-installed Go versions[0m
1.11.1
[34m[1mant version[0m
Apache Ant(TM) version 1.10.5 compiled on March 28 2019
[34m[1mmvn version[0m
Apache Maven 3.6.3 (cecedd343002696d0abb50b32b541b8a6ba2883f)
[34m[1mgradle version[0m
Gradle 5.1.1!
[34m[1mlein version[0m
Leiningen 2.9.3 on Java 11.0.2 OpenJDK 64-Bit Server VM
[34m[1mPre-installed Node.js versions[0m
v10.16.0
v10.21.0
v11.15.0
v12.13.1
v12.18.1
v13.3.0
v4.9.1
v6.17.1
v8.16.2
v8.17.0
v8.9
[34m[1mphpenv versions[0m
  system
  7.1
  7.1.33
  7.2
* 7.2.27 (set by /home/travis/.phpenv/version)
  7.3
  7.3.14
  7.4
  7.4.2
  hhvm
  hhvm-stable
[34m[1mcomposer --version[0m
Composer version 1.9.2 2020-01-14 16:30:31
[34m[1mPre-installed Ruby versions[0m
ruby-2.4.9
ruby-2.5.3
ruby-2.5.7
ruby-2.6.5
ruby-2.7.0
travis_fold:end:system_info[0K
travis_time:end:0d4731f2:start=1603425482012684212,finish=1603425482025346887,duration=12662675,event=show_system_info[0Ktravis_time:start:02167962[0Ktravis_time:end:02167962:start=1603425482028033729,finish=1603425482043837082,duration=15803353,event=rm_riak_source[0Ktravis_time:start:354deafe[0Ktravis_time:end:354deafe:start=1603425482046490470,finish=1603425482058661740,duration=12171270,event=fix_rwky_redis[0Ktravis_time:start:16af42cc[0Ktravis_time:end:16af42cc:start=1603425482062398303,finish=1603425482424532724,duration=362134421,event=wait_for_network[0Ktravis_time:start:0198bba0[0Ktravis_time:end:0198bba0:start=1603425482428519993,finish=1603425482666714254,duration=238194261,event=update_apt_keys[0Ktravis_time:start:30c067fc[0Ktravis_time:end:30c067fc:start=1603425482670443564,finish=1603425482719671268,duration=49227704,event=fix_hhvm_source[0Ktravis_time:start:08844edc[0Ktravis_time:end:08844edc:start=1603425482723344964,finish=1603425482726059906,duration=2714942,event=update_mongo_arch[0Ktravis_time:start:0f3ced90[0Ktravis_time:end:0f3ced90:start=1603425482729621316,finish=1603425482767697801,duration=38076485,event=fix_sudo_enabled_trusty[0Ktravis_time:start:2560f800[0Ktravis_time:end:2560f800:start=1603425482771809775,finish=1603425482773760955,duration=1951180,event=update_glibc[0Ktravis_time:start:02c9cbc2[0Ktravis_time:end:02c9cbc2:start=1603425482777177294,finish=1603425482784714675,duration=7537381,event=clean_up_path[0Ktravis_time:start:03c111f7[0Ktravis_time:end:03c111f7:start=1603425482788558598,finish=1603425482796600677,duration=8042079,event=fix_resolv_conf[0Ktravis_time:start:10048734[0Ktravis_time:end:10048734:start=1603425482800398419,finish=1603425482813456847,duration=13058428,event=fix_etc_hosts[0Ktravis_time:start:09cca50c[0Ktravis_time:end:09cca50c:start=1603425482816462124,finish=1603425482823738644,duration=7276520,event=fix_mvn_settings_xml[0Ktravis_time:start:1553bfaf[0Ktravis_time:end:1553bfaf:start=1603425482826791532,finish=1603425482835449390,duration=8657858,event=no_ipv6_localhost[0Ktravis_time:start:2056f38c[0Ktravis_time:end:2056f38c:start=1603425482838819980,finish=1603425482841211931,duration=2391951,event=fix_etc_mavenrc[0Ktravis_time:start:01604088[0Ktravis_time:end:01604088:start=1603425482844947881,finish=1603425482847946874,duration=2998993,event=fix_wwdr_certificate[0Ktravis_time:start:170ec0fe[0Ktravis_time:end:170ec0fe:start=1603425482851414238,finish=1603425482902392068,duration=50977830,event=put_localhost_first[0Ktravis_time:start:00252525[0Ktravis_time:end:00252525:start=1603425482906116212,finish=1603425482909222891,duration=3106679,event=home_paths[0Ktravis_time:start:15fc9180[0Ktravis_time:end:15fc9180:start=1603425482912811643,finish=1603425482924866174,duration=12054531,event=disable_initramfs[0Ktravis_time:start:092ab1d0[0Ktravis_time:end:092ab1d0:start=1603425482928997164,finish=1603425483062631991,duration=133634827,event=disable_ssh_roaming[0Ktravis_time:start:122f24bb[0Ktravis_time:end:122f24bb:start=1603425483066401491,finish=1603425483068514461,duration=2112970,event=debug_tools[0Ktravis_time:start:001931b8[0Ktravis_time:end:001931b8:start=1603425483072077014,finish=1603425483074777687,duration=2700673,event=uninstall_oclint[0Ktravis_time:start:3bc2979c[0Ktravis_time:end:3bc2979c:start=1603425483078621444,finish=1603425483081261739,duration=2640295,event=rvm_use[0Ktravis_time:start:10aec246[0Ktravis_time:end:10aec246:start=1603425483084686185,finish=1603425483091668157,duration=6981972,event=rm_etc_boto_cfg[0Ktravis_time:start:061d1b40[0Ktravis_time:end:061d1b40:start=1603425483095138462,finish=1603425483097584268,duration=2445806,event=rm_oraclejdk8_symlink[0Ktravis_time:start:24527634[0Ktravis_time:end:24527634:start=1603425483101127424,finish=1603425483187580315,duration=86452891,event=enable_i386[0Ktravis_time:start:1cb8c490[0Ktravis_time:end:1cb8c490:start=1603425483190969384,finish=1603425483194452654,duration=3483270,event=update_rubygems[0Ktravis_time:start:067546c8[0Ktravis_time:end:067546c8:start=1603425483198560964,finish=1603425483963238667,duration=764677703,event=ensure_path_components[0Ktravis_time:start:10a1da4e[0Ktravis_time:end:10a1da4e:start=1603425483967268450,finish=1603425483969397716,duration=2129266,event=redefine_curl[0Ktravis_time:start:087b8560[0Ktravis_time:end:087b8560:start=1603425483972880759,finish=1603425484078797082,duration=105916323,event=nonblock_pipe[0Ktravis_time:start:1530e37c[0Ktravis_time:end:1530e37c:start=1603425484083182254,finish=1603425490117051145,duration=6033868891,event=apt_get_update[0Ktravis_time:start:059a7c20[0Ktravis_time:end:059a7c20:start=1603425490121199417,finish=1603425490123561994,duration=2362577,event=deprecate_xcode_64[0Ktravis_time:start:0f71ec12[0Ktravis_time:end:0f71ec12:start=1603425490126758557,finish=1603425492909211714,duration=2782453157,event=update_heroku[0Ktravis_time:start:2ecb85f0[0Ktravis_time:end:2ecb85f0:start=1603425492913159332,finish=1603425492915253861,duration=2094529,event=shell_session_update[0Ktravis_time:start:03765008[0Ktravis_fold:start:docker_mtu[0Ktravis_fold:end:docker_mtu[0Ktravis_time:end:03765008:start=1603425492918564398,finish=1603425495254026050,duration=2335461652,event=set_docker_mtu[0Ktravis_time:start:1ef7c902[0Ktravis_fold:start:resolvconf[0Ktravis_fold:end:resolvconf[0Ktravis_time:end:1ef7c902:start=1603425495258497671,finish=1603425495351591445,duration=93093774,event=resolvconf[0Ktravis_time:start:07e16dc4[0Ktravis_time:end:07e16dc4:start=1603425495356694469,finish=1603425495496711550,duration=140017081,event=maven_central_mirror[0Ktravis_time:start:14d185b6[0Ktravis_time:end:14d185b6:start=1603425495501344103,finish=1603425495593463386,duration=92119283,event=maven_https[0Ktravis_time:start:082a7070[0Ktravis_fold:start:services[0Ktravis_time:start:1fb07b1a[0K$ sudo systemctl start docker
travis_time:end:1fb07b1a:start=1603425495605949731,finish=1603425495617961903,duration=12012172,event=prepare[0Ktravis_fold:end:services[0Ktravis_time:end:1fb07b1a:start=1603425495605949731,finish=1603425498624609807,duration=3018660076,event=services[0Ktravis_time:start:0120adf4[0Ktravis_time:end:0120adf4:start=1603425498629313041,finish=1603425498631767982,duration=2454941,event=fix_ps4[0Ktravis_time:start:12756ba4[0K
travis_fold:start:git.checkout[0Ktravis_time:start:01666470[0K$ git clone --depth=50 --branch=develop https://github.com/precice/systemtests.git precice/systemtests
Cloning into 'precice/systemtests'...
travis_time:end:01666470:start=1603425498639725258,finish=1603425506507818316,duration=7868093058,event=checkout[0K$ cd precice/systemtests
$ git checkout -qf e3df6fad28a812b80e97cb91f66319b46d6950e0
travis_fold:end:git.checkout[0K
travis_time:end:01666470:start=1603425498639725258,finish=1603425507368157231,duration=8728431973,event=checkout[0Ktravis_time:start:11ab33dc[0K
[33;1mSetting environment variables from repository settings[0m
$ export DOCKER_PASSWORD=[secure]
$ export PRECICE_BOT_EMAIL=[secure]
$ export GH_TOKEN=[secure]
$ export TRAVIS_ACCESS_TOKEN=[secure]
$ export DOCKER_USERNAME=precice

travis_time:end:11ab33dc:start=1603425507372471086,finish=1603425507381253422,duration=8782336,event=env[0Ktravis_time:start:0c2edf61[0K$ source ~/virtualenv/python3.8/bin/activate
travis_time:end:0c2edf61:start=1603425507385300009,finish=1603425507391177332,duration=5877323,event=[0K$ python --version
Python 3.8.1
$ pip --version
pip 20.1.1 from /home/travis/virtualenv/python3.8.1/lib/python3.8/site-packages/pip (python 3.8)
travis_fold:start:install[0Ktravis_time:start:361716cf[0K$ pip install Jinja2
Collecting Jinja2
  Downloading Jinja2-2.11.2-py2.py3-none-any.whl (125 kB)
Collecting MarkupSafe>=0.23
  Downloading MarkupSafe-1.1.1-cp38-cp38-manylinux1_x86_64.whl (32 kB)
Installing collected packages: MarkupSafe, Jinja2
Successfully installed Jinja2-2.11.2 MarkupSafe-1.1.1
travis_time:end:361716cf:start=1603425507881609567,finish=1603425509163906889,duration=1282297322,event=install[0Ktravis_fold:end:install[0Ktravis_time:start:0b3884ce[0K$ python system_testing.py -s fe-fe -v
Total reclaimed space: 0B
networks:
  precicecomm: {}
services:
  fenics-adapter-dirichlet:
    command: '/bin/bash -c "cd /home/precice && python3 /home/precice/Data/Input/heat.py
      -d -i simple && cp *iterations.log /home/precice/Data/Output"

      '
    container_name: fenics-adapter-dirichlet
    depends_on:
    - tutorial-data
    image: precice/fenics-adapter-ubuntu1804.home-develop:latest
    networks:
      precicecomm: null
    volumes:
    - exchange:/home/precice/Data/Exchange:rw
    - output:/home/precice/Data/Output:rw
    - input:/home/precice/Data/Input:rw
  fenics-adapter-neumann:
    command: '/bin/bash -c "cd /home/precice && python3 /home/precice/Data/Input/heat.py
      -n -i simple && cp *iterations.log *convergence.log /home/precice/Data/Output"

      '
    container_name: fenics-adapter-neumann
    depends_on:
    - tutorial-data
    image: precice/fenics-adapter-ubuntu1804.home-develop:latest
    networks:
      precicecomm: null
    volumes:
    - exchange:/home/precice/Data/Exchange:rw
    - output:/home/precice/Data/Output:rw
    - input:/home/precice/Data/Input:rw
  tutorial-data:
    build:
      context: /home/travis/build/precice/systemtests/tests/TestCompose_fe-fe
      dockerfile: Dockerfile.tutorial_data
      network: host
    container_name: tutorial-data
    volumes:
    - output:/Output:rw
    - input:/tutorials/HT/partitioned-heat/fenics-fenics:rw
version: '3.4'
volumes:
  exchange: {}
  input: {}
  output: {}

Creating network "testcompose_fe-fe_default" with the default driver
Creating network "testcompose_fe-fe_precicecomm" with the default driver
Creating volume "testcompose_fe-fe_exchange" with default driver
Creating volume "testcompose_fe-fe_output" with default driver
Creating volume "testcompose_fe-fe_input" with default driver
Building tutorial-data
Step 1/8 : from alpine
latest: Pulling from library/alpine
Digest: sha256:c0e9560cda118f9ec63ddefb4a173a2b2a0347082d7dff7dc14272e7841a5b5a
Status: Downloaded newer image for alpine:latest
 ---> d6e46aa2470d
Step 2/8 : ENV tutorial_path tutorials/HT/partitioned-heat/fenics-fenics
 ---> Running in 8656dad41e2e
Removing intermediate container 8656dad41e2e
 ---> c2b7adcfafa9
Step 3/8 : RUN apk add git
 ---> Running in 6e67a9bcd455
fetch http://dl-cdn.alpinelinux.org/alpine/v3.12/main/x86_64/APKINDEX.tar.gz
fetch http://dl-cdn.alpinelinux.org/alpine/v3.12/community/x86_64/APKINDEX.tar.gz
(1/6) Installing ca-certificates (20191127-r4)
(2/6) Installing nghttp2-libs (1.41.0-r0)
(3/6) Installing libcurl (7.69.1-r1)
(4/6) Installing expat (2.2.9-r1)
(5/6) Installing pcre2 (10.35-r0)
(6/6) Installing git (2.26.2-r0)
Executing busybox-1.31.1-r19.trigger
Executing ca-certificates-20191127-r4.trigger
OK: 22 MiB in 20 packages
Removing intermediate container 6e67a9bcd455
 ---> eb6d6bcbd8e8
Step 4/8 : ARG branch=develop
 ---> Running in 7078664be42a
Removing intermediate container 7078664be42a
 ---> 47ae9db98096
Step 5/8 : RUN git clone --branch $branch https://github.com/precice/tutorials
 ---> Running in 96a2d642625f
[91mCloning into 'tutorials'...
[0mRemoving intermediate container 96a2d642625f
 ---> acfe9dffa679
Step 6/8 : RUN mkdir configs && sed -i 's|<m2n:sockets from="HeatDirichlet" to="HeatNeumann"/>|<m2n:sockets from="HeatDirichlet" to="HeatNeumann" exchange-directory="/home/precice/Data/Exchange/" network="eth0"/>|g' $tutorial_path/precice-config.xml
 ---> Running in d9f595c992d8
Removing intermediate container d9f595c992d8
 ---> 7a36ad4f2d57
Step 7/8 : RUN addgroup -g 1000 precice && adduser -u 1000 -G precice -D precice && chown -R precice:precice tutorials configs
 ---> Running in 69711132290c
Removing intermediate container 69711132290c
 ---> ca2d97a0e0bb
Step 8/8 : USER precice
 ---> Running in 7b05d4dc373e
Removing intermediate container 7b05d4dc373e
 ---> 64a8136cbff8

Successfully built 64a8136cbff8
Successfully tagged testcompose_fe-fe_tutorial-data:latest
Image for service tutorial-data was built because it did not already exist. To rebuild this image you must use `docker-compose build` or `docker-compose up --build`.
Pulling fenics-adapter-neumann (precice/fenics-adapter-ubuntu1804.home-develop:latest)...
latest: Pulling from precice/fenics-adapter-ubuntu1804.home-develop
Creating tutorial-data ... 
[1A[2KCreating tutorial-data ... [32mdone[0m[1BCreating fenics-adapter-neumann ... 
Creating fenics-adapter-dirichlet ... 
[2A[2KCreating fenics-adapter-neumann   ... [32mdone[0m[2B[1A[2KCreating fenics-adapter-dirichlet ... [32mdone[0m[1BAttaching to tutorial-data, fenics-adapter-neumann, fenics-adapter-dirichlet
[33mfenics-adapter-neumann      |[0m Traceback (most recent call last):
[33mfenics-adapter-neumann      |[0m   File "/home/precice/Data/Input/heat.py", line 28, in <module>
[33mfenics-adapter-neumann      |[0m     from fenics import Function, FunctionSpace, Expression, Constant, DirichletBC, TrialFunction, TestFunction, \
[33mfenics-adapter-neumann      |[0m   File "/usr/lib/python3/dist-packages/fenics/__init__.py", line 7, in <module>
[33mfenics-adapter-neumann      |[0m     from dolfin import *
[33mfenics-adapter-neumann      |[0m ModuleNotFoundError: No module named 'dolfin'
[36mtutorial-data exited with code 0
[0m[33mfenics-adapter-neumann exited with code 1
[0m[32mfenics-adapter-dirichlet    |[0m Traceback (most recent call last):
[32mfenics-adapter-dirichlet    |[0m   File "/home/precice/Data/Input/heat.py", line 28, in <module>
[32mfenics-adapter-dirichlet    |[0m     from fenics import Function, FunctionSpace, Expression, Constant, DirichletBC, TrialFunction, TestFunction, \
[32mfenics-adapter-dirichlet    |[0m   File "/usr/lib/python3/dist-packages/fenics/__init__.py", line 7, in <module>
[32mfenics-adapter-dirichlet    |[0m     from dolfin import *
[32mfenics-adapter-dirichlet    |[0m ModuleNotFoundError: No module named 'dolfin'
[32mfenics-adapter-dirichlet exited with code 1
[0m------------- Comparing files -------------
> Only in /home/travis/build/precice/systemtests/tests/TestCompose_fe-fe/referenceOutput: precice-HeatDirichlet-iterations.log
Only in /home/travis/build/precice/systemtests/tests/TestCompose_fe-fe/referenceOutput: precice-HeatNeumann-convergence.log
Only in /home/travis/build/precice/systemtests/tests/TestCompose_fe-fe/referenceOutput: precice-HeatNeumann-iterations.log
----------- Comparison finished -----------
EXECUTING: docker container prune -f; export PRECICE_BASE=-ubuntu1804.home-develop; mkdir Logs; docker-compose config && bash ../../silent_compose.sh debug
EXECUTING: docker cp tutorial-data:/Output .
EXECUTING: docker-compose logs > Logs/container.log
EXECUTING: bash ../../compare_results.sh /home/travis/build/precice/systemtests/tests/TestCompose_fe-fe/referenceOutput /home/travis/build/precice/systemtests/tests/TestCompose_fe-fe/Output
TEST FAILED WITH: Output files do not match reference
Files differing               : []
Files only in reference (left): ['precice-HeatDirichlet-iterations.log', 'precice-HeatNeumann-convergence.log', 'precice-HeatNeumann-iterations.log']
Files only in output(right)   : []
Traceback (most recent call last):
  File "system_testing.py", line 119, in run_compose
    comparison(path_to_ref, path_to_otp)
  File "system_testing.py", line 197, in comparison
    raise IncorrectOutput(*ret)
__main__.IncorrectOutput: Output files do not match reference
Files differing               : []
Files only in reference (left): ['precice-HeatDirichlet-iterations.log', 'precice-HeatNeumann-convergence.log', 'precice-HeatNeumann-iterations.log']
Files only in output(right)   : []

During handling of the above exception, another exception occurred:

Traceback (most recent call last):
  File "system_testing.py", line 292, in <module>
    build_run_compare(test, tag, args.branch.lower(), args.local,
  File "system_testing.py", line 214, in build_run_compare
    run_compose(test, branch, local_precice, tag, force_rebuild, rm_all, verbose)
  File "system_testing.py", line 131, in run_compose
    raise STValidateException()
__main__.STValidateException: COMPARISON FAILED - An error occured while comparing test results with reference files!
travis_time:end:0b3884ce:start=1603425509168633429,finish=1603425636508185159,duration=127339551730,event=script[0K[31;1mThe command "python system_testing.py -s fe-fe -v" exited with 1.[0m
travis_time:start:1b249306[0K$ python push.py --test fe-fe
Cloning into 'precice_st_output'...
